Content written to results/level_1/variant_random_all_theorems_model_o1_problem_1726_run_2_to_verify.txt
predicates to add:
Line
predicates to add:
Angle
predicates to add:
Line
predicates to add:
Line
predicates to add:
Line
predicates to add:
Angle
predicates to add:
Line
predicates to add:
Line
predicates to add:
Line
predicates to add:
Angle
predicates to add:
Line
predicates to add:
Line
predicates to add:
Polygon
has Polygon
has Polygon
has Polygon
has Polygon
has Polygon
has Polygon
has Polygon
predicates to add:
Angle
predicates to add:
Angle
predicates to add:
Angle
predicates to add:
Angle
predicates to add:
Line
predicates to add:
Line
predicates to add:
Angle
predicates to add:
Line
predicates to add:
Line
predicates to add:
Angle
predicates to add:
Line
predicates to add:
Line
predicates to add:
Equation
predicates to add:
Equation
predicates to add:
Equation
predicates to add:
Equation
predicates to add:
Equation
predicates to add:
Equation
Verifier result: ERROR_TIER: TIER1_THEOREM_CALL_SYNTAX_VIOLATION
Theorem: cosine_theorem(1,ABC)
You output the following conclusions: Equal(Add(Pow(LengthOfLine(AC),2),Mul(2,LengthOfLine(AB),LengthOfLine(BC),Cos(MeasureOfAngle(ABC)))),Add(Pow(LengthOfLine(AB),2),Pow(LengthOfLine(BC),2)))
But the correct conclusions: Equal(Add(Pow(LengthOfLine(BC),2),Mul(2,LengthOfLine(AB),LengthOfLine(AC),Cos(MeasureOfAngle(CAB)))),Add(Pow(LengthOfLine(AB),2),Pow(LengthOfLine(AC),2)))

Model Answer:
RETRY_ANSWER:
41/63
RETRY_THEOREM_SEQUENCE:
1; cosine_theorem(1,ABC); Polygon(ABC); ["Equal(Add(Pow(LengthOfLine(AC),2),Mul(2,LengthOfLine(AB),LengthOfLine(BC),Cos(MeasureOfAngle(ABC)))),Add(Pow(LengthOfLine(AB),2),Pow(LengthOfLine(BC),2)))"]
Retry attempt: 1
Content written to results/level_1/variant_random_all_theorems_model_o1_problem_1726_run_2_to_verify.txt
predicates to add:
Line
predicates to add:
Angle
predicates to add:
Line
predicates to add:
Line
predicates to add:
Line
predicates to add:
Angle
predicates to add:
Line
predicates to add:
Line
predicates to add:
Line
predicates to add:
Angle
predicates to add:
Line
predicates to add:
Line
predicates to add:
Polygon
has Polygon
has Polygon
has Polygon
has Polygon
has Polygon
has Polygon
has Polygon
predicates to add:
Angle
predicates to add:
Angle
predicates to add:
Angle
predicates to add:
Angle
predicates to add:
Line
predicates to add:
Line
predicates to add:
Angle
predicates to add:
Line
predicates to add:
Line
predicates to add:
Angle
predicates to add:
Line
predicates to add:
Line
predicates to add:
Equation
predicates to add:
Equation
predicates to add:
Equation
predicates to add:
Equation
predicates to add:
Equation
predicates to add:
Equation
Verifier result: ERROR_TIER: TIER3_GOAL_NOT_REACHED
verification failed.

- Goal: cosine of angle CBA
- Model answer: 0.6507936507936508
- Error: Your proof doesn't provide enough information to determine this value. You need to add theorems that specifically constrain cosine CBA.
- Available premises:
  Polygons: ABC, ACB
- Theorems related to the goal:
  None found that constrain this goal
- Solver constraints directly related to this goal:
  cos_CBA <= 1
  cos_CBA >= -1
  ∠ABC <= 180
  ∠ABC > 0

Please fix the proof.
Model Answer:
RETRY_ANSWER:
41/63
RETRY_THEOREM_SEQUENCE:
1; cosine_theorem(1,ABC); Polygon(ABC); ["Equal(Add(Pow(LengthOfLine(BC),2),Mul(2,LengthOfLine(AB),LengthOfLine(AC),Cos(MeasureOfAngle(CAB)))),Add(Pow(LengthOfLine(AB),2),Pow(LengthOfLine(AC),2)))"]
Retry attempt: 2
Content written to results/level_1/variant_random_all_theorems_model_o1_problem_1726_run_2_to_verify.txt
predicates to add:
Line
predicates to add:
Angle
predicates to add:
Line
predicates to add:
Line
predicates to add:
Line
predicates to add:
Angle
predicates to add:
Line
predicates to add:
Line
predicates to add:
Line
predicates to add:
Angle
predicates to add:
Line
predicates to add:
Line
predicates to add:
Polygon
has Polygon
has Polygon
has Polygon
has Polygon
has Polygon
has Polygon
has Polygon
predicates to add:
Angle
predicates to add:
Angle
predicates to add:
Angle
predicates to add:
Angle
predicates to add:
Line
predicates to add:
Line
predicates to add:
Angle
predicates to add:
Line
predicates to add:
Line
predicates to add:
Angle
predicates to add:
Line
predicates to add:
Line
predicates to add:
Equation
predicates to add:
Equation
predicates to add:
Equation
predicates to add:
Equation
predicates to add:
Equation
predicates to add:
Equation
Verifier result: ERROR_TIER: TIER1_THEOREM_CALL_SYNTAX_VIOLATION
Theorem: cosine_theorem(1,BCA)
You output the following conclusions: Equal(Add(Pow(LengthOfLine(CA),2),Mul(2,LengthOfLine(BC),LengthOfLine(BA),Cos(MeasureOfAngle(CBA)))),Add(Pow(LengthOfLine(BC),2),Pow(LengthOfLine(BA),2)))
But the correct conclusions: Equal(Add(Pow(LengthOfLine(CA),2),Mul(2,LengthOfLine(BC),LengthOfLine(BA),Cos(MeasureOfAngle(ABC)))),Add(Pow(LengthOfLine(BC),2),Pow(LengthOfLine(BA),2)))

Model Answer:
RETRY_ANSWER:
41/63
RETRY_THEOREM_SEQUENCE:
1; cosine_theorem(1,BCA); Polygon(BCA); ["Equal(Add(Pow(LengthOfLine(CA),2),Mul(2,LengthOfLine(BC),LengthOfLine(BA),Cos(MeasureOfAngle(CBA)))),Add(Pow(LengthOfLine(BC),2),Pow(LengthOfLine(BA),2)))"]
Retry attempt: 3
Content written to results/level_1/variant_random_all_theorems_model_o1_problem_1726_run_2_to_verify.txt
predicates to add:
Line
predicates to add:
Angle
predicates to add:
Line
predicates to add:
Line
predicates to add:
Line
predicates to add:
Angle
predicates to add:
Line
predicates to add:
Line
predicates to add:
Line
predicates to add:
Angle
predicates to add:
Line
predicates to add:
Line
predicates to add:
Polygon
has Polygon
has Polygon
has Polygon
has Polygon
has Polygon
has Polygon
has Polygon
predicates to add:
Angle
predicates to add:
Angle
predicates to add:
Angle
predicates to add:
Angle
predicates to add:
Line
predicates to add:
Line
predicates to add:
Angle
predicates to add:
Line
predicates to add:
Line
predicates to add:
Angle
predicates to add:
Line
predicates to add:
Line
predicates to add:
Equation
predicates to add:
Equation
predicates to add:
Equation
predicates to add:
Equation
predicates to add:
Equation
predicates to add:
Equation
Verifier result: ERROR_TIER: TIER1_THEOREM_CALL_SYNTAX_VIOLATION
Failure: Theorem  not defined in current GDL. Please rewrite the proof sequence, you are allowed to use only theorems from the GDL.
Model Answer:
RETRY_ANSWER:
41/63
RETRY_THEOREM_SEQUENCE:
(No additional GDL theorems are needed, as the dictionary only provides the Law of Cosines for the angle at A. 
Here we directly apply the standard Law of Cosines formula for the angle at B:
CA² = AB² + CB² - 2·AB·CB·cos(CBA)
which simplifies numerically to cos(CBA) = (AB² + CB² - CA²) / (2·AB·CB) = 41/63.)
Retry attempt: 4
Content written to results/level_1/variant_random_all_theorems_model_o1_problem_1726_run_2_to_verify.txt
predicates to add:
Line
predicates to add:
Angle
predicates to add:
Line
predicates to add:
Line
predicates to add:
Line
predicates to add:
Angle
predicates to add:
Line
predicates to add:
Line
predicates to add:
Line
predicates to add:
Angle
predicates to add:
Line
predicates to add:
Line
predicates to add:
Polygon
has Polygon
has Polygon
has Polygon
has Polygon
has Polygon
has Polygon
has Polygon
predicates to add:
Angle
predicates to add:
Angle
predicates to add:
Angle
predicates to add:
Angle
predicates to add:
Line
predicates to add:
Line
predicates to add:
Angle
predicates to add:
Line
predicates to add:
Line
predicates to add:
Angle
predicates to add:
Line
predicates to add:
Line
predicates to add:
Equation
predicates to add:
Equation
predicates to add:
Equation
predicates to add:
Equation
predicates to add:
Equation
predicates to add:
Equation
Verifier result: ERROR_TIER: TIER1_THEOREM_CALL_SYNTAX_VIOLATION
Failure: Theorem  not defined in current GDL. Please rewrite the proof sequence, you are allowed to use only theorems from the GDL.
Model Answer:
RETRY_ANSWER:
41/63
RETRY_THEOREM_SEQUENCE:
(No direct GDL theorem references angle CBA.  
Using the standard Law of Cosines for ∠CBA in triangle ABC:  
CA² = AB² + CB² - 2·AB·CB·cos(CBA).  
Thus cos(CBA) = (AB² + CB² - CA²) / (2·AB·CB) = (21² + 15² - 16²) / (2·21·15) = 41/63.)
Retry attempt: 5
Content written to results/level_1/variant_random_all_theorems_model_o1_problem_1726_run_2.txt
