Content written to results/level_1/variant_analogy_based_model_o1_problem_2677_run_0_to_verify.txt
predicates to add:
Line
predicates to add:
Angle
predicates to add:
Line
predicates to add:
Line
predicates to add:
Line
predicates to add:
Angle
predicates to add:
Line
predicates to add:
Line
predicates to add:
Line
predicates to add:
Angle
predicates to add:
Line
predicates to add:
Line
predicates to add:
Polygon
has Polygon
has Polygon
has Polygon
has Polygon
has Polygon
has Polygon
has Polygon
predicates to add:
Angle
predicates to add:
Angle
predicates to add:
Angle
predicates to add:
Angle
predicates to add:
Line
predicates to add:
Line
predicates to add:
Angle
predicates to add:
Line
predicates to add:
Line
predicates to add:
Angle
predicates to add:
Line
predicates to add:
Line
predicates to add:
Equation
predicates to add:
Equation
predicates to add:
Equation
predicates to add:
PerpendicularBetweenLine
predicates to add:
Equation
predicates to add:
Equation
predicates to add:
Equation
predicates to add:
Equation
predicates to add:
PerpendicularBetweenLine
Traceback (most recent call last):
  File "/Users/osultan/PycharmProjects/FormalGeo/src/formalgeo/geometric_verifier.py", line 10504, in parse_and_verify_proof
    return False, self.generate_detailed_feedback("triangle_area", triangle_name, model_answer_symbolic,
TypeError: GeometricTheorem.generate_detailed_feedback() got an unexpected keyword argument 'error_message'
Verifier result: ERROR_TIER: TIER1_THEOREM_CALL_SYNTAX_VIOLATION
Theorem: triangle_area_formula_sine(1,BCA)
You output the following conclusions: Equal(AreaOfTriangle(BCA),Mul(LengthOfLine(BC),LengthOfLine(CA),Sin(MeasureOfAngle(BCA)),1/2))
But the correct conclusions: Equal(AreaOfTriangle(BCA),Mul(LengthOfLine(BC),LengthOfLine(BA),Sin(MeasureOfAngle(ABC)),1/2))

Model Answer:
RETRY_ANSWER:
54
RETRY_THEOREM_SEQUENCE:
1; triangle_area_formula_sine(1,BCA); Polygon(BCA); ["Equal(AreaOfTriangle(BCA),Mul(LengthOfLine(BC),LengthOfLine(CA),Sin(MeasureOfAngle(BCA)),1/2))"]
Retry attempt: 1
Content written to results/level_1/variant_analogy_based_model_o1_problem_2677_run_0_to_verify.txt
predicates to add:
Line
predicates to add:
Angle
predicates to add:
Line
predicates to add:
Line
predicates to add:
Line
predicates to add:
Angle
predicates to add:
Line
predicates to add:
Line
predicates to add:
Line
predicates to add:
Angle
predicates to add:
Line
predicates to add:
Line
predicates to add:
Polygon
has Polygon
has Polygon
has Polygon
has Polygon
has Polygon
has Polygon
has Polygon
predicates to add:
Angle
predicates to add:
Angle
predicates to add:
Angle
predicates to add:
Angle
predicates to add:
Line
predicates to add:
Line
predicates to add:
Angle
predicates to add:
Line
predicates to add:
Line
predicates to add:
Angle
predicates to add:
Line
predicates to add:
Line
predicates to add:
Equation
predicates to add:
Equation
predicates to add:
Equation
predicates to add:
PerpendicularBetweenLine
predicates to add:
Equation
predicates to add:
Equation
predicates to add:
Equation
predicates to add:
Equation
predicates to add:
PerpendicularBetweenLine
Traceback (most recent call last):
  File "/Users/osultan/PycharmProjects/FormalGeo/src/formalgeo/geometric_verifier.py", line 10504, in parse_and_verify_proof
    return False, self.generate_detailed_feedback("triangle_area", triangle_name, model_answer_symbolic,
TypeError: GeometricTheorem.generate_detailed_feedback() got an unexpected keyword argument 'error_message'
Verifier result: ERROR_TIER: TIER1_THEOREM_CALL_SYNTAX_VIOLATION
Error during proof verification: GeometricTheorem.generate_detailed_feedback() got an unexpected keyword argument 'error_message'
Model Answer:
RETRY_ANSWER:
54
RETRY_THEOREM_SEQUENCE:
1; triangle_area_formula_sine(1,BCA); Polygon(BCA); ["Equal(AreaOfTriangle(BCA),Mul(LengthOfLine(BC),LengthOfLine(BA),Sin(MeasureOfAngle(ABC)),1/2))"]
Retry attempt: 2
Content written to results/level_1/variant_analogy_based_model_o1_problem_2677_run_0_to_verify.txt
predicates to add:
Line
predicates to add:
Angle
predicates to add:
Line
predicates to add:
Line
predicates to add:
Line
predicates to add:
Angle
predicates to add:
Line
predicates to add:
Line
predicates to add:
Line
predicates to add:
Angle
predicates to add:
Line
predicates to add:
Line
predicates to add:
Polygon
has Polygon
has Polygon
has Polygon
has Polygon
has Polygon
has Polygon
has Polygon
predicates to add:
Angle
predicates to add:
Angle
predicates to add:
Angle
predicates to add:
Angle
predicates to add:
Line
predicates to add:
Line
predicates to add:
Angle
predicates to add:
Line
predicates to add:
Line
predicates to add:
Angle
predicates to add:
Line
predicates to add:
Line
predicates to add:
Equation
predicates to add:
Equation
predicates to add:
Equation
predicates to add:
PerpendicularBetweenLine
predicates to add:
Equation
predicates to add:
Equation
predicates to add:
Equation
predicates to add:
Equation
predicates to add:
PerpendicularBetweenLine
Traceback (most recent call last):
  File "/Users/osultan/PycharmProjects/FormalGeo/src/formalgeo/geometric_verifier.py", line 10504, in parse_and_verify_proof
    return False, self.generate_detailed_feedback("triangle_area", triangle_name, model_answer_symbolic,
TypeError: GeometricTheorem.generate_detailed_feedback() got an unexpected keyword argument 'error_message'
Verifier result: ERROR_TIER: TIER1_THEOREM_CALL_SYNTAX_VIOLATION
Error during proof verification: GeometricTheorem.generate_detailed_feedback() got an unexpected keyword argument 'error_message'
Model Answer:
RETRY_ANSWER:
54
RETRY_THEOREM_SEQUENCE:
1; triangle_area_formula_sine(1,CAB); Polygon(CAB); ["Equal(AreaOfTriangle(CAB),Mul(LengthOfLine(CA),LengthOfLine(CB),Sin(MeasureOfAngle(BCA)),1/2))"]
Retry attempt: 3
Content written to results/level_1/variant_analogy_based_model_o1_problem_2677_run_0_to_verify.txt
predicates to add:
Line
predicates to add:
Angle
predicates to add:
Line
predicates to add:
Line
predicates to add:
Line
predicates to add:
Angle
predicates to add:
Line
predicates to add:
Line
predicates to add:
Line
predicates to add:
Angle
predicates to add:
Line
predicates to add:
Line
predicates to add:
Polygon
has Polygon
has Polygon
has Polygon
has Polygon
has Polygon
has Polygon
has Polygon
predicates to add:
Angle
predicates to add:
Angle
predicates to add:
Angle
predicates to add:
Angle
predicates to add:
Line
predicates to add:
Line
predicates to add:
Angle
predicates to add:
Line
predicates to add:
Line
predicates to add:
Angle
predicates to add:
Line
predicates to add:
Line
predicates to add:
Equation
predicates to add:
Equation
predicates to add:
Equation
predicates to add:
PerpendicularBetweenLine
predicates to add:
Equation
predicates to add:
Equation
predicates to add:
Equation
predicates to add:
Equation
predicates to add:
PerpendicularBetweenLine
Verifier result: ERROR_TIER: TIER3_GOAL_NOT_REACHED
verification failed.

- Goal: triangle_area ABC
- Model answer: 54
- Verifier expected answer: 1.178037432
- Error: From your proof, the verifier determines the triangle_area of ABC to be 1.178037432, not 54 as you stated in your solution. Check your theorem applications and your answer.
- Available premises:
  Perpendicular Lines: AC ⊥ BC
  Polygons: ABC, ACB
- Theorems related to the goal:
  Step 1 - triangle_area_formula_sine(1, ABC): Equal(AreaOfTriangle(ABC),Mul(LengthOfLine(AB),LengthOfLine(AC),Sin(MeasureOfAngle(CAB)),1/2))
- Solver constraints directly related to this goal:
  None found

Please fix the proof.
Model Answer:
RETRY_ANSWER:
54
RETRY_THEOREM_SEQUENCE:
1; triangle_area_formula_sine(1,ABC); Polygon(ABC); ["Equal(AreaOfTriangle(ABC),Mul(LengthOfLine(AB),LengthOfLine(AC),Sin(MeasureOfAngle(CAB)),1/2))"]
Retry attempt: 4
Content written to results/level_1/variant_analogy_based_model_o1_problem_2677_run_0_to_verify.txt
predicates to add:
Line
predicates to add:
Angle
predicates to add:
Line
predicates to add:
Line
predicates to add:
Line
predicates to add:
Angle
predicates to add:
Line
predicates to add:
Line
predicates to add:
Line
predicates to add:
Angle
predicates to add:
Line
predicates to add:
Line
predicates to add:
Polygon
has Polygon
has Polygon
has Polygon
has Polygon
has Polygon
has Polygon
has Polygon
predicates to add:
Angle
predicates to add:
Angle
predicates to add:
Angle
predicates to add:
Angle
predicates to add:
Line
predicates to add:
Line
predicates to add:
Angle
predicates to add:
Line
predicates to add:
Line
predicates to add:
Angle
predicates to add:
Line
predicates to add:
Line
predicates to add:
Equation
predicates to add:
Equation
predicates to add:
Equation
predicates to add:
PerpendicularBetweenLine
predicates to add:
Equation
predicates to add:
Equation
predicates to add:
Equation
predicates to add:
Equation
predicates to add:
PerpendicularBetweenLine
Traceback (most recent call last):
  File "/Users/osultan/PycharmProjects/FormalGeo/src/formalgeo/geometric_verifier.py", line 10504, in parse_and_verify_proof
    return False, self.generate_detailed_feedback("triangle_area", triangle_name, model_answer_symbolic,
TypeError: GeometricTheorem.generate_detailed_feedback() got an unexpected keyword argument 'error_message'
Verifier result: ERROR_TIER: TIER1_THEOREM_CALL_SYNTAX_VIOLATION
Error during proof verification: GeometricTheorem.generate_detailed_feedback() got an unexpected keyword argument 'error_message'
Model Answer:
RETRY_ANSWER:
54
RETRY_THEOREM_SEQUENCE:
1; triangle_area_formula_sine(1,CAB); Polygon(CAB); ["Equal(AreaOfTriangle(CAB),Mul(LengthOfLine(CA),LengthOfLine(CB),Sin(MeasureOfAngle(BCA)),1/2))"]
Retry attempt: 5
Content written to results/level_1/variant_analogy_based_model_o1_problem_2677_run_0.txt
