Content written to results/level_1/variant_random_all_theorems_model_o1_problem_192_run_1_to_verify.txt
predicates to add:
Line
predicates to add:
Angle
predicates to add:
Line
predicates to add:
Line
predicates to add:
Angle
predicates to add:
Line
predicates to add:
Line
predicates to add:
Line
predicates to add:
Angle
predicates to add:
Line
predicates to add:
Line
predicates to add:
Angle
predicates to add:
Line
predicates to add:
Line
predicates to add:
Circle
predicates to add:
Line
predicates to add:
Angle
predicates to add:
Line
predicates to add:
Line
predicates to add:
Line
predicates to add:
Line
predicates to add:
Line
predicates to add:
Line
predicates to add:
Line
predicates to add:
Line
predicates to add:
Angle
predicates to add:
Line
predicates to add:
Angle
predicates to add:
Line
predicates to add:
Line
predicates to add:
Angle
predicates to add:
Line
predicates to add:
Line
predicates to add:
Line
predicates to add:
Angle
predicates to add:
Line
predicates to add:
Angle
predicates to add:
Line
predicates to add:
Line
predicates to add:
Angle
predicates to add:
Line
predicates to add:
Line
predicates to add:
Angle
predicates to add:
Line
predicates to add:
Angle
predicates to add:
Line
predicates to add:
Angle
predicates to add:
Angle
predicates to add:
Angle
predicates to add:
Angle
predicates to add:
Angle
predicates to add:
Angle
predicates to add:
Line
predicates to add:
Line
predicates to add:
Angle
predicates to add:
Line
predicates to add:
Line
predicates to add:
Angle
predicates to add:
Line
predicates to add:
Line
predicates to add:
Angle
predicates to add:
Angle
predicates to add:
Angle
predicates to add:
Angle
predicates to add:
Angle
predicates to add:
Line
predicates to add:
Line
predicates to add:
Angle
predicates to add:
Line
predicates to add:
Line
predicates to add:
Angle
predicates to add:
Line
predicates to add:
Line
predicates to add:
Angle
predicates to add:
Line
predicates to add:
Line
predicates to add:
Equation
predicates to add:
Equation
predicates to add:
Equation
predicates to add:
Equation
Verifier result: ERROR_TIER: TIER1_THEOREM_CALL_SYNTAX_VIOLATION
Failure: Theorem <circle_property_circular_power_segment_and_segment_angle> branch error. Expected dict_keys(['1', '2']) but got None. Please rewrite your response, you should change only the call to theorem <circle_property_circular_power_segment_and_segment_angle> by adding the branch number from the dict_keys as the first argument
Model Answer:
RETRY_ANSWER:
114
RETRY_THEOREM_SEQUENCE:
1; circle_property_circular_power_segment_and_segment_angle(RSU,RVT,B); Cocircular(B,SUVT)&Collinear(RSU)&Collinear(RVT); ["Equal(Sub(MeasureOfArc(BSU),MeasureOfArc(BVT)),Mul(MeasureOfAngle(SRU),2))"]
Retry attempt: 1
Content written to results/level_1/variant_random_all_theorems_model_o1_problem_192_run_1_to_verify.txt
predicates to add:
Line
predicates to add:
Angle
predicates to add:
Line
predicates to add:
Line
predicates to add:
Angle
predicates to add:
Line
predicates to add:
Line
predicates to add:
Line
predicates to add:
Angle
predicates to add:
Line
predicates to add:
Line
predicates to add:
Angle
predicates to add:
Line
predicates to add:
Line
predicates to add:
Circle
predicates to add:
Line
predicates to add:
Angle
predicates to add:
Line
predicates to add:
Line
predicates to add:
Line
predicates to add:
Line
predicates to add:
Line
predicates to add:
Line
predicates to add:
Line
predicates to add:
Line
predicates to add:
Angle
predicates to add:
Line
predicates to add:
Angle
predicates to add:
Line
predicates to add:
Line
predicates to add:
Angle
predicates to add:
Line
predicates to add:
Line
predicates to add:
Line
predicates to add:
Angle
predicates to add:
Line
predicates to add:
Angle
predicates to add:
Line
predicates to add:
Line
predicates to add:
Angle
predicates to add:
Line
predicates to add:
Line
predicates to add:
Angle
predicates to add:
Line
predicates to add:
Angle
predicates to add:
Line
predicates to add:
Angle
predicates to add:
Angle
predicates to add:
Angle
predicates to add:
Angle
predicates to add:
Angle
predicates to add:
Angle
predicates to add:
Line
predicates to add:
Line
predicates to add:
Angle
predicates to add:
Line
predicates to add:
Line
predicates to add:
Angle
predicates to add:
Line
predicates to add:
Line
predicates to add:
Angle
predicates to add:
Angle
predicates to add:
Angle
predicates to add:
Angle
predicates to add:
Angle
predicates to add:
Line
predicates to add:
Line
predicates to add:
Angle
predicates to add:
Line
predicates to add:
Line
predicates to add:
Angle
predicates to add:
Line
predicates to add:
Line
predicates to add:
Angle
predicates to add:
Line
predicates to add:
Line
predicates to add:
Equation
predicates to add:
Equation
predicates to add:
Equation
predicates to add:
Equation
Verifier result: ERROR_TIER: TIER1_THEOREM_CALL_SYNTAX_VIOLATION
Theorem: circle_property_circular_power_segment_and_segment_angle(1,RSU,RVT,B)
You output the following premises: Cocircular(B,SUVT)&Collinear(RSU)&Collinear(RVT)
But the correct premises: Cocircular(B,SVTU)&Collinear(RSU)&Collinear(RVT)
You output the following conclusions: Equal(Sub(MeasureOfArc(BSU),MeasureOfArc(BVT)),Mul(MeasureOfAngle(SRU),2))
But the correct conclusions: Equal(Sub(MeasureOfArc(BTU),MeasureOfArc(BSV)),Mul(MeasureOfAngle(SRV),2))

Model Answer:
RETRY_ANSWER:
114
RETRY_THEOREM_SEQUENCE:
1; circle_property_circular_power_segment_and_segment_angle(1,RSU,RVT,B); Cocircular(B,SUVT)&Collinear(RSU)&Collinear(RVT); ["Equal(Sub(MeasureOfArc(BSU),MeasureOfArc(BVT)),Mul(MeasureOfAngle(SRU),2))"]
Retry attempt: 2
Content written to results/level_1/variant_random_all_theorems_model_o1_problem_192_run_1_to_verify.txt
predicates to add:
Line
predicates to add:
Angle
predicates to add:
Line
predicates to add:
Line
predicates to add:
Angle
predicates to add:
Line
predicates to add:
Line
predicates to add:
Line
predicates to add:
Angle
predicates to add:
Line
predicates to add:
Line
predicates to add:
Angle
predicates to add:
Line
predicates to add:
Line
predicates to add:
Circle
predicates to add:
Line
predicates to add:
Angle
predicates to add:
Line
predicates to add:
Line
predicates to add:
Line
predicates to add:
Line
predicates to add:
Line
predicates to add:
Line
predicates to add:
Line
predicates to add:
Line
predicates to add:
Angle
predicates to add:
Line
predicates to add:
Angle
predicates to add:
Line
predicates to add:
Line
predicates to add:
Angle
predicates to add:
Line
predicates to add:
Line
predicates to add:
Line
predicates to add:
Angle
predicates to add:
Line
predicates to add:
Angle
predicates to add:
Line
predicates to add:
Line
predicates to add:
Angle
predicates to add:
Line
predicates to add:
Line
predicates to add:
Angle
predicates to add:
Line
predicates to add:
Angle
predicates to add:
Line
predicates to add:
Angle
predicates to add:
Angle
predicates to add:
Angle
predicates to add:
Angle
predicates to add:
Angle
predicates to add:
Angle
predicates to add:
Line
predicates to add:
Line
predicates to add:
Angle
predicates to add:
Line
predicates to add:
Line
predicates to add:
Angle
predicates to add:
Line
predicates to add:
Line
predicates to add:
Angle
predicates to add:
Angle
predicates to add:
Angle
predicates to add:
Angle
predicates to add:
Angle
predicates to add:
Line
predicates to add:
Line
predicates to add:
Angle
predicates to add:
Line
predicates to add:
Line
predicates to add:
Angle
predicates to add:
Line
predicates to add:
Line
predicates to add:
Angle
predicates to add:
Line
predicates to add:
Line
predicates to add:
Equation
predicates to add:
Equation
predicates to add:
Equation
predicates to add:
Equation
Verifier result: ERROR_TIER: TIER2_PREMISE_VIOLATION
verification failed.

- Error: You tried to use theorem: circle_property_circular_power_segment_and_segment_angle(1,RSU,RVT,B);Cocircular(B,SVTU)&Collinear(RSU)&Collinear(RVT);['Equal(Sub(MeasureOfArc(BTU),MeasureOfArc(BSV)),Mul(MeasureOfAngle(SRV),2))']
Missing premise: Collinear(RSU) not established
Details: Known collinear facts: [['R', 'S', 'T'], ['R', 'U', 'V'], ['R', 'S', 'T'], ['R', 'U', 'V']]
- Available premises:
  Collinear Points: RST, RUV
  Cocircular Points: S on circle B, ST on circle B, STU on circle B, STUV on circle B, STV on circle B, SU on circle B, SUV on circle B, SV on circle B, T on circle B, TU on circle B, TUV on circle B, TV on circle B, U on circle B, UV on circle B, V on circle B
- Theorems related to the goal:
  None found that constrain this goal
- Solver constraints directly related to this goal:
  None found

Please fix the proof.
Model Answer:
RETRY_ANSWER:
114
RETRY_THEOREM_SEQUENCE:
1; circle_property_circular_power_segment_and_segment_angle(1,RSU,RVT,B); Cocircular(B,SVTU)&Collinear(RSU)&Collinear(RVT); ["Equal(Sub(MeasureOfArc(BTU),MeasureOfArc(BSV)),Mul(MeasureOfAngle(SRV),2))"]
Retry attempt: 3
Content written to results/level_1/variant_random_all_theorems_model_o1_problem_192_run_1_to_verify.txt
predicates to add:
Line
predicates to add:
Angle
predicates to add:
Line
predicates to add:
Line
predicates to add:
Angle
predicates to add:
Line
predicates to add:
Line
predicates to add:
Line
predicates to add:
Angle
predicates to add:
Line
predicates to add:
Line
predicates to add:
Angle
predicates to add:
Line
predicates to add:
Line
predicates to add:
Circle
predicates to add:
Line
predicates to add:
Angle
predicates to add:
Line
predicates to add:
Line
predicates to add:
Line
predicates to add:
Line
predicates to add:
Line
predicates to add:
Line
predicates to add:
Line
predicates to add:
Line
predicates to add:
Angle
predicates to add:
Line
predicates to add:
Angle
predicates to add:
Line
predicates to add:
Line
predicates to add:
Angle
predicates to add:
Line
predicates to add:
Line
predicates to add:
Line
predicates to add:
Angle
predicates to add:
Line
predicates to add:
Angle
predicates to add:
Line
predicates to add:
Line
predicates to add:
Angle
predicates to add:
Line
predicates to add:
Line
predicates to add:
Angle
predicates to add:
Line
predicates to add:
Angle
predicates to add:
Line
predicates to add:
Angle
predicates to add:
Angle
predicates to add:
Angle
predicates to add:
Angle
predicates to add:
Angle
predicates to add:
Angle
predicates to add:
Line
predicates to add:
Line
predicates to add:
Angle
predicates to add:
Line
predicates to add:
Line
predicates to add:
Angle
predicates to add:
Line
predicates to add:
Line
predicates to add:
Angle
predicates to add:
Angle
predicates to add:
Angle
predicates to add:
Angle
predicates to add:
Angle
predicates to add:
Line
predicates to add:
Line
predicates to add:
Angle
predicates to add:
Line
predicates to add:
Line
predicates to add:
Angle
predicates to add:
Line
predicates to add:
Line
predicates to add:
Angle
predicates to add:
Line
predicates to add:
Line
predicates to add:
Equation
predicates to add:
Equation
predicates to add:
Equation
predicates to add:
Equation
Verifier result: ERROR_TIER: TIER1_THEOREM_CALL_SYNTAX_VIOLATION
Failure: The THEOREM_SEQUENCE you provided is empty. Please generate a proof again, using the similar problems I provided (A1, A2, A3, A4, A5), along with the GDL_DICTIONARY of theorems.
Model Answer:
RETRY_ANSWER:
114
RETRY_THEOREM_SEQUENCE:

Retry attempt: 4
Content written to results/level_1/variant_random_all_theorems_model_o1_problem_192_run_1_to_verify.txt
predicates to add:
Line
predicates to add:
Angle
predicates to add:
Line
predicates to add:
Line
predicates to add:
Angle
predicates to add:
Line
predicates to add:
Line
predicates to add:
Line
predicates to add:
Angle
predicates to add:
Line
predicates to add:
Line
predicates to add:
Angle
predicates to add:
Line
predicates to add:
Line
predicates to add:
Circle
predicates to add:
Line
predicates to add:
Angle
predicates to add:
Line
predicates to add:
Line
predicates to add:
Line
predicates to add:
Line
predicates to add:
Line
predicates to add:
Line
predicates to add:
Line
predicates to add:
Line
predicates to add:
Angle
predicates to add:
Line
predicates to add:
Angle
predicates to add:
Line
predicates to add:
Line
predicates to add:
Angle
predicates to add:
Line
predicates to add:
Line
predicates to add:
Line
predicates to add:
Angle
predicates to add:
Line
predicates to add:
Angle
predicates to add:
Line
predicates to add:
Line
predicates to add:
Angle
predicates to add:
Line
predicates to add:
Line
predicates to add:
Angle
predicates to add:
Line
predicates to add:
Angle
predicates to add:
Line
predicates to add:
Angle
predicates to add:
Angle
predicates to add:
Angle
predicates to add:
Angle
predicates to add:
Angle
predicates to add:
Angle
predicates to add:
Line
predicates to add:
Line
predicates to add:
Angle
predicates to add:
Line
predicates to add:
Line
predicates to add:
Angle
predicates to add:
Line
predicates to add:
Line
predicates to add:
Angle
predicates to add:
Angle
predicates to add:
Angle
predicates to add:
Angle
predicates to add:
Angle
predicates to add:
Line
predicates to add:
Line
predicates to add:
Angle
predicates to add:
Line
predicates to add:
Line
predicates to add:
Angle
predicates to add:
Line
predicates to add:
Line
predicates to add:
Angle
predicates to add:
Line
predicates to add:
Line
predicates to add:
Equation
predicates to add:
Equation
predicates to add:
Equation
predicates to add:
Equation
Verifier result: ERROR_TIER: TIER1_THEOREM_CALL_SYNTAX_VIOLATION
Failure: Theorem  not defined in current GDL. Please rewrite the proof sequence, you are allowed to use only theorems from the GDL.
Model Answer:
RETRY_ANSWER:
114
RETRY_THEOREM_SEQUENCE:
1; (external_secant_angle_formula); Collinear(RST)&Collinear(RUV)&Cocircular(B,SVTU); ["Equal(Sub(MeasureOfArc(BSU),MeasureOfArc(BVT)),Mul(MeasureOfAngle(SRU),2))"]
Retry attempt: 5
Content written to results/level_1/variant_random_all_theorems_model_o1_problem_192_run_1.txt
