Content written to results/level_6/variant_analogy_based_model_o1_problem_5708_run_0_to_verify.txt
predicates to add:
Line
predicates to add:
Angle
predicates to add:
Line
predicates to add:
Line
predicates to add:
Angle
predicates to add:
Line
predicates to add:
Line
predicates to add:
Line
predicates to add:
Angle
predicates to add:
Line
predicates to add:
Line
predicates to add:
Angle
predicates to add:
Line
predicates to add:
Line
predicates to add:
Line
predicates to add:
Angle
predicates to add:
Line
predicates to add:
Line
predicates to add:
Line
predicates to add:
Angle
predicates to add:
Line
predicates to add:
Line
predicates to add:
Line
predicates to add:
Angle
predicates to add:
Line
predicates to add:
Line
predicates to add:
Polygon
has Polygon
has Polygon
has Polygon
has Polygon
has Polygon
has Polygon
has Polygon
predicates to add:
Line
predicates to add:
Angle
predicates to add:
Line
predicates to add:
Line
predicates to add:
Line
predicates to add:
Angle
predicates to add:
Line
predicates to add:
Line
predicates to add:
Line
predicates to add:
Angle
predicates to add:
Line
predicates to add:
Line
predicates to add:
Line
predicates to add:
Angle
predicates to add:
Line
predicates to add:
Line
predicates to add:
Polygon
has Polygon
has Polygon
has Polygon
has Polygon
predicates to add:
Line
predicates to add:
Angle
predicates to add:
Line
predicates to add:
Angle
predicates to add:
Line
predicates to add:
Angle
predicates to add:
Line
predicates to add:
Line
predicates to add:
Line
predicates to add:
Angle
predicates to add:
Line
predicates to add:
Angle
predicates to add:
Polygon
has Polygon
has Polygon
has Polygon
has Polygon
has Polygon
has Polygon
has Polygon
predicates to add:
Angle
predicates to add:
Angle
predicates to add:
Angle
predicates to add:
Angle
predicates to add:
Angle
predicates to add:
Angle
predicates to add:
Angle
predicates to add:
Angle
predicates to add:
Line
predicates to add:
Line
predicates to add:
Angle
predicates to add:
Line
predicates to add:
Line
predicates to add:
Angle
predicates to add:
Line
predicates to add:
Line
predicates to add:
Angle
predicates to add:
Angle
predicates to add:
Angle
predicates to add:
Line
predicates to add:
Line
predicates to add:
Angle
predicates to add:
Angle
predicates to add:
Angle
predicates to add:
Angle
predicates to add:
Angle
predicates to add:
Angle
predicates to add:
Angle
predicates to add:
Angle
predicates to add:
Angle
predicates to add:
Angle
predicates to add:
Angle
predicates to add:
Angle
predicates to add:
Line
predicates to add:
Line
predicates to add:
Angle
predicates to add:
Line
predicates to add:
Line
predicates to add:
Angle
predicates to add:
Line
predicates to add:
Line
predicates to add:
Angle
predicates to add:
Line
predicates to add:
Line
predicates to add:
Angle
predicates to add:
Line
predicates to add:
Line
predicates to add:
Angle
predicates to add:
Angle
predicates to add:
Angle
predicates to add:
Line
predicates to add:
Line
predicates to add:
Angle
predicates to add:
Angle
predicates to add:
Angle
predicates to add:
Line
predicates to add:
Line
predicates to add:
Angle
predicates to add:
Line
predicates to add:
Line
predicates to add:
Angle
predicates to add:
Line
predicates to add:
Line
predicates to add:
Angle
predicates to add:
Line
predicates to add:
Line
predicates to add:
Equation
predicates to add:
Equation
predicates to add:
Equation
predicates to add:
ParallelBetweenLine
predicates to add:
ParallelBetweenLine
Verifier result: ERROR_TIER: TIER1_THEOREM_CALL_SYNTAX_VIOLATION
Verification failed. Theorem <line_addition> para length error. Expected 4 but got ('A', 'B', 'A', 'D', 'D', 'B').
Model Answer:
RETRY_ANSWER:
9
RETRY_THEOREM_SEQUENCE:
1; line_addition(AB,AD,DB); Collinear(ADB); ["Equal(LengthOfLine(AB),Add(LengthOfLine(AD),LengthOfLine(DB)))"]
2; parallel_property_corresponding_angle(AB,DE,BC); ParallelBetweenLine(DE,BC)&Collinear(ADB); ["Equal(MeasureOfAngle(ADE),MeasureOfAngle(DBC))"]
3; parallel_property_corresponding_angle(AC,CB,ED); ParallelBetweenLine(CB,ED)&Collinear(CEA); ["Equal(MeasureOfAngle(BCE),MeasureOfAngle(DEA))"]
4; similar_triangle_judgment_aa(ADE,ABC); Polygon(ADE)&Polygon(ABC)&Equal(MeasureOfAngle(ADE),MeasureOfAngle(ABC))&Equal(MeasureOfAngle(DEA),MeasureOfAngle(BCA)); ["SimilarBetweenTriangle(ADE,ABC)"]
5; similar_triangle_property_line_ratio(ADE,ABC); SimilarBetweenTriangle(ADE,ABC); ["Equal(LengthOfLine(DE),Mul(LengthOfLine(BC),RatioOfSimilarTriangle(ADE,ABC)))"]
6; similar_triangle_property_line_ratio(EAD,CAB); SimilarBetweenTriangle(EAD,CAB); ["Equal(LengthOfLine(AD),Mul(LengthOfLine(AB),RatioOfSimilarTriangle(EAD,CAB)))"]
Retry attempt: 1
Content written to results/level_6/variant_analogy_based_model_o1_problem_5708_run_0_to_verify.txt
predicates to add:
Line
predicates to add:
Angle
predicates to add:
Line
predicates to add:
Line
predicates to add:
Angle
predicates to add:
Line
predicates to add:
Line
predicates to add:
Line
predicates to add:
Angle
predicates to add:
Line
predicates to add:
Line
predicates to add:
Angle
predicates to add:
Line
predicates to add:
Line
predicates to add:
Line
predicates to add:
Angle
predicates to add:
Line
predicates to add:
Line
predicates to add:
Line
predicates to add:
Angle
predicates to add:
Line
predicates to add:
Line
predicates to add:
Line
predicates to add:
Angle
predicates to add:
Line
predicates to add:
Line
predicates to add:
Polygon
has Polygon
has Polygon
has Polygon
has Polygon
has Polygon
has Polygon
has Polygon
predicates to add:
Line
predicates to add:
Angle
predicates to add:
Line
predicates to add:
Line
predicates to add:
Line
predicates to add:
Angle
predicates to add:
Line
predicates to add:
Line
predicates to add:
Line
predicates to add:
Angle
predicates to add:
Line
predicates to add:
Line
predicates to add:
Line
predicates to add:
Angle
predicates to add:
Line
predicates to add:
Line
predicates to add:
Polygon
has Polygon
has Polygon
has Polygon
has Polygon
predicates to add:
Line
predicates to add:
Angle
predicates to add:
Line
predicates to add:
Angle
predicates to add:
Line
predicates to add:
Angle
predicates to add:
Line
predicates to add:
Line
predicates to add:
Line
predicates to add:
Angle
predicates to add:
Line
predicates to add:
Angle
predicates to add:
Polygon
has Polygon
has Polygon
has Polygon
has Polygon
has Polygon
has Polygon
has Polygon
predicates to add:
Angle
predicates to add:
Angle
predicates to add:
Angle
predicates to add:
Angle
predicates to add:
Angle
predicates to add:
Angle
predicates to add:
Angle
predicates to add:
Angle
predicates to add:
Line
predicates to add:
Line
predicates to add:
Angle
predicates to add:
Line
predicates to add:
Line
predicates to add:
Angle
predicates to add:
Line
predicates to add:
Line
predicates to add:
Angle
predicates to add:
Angle
predicates to add:
Angle
predicates to add:
Line
predicates to add:
Line
predicates to add:
Angle
predicates to add:
Angle
predicates to add:
Angle
predicates to add:
Angle
predicates to add:
Angle
predicates to add:
Angle
predicates to add:
Angle
predicates to add:
Angle
predicates to add:
Angle
predicates to add:
Angle
predicates to add:
Angle
predicates to add:
Angle
predicates to add:
Line
predicates to add:
Line
predicates to add:
Angle
predicates to add:
Line
predicates to add:
Line
predicates to add:
Angle
predicates to add:
Line
predicates to add:
Line
predicates to add:
Angle
predicates to add:
Line
predicates to add:
Line
predicates to add:
Angle
predicates to add:
Line
predicates to add:
Line
predicates to add:
Angle
predicates to add:
Angle
predicates to add:
Angle
predicates to add:
Line
predicates to add:
Line
predicates to add:
Angle
predicates to add:
Angle
predicates to add:
Angle
predicates to add:
Line
predicates to add:
Line
predicates to add:
Angle
predicates to add:
Line
predicates to add:
Line
predicates to add:
Angle
predicates to add:
Line
predicates to add:
Line
predicates to add:
Angle
predicates to add:
Line
predicates to add:
Line
predicates to add:
Equation
predicates to add:
Equation
predicates to add:
Equation
predicates to add:
ParallelBetweenLine
predicates to add:
ParallelBetweenLine
Verifier result: ERROR_TIER: TIER1_THEOREM_CALL_SYNTAX_VIOLATION
No answer provided in ANSWER section.
Model Answer:
RETRY_ANSWER:
9
RETRY_THEOREM_SEQUENCE:
1; line_addition(1,AD,DB); Collinear(ADB); ["Equal(LengthOfLine(AB),Add(LengthOfLine(AD),LengthOfLine(DB)))"]
2; parallel_property_corresponding_angle(1,DE,BC,A); ParallelBetweenLine(DE,BC)&Collinear(ADB); ["Equal(MeasureOfAngle(ADE),MeasureOfAngle(DBC))"]
3; parallel_property_corresponding_angle(2,CB,ED,A); ParallelBetweenLine(CB,ED)&Collinear(CEA); ["Equal(MeasureOfAngle(BCE),MeasureOfAngle(DEA))"]
4; similar_triangle_judgment_aa(1,ADE,ABC); Polygon(ADE)&Polygon(ABC)&Equal(MeasureOfAngle(ADE),MeasureOfAngle(ABC))&Equal(MeasureOfAngle(DEA),MeasureOfAngle(BCA)); ["SimilarBetweenTriangle(ADE,ABC)"]
5; similar_triangle_property_line_ratio(1,ADE,ABC); SimilarBetweenTriangle(ADE,ABC); ["Equal(LengthOfLine(DE),Mul(LengthOfLine(BC),RatioOfSimilarTriangle(ADE,ABC)))"]
6; similar_triangle_property_line_ratio(1,EAD,CAB); SimilarBetweenTriangle(EAD,CAB); ["Equal(LengthOfLine(AD),Mul(LengthOfLine(AB),RatioOfSimilarTriangle(EAD,CAB)))"]
Retry attempt: 2
Content written to results/level_6/variant_analogy_based_model_o1_problem_5708_run_0_to_verify.txt
predicates to add:
Line
predicates to add:
Angle
predicates to add:
Line
predicates to add:
Line
predicates to add:
Angle
predicates to add:
Line
predicates to add:
Line
predicates to add:
Line
predicates to add:
Angle
predicates to add:
Line
predicates to add:
Line
predicates to add:
Angle
predicates to add:
Line
predicates to add:
Line
predicates to add:
Line
predicates to add:
Angle
predicates to add:
Line
predicates to add:
Line
predicates to add:
Line
predicates to add:
Angle
predicates to add:
Line
predicates to add:
Line
predicates to add:
Line
predicates to add:
Angle
predicates to add:
Line
predicates to add:
Line
predicates to add:
Polygon
has Polygon
has Polygon
has Polygon
has Polygon
has Polygon
has Polygon
has Polygon
predicates to add:
Line
predicates to add:
Angle
predicates to add:
Line
predicates to add:
Line
predicates to add:
Line
predicates to add:
Angle
predicates to add:
Line
predicates to add:
Line
predicates to add:
Line
predicates to add:
Angle
predicates to add:
Line
predicates to add:
Line
predicates to add:
Line
predicates to add:
Angle
predicates to add:
Line
predicates to add:
Line
predicates to add:
Polygon
has Polygon
has Polygon
has Polygon
has Polygon
predicates to add:
Line
predicates to add:
Angle
predicates to add:
Line
predicates to add:
Angle
predicates to add:
Line
predicates to add:
Angle
predicates to add:
Line
predicates to add:
Line
predicates to add:
Line
predicates to add:
Angle
predicates to add:
Line
predicates to add:
Angle
predicates to add:
Polygon
has Polygon
has Polygon
has Polygon
has Polygon
has Polygon
has Polygon
has Polygon
predicates to add:
Angle
predicates to add:
Angle
predicates to add:
Angle
predicates to add:
Angle
predicates to add:
Angle
predicates to add:
Angle
predicates to add:
Angle
predicates to add:
Angle
predicates to add:
Line
predicates to add:
Line
predicates to add:
Angle
predicates to add:
Line
predicates to add:
Line
predicates to add:
Angle
predicates to add:
Line
predicates to add:
Line
predicates to add:
Angle
predicates to add:
Angle
predicates to add:
Angle
predicates to add:
Line
predicates to add:
Line
predicates to add:
Angle
predicates to add:
Angle
predicates to add:
Angle
predicates to add:
Angle
predicates to add:
Angle
predicates to add:
Angle
predicates to add:
Angle
predicates to add:
Angle
predicates to add:
Angle
predicates to add:
Angle
predicates to add:
Angle
predicates to add:
Angle
predicates to add:
Line
predicates to add:
Line
predicates to add:
Angle
predicates to add:
Line
predicates to add:
Line
predicates to add:
Angle
predicates to add:
Line
predicates to add:
Line
predicates to add:
Angle
predicates to add:
Line
predicates to add:
Line
predicates to add:
Angle
predicates to add:
Line
predicates to add:
Line
predicates to add:
Angle
predicates to add:
Angle
predicates to add:
Angle
predicates to add:
Line
predicates to add:
Line
predicates to add:
Angle
predicates to add:
Angle
predicates to add:
Angle
predicates to add:
Line
predicates to add:
Line
predicates to add:
Angle
predicates to add:
Line
predicates to add:
Line
predicates to add:
Angle
predicates to add:
Line
predicates to add:
Line
predicates to add:
Angle
predicates to add:
Line
predicates to add:
Line
predicates to add:
Equation
predicates to add:
Equation
predicates to add:
Equation
predicates to add:
ParallelBetweenLine
predicates to add:
ParallelBetweenLine
Verifier result: ERROR_TIER: TIER1_THEOREM_CALL_SYNTAX_VIOLATION
No answer provided in ANSWER section.
Model Answer:
RETRY_ANSWER:
9
RETRY_THEOREM_SEQUENCE:
1; line_addition(1,AD,DB); Collinear(ADB); ["Equal(LengthOfLine(AB),Add(LengthOfLine(AD),LengthOfLine(DB)))"]
2; parallel_property_corresponding_angle(1,DE,BC,A); ParallelBetweenLine(DE,BC)&Collinear(ADB); ["Equal(MeasureOfAngle(ADE),MeasureOfAngle(DBC))"]
3; parallel_property_corresponding_angle(2,CB,ED,A); ParallelBetweenLine(CB,ED)&Collinear(CEA); ["Equal(MeasureOfAngle(BCE),MeasureOfAngle(DEA))"]
4; similar_triangle_judgment_aa(1,ADE,ABC); Polygon(ADE)&Polygon(ABC)&Equal(MeasureOfAngle(ADE),MeasureOfAngle(ABC))&Equal(MeasureOfAngle(DEA),MeasureOfAngle(BCA)); ["SimilarBetweenTriangle(ADE,ABC)"]
5; similar_triangle_property_line_ratio(1,ADE,ABC); SimilarBetweenTriangle(ADE,ABC); ["Equal(LengthOfLine(DE),Mul(LengthOfLine(BC),RatioOfSimilarTriangle(ADE,ABC)))"]
6; similar_triangle_property_line_ratio(1,EAD,CAB); SimilarBetweenTriangle(EAD,CAB); ["Equal(LengthOfLine(AD),Mul(LengthOfLine(AB),RatioOfSimilarTriangle(EAD,CAB)))"]
Retry attempt: 3
Content written to results/level_6/variant_analogy_based_model_o1_problem_5708_run_0_to_verify.txt
predicates to add:
Line
predicates to add:
Angle
predicates to add:
Line
predicates to add:
Line
predicates to add:
Angle
predicates to add:
Line
predicates to add:
Line
predicates to add:
Line
predicates to add:
Angle
predicates to add:
Line
predicates to add:
Line
predicates to add:
Angle
predicates to add:
Line
predicates to add:
Line
predicates to add:
Line
predicates to add:
Angle
predicates to add:
Line
predicates to add:
Line
predicates to add:
Line
predicates to add:
Angle
predicates to add:
Line
predicates to add:
Line
predicates to add:
Line
predicates to add:
Angle
predicates to add:
Line
predicates to add:
Line
predicates to add:
Polygon
has Polygon
has Polygon
has Polygon
has Polygon
has Polygon
has Polygon
has Polygon
predicates to add:
Line
predicates to add:
Angle
predicates to add:
Line
predicates to add:
Line
predicates to add:
Line
predicates to add:
Angle
predicates to add:
Line
predicates to add:
Line
predicates to add:
Line
predicates to add:
Angle
predicates to add:
Line
predicates to add:
Line
predicates to add:
Line
predicates to add:
Angle
predicates to add:
Line
predicates to add:
Line
predicates to add:
Polygon
has Polygon
has Polygon
has Polygon
has Polygon
predicates to add:
Line
predicates to add:
Angle
predicates to add:
Line
predicates to add:
Angle
predicates to add:
Line
predicates to add:
Angle
predicates to add:
Line
predicates to add:
Line
predicates to add:
Line
predicates to add:
Angle
predicates to add:
Line
predicates to add:
Angle
predicates to add:
Polygon
has Polygon
has Polygon
has Polygon
has Polygon
has Polygon
has Polygon
has Polygon
predicates to add:
Angle
predicates to add:
Angle
predicates to add:
Angle
predicates to add:
Angle
predicates to add:
Angle
predicates to add:
Angle
predicates to add:
Angle
predicates to add:
Angle
predicates to add:
Line
predicates to add:
Line
predicates to add:
Angle
predicates to add:
Line
predicates to add:
Line
predicates to add:
Angle
predicates to add:
Line
predicates to add:
Line
predicates to add:
Angle
predicates to add:
Angle
predicates to add:
Angle
predicates to add:
Line
predicates to add:
Line
predicates to add:
Angle
predicates to add:
Angle
predicates to add:
Angle
predicates to add:
Angle
predicates to add:
Angle
predicates to add:
Angle
predicates to add:
Angle
predicates to add:
Angle
predicates to add:
Angle
predicates to add:
Angle
predicates to add:
Angle
predicates to add:
Angle
predicates to add:
Line
predicates to add:
Line
predicates to add:
Angle
predicates to add:
Line
predicates to add:
Line
predicates to add:
Angle
predicates to add:
Line
predicates to add:
Line
predicates to add:
Angle
predicates to add:
Line
predicates to add:
Line
predicates to add:
Angle
predicates to add:
Line
predicates to add:
Line
predicates to add:
Angle
predicates to add:
Angle
predicates to add:
Angle
predicates to add:
Line
predicates to add:
Line
predicates to add:
Angle
predicates to add:
Angle
predicates to add:
Angle
predicates to add:
Line
predicates to add:
Line
predicates to add:
Angle
predicates to add:
Line
predicates to add:
Line
predicates to add:
Angle
predicates to add:
Line
predicates to add:
Line
predicates to add:
Angle
predicates to add:
Line
predicates to add:
Line
predicates to add:
Equation
predicates to add:
Equation
predicates to add:
Equation
predicates to add:
ParallelBetweenLine
predicates to add:
ParallelBetweenLine
Verifier result: ERROR_TIER: TIER1_THEOREM_CALL_SYNTAX_VIOLATION
No answer provided in ANSWER section.
Model Answer:
RETRY_ANSWER:
9
RETRY_THEOREM_SEQUENCE:
1; line_addition(1,AD,DB); Collinear(ADB); ["Equal(LengthOfLine(AB),Add(LengthOfLine(AD),LengthOfLine(DB)))"]
2; parallel_property_corresponding_angle(1,DE,BC,A); ParallelBetweenLine(DE,BC)&Collinear(ADB); ["Equal(MeasureOfAngle(ADE),MeasureOfAngle(DBC))"]
3; parallel_property_corresponding_angle(2,CB,ED,A); ParallelBetweenLine(CB,ED)&Collinear(CEA); ["Equal(MeasureOfAngle(BCE),MeasureOfAngle(DEA))"]
4; similar_triangle_judgment_aa(1,ADE,ABC); Polygon(ADE)&Polygon(ABC)&Equal(MeasureOfAngle(ADE),MeasureOfAngle(ABC))&Equal(MeasureOfAngle(DEA),MeasureOfAngle(BCA)); ["SimilarBetweenTriangle(ADE,ABC)"]
5; similar_triangle_property_line_ratio(1,ADE,ABC); SimilarBetweenTriangle(ADE,ABC); ["Equal(LengthOfLine(DE),Mul(LengthOfLine(BC),RatioOfSimilarTriangle(ADE,ABC)))"]
6; similar_triangle_property_line_ratio(1,EAD,CAB); SimilarBetweenTriangle(EAD,CAB); ["Equal(LengthOfLine(AD),Mul(LengthOfLine(AB),RatioOfSimilarTriangle(EAD,CAB)))"]
Retry attempt: 4
