Content written to results/level_6/variant_analogy_based_model_o1_problem_4923_run_2_to_verify.txt
predicates to add:
Line
predicates to add:
Angle
predicates to add:
Line
predicates to add:
Line
predicates to add:
Angle
predicates to add:
Line
predicates to add:
Line
predicates to add:
Line
predicates to add:
Angle
predicates to add:
Line
predicates to add:
Line
predicates to add:
Angle
predicates to add:
Line
predicates to add:
Line
predicates to add:
Line
predicates to add:
Angle
predicates to add:
Line
predicates to add:
Line
predicates to add:
Line
predicates to add:
Angle
predicates to add:
Line
predicates to add:
Line
predicates to add:
Line
predicates to add:
Angle
predicates to add:
Line
predicates to add:
Line
predicates to add:
Polygon
has Polygon
has Polygon
has Polygon
has Polygon
has Polygon
has Polygon
has Polygon
predicates to add:
Line
predicates to add:
Angle
predicates to add:
Line
predicates to add:
Line
predicates to add:
Line
predicates to add:
Angle
predicates to add:
Line
predicates to add:
Line
predicates to add:
Line
predicates to add:
Angle
predicates to add:
Line
predicates to add:
Line
predicates to add:
Line
predicates to add:
Angle
predicates to add:
Line
predicates to add:
Line
predicates to add:
Polygon
has Polygon
has Polygon
has Polygon
has Polygon
predicates to add:
Line
predicates to add:
Angle
predicates to add:
Line
predicates to add:
Angle
predicates to add:
Line
predicates to add:
Angle
predicates to add:
Line
predicates to add:
Line
predicates to add:
Line
predicates to add:
Angle
predicates to add:
Line
predicates to add:
Angle
predicates to add:
Polygon
has Polygon
has Polygon
has Polygon
has Polygon
has Polygon
has Polygon
has Polygon
predicates to add:
Angle
predicates to add:
Angle
predicates to add:
Angle
predicates to add:
Angle
predicates to add:
Angle
predicates to add:
Angle
predicates to add:
Angle
predicates to add:
Angle
predicates to add:
Line
predicates to add:
Line
predicates to add:
Angle
predicates to add:
Line
predicates to add:
Line
predicates to add:
Angle
predicates to add:
Line
predicates to add:
Line
predicates to add:
Angle
predicates to add:
Angle
predicates to add:
Angle
predicates to add:
Angle
predicates to add:
Angle
predicates to add:
Line
predicates to add:
Line
predicates to add:
Angle
predicates to add:
Angle
predicates to add:
Angle
predicates to add:
Angle
predicates to add:
Angle
predicates to add:
Angle
predicates to add:
Angle
predicates to add:
Angle
predicates to add:
Angle
predicates to add:
Angle
predicates to add:
Line
predicates to add:
Line
predicates to add:
Angle
predicates to add:
Line
predicates to add:
Line
predicates to add:
Angle
predicates to add:
Line
predicates to add:
Line
predicates to add:
Angle
predicates to add:
Angle
predicates to add:
Angle
predicates to add:
Line
predicates to add:
Line
predicates to add:
Angle
predicates to add:
Line
predicates to add:
Line
predicates to add:
Angle
predicates to add:
Line
predicates to add:
Line
predicates to add:
Angle
predicates to add:
Angle
predicates to add:
Angle
predicates to add:
Line
predicates to add:
Line
predicates to add:
Angle
predicates to add:
Line
predicates to add:
Line
predicates to add:
Angle
predicates to add:
Line
predicates to add:
Line
predicates to add:
Angle
predicates to add:
Line
predicates to add:
Line
predicates to add:
Equation
predicates to add:
Equation
predicates to add:
Equation
predicates to add:
ParallelBetweenLine
predicates to add:
ParallelBetweenLine
Verifier result: ERROR_TIER: TIER1_THEOREM_CALL_SYNTAX_VIOLATION
Verification failed.
Theorem: parallel_property_corresponding_angle(1,ED,CA,B)
The language model outputs the following premises: ParallelBetweenLine(ED,CA)&Collinear(BDA)
The correct premises for the theorem: ParallelBetweenLine(ED,CA)&Collinear(BEC)
The language model outputs the following conclusions: Equal(MeasureOfAngle(BDE),MeasureOfAngle(BAC))
The correct conclusions for the theorem: Equal(MeasureOfAngle(BED),MeasureOfAngle(ECA))

Model Answer:
RETRY_ANSWER:
2
RETRY_THEOREM_SEQUENCE:
1; parallel_property_corresponding_angle(1,ED,CA,B); ParallelBetweenLine(ED,CA)&Collinear(BDA); ["Equal(MeasureOfAngle(BDE),MeasureOfAngle(BAC))"]  
2; parallel_property_corresponding_angle(2,CA,ED,B); ParallelBetweenLine(CA,ED)&Collinear(BEC); ["Equal(MeasureOfAngle(BED),MeasureOfAngle(BCA))"]  
3; similar_triangle_judgment_aa(1,BDE,BAC); Polygon(BDE)&Polygon(BAC)&Equal(MeasureOfAngle(BDE),MeasureOfAngle(BAC))&Equal(MeasureOfAngle(BED),MeasureOfAngle(BCA)); ["SimilarBetweenTriangle(BDE,BAC)"]  
4; similar_triangle_property_line_ratio(1,BED,BAC); SimilarBetweenTriangle(BED,BAC); ["Equal(LengthOfLine(BE),Mul(LengthOfLine(BC),RatioOfSimilarTriangle(BED,BAC)))"]  
5; line_addition(1,BE,EC); Collinear(BEC); ["Equal(LengthOfLine(BC),Add(LengthOfLine(BE),LengthOfLine(EC)))"]
Retry attempt: 1
Content written to results/level_6/variant_analogy_based_model_o1_problem_4923_run_2_to_verify.txt
predicates to add:
Line
predicates to add:
Angle
predicates to add:
Line
predicates to add:
Line
predicates to add:
Angle
predicates to add:
Line
predicates to add:
Line
predicates to add:
Line
predicates to add:
Angle
predicates to add:
Line
predicates to add:
Line
predicates to add:
Angle
predicates to add:
Line
predicates to add:
Line
predicates to add:
Line
predicates to add:
Angle
predicates to add:
Line
predicates to add:
Line
predicates to add:
Line
predicates to add:
Angle
predicates to add:
Line
predicates to add:
Line
predicates to add:
Line
predicates to add:
Angle
predicates to add:
Line
predicates to add:
Line
predicates to add:
Polygon
has Polygon
has Polygon
has Polygon
has Polygon
has Polygon
has Polygon
has Polygon
predicates to add:
Line
predicates to add:
Angle
predicates to add:
Line
predicates to add:
Line
predicates to add:
Line
predicates to add:
Angle
predicates to add:
Line
predicates to add:
Line
predicates to add:
Line
predicates to add:
Angle
predicates to add:
Line
predicates to add:
Line
predicates to add:
Line
predicates to add:
Angle
predicates to add:
Line
predicates to add:
Line
predicates to add:
Polygon
has Polygon
has Polygon
has Polygon
has Polygon
predicates to add:
Line
predicates to add:
Angle
predicates to add:
Line
predicates to add:
Angle
predicates to add:
Line
predicates to add:
Angle
predicates to add:
Line
predicates to add:
Line
predicates to add:
Line
predicates to add:
Angle
predicates to add:
Line
predicates to add:
Angle
predicates to add:
Polygon
has Polygon
has Polygon
has Polygon
has Polygon
has Polygon
has Polygon
has Polygon
predicates to add:
Angle
predicates to add:
Angle
predicates to add:
Angle
predicates to add:
Angle
predicates to add:
Angle
predicates to add:
Angle
predicates to add:
Angle
predicates to add:
Angle
predicates to add:
Line
predicates to add:
Line
predicates to add:
Angle
predicates to add:
Line
predicates to add:
Line
predicates to add:
Angle
predicates to add:
Line
predicates to add:
Line
predicates to add:
Angle
predicates to add:
Angle
predicates to add:
Angle
predicates to add:
Angle
predicates to add:
Angle
predicates to add:
Line
predicates to add:
Line
predicates to add:
Angle
predicates to add:
Angle
predicates to add:
Angle
predicates to add:
Angle
predicates to add:
Angle
predicates to add:
Angle
predicates to add:
Angle
predicates to add:
Angle
predicates to add:
Angle
predicates to add:
Angle
predicates to add:
Line
predicates to add:
Line
predicates to add:
Angle
predicates to add:
Line
predicates to add:
Line
predicates to add:
Angle
predicates to add:
Line
predicates to add:
Line
predicates to add:
Angle
predicates to add:
Angle
predicates to add:
Angle
predicates to add:
Line
predicates to add:
Line
predicates to add:
Angle
predicates to add:
Line
predicates to add:
Line
predicates to add:
Angle
predicates to add:
Line
predicates to add:
Line
predicates to add:
Angle
predicates to add:
Angle
predicates to add:
Angle
predicates to add:
Line
predicates to add:
Line
predicates to add:
Angle
predicates to add:
Line
predicates to add:
Line
predicates to add:
Angle
predicates to add:
Line
predicates to add:
Line
predicates to add:
Angle
predicates to add:
Line
predicates to add:
Line
predicates to add:
Equation
predicates to add:
Equation
predicates to add:
Equation
predicates to add:
ParallelBetweenLine
predicates to add:
ParallelBetweenLine
Verifier result: ERROR_TIER: TIER1_THEOREM_CALL_SYNTAX_VIOLATION
Verification failed.
Theorem: parallel_property_corresponding_angle(2,ED,CA,B)
The language model outputs the following premises: ParallelBetweenLine(ED,CA)&Collinear(BDA)
The correct premises for the theorem: ParallelBetweenLine(ED,CA)&Collinear(ECB)
The language model outputs the following conclusions: Equal(MeasureOfAngle(BDE),MeasureOfAngle(BCA))
The correct conclusions for the theorem: Equal(MeasureOfAngle(DEC),MeasureOfAngle(ACB))

Model Answer:
RETRY_ANSWER:
2
RETRY_THEOREM_SEQUENCE:
1; parallel_property_corresponding_angle(1,ED,CA,B); ParallelBetweenLine(ED,CA)&Collinear(BEC); ["Equal(MeasureOfAngle(BED),MeasureOfAngle(ECA))"]
2; parallel_property_corresponding_angle(2,ED,CA,B); ParallelBetweenLine(ED,CA)&Collinear(BDA); ["Equal(MeasureOfAngle(BDE),MeasureOfAngle(BCA))"]
3; similar_triangle_judgment_aa(1,BED,BCA); Polygon(BED)&Polygon(BCA)&Equal(MeasureOfAngle(BED),MeasureOfAngle(ECA))&Equal(MeasureOfAngle(BDE),MeasureOfAngle(BCA)); ["SimilarBetweenTriangle(BED,BCA)"]
4; similar_triangle_property_line_ratio(1,BED,BCA); SimilarBetweenTriangle(BED,BCA); ["Equal(LengthOfLine(BE),Mul(LengthOfLine(BC),RatioOfSimilarTriangle(BED,BCA)))"]
5; line_addition(1,BE,EC); Collinear(BEC); ["Equal(LengthOfLine(BC),Add(LengthOfLine(BE),LengthOfLine(EC)))"]
Retry attempt: 2
Content written to results/level_6/variant_analogy_based_model_o1_problem_4923_run_2_to_verify.txt
predicates to add:
Line
predicates to add:
Angle
predicates to add:
Line
predicates to add:
Line
predicates to add:
Angle
predicates to add:
Line
predicates to add:
Line
predicates to add:
Line
predicates to add:
Angle
predicates to add:
Line
predicates to add:
Line
predicates to add:
Angle
predicates to add:
Line
predicates to add:
Line
predicates to add:
Line
predicates to add:
Angle
predicates to add:
Line
predicates to add:
Line
predicates to add:
Line
predicates to add:
Angle
predicates to add:
Line
predicates to add:
Line
predicates to add:
Line
predicates to add:
Angle
predicates to add:
Line
predicates to add:
Line
predicates to add:
Polygon
has Polygon
has Polygon
has Polygon
has Polygon
has Polygon
has Polygon
has Polygon
predicates to add:
Line
predicates to add:
Angle
predicates to add:
Line
predicates to add:
Line
predicates to add:
Line
predicates to add:
Angle
predicates to add:
Line
predicates to add:
Line
predicates to add:
Line
predicates to add:
Angle
predicates to add:
Line
predicates to add:
Line
predicates to add:
Line
predicates to add:
Angle
predicates to add:
Line
predicates to add:
Line
predicates to add:
Polygon
has Polygon
has Polygon
has Polygon
has Polygon
predicates to add:
Line
predicates to add:
Angle
predicates to add:
Line
predicates to add:
Angle
predicates to add:
Line
predicates to add:
Angle
predicates to add:
Line
predicates to add:
Line
predicates to add:
Line
predicates to add:
Angle
predicates to add:
Line
predicates to add:
Angle
predicates to add:
Polygon
has Polygon
has Polygon
has Polygon
has Polygon
has Polygon
has Polygon
has Polygon
predicates to add:
Angle
predicates to add:
Angle
predicates to add:
Angle
predicates to add:
Angle
predicates to add:
Angle
predicates to add:
Angle
predicates to add:
Angle
predicates to add:
Angle
predicates to add:
Line
predicates to add:
Line
predicates to add:
Angle
predicates to add:
Line
predicates to add:
Line
predicates to add:
Angle
predicates to add:
Line
predicates to add:
Line
predicates to add:
Angle
predicates to add:
Angle
predicates to add:
Angle
predicates to add:
Angle
predicates to add:
Angle
predicates to add:
Line
predicates to add:
Line
predicates to add:
Angle
predicates to add:
Angle
predicates to add:
Angle
predicates to add:
Angle
predicates to add:
Angle
predicates to add:
Angle
predicates to add:
Angle
predicates to add:
Angle
predicates to add:
Angle
predicates to add:
Angle
predicates to add:
Line
predicates to add:
Line
predicates to add:
Angle
predicates to add:
Line
predicates to add:
Line
predicates to add:
Angle
predicates to add:
Line
predicates to add:
Line
predicates to add:
Angle
predicates to add:
Angle
predicates to add:
Angle
predicates to add:
Line
predicates to add:
Line
predicates to add:
Angle
predicates to add:
Line
predicates to add:
Line
predicates to add:
Angle
predicates to add:
Line
predicates to add:
Line
predicates to add:
Angle
predicates to add:
Angle
predicates to add:
Angle
predicates to add:
Line
predicates to add:
Line
predicates to add:
Angle
predicates to add:
Line
predicates to add:
Line
predicates to add:
Angle
predicates to add:
Line
predicates to add:
Line
predicates to add:
Angle
predicates to add:
Line
predicates to add:
Line
predicates to add:
Equation
predicates to add:
Equation
predicates to add:
Equation
predicates to add:
ParallelBetweenLine
predicates to add:
ParallelBetweenLine
Verifier result: ERROR_TIER: TIER1_THEOREM_CALL_SYNTAX_VIOLATION
Verification failed.
Theorem: similar_triangle_judgment_aa(1,BED,BCA)
The language model outputs the following premises: Polygon(BED)&Polygon(BCA)&Equal(MeasureOfAngle(BED),MeasureOfAngle(ECA))&Equal(MeasureOfAngle(DEC),MeasureOfAngle(ACB))
The correct premises for the theorem: Polygon(BED)&Polygon(BCA)&Equal(MeasureOfAngle(BED),MeasureOfAngle(BCA))&Equal(MeasureOfAngle(EDB),MeasureOfAngle(CAB))

Model Answer:
RETRY_ANSWER:
2
RETRY_THEOREM_SEQUENCE:
1; parallel_property_corresponding_angle(1,ED,CA,B); ParallelBetweenLine(ED,CA)&Collinear(BEC); ["Equal(MeasureOfAngle(BED),MeasureOfAngle(ECA))"]  
2; parallel_property_corresponding_angle(2,ED,CA,B); ParallelBetweenLine(ED,CA)&Collinear(ECB); ["Equal(MeasureOfAngle(DEC),MeasureOfAngle(ACB))"]  
3; similar_triangle_judgment_aa(1,BED,BCA); Polygon(BED)&Polygon(BCA)&Equal(MeasureOfAngle(BED),MeasureOfAngle(ECA))&Equal(MeasureOfAngle(DEC),MeasureOfAngle(ACB)); ["SimilarBetweenTriangle(BED,BCA)"]  
4; similar_triangle_property_line_ratio(1,BED,BCA); SimilarBetweenTriangle(BED,BCA); ["Equal(LengthOfLine(BE),Mul(LengthOfLine(BC),RatioOfSimilarTriangle(BED,BCA)))"]  
5; line_addition(1,BE,EC); Collinear(BEC); ["Equal(LengthOfLine(BC),Add(LengthOfLine(BE),LengthOfLine(EC)))"]
Retry attempt: 3
Content written to results/level_6/variant_analogy_based_model_o1_problem_4923_run_2_to_verify.txt
predicates to add:
Line
predicates to add:
Angle
predicates to add:
Line
predicates to add:
Line
predicates to add:
Angle
predicates to add:
Line
predicates to add:
Line
predicates to add:
Line
predicates to add:
Angle
predicates to add:
Line
predicates to add:
Line
predicates to add:
Angle
predicates to add:
Line
predicates to add:
Line
predicates to add:
Line
predicates to add:
Angle
predicates to add:
Line
predicates to add:
Line
predicates to add:
Line
predicates to add:
Angle
predicates to add:
Line
predicates to add:
Line
predicates to add:
Line
predicates to add:
Angle
predicates to add:
Line
predicates to add:
Line
predicates to add:
Polygon
has Polygon
has Polygon
has Polygon
has Polygon
has Polygon
has Polygon
has Polygon
predicates to add:
Line
predicates to add:
Angle
predicates to add:
Line
predicates to add:
Line
predicates to add:
Line
predicates to add:
Angle
predicates to add:
Line
predicates to add:
Line
predicates to add:
Line
predicates to add:
Angle
predicates to add:
Line
predicates to add:
Line
predicates to add:
Line
predicates to add:
Angle
predicates to add:
Line
predicates to add:
Line
predicates to add:
Polygon
has Polygon
has Polygon
has Polygon
has Polygon
predicates to add:
Line
predicates to add:
Angle
predicates to add:
Line
predicates to add:
Angle
predicates to add:
Line
predicates to add:
Angle
predicates to add:
Line
predicates to add:
Line
predicates to add:
Line
predicates to add:
Angle
predicates to add:
Line
predicates to add:
Angle
predicates to add:
Polygon
has Polygon
has Polygon
has Polygon
has Polygon
has Polygon
has Polygon
has Polygon
predicates to add:
Angle
predicates to add:
Angle
predicates to add:
Angle
predicates to add:
Angle
predicates to add:
Angle
predicates to add:
Angle
predicates to add:
Angle
predicates to add:
Angle
predicates to add:
Line
predicates to add:
Line
predicates to add:
Angle
predicates to add:
Line
predicates to add:
Line
predicates to add:
Angle
predicates to add:
Line
predicates to add:
Line
predicates to add:
Angle
predicates to add:
Angle
predicates to add:
Angle
predicates to add:
Angle
predicates to add:
Angle
predicates to add:
Line
predicates to add:
Line
predicates to add:
Angle
predicates to add:
Angle
predicates to add:
Angle
predicates to add:
Angle
predicates to add:
Angle
predicates to add:
Angle
predicates to add:
Angle
predicates to add:
Angle
predicates to add:
Angle
predicates to add:
Angle
predicates to add:
Line
predicates to add:
Line
predicates to add:
Angle
predicates to add:
Line
predicates to add:
Line
predicates to add:
Angle
predicates to add:
Line
predicates to add:
Line
predicates to add:
Angle
predicates to add:
Angle
predicates to add:
Angle
predicates to add:
Line
predicates to add:
Line
predicates to add:
Angle
predicates to add:
Line
predicates to add:
Line
predicates to add:
Angle
predicates to add:
Line
predicates to add:
Line
predicates to add:
Angle
predicates to add:
Angle
predicates to add:
Angle
predicates to add:
Line
predicates to add:
Line
predicates to add:
Angle
predicates to add:
Line
predicates to add:
Line
predicates to add:
Angle
predicates to add:
Line
predicates to add:
Line
predicates to add:
Angle
predicates to add:
Line
predicates to add:
Line
predicates to add:
Equation
predicates to add:
Equation
predicates to add:
Equation
predicates to add:
ParallelBetweenLine
predicates to add:
ParallelBetweenLine
Verifier result: ERROR_TIER: TIER1_THEOREM_CALL_SYNTAX_VIOLATION
Verification failed.
Theorem: parallel_property_corresponding_angle(1,ED,CA,B)
The language model outputs the following conclusions: Equal(MeasureOfAngle(BED),MeasureOfAngle(BCA))
The correct conclusions for the theorem: Equal(MeasureOfAngle(BED),MeasureOfAngle(ECA))

Model Answer:
RETRY_ANSWER:
2
RETRY_THEOREM_SEQUENCE:
1; parallel_property_corresponding_angle(1,ED,CA,B); ParallelBetweenLine(ED,CA)&Collinear(BEC); ["Equal(MeasureOfAngle(BED),MeasureOfAngle(BCA))"]  
2; parallel_property_corresponding_angle(2,ED,CA,B); ParallelBetweenLine(ED,CA)&Collinear(BDA); ["Equal(MeasureOfAngle(EDB),MeasureOfAngle(CAB))"]  
3; similar_triangle_judgment_aa(1,BED,BCA); Polygon(BED)&Polygon(BCA)&Equal(MeasureOfAngle(BED),MeasureOfAngle(BCA))&Equal(MeasureOfAngle(EDB),MeasureOfAngle(CAB)); ["SimilarBetweenTriangle(BED,BCA)"]  
4; similar_triangle_property_line_ratio(1,BED,BCA); SimilarBetweenTriangle(BED,BCA); ["Equal(LengthOfLine(BE),Mul(LengthOfLine(BC),RatioOfSimilarTriangle(BED,BCA)))"]  
5; line_addition(1,BE,EC); Collinear(BEC); ["Equal(LengthOfLine(BC),Add(LengthOfLine(BE),LengthOfLine(EC)))"]
Retry attempt: 4
Content written to results/level_6/variant_analogy_based_model_o1_problem_4923_run_2_to_verify.txt
predicates to add:
Line
predicates to add:
Angle
predicates to add:
Line
predicates to add:
Line
predicates to add:
Angle
predicates to add:
Line
predicates to add:
Line
predicates to add:
Line
predicates to add:
Angle
predicates to add:
Line
predicates to add:
Line
predicates to add:
Angle
predicates to add:
Line
predicates to add:
Line
predicates to add:
Line
predicates to add:
Angle
predicates to add:
Line
predicates to add:
Line
predicates to add:
Line
predicates to add:
Angle
predicates to add:
Line
predicates to add:
Line
predicates to add:
Line
predicates to add:
Angle
predicates to add:
Line
predicates to add:
Line
predicates to add:
Polygon
has Polygon
has Polygon
has Polygon
has Polygon
has Polygon
has Polygon
has Polygon
predicates to add:
Line
predicates to add:
Angle
predicates to add:
Line
predicates to add:
Line
predicates to add:
Line
predicates to add:
Angle
predicates to add:
Line
predicates to add:
Line
predicates to add:
Line
predicates to add:
Angle
predicates to add:
Line
predicates to add:
Line
predicates to add:
Line
predicates to add:
Angle
predicates to add:
Line
predicates to add:
Line
predicates to add:
Polygon
has Polygon
has Polygon
has Polygon
has Polygon
predicates to add:
Line
predicates to add:
Angle
predicates to add:
Line
predicates to add:
Angle
predicates to add:
Line
predicates to add:
Angle
predicates to add:
Line
predicates to add:
Line
predicates to add:
Line
predicates to add:
Angle
predicates to add:
Line
predicates to add:
Angle
predicates to add:
Polygon
has Polygon
has Polygon
has Polygon
has Polygon
has Polygon
has Polygon
has Polygon
predicates to add:
Angle
predicates to add:
Angle
predicates to add:
Angle
predicates to add:
Angle
predicates to add:
Angle
predicates to add:
Angle
predicates to add:
Angle
predicates to add:
Angle
predicates to add:
Line
predicates to add:
Line
predicates to add:
Angle
predicates to add:
Line
predicates to add:
Line
predicates to add:
Angle
predicates to add:
Line
predicates to add:
Line
predicates to add:
Angle
predicates to add:
Angle
predicates to add:
Angle
predicates to add:
Angle
predicates to add:
Angle
predicates to add:
Line
predicates to add:
Line
predicates to add:
Angle
predicates to add:
Angle
predicates to add:
Angle
predicates to add:
Angle
predicates to add:
Angle
predicates to add:
Angle
predicates to add:
Angle
predicates to add:
Angle
predicates to add:
Angle
predicates to add:
Angle
predicates to add:
Line
predicates to add:
Line
predicates to add:
Angle
predicates to add:
Line
predicates to add:
Line
predicates to add:
Angle
predicates to add:
Line
predicates to add:
Line
predicates to add:
Angle
predicates to add:
Angle
predicates to add:
Angle
predicates to add:
Line
predicates to add:
Line
predicates to add:
Angle
predicates to add:
Line
predicates to add:
Line
predicates to add:
Angle
predicates to add:
Line
predicates to add:
Line
predicates to add:
Angle
predicates to add:
Angle
predicates to add:
Angle
predicates to add:
Line
predicates to add:
Line
predicates to add:
Angle
predicates to add:
Line
predicates to add:
Line
predicates to add:
Angle
predicates to add:
Line
predicates to add:
Line
predicates to add:
Angle
predicates to add:
Line
predicates to add:
Line
predicates to add:
Equation
predicates to add:
Equation
predicates to add:
Equation
predicates to add:
ParallelBetweenLine
predicates to add:
ParallelBetweenLine
Verifier result: ERROR_TIER: TIER1_THEOREM_CALL_SYNTAX_VIOLATION
Verification failed.
Theorem: similar_triangle_property_line_ratio(1,BED,BCA)
The language model outputs the following conclusions: Equal(LengthOfLine(BE),Mul(LengthOfLine(BC),RatioOfSimilarTriangle(BED,BCA)))
The correct conclusions for the theorem: Equal(LengthOfLine(ED),Mul(LengthOfLine(CA),RatioOfSimilarTriangle(BED,BCA)))

Model Answer:
RETRY_ANSWER:
2
RETRY_THEOREM_SEQUENCE:
1; parallel_property_corresponding_angle(1,ED,CA,B); ParallelBetweenLine(ED,CA)&Collinear(BEC); ["Equal(MeasureOfAngle(BED),MeasureOfAngle(ECA))"]  
2; parallel_property_corresponding_angle(2,ED,CA,B); ParallelBetweenLine(ED,CA)&Collinear(ECB); ["Equal(MeasureOfAngle(DEC),MeasureOfAngle(ACB))"]  
3; similar_triangle_judgment_aa(1,BED,BCA); Polygon(BED)&Polygon(BCA)&Equal(MeasureOfAngle(BED),MeasureOfAngle(BCA))&Equal(MeasureOfAngle(EDB),MeasureOfAngle(CAB)); ["SimilarBetweenTriangle(BED,BCA)"]  
4; similar_triangle_property_line_ratio(1,BED,BCA); SimilarBetweenTriangle(BED,BCA); ["Equal(LengthOfLine(BE),Mul(LengthOfLine(BC),RatioOfSimilarTriangle(BED,BCA)))"]  
5; line_addition(1,BE,EC); Collinear(BEC); ["Equal(LengthOfLine(BC),Add(LengthOfLine(BE),LengthOfLine(EC)))"]
Retry attempt: 5
Content written to results/level_6/variant_analogy_based_model_o1_problem_4923_run_2.txt
