Content written to results/level_5/variant_random_all_theorems_model_o1_problem_5080_run_1_to_verify.txt
predicates to add:
Line
predicates to add:
Angle
predicates to add:
Line
predicates to add:
Line
predicates to add:
Angle
predicates to add:
Line
predicates to add:
Line
predicates to add:
Line
predicates to add:
Angle
predicates to add:
Line
predicates to add:
Line
predicates to add:
Angle
predicates to add:
Line
predicates to add:
Line
predicates to add:
Line
predicates to add:
Angle
predicates to add:
Line
predicates to add:
Line
predicates to add:
Line
predicates to add:
Angle
predicates to add:
Line
predicates to add:
Line
predicates to add:
Line
predicates to add:
Angle
predicates to add:
Line
predicates to add:
Line
predicates to add:
Polygon
has Polygon
has Polygon
has Polygon
has Polygon
has Polygon
has Polygon
has Polygon
predicates to add:
Line
predicates to add:
Angle
predicates to add:
Line
predicates to add:
Line
predicates to add:
Line
predicates to add:
Angle
predicates to add:
Line
predicates to add:
Line
predicates to add:
Line
predicates to add:
Angle
predicates to add:
Line
predicates to add:
Line
predicates to add:
Line
predicates to add:
Angle
predicates to add:
Line
predicates to add:
Line
predicates to add:
Polygon
has Polygon
has Polygon
has Polygon
has Polygon
predicates to add:
Line
predicates to add:
Angle
predicates to add:
Line
predicates to add:
Angle
predicates to add:
Line
predicates to add:
Angle
predicates to add:
Line
predicates to add:
Line
predicates to add:
Line
predicates to add:
Angle
predicates to add:
Line
predicates to add:
Angle
predicates to add:
Polygon
has Polygon
has Polygon
has Polygon
has Polygon
has Polygon
has Polygon
has Polygon
predicates to add:
Angle
predicates to add:
Angle
predicates to add:
Angle
predicates to add:
Angle
predicates to add:
Angle
predicates to add:
Angle
predicates to add:
Angle
predicates to add:
Angle
predicates to add:
Line
predicates to add:
Line
predicates to add:
Angle
predicates to add:
Line
predicates to add:
Line
predicates to add:
Angle
predicates to add:
Line
predicates to add:
Line
predicates to add:
Angle
predicates to add:
Angle
predicates to add:
Angle
predicates to add:
Line
predicates to add:
Line
predicates to add:
Angle
predicates to add:
Angle
predicates to add:
Angle
predicates to add:
Angle
predicates to add:
Angle
predicates to add:
Angle
predicates to add:
Angle
predicates to add:
Angle
predicates to add:
Angle
predicates to add:
Angle
predicates to add:
Angle
predicates to add:
Angle
predicates to add:
Line
predicates to add:
Line
predicates to add:
Angle
predicates to add:
Line
predicates to add:
Line
predicates to add:
Angle
predicates to add:
Line
predicates to add:
Line
predicates to add:
Angle
predicates to add:
Line
predicates to add:
Line
predicates to add:
Angle
predicates to add:
Line
predicates to add:
Line
predicates to add:
Angle
predicates to add:
Angle
predicates to add:
Angle
predicates to add:
Line
predicates to add:
Line
predicates to add:
Angle
predicates to add:
Angle
predicates to add:
Angle
predicates to add:
Line
predicates to add:
Line
predicates to add:
Angle
predicates to add:
Line
predicates to add:
Line
predicates to add:
Angle
predicates to add:
Line
predicates to add:
Line
predicates to add:
Angle
predicates to add:
Line
predicates to add:
Line
predicates to add:
Equation
predicates to add:
Equation
predicates to add:
ParallelBetweenLine
predicates to add:
ParallelBetweenLine
Verifier result: ERROR_TIER: TIER1_THEOREM_CALL_SYNTAX_VIOLATION
Failure: Theorem <line_addition> variation id is not supplied. Expected dict_keys(['1']) but got None.
Your call: line_addition(O,E,E,G)
Please rewrite your response by adding the variation id as the first argument. For example: For variation 1: line_addition(1,O,E,E,G)

Model Answer:
RETRY_ANSWER:
39
RETRY_THEOREM_SEQUENCE:
1; line_addition(OE,EG); Collinear(OEG); ["Equal(LengthOfLine(OG),Add(LengthOfLine(OE),LengthOfLine(EG)))"]  
2; line_addition(OF,FH); Collinear(OFH); ["Equal(LengthOfLine(OH),Add(LengthOfLine(OF),LengthOfLine(FH)))"]  
3; similar_triangle_judgment_aa(1,OEF,OGH); Polygon(OEF)&Polygon(OGH)&Equal(MeasureOfAngle(OEF),MeasureOfAngle(OGH))&Equal(MeasureOfAngle(EOF),MeasureOfAngle(OHG)); ["SimilarBetweenTriangle(OEF,OGH)"]  
4; similar_triangle_property_line_ratio(1,OEF,OGH); SimilarBetweenTriangle(OEF,OGH); ["Equal(Div(LengthOfLine(OE),LengthOfLine(EG)),Div(LengthOfLine(OF),LengthOfLine(FH)))"]
Retry attempt: 1
Content written to results/level_5/variant_random_all_theorems_model_o1_problem_5080_run_1_to_verify.txt
predicates to add:
Line
predicates to add:
Angle
predicates to add:
Line
predicates to add:
Line
predicates to add:
Angle
predicates to add:
Line
predicates to add:
Line
predicates to add:
Line
predicates to add:
Angle
predicates to add:
Line
predicates to add:
Line
predicates to add:
Angle
predicates to add:
Line
predicates to add:
Line
predicates to add:
Line
predicates to add:
Angle
predicates to add:
Line
predicates to add:
Line
predicates to add:
Line
predicates to add:
Angle
predicates to add:
Line
predicates to add:
Line
predicates to add:
Line
predicates to add:
Angle
predicates to add:
Line
predicates to add:
Line
predicates to add:
Polygon
has Polygon
has Polygon
has Polygon
has Polygon
has Polygon
has Polygon
has Polygon
predicates to add:
Line
predicates to add:
Angle
predicates to add:
Line
predicates to add:
Line
predicates to add:
Line
predicates to add:
Angle
predicates to add:
Line
predicates to add:
Line
predicates to add:
Line
predicates to add:
Angle
predicates to add:
Line
predicates to add:
Line
predicates to add:
Line
predicates to add:
Angle
predicates to add:
Line
predicates to add:
Line
predicates to add:
Polygon
has Polygon
has Polygon
has Polygon
has Polygon
predicates to add:
Line
predicates to add:
Angle
predicates to add:
Line
predicates to add:
Angle
predicates to add:
Line
predicates to add:
Angle
predicates to add:
Line
predicates to add:
Line
predicates to add:
Line
predicates to add:
Angle
predicates to add:
Line
predicates to add:
Angle
predicates to add:
Polygon
has Polygon
has Polygon
has Polygon
has Polygon
has Polygon
has Polygon
has Polygon
predicates to add:
Angle
predicates to add:
Angle
predicates to add:
Angle
predicates to add:
Angle
predicates to add:
Angle
predicates to add:
Angle
predicates to add:
Angle
predicates to add:
Angle
predicates to add:
Line
predicates to add:
Line
predicates to add:
Angle
predicates to add:
Line
predicates to add:
Line
predicates to add:
Angle
predicates to add:
Line
predicates to add:
Line
predicates to add:
Angle
predicates to add:
Angle
predicates to add:
Angle
predicates to add:
Line
predicates to add:
Line
predicates to add:
Angle
predicates to add:
Angle
predicates to add:
Angle
predicates to add:
Angle
predicates to add:
Angle
predicates to add:
Angle
predicates to add:
Angle
predicates to add:
Angle
predicates to add:
Angle
predicates to add:
Angle
predicates to add:
Angle
predicates to add:
Angle
predicates to add:
Line
predicates to add:
Line
predicates to add:
Angle
predicates to add:
Line
predicates to add:
Line
predicates to add:
Angle
predicates to add:
Line
predicates to add:
Line
predicates to add:
Angle
predicates to add:
Line
predicates to add:
Line
predicates to add:
Angle
predicates to add:
Line
predicates to add:
Line
predicates to add:
Angle
predicates to add:
Angle
predicates to add:
Angle
predicates to add:
Line
predicates to add:
Line
predicates to add:
Angle
predicates to add:
Angle
predicates to add:
Angle
predicates to add:
Line
predicates to add:
Line
predicates to add:
Angle
predicates to add:
Line
predicates to add:
Line
predicates to add:
Angle
predicates to add:
Line
predicates to add:
Line
predicates to add:
Angle
predicates to add:
Line
predicates to add:
Line
predicates to add:
Equation
predicates to add:
Equation
predicates to add:
ParallelBetweenLine
predicates to add:
ParallelBetweenLine
Verifier result: ERROR_TIER: TIER1_THEOREM_CALL_SYNTAX_VIOLATION
Theorem: similar_triangle_judgment_aa(1,OEF,OGH)
You output the following premises: Polygon(OEF)&Polygon(OGH)&Equal(MeasureOfAngle(OEF),MeasureOfAngle(OGH))&Equal(MeasureOfAngle(EOF),MeasureOfAngle(OHG))
But the correct premises: Polygon(OEF)&Polygon(OGH)&Equal(MeasureOfAngle(OEF),MeasureOfAngle(OGH))&Equal(MeasureOfAngle(EFO),MeasureOfAngle(GHO))

Model Answer:
RETRY_ANSWER:
39
RETRY_THEOREM_SEQUENCE:
1; line_addition(1,OE,EG); Collinear(OEG); ["Equal(LengthOfLine(OG),Add(LengthOfLine(OE),LengthOfLine(EG)))"]  
2; line_addition(1,OF,FH); Collinear(OFH); ["Equal(LengthOfLine(OH),Add(LengthOfLine(OF),LengthOfLine(FH)))"]  
3; similar_triangle_judgment_aa(1,OEF,OGH); Polygon(OEF)&Polygon(OGH)&Equal(MeasureOfAngle(OEF),MeasureOfAngle(OGH))&Equal(MeasureOfAngle(EOF),MeasureOfAngle(OHG)); ["SimilarBetweenTriangle(OEF,OGH)"]  
4; similar_triangle_property_line_ratio(1,OEF,OGH); SimilarBetweenTriangle(OEF,OGH); ["Equal(Div(LengthOfLine(OE),LengthOfLine(EG)),Div(LengthOfLine(OF),LengthOfLine(FH)))"]
Retry attempt: 2
Content written to results/level_5/variant_random_all_theorems_model_o1_problem_5080_run_1_to_verify.txt
predicates to add:
Line
predicates to add:
Angle
predicates to add:
Line
predicates to add:
Line
predicates to add:
Angle
predicates to add:
Line
predicates to add:
Line
predicates to add:
Line
predicates to add:
Angle
predicates to add:
Line
predicates to add:
Line
predicates to add:
Angle
predicates to add:
Line
predicates to add:
Line
predicates to add:
Line
predicates to add:
Angle
predicates to add:
Line
predicates to add:
Line
predicates to add:
Line
predicates to add:
Angle
predicates to add:
Line
predicates to add:
Line
predicates to add:
Line
predicates to add:
Angle
predicates to add:
Line
predicates to add:
Line
predicates to add:
Polygon
has Polygon
has Polygon
has Polygon
has Polygon
has Polygon
has Polygon
has Polygon
predicates to add:
Line
predicates to add:
Angle
predicates to add:
Line
predicates to add:
Line
predicates to add:
Line
predicates to add:
Angle
predicates to add:
Line
predicates to add:
Line
predicates to add:
Line
predicates to add:
Angle
predicates to add:
Line
predicates to add:
Line
predicates to add:
Line
predicates to add:
Angle
predicates to add:
Line
predicates to add:
Line
predicates to add:
Polygon
has Polygon
has Polygon
has Polygon
has Polygon
predicates to add:
Line
predicates to add:
Angle
predicates to add:
Line
predicates to add:
Angle
predicates to add:
Line
predicates to add:
Angle
predicates to add:
Line
predicates to add:
Line
predicates to add:
Line
predicates to add:
Angle
predicates to add:
Line
predicates to add:
Angle
predicates to add:
Polygon
has Polygon
has Polygon
has Polygon
has Polygon
has Polygon
has Polygon
has Polygon
predicates to add:
Angle
predicates to add:
Angle
predicates to add:
Angle
predicates to add:
Angle
predicates to add:
Angle
predicates to add:
Angle
predicates to add:
Angle
predicates to add:
Angle
predicates to add:
Line
predicates to add:
Line
predicates to add:
Angle
predicates to add:
Line
predicates to add:
Line
predicates to add:
Angle
predicates to add:
Line
predicates to add:
Line
predicates to add:
Angle
predicates to add:
Angle
predicates to add:
Angle
predicates to add:
Line
predicates to add:
Line
predicates to add:
Angle
predicates to add:
Angle
predicates to add:
Angle
predicates to add:
Angle
predicates to add:
Angle
predicates to add:
Angle
predicates to add:
Angle
predicates to add:
Angle
predicates to add:
Angle
predicates to add:
Angle
predicates to add:
Angle
predicates to add:
Angle
predicates to add:
Line
predicates to add:
Line
predicates to add:
Angle
predicates to add:
Line
predicates to add:
Line
predicates to add:
Angle
predicates to add:
Line
predicates to add:
Line
predicates to add:
Angle
predicates to add:
Line
predicates to add:
Line
predicates to add:
Angle
predicates to add:
Line
predicates to add:
Line
predicates to add:
Angle
predicates to add:
Angle
predicates to add:
Angle
predicates to add:
Line
predicates to add:
Line
predicates to add:
Angle
predicates to add:
Angle
predicates to add:
Angle
predicates to add:
Line
predicates to add:
Line
predicates to add:
Angle
predicates to add:
Line
predicates to add:
Line
predicates to add:
Angle
predicates to add:
Line
predicates to add:
Line
predicates to add:
Angle
predicates to add:
Line
predicates to add:
Line
predicates to add:
Equation
predicates to add:
Equation
predicates to add:
ParallelBetweenLine
predicates to add:
ParallelBetweenLine
Verifier result: ERROR_TIER: TIER1_THEOREM_CALL_SYNTAX_VIOLATION
Theorem: similar_triangle_property_line_ratio(1,OEF,OGH)
You output the following conclusions: Equal(Div(LengthOfLine(OE),LengthOfLine(EG)),Div(LengthOfLine(OF),LengthOfLine(FH)))
But the correct conclusions: Equal(LengthOfLine(EF),Mul(LengthOfLine(GH),RatioOfSimilarTriangle(OEF,OGH)))

Model Answer:
RETRY_ANSWER:
39
RETRY_THEOREM_SEQUENCE:
1; line_addition(1,OE,EG); Collinear(OEG); ["Equal(LengthOfLine(OG),Add(LengthOfLine(OE),LengthOfLine(EG)))"]  
2; line_addition(1,OF,FH); Collinear(OFH); ["Equal(LengthOfLine(OH),Add(LengthOfLine(OF),LengthOfLine(FH)))"]  
3; similar_triangle_judgment_aa(1,OEF,OGH); Polygon(OEF)&Polygon(OGH)&Equal(MeasureOfAngle(OEF),MeasureOfAngle(OGH))&Equal(MeasureOfAngle(EFO),MeasureOfAngle(GHO)); ["SimilarBetweenTriangle(OEF,OGH)"]  
4; similar_triangle_property_line_ratio(1,OEF,OGH); SimilarBetweenTriangle(OEF,OGH); ["Equal(Div(LengthOfLine(OE),LengthOfLine(EG)),Div(LengthOfLine(OF),LengthOfLine(FH)))"]
Retry attempt: 3
Content written to results/level_5/variant_random_all_theorems_model_o1_problem_5080_run_1_to_verify.txt
predicates to add:
Line
predicates to add:
Angle
predicates to add:
Line
predicates to add:
Line
predicates to add:
Angle
predicates to add:
Line
predicates to add:
Line
predicates to add:
Line
predicates to add:
Angle
predicates to add:
Line
predicates to add:
Line
predicates to add:
Angle
predicates to add:
Line
predicates to add:
Line
predicates to add:
Line
predicates to add:
Angle
predicates to add:
Line
predicates to add:
Line
predicates to add:
Line
predicates to add:
Angle
predicates to add:
Line
predicates to add:
Line
predicates to add:
Line
predicates to add:
Angle
predicates to add:
Line
predicates to add:
Line
predicates to add:
Polygon
has Polygon
has Polygon
has Polygon
has Polygon
has Polygon
has Polygon
has Polygon
predicates to add:
Line
predicates to add:
Angle
predicates to add:
Line
predicates to add:
Line
predicates to add:
Line
predicates to add:
Angle
predicates to add:
Line
predicates to add:
Line
predicates to add:
Line
predicates to add:
Angle
predicates to add:
Line
predicates to add:
Line
predicates to add:
Line
predicates to add:
Angle
predicates to add:
Line
predicates to add:
Line
predicates to add:
Polygon
has Polygon
has Polygon
has Polygon
has Polygon
predicates to add:
Line
predicates to add:
Angle
predicates to add:
Line
predicates to add:
Angle
predicates to add:
Line
predicates to add:
Angle
predicates to add:
Line
predicates to add:
Line
predicates to add:
Line
predicates to add:
Angle
predicates to add:
Line
predicates to add:
Angle
predicates to add:
Polygon
has Polygon
has Polygon
has Polygon
has Polygon
has Polygon
has Polygon
has Polygon
predicates to add:
Angle
predicates to add:
Angle
predicates to add:
Angle
predicates to add:
Angle
predicates to add:
Angle
predicates to add:
Angle
predicates to add:
Angle
predicates to add:
Angle
predicates to add:
Line
predicates to add:
Line
predicates to add:
Angle
predicates to add:
Line
predicates to add:
Line
predicates to add:
Angle
predicates to add:
Line
predicates to add:
Line
predicates to add:
Angle
predicates to add:
Angle
predicates to add:
Angle
predicates to add:
Line
predicates to add:
Line
predicates to add:
Angle
predicates to add:
Angle
predicates to add:
Angle
predicates to add:
Angle
predicates to add:
Angle
predicates to add:
Angle
predicates to add:
Angle
predicates to add:
Angle
predicates to add:
Angle
predicates to add:
Angle
predicates to add:
Angle
predicates to add:
Angle
predicates to add:
Line
predicates to add:
Line
predicates to add:
Angle
predicates to add:
Line
predicates to add:
Line
predicates to add:
Angle
predicates to add:
Line
predicates to add:
Line
predicates to add:
Angle
predicates to add:
Line
predicates to add:
Line
predicates to add:
Angle
predicates to add:
Line
predicates to add:
Line
predicates to add:
Angle
predicates to add:
Angle
predicates to add:
Angle
predicates to add:
Line
predicates to add:
Line
predicates to add:
Angle
predicates to add:
Angle
predicates to add:
Angle
predicates to add:
Line
predicates to add:
Line
predicates to add:
Angle
predicates to add:
Line
predicates to add:
Line
predicates to add:
Angle
predicates to add:
Line
predicates to add:
Line
predicates to add:
Angle
predicates to add:
Line
predicates to add:
Line
predicates to add:
Equation
predicates to add:
Equation
predicates to add:
ParallelBetweenLine
predicates to add:
ParallelBetweenLine
Verifier result: ERROR_TIER: TIER2_PREMISE_VIOLATION
verification failed.

- Error: You tried to use theorem: similar_triangle_judgment_aa(1,OEF,OGH);Polygon(OEF)&Polygon(OGH)&Equal(MeasureOfAngle(OEF),MeasureOfAngle(OGH))&Equal(MeasureOfAngle(EFO),MeasureOfAngle(GHO));['SimilarBetweenTriangle(OEF,OGH)']
Missing premise: Premise angle equality OEF = OGH does not hold.
Details: The constraints do not force these two angles to be equal.
- Available premises:
  Parallel Lines: EF ∥ GH
  Collinear Points: GEO, HFO
  Polygons: EFO, EGHF, EOF, FEGH, GHFE, GHO, GOH, HFEG
- Theorems related to the goal:
  None found that constrain this goal
- Solver constraints directly related to this goal:
  None found

Please fix the proof.
Model Answer:
RETRY_ANSWER:
39
RETRY_THEOREM_SEQUENCE:
1; line_addition(1,OE,EG); Collinear(OEG); ["Equal(LengthOfLine(OG),Add(LengthOfLine(OE),LengthOfLine(EG)))"]  
2; line_addition(1,OF,FH); Collinear(OFH); ["Equal(LengthOfLine(OH),Add(LengthOfLine(OF),LengthOfLine(FH)))"]  
3; similar_triangle_judgment_aa(1,OEF,OGH); Polygon(OEF)&Polygon(OGH)&Equal(MeasureOfAngle(OEF),MeasureOfAngle(OGH))&Equal(MeasureOfAngle(EFO),MeasureOfAngle(GHO)); ["SimilarBetweenTriangle(OEF,OGH)"]  
4; similar_triangle_property_line_ratio(1,OEF,OGH); SimilarBetweenTriangle(OEF,OGH); ["Equal(LengthOfLine(EF),Mul(LengthOfLine(GH),RatioOfSimilarTriangle(OEF,OGH)))"]
Retry attempt: 4
Content written to results/level_5/variant_random_all_theorems_model_o1_problem_5080_run_1_to_verify.txt
predicates to add:
Line
predicates to add:
Angle
predicates to add:
Line
predicates to add:
Line
predicates to add:
Angle
predicates to add:
Line
predicates to add:
Line
predicates to add:
Line
predicates to add:
Angle
predicates to add:
Line
predicates to add:
Line
predicates to add:
Angle
predicates to add:
Line
predicates to add:
Line
predicates to add:
Line
predicates to add:
Angle
predicates to add:
Line
predicates to add:
Line
predicates to add:
Line
predicates to add:
Angle
predicates to add:
Line
predicates to add:
Line
predicates to add:
Line
predicates to add:
Angle
predicates to add:
Line
predicates to add:
Line
predicates to add:
Polygon
has Polygon
has Polygon
has Polygon
has Polygon
has Polygon
has Polygon
has Polygon
predicates to add:
Line
predicates to add:
Angle
predicates to add:
Line
predicates to add:
Line
predicates to add:
Line
predicates to add:
Angle
predicates to add:
Line
predicates to add:
Line
predicates to add:
Line
predicates to add:
Angle
predicates to add:
Line
predicates to add:
Line
predicates to add:
Line
predicates to add:
Angle
predicates to add:
Line
predicates to add:
Line
predicates to add:
Polygon
has Polygon
has Polygon
has Polygon
has Polygon
predicates to add:
Line
predicates to add:
Angle
predicates to add:
Line
predicates to add:
Angle
predicates to add:
Line
predicates to add:
Angle
predicates to add:
Line
predicates to add:
Line
predicates to add:
Line
predicates to add:
Angle
predicates to add:
Line
predicates to add:
Angle
predicates to add:
Polygon
has Polygon
has Polygon
has Polygon
has Polygon
has Polygon
has Polygon
has Polygon
predicates to add:
Angle
predicates to add:
Angle
predicates to add:
Angle
predicates to add:
Angle
predicates to add:
Angle
predicates to add:
Angle
predicates to add:
Angle
predicates to add:
Angle
predicates to add:
Line
predicates to add:
Line
predicates to add:
Angle
predicates to add:
Line
predicates to add:
Line
predicates to add:
Angle
predicates to add:
Line
predicates to add:
Line
predicates to add:
Angle
predicates to add:
Angle
predicates to add:
Angle
predicates to add:
Line
predicates to add:
Line
predicates to add:
Angle
predicates to add:
Angle
predicates to add:
Angle
predicates to add:
Angle
predicates to add:
Angle
predicates to add:
Angle
predicates to add:
Angle
predicates to add:
Angle
predicates to add:
Angle
predicates to add:
Angle
predicates to add:
Angle
predicates to add:
Angle
predicates to add:
Line
predicates to add:
Line
predicates to add:
Angle
predicates to add:
Line
predicates to add:
Line
predicates to add:
Angle
predicates to add:
Line
predicates to add:
Line
predicates to add:
Angle
predicates to add:
Line
predicates to add:
Line
predicates to add:
Angle
predicates to add:
Line
predicates to add:
Line
predicates to add:
Angle
predicates to add:
Angle
predicates to add:
Angle
predicates to add:
Line
predicates to add:
Line
predicates to add:
Angle
predicates to add:
Angle
predicates to add:
Angle
predicates to add:
Line
predicates to add:
Line
predicates to add:
Angle
predicates to add:
Line
predicates to add:
Line
predicates to add:
Angle
predicates to add:
Line
predicates to add:
Line
predicates to add:
Angle
predicates to add:
Line
predicates to add:
Line
predicates to add:
Equation
predicates to add:
Equation
predicates to add:
ParallelBetweenLine
predicates to add:
ParallelBetweenLine
Verifier result: ERROR_TIER: TIER3_GOAL_NOT_REACHED
verification failed.

- Goal: length of line OH
- Model answer: 39
- Error: Your proof doesn't uniquely determine the value. You need to use additional theorems to constrain the value.
- Available premises:
  Parallel Lines: EF ∥ GH
  Collinear Points: GEO, HFO
  Polygons: EFO, EGHF, EOF, FEGH, GHFE, GHO, GOH, HFEG
- Theorems related to the goal:
  Step 2 - line_addition(1, OF, FH): Equal(LengthOfLine(OH),Add(LengthOfLine(OF),LengthOfLine(FH)))
- Solver constraints directly related to this goal:
  |HO| = |FO| + |FH|
  |HO| > 0

Please fix the proof.
Model Answer:
RETRY_ANSWER:
39
RETRY_THEOREM_SEQUENCE:
1; line_addition(1,OE,EG); Collinear(OEG); ["Equal(LengthOfLine(OG),Add(LengthOfLine(OE),LengthOfLine(EG)))"]
2; line_addition(1,OF,FH); Collinear(OFH); ["Equal(LengthOfLine(OH),Add(LengthOfLine(OF),LengthOfLine(FH)))"]
Retry attempt: 5
Content written to results/level_5/variant_random_all_theorems_model_o1_problem_5080_run_1.txt
