Content written to results/level_5/variant_analogy_based_model_o1_problem_5080_run_2_to_verify.txt
predicates to add:
Line
predicates to add:
Angle
predicates to add:
Line
predicates to add:
Line
predicates to add:
Angle
predicates to add:
Line
predicates to add:
Line
predicates to add:
Line
predicates to add:
Angle
predicates to add:
Line
predicates to add:
Line
predicates to add:
Angle
predicates to add:
Line
predicates to add:
Line
predicates to add:
Line
predicates to add:
Angle
predicates to add:
Line
predicates to add:
Line
predicates to add:
Line
predicates to add:
Angle
predicates to add:
Line
predicates to add:
Line
predicates to add:
Line
predicates to add:
Angle
predicates to add:
Line
predicates to add:
Line
predicates to add:
Polygon
has Polygon
has Polygon
has Polygon
has Polygon
has Polygon
has Polygon
has Polygon
predicates to add:
Line
predicates to add:
Angle
predicates to add:
Line
predicates to add:
Line
predicates to add:
Line
predicates to add:
Angle
predicates to add:
Line
predicates to add:
Line
predicates to add:
Line
predicates to add:
Angle
predicates to add:
Line
predicates to add:
Line
predicates to add:
Line
predicates to add:
Angle
predicates to add:
Line
predicates to add:
Line
predicates to add:
Polygon
has Polygon
has Polygon
has Polygon
has Polygon
predicates to add:
Line
predicates to add:
Angle
predicates to add:
Line
predicates to add:
Angle
predicates to add:
Line
predicates to add:
Angle
predicates to add:
Line
predicates to add:
Line
predicates to add:
Line
predicates to add:
Angle
predicates to add:
Line
predicates to add:
Angle
predicates to add:
Polygon
has Polygon
has Polygon
has Polygon
has Polygon
has Polygon
has Polygon
has Polygon
predicates to add:
Angle
predicates to add:
Angle
predicates to add:
Angle
predicates to add:
Angle
predicates to add:
Angle
predicates to add:
Angle
predicates to add:
Angle
predicates to add:
Angle
predicates to add:
Line
predicates to add:
Line
predicates to add:
Angle
predicates to add:
Line
predicates to add:
Line
predicates to add:
Angle
predicates to add:
Line
predicates to add:
Line
predicates to add:
Angle
predicates to add:
Angle
predicates to add:
Angle
predicates to add:
Line
predicates to add:
Line
predicates to add:
Angle
predicates to add:
Angle
predicates to add:
Angle
predicates to add:
Angle
predicates to add:
Angle
predicates to add:
Angle
predicates to add:
Angle
predicates to add:
Angle
predicates to add:
Angle
predicates to add:
Angle
predicates to add:
Angle
predicates to add:
Angle
predicates to add:
Line
predicates to add:
Line
predicates to add:
Angle
predicates to add:
Line
predicates to add:
Line
predicates to add:
Angle
predicates to add:
Line
predicates to add:
Line
predicates to add:
Angle
predicates to add:
Line
predicates to add:
Line
predicates to add:
Angle
predicates to add:
Line
predicates to add:
Line
predicates to add:
Angle
predicates to add:
Angle
predicates to add:
Angle
predicates to add:
Line
predicates to add:
Line
predicates to add:
Angle
predicates to add:
Angle
predicates to add:
Angle
predicates to add:
Line
predicates to add:
Line
predicates to add:
Angle
predicates to add:
Line
predicates to add:
Line
predicates to add:
Angle
predicates to add:
Line
predicates to add:
Line
predicates to add:
Angle
predicates to add:
Line
predicates to add:
Line
predicates to add:
Equation
predicates to add:
Equation
predicates to add:
ParallelBetweenLine
predicates to add:
ParallelBetweenLine
Verifier result: ERROR_TIER: TIER1_THEOREM_CALL_SYNTAX_VIOLATION
Verification failed.
Theorem: parallel_property_corresponding_angle(1,EF,GH,O)
The language model outputs the following conclusions: Equal(MeasureOfAngle(OEF),MeasureOfAngle(OGH))
The correct conclusions for the theorem: Equal(MeasureOfAngle(OEF),MeasureOfAngle(EGH))

Model Answer:
RETRY_ANSWER:
39
RETRY_THEOREM_SEQUENCE:
1; parallel_property_corresponding_angle(1,EF,GH,O); ParallelBetweenLine(EF,GH)&Collinear(OEG); ["Equal(MeasureOfAngle(OEF),MeasureOfAngle(OGH))"]
2; parallel_property_corresponding_angle(2,EF,GH,O); ParallelBetweenLine(EF,GH)&Collinear(OFH); ["Equal(MeasureOfAngle(OFE),MeasureOfAngle(OHG))"]
3; similar_triangle_judgment_aa(1,OEF,OGH); Polygon(OEF)&Polygon(OGH)&Equal(MeasureOfAngle(OEF),MeasureOfAngle(OGH))&Equal(MeasureOfAngle(OFE),MeasureOfAngle(OHG)); ["SimilarBetweenTriangle(OEF,OGH)"]
4; line_addition(1,OE,EG); Collinear(OEG); ["Equal(LengthOfLine(OG),Add(LengthOfLine(OE),LengthOfLine(EG)))"]
5; line_addition(1,OF,FH); Collinear(OFH); ["Equal(LengthOfLine(OH),Add(LengthOfLine(OF),LengthOfLine(FH)))"]
6; similar_triangle_property_line_ratio(1,OEF,OGH); SimilarBetweenTriangle(OEF,OGH); ["Equal(LengthOfLine(EF),Mul(LengthOfLine(GH),RatioOfSimilarTriangle(OEF,OGH)))"]
Retry attempt: 1
Content written to results/level_5/variant_analogy_based_model_o1_problem_5080_run_2_to_verify.txt
predicates to add:
Line
predicates to add:
Angle
predicates to add:
Line
predicates to add:
Line
predicates to add:
Angle
predicates to add:
Line
predicates to add:
Line
predicates to add:
Line
predicates to add:
Angle
predicates to add:
Line
predicates to add:
Line
predicates to add:
Angle
predicates to add:
Line
predicates to add:
Line
predicates to add:
Line
predicates to add:
Angle
predicates to add:
Line
predicates to add:
Line
predicates to add:
Line
predicates to add:
Angle
predicates to add:
Line
predicates to add:
Line
predicates to add:
Line
predicates to add:
Angle
predicates to add:
Line
predicates to add:
Line
predicates to add:
Polygon
has Polygon
has Polygon
has Polygon
has Polygon
has Polygon
has Polygon
has Polygon
predicates to add:
Line
predicates to add:
Angle
predicates to add:
Line
predicates to add:
Line
predicates to add:
Line
predicates to add:
Angle
predicates to add:
Line
predicates to add:
Line
predicates to add:
Line
predicates to add:
Angle
predicates to add:
Line
predicates to add:
Line
predicates to add:
Line
predicates to add:
Angle
predicates to add:
Line
predicates to add:
Line
predicates to add:
Polygon
has Polygon
has Polygon
has Polygon
has Polygon
predicates to add:
Line
predicates to add:
Angle
predicates to add:
Line
predicates to add:
Angle
predicates to add:
Line
predicates to add:
Angle
predicates to add:
Line
predicates to add:
Line
predicates to add:
Line
predicates to add:
Angle
predicates to add:
Line
predicates to add:
Angle
predicates to add:
Polygon
has Polygon
has Polygon
has Polygon
has Polygon
has Polygon
has Polygon
has Polygon
predicates to add:
Angle
predicates to add:
Angle
predicates to add:
Angle
predicates to add:
Angle
predicates to add:
Angle
predicates to add:
Angle
predicates to add:
Angle
predicates to add:
Angle
predicates to add:
Line
predicates to add:
Line
predicates to add:
Angle
predicates to add:
Line
predicates to add:
Line
predicates to add:
Angle
predicates to add:
Line
predicates to add:
Line
predicates to add:
Angle
predicates to add:
Angle
predicates to add:
Angle
predicates to add:
Line
predicates to add:
Line
predicates to add:
Angle
predicates to add:
Angle
predicates to add:
Angle
predicates to add:
Angle
predicates to add:
Angle
predicates to add:
Angle
predicates to add:
Angle
predicates to add:
Angle
predicates to add:
Angle
predicates to add:
Angle
predicates to add:
Angle
predicates to add:
Angle
predicates to add:
Line
predicates to add:
Line
predicates to add:
Angle
predicates to add:
Line
predicates to add:
Line
predicates to add:
Angle
predicates to add:
Line
predicates to add:
Line
predicates to add:
Angle
predicates to add:
Line
predicates to add:
Line
predicates to add:
Angle
predicates to add:
Line
predicates to add:
Line
predicates to add:
Angle
predicates to add:
Angle
predicates to add:
Angle
predicates to add:
Line
predicates to add:
Line
predicates to add:
Angle
predicates to add:
Angle
predicates to add:
Angle
predicates to add:
Line
predicates to add:
Line
predicates to add:
Angle
predicates to add:
Line
predicates to add:
Line
predicates to add:
Angle
predicates to add:
Line
predicates to add:
Line
predicates to add:
Angle
predicates to add:
Line
predicates to add:
Line
predicates to add:
Equation
predicates to add:
Equation
predicates to add:
ParallelBetweenLine
predicates to add:
ParallelBetweenLine
Verifier result: ERROR_TIER: TIER1_THEOREM_CALL_SYNTAX_VIOLATION
Verification failed.
Theorem: parallel_property_corresponding_angle(2,EF,GH,O)
The language model outputs the following premises: ParallelBetweenLine(EF,GH)&Collinear(OFH)
The correct premises for the theorem: ParallelBetweenLine(EF,GH)&Collinear(EGO)
The language model outputs the following conclusions: Equal(MeasureOfAngle(OFE),MeasureOfAngle(EHG))
The correct conclusions for the theorem: Equal(MeasureOfAngle(FEG),MeasureOfAngle(HGO))

Model Answer:
RETRY_ANSWER:
39
RETRY_THEOREM_SEQUENCE:
1; parallel_property_corresponding_angle(1,EF,GH,O); ParallelBetweenLine(EF,GH)&Collinear(OEG); ["Equal(MeasureOfAngle(OEF),MeasureOfAngle(EGH))"]
2; parallel_property_corresponding_angle(2,EF,GH,O); ParallelBetweenLine(EF,GH)&Collinear(OFH); ["Equal(MeasureOfAngle(OFE),MeasureOfAngle(EHG))"]
3; similar_triangle_judgment_aa(1,OEF,OGH); Polygon(OEF)&Polygon(OGH)&Equal(MeasureOfAngle(OEF),MeasureOfAngle(EGH))&Equal(MeasureOfAngle(OFE),MeasureOfAngle(EHG)); ["SimilarBetweenTriangle(OEF,OGH)"]
4; line_addition(1,OE,EG); Collinear(OEG); ["Equal(LengthOfLine(OG),Add(LengthOfLine(OE),LengthOfLine(EG)))"]
5; line_addition(1,OF,FH); Collinear(OFH); ["Equal(LengthOfLine(OH),Add(LengthOfLine(OF),LengthOfLine(FH)))"]
6; similar_triangle_property_line_ratio(1,OEF,OGH); SimilarBetweenTriangle(OEF,OGH); ["Equal(LengthOfLine(EF),Mul(LengthOfLine(GH),RatioOfSimilarTriangle(OEF,OGH)))"]
Retry attempt: 2
Content written to results/level_5/variant_analogy_based_model_o1_problem_5080_run_2_to_verify.txt
predicates to add:
Line
predicates to add:
Angle
predicates to add:
Line
predicates to add:
Line
predicates to add:
Angle
predicates to add:
Line
predicates to add:
Line
predicates to add:
Line
predicates to add:
Angle
predicates to add:
Line
predicates to add:
Line
predicates to add:
Angle
predicates to add:
Line
predicates to add:
Line
predicates to add:
Line
predicates to add:
Angle
predicates to add:
Line
predicates to add:
Line
predicates to add:
Line
predicates to add:
Angle
predicates to add:
Line
predicates to add:
Line
predicates to add:
Line
predicates to add:
Angle
predicates to add:
Line
predicates to add:
Line
predicates to add:
Polygon
has Polygon
has Polygon
has Polygon
has Polygon
has Polygon
has Polygon
has Polygon
predicates to add:
Line
predicates to add:
Angle
predicates to add:
Line
predicates to add:
Line
predicates to add:
Line
predicates to add:
Angle
predicates to add:
Line
predicates to add:
Line
predicates to add:
Line
predicates to add:
Angle
predicates to add:
Line
predicates to add:
Line
predicates to add:
Line
predicates to add:
Angle
predicates to add:
Line
predicates to add:
Line
predicates to add:
Polygon
has Polygon
has Polygon
has Polygon
has Polygon
predicates to add:
Line
predicates to add:
Angle
predicates to add:
Line
predicates to add:
Angle
predicates to add:
Line
predicates to add:
Angle
predicates to add:
Line
predicates to add:
Line
predicates to add:
Line
predicates to add:
Angle
predicates to add:
Line
predicates to add:
Angle
predicates to add:
Polygon
has Polygon
has Polygon
has Polygon
has Polygon
has Polygon
has Polygon
has Polygon
predicates to add:
Angle
predicates to add:
Angle
predicates to add:
Angle
predicates to add:
Angle
predicates to add:
Angle
predicates to add:
Angle
predicates to add:
Angle
predicates to add:
Angle
predicates to add:
Line
predicates to add:
Line
predicates to add:
Angle
predicates to add:
Line
predicates to add:
Line
predicates to add:
Angle
predicates to add:
Line
predicates to add:
Line
predicates to add:
Angle
predicates to add:
Angle
predicates to add:
Angle
predicates to add:
Line
predicates to add:
Line
predicates to add:
Angle
predicates to add:
Angle
predicates to add:
Angle
predicates to add:
Angle
predicates to add:
Angle
predicates to add:
Angle
predicates to add:
Angle
predicates to add:
Angle
predicates to add:
Angle
predicates to add:
Angle
predicates to add:
Angle
predicates to add:
Angle
predicates to add:
Line
predicates to add:
Line
predicates to add:
Angle
predicates to add:
Line
predicates to add:
Line
predicates to add:
Angle
predicates to add:
Line
predicates to add:
Line
predicates to add:
Angle
predicates to add:
Line
predicates to add:
Line
predicates to add:
Angle
predicates to add:
Line
predicates to add:
Line
predicates to add:
Angle
predicates to add:
Angle
predicates to add:
Angle
predicates to add:
Line
predicates to add:
Line
predicates to add:
Angle
predicates to add:
Angle
predicates to add:
Angle
predicates to add:
Line
predicates to add:
Line
predicates to add:
Angle
predicates to add:
Line
predicates to add:
Line
predicates to add:
Angle
predicates to add:
Line
predicates to add:
Line
predicates to add:
Angle
predicates to add:
Line
predicates to add:
Line
predicates to add:
Equation
predicates to add:
Equation
predicates to add:
ParallelBetweenLine
predicates to add:
ParallelBetweenLine
Verifier result: ERROR_TIER: TIER1_THEOREM_CALL_SYNTAX_VIOLATION
Verification failed.
Theorem: similar_triangle_judgment_aa(1,OEF,OGH)
The language model outputs the following premises: Polygon(OEF)&Polygon(OGH)&Equal(MeasureOfAngle(OEF),MeasureOfAngle(EGH))&Equal(MeasureOfAngle(FEG),MeasureOfAngle(HGO))
The correct premises for the theorem: Polygon(OEF)&Polygon(OGH)&Equal(MeasureOfAngle(OEF),MeasureOfAngle(OGH))&Equal(MeasureOfAngle(EFO),MeasureOfAngle(GHO))

Model Answer:
RETRY_ANSWER:
39
RETRY_THEOREM_SEQUENCE:
1; parallel_property_corresponding_angle(1,EF,GH,O); ParallelBetweenLine(EF,GH)&Collinear(OEG); ["Equal(MeasureOfAngle(OEF),MeasureOfAngle(EGH))"]
2; parallel_property_corresponding_angle(2,EF,GH,O); ParallelBetweenLine(EF,GH)&Collinear(EGO); ["Equal(MeasureOfAngle(FEG),MeasureOfAngle(HGO))"]
3; similar_triangle_judgment_aa(1,OEF,OGH); Polygon(OEF)&Polygon(OGH)&Equal(MeasureOfAngle(OEF),MeasureOfAngle(EGH))&Equal(MeasureOfAngle(FEG),MeasureOfAngle(HGO)); ["SimilarBetweenTriangle(OEF,OGH)"]
4; line_addition(1,OE,EG); Collinear(OEG); ["Equal(LengthOfLine(OG),Add(LengthOfLine(OE),LengthOfLine(EG)))"]
5; line_addition(1,OF,FH); Collinear(OFH); ["Equal(LengthOfLine(OH),Add(LengthOfLine(OF),LengthOfLine(FH)))"]
6; similar_triangle_property_line_ratio(1,OEF,OGH); SimilarBetweenTriangle(OEF,OGH); ["Equal(LengthOfLine(EF),Mul(LengthOfLine(GH),RatioOfSimilarTriangle(OEF,OGH)))"]
Retry attempt: 3
Content written to results/level_5/variant_analogy_based_model_o1_problem_5080_run_2_to_verify.txt
predicates to add:
Line
predicates to add:
Angle
predicates to add:
Line
predicates to add:
Line
predicates to add:
Angle
predicates to add:
Line
predicates to add:
Line
predicates to add:
Line
predicates to add:
Angle
predicates to add:
Line
predicates to add:
Line
predicates to add:
Angle
predicates to add:
Line
predicates to add:
Line
predicates to add:
Line
predicates to add:
Angle
predicates to add:
Line
predicates to add:
Line
predicates to add:
Line
predicates to add:
Angle
predicates to add:
Line
predicates to add:
Line
predicates to add:
Line
predicates to add:
Angle
predicates to add:
Line
predicates to add:
Line
predicates to add:
Polygon
has Polygon
has Polygon
has Polygon
has Polygon
has Polygon
has Polygon
has Polygon
predicates to add:
Line
predicates to add:
Angle
predicates to add:
Line
predicates to add:
Line
predicates to add:
Line
predicates to add:
Angle
predicates to add:
Line
predicates to add:
Line
predicates to add:
Line
predicates to add:
Angle
predicates to add:
Line
predicates to add:
Line
predicates to add:
Line
predicates to add:
Angle
predicates to add:
Line
predicates to add:
Line
predicates to add:
Polygon
has Polygon
has Polygon
has Polygon
has Polygon
predicates to add:
Line
predicates to add:
Angle
predicates to add:
Line
predicates to add:
Angle
predicates to add:
Line
predicates to add:
Angle
predicates to add:
Line
predicates to add:
Line
predicates to add:
Line
predicates to add:
Angle
predicates to add:
Line
predicates to add:
Angle
predicates to add:
Polygon
has Polygon
has Polygon
has Polygon
has Polygon
has Polygon
has Polygon
has Polygon
predicates to add:
Angle
predicates to add:
Angle
predicates to add:
Angle
predicates to add:
Angle
predicates to add:
Angle
predicates to add:
Angle
predicates to add:
Angle
predicates to add:
Angle
predicates to add:
Line
predicates to add:
Line
predicates to add:
Angle
predicates to add:
Line
predicates to add:
Line
predicates to add:
Angle
predicates to add:
Line
predicates to add:
Line
predicates to add:
Angle
predicates to add:
Angle
predicates to add:
Angle
predicates to add:
Line
predicates to add:
Line
predicates to add:
Angle
predicates to add:
Angle
predicates to add:
Angle
predicates to add:
Angle
predicates to add:
Angle
predicates to add:
Angle
predicates to add:
Angle
predicates to add:
Angle
predicates to add:
Angle
predicates to add:
Angle
predicates to add:
Angle
predicates to add:
Angle
predicates to add:
Line
predicates to add:
Line
predicates to add:
Angle
predicates to add:
Line
predicates to add:
Line
predicates to add:
Angle
predicates to add:
Line
predicates to add:
Line
predicates to add:
Angle
predicates to add:
Line
predicates to add:
Line
predicates to add:
Angle
predicates to add:
Line
predicates to add:
Line
predicates to add:
Angle
predicates to add:
Angle
predicates to add:
Angle
predicates to add:
Line
predicates to add:
Line
predicates to add:
Angle
predicates to add:
Angle
predicates to add:
Angle
predicates to add:
Line
predicates to add:
Line
predicates to add:
Angle
predicates to add:
Line
predicates to add:
Line
predicates to add:
Angle
predicates to add:
Line
predicates to add:
Line
predicates to add:
Angle
predicates to add:
Line
predicates to add:
Line
predicates to add:
Equation
predicates to add:
Equation
predicates to add:
ParallelBetweenLine
predicates to add:
ParallelBetweenLine
Verifier result: ERROR_TIER: TIER2_PREMISE_VIOLATION
verification failed.

- Error: You tried to use theorem: similar_triangle_judgment_aa(1,OEF,OGH);Polygon(OEF)&Polygon(OGH)&Equal(MeasureOfAngle(OEF),MeasureOfAngle(OGH))&Equal(MeasureOfAngle(EFO),MeasureOfAngle(GHO));['SimilarBetweenTriangle(OEF,OGH)']
Missing premise: Premise angle equality EFO = GHO does not hold.
Details: The constraints do not force these two angles to be equal.
- Available premises:
  Parallel Lines: EF ∥ GH
  Collinear Points: GEO, HFO
  Polygons: EFO, EGHF, EOF, FEGH, GHFE, GHO, GOH, HFEG
- Theorems related to the goal:
  None found that constrain this goal
- Solver constraints directly related to this goal:
  None found

Please fix the proof.
Model Answer:
RETRY_ANSWER:
39
RETRY_THEOREM_SEQUENCE:
1; parallel_property_corresponding_angle(1,EF,GH,O); ParallelBetweenLine(EF,GH)&Collinear(OEG); ["Equal(MeasureOfAngle(OEF),MeasureOfAngle(EGH))"]
2; parallel_property_corresponding_angle(2,EF,GH,O); ParallelBetweenLine(EF,GH)&Collinear(EGO); ["Equal(MeasureOfAngle(FEG),MeasureOfAngle(HGO))"]
3; similar_triangle_judgment_aa(1,OEF,OGH); Polygon(OEF)&Polygon(OGH)&Equal(MeasureOfAngle(OEF),MeasureOfAngle(OGH))&Equal(MeasureOfAngle(EFO),MeasureOfAngle(GHO)); ["SimilarBetweenTriangle(OEF,OGH)"]
4; line_addition(1,OE,EG); Collinear(OEG); ["Equal(LengthOfLine(OG),Add(LengthOfLine(OE),LengthOfLine(EG)))"]
5; line_addition(1,OF,FH); Collinear(OFH); ["Equal(LengthOfLine(OH),Add(LengthOfLine(OF),LengthOfLine(FH)))"]
6; similar_triangle_property_line_ratio(1,OEF,OGH); SimilarBetweenTriangle(OEF,OGH); ["Equal(LengthOfLine(EF),Mul(LengthOfLine(GH),RatioOfSimilarTriangle(OEF,OGH)))"]
Retry attempt: 4
Content written to results/level_5/variant_analogy_based_model_o1_problem_5080_run_2_to_verify.txt
predicates to add:
Line
predicates to add:
Angle
predicates to add:
Line
predicates to add:
Line
predicates to add:
Angle
predicates to add:
Line
predicates to add:
Line
predicates to add:
Line
predicates to add:
Angle
predicates to add:
Line
predicates to add:
Line
predicates to add:
Angle
predicates to add:
Line
predicates to add:
Line
predicates to add:
Line
predicates to add:
Angle
predicates to add:
Line
predicates to add:
Line
predicates to add:
Line
predicates to add:
Angle
predicates to add:
Line
predicates to add:
Line
predicates to add:
Line
predicates to add:
Angle
predicates to add:
Line
predicates to add:
Line
predicates to add:
Polygon
has Polygon
has Polygon
has Polygon
has Polygon
has Polygon
has Polygon
has Polygon
predicates to add:
Line
predicates to add:
Angle
predicates to add:
Line
predicates to add:
Line
predicates to add:
Line
predicates to add:
Angle
predicates to add:
Line
predicates to add:
Line
predicates to add:
Line
predicates to add:
Angle
predicates to add:
Line
predicates to add:
Line
predicates to add:
Line
predicates to add:
Angle
predicates to add:
Line
predicates to add:
Line
predicates to add:
Polygon
has Polygon
has Polygon
has Polygon
has Polygon
predicates to add:
Line
predicates to add:
Angle
predicates to add:
Line
predicates to add:
Angle
predicates to add:
Line
predicates to add:
Angle
predicates to add:
Line
predicates to add:
Line
predicates to add:
Line
predicates to add:
Angle
predicates to add:
Line
predicates to add:
Angle
predicates to add:
Polygon
has Polygon
has Polygon
has Polygon
has Polygon
has Polygon
has Polygon
has Polygon
predicates to add:
Angle
predicates to add:
Angle
predicates to add:
Angle
predicates to add:
Angle
predicates to add:
Angle
predicates to add:
Angle
predicates to add:
Angle
predicates to add:
Angle
predicates to add:
Line
predicates to add:
Line
predicates to add:
Angle
predicates to add:
Line
predicates to add:
Line
predicates to add:
Angle
predicates to add:
Line
predicates to add:
Line
predicates to add:
Angle
predicates to add:
Angle
predicates to add:
Angle
predicates to add:
Line
predicates to add:
Line
predicates to add:
Angle
predicates to add:
Angle
predicates to add:
Angle
predicates to add:
Angle
predicates to add:
Angle
predicates to add:
Angle
predicates to add:
Angle
predicates to add:
Angle
predicates to add:
Angle
predicates to add:
Angle
predicates to add:
Angle
predicates to add:
Angle
predicates to add:
Line
predicates to add:
Line
predicates to add:
Angle
predicates to add:
Line
predicates to add:
Line
predicates to add:
Angle
predicates to add:
Line
predicates to add:
Line
predicates to add:
Angle
predicates to add:
Line
predicates to add:
Line
predicates to add:
Angle
predicates to add:
Line
predicates to add:
Line
predicates to add:
Angle
predicates to add:
Angle
predicates to add:
Angle
predicates to add:
Line
predicates to add:
Line
predicates to add:
Angle
predicates to add:
Angle
predicates to add:
Angle
predicates to add:
Line
predicates to add:
Line
predicates to add:
Angle
predicates to add:
Line
predicates to add:
Line
predicates to add:
Angle
predicates to add:
Line
predicates to add:
Line
predicates to add:
Angle
predicates to add:
Line
predicates to add:
Line
predicates to add:
Equation
predicates to add:
Equation
predicates to add:
ParallelBetweenLine
predicates to add:
ParallelBetweenLine
Verifier result: ERROR_TIER: TIER1_THEOREM_CALL_SYNTAX_VIOLATION
Verification failed. Theorem  not defined in current GDL. Please rewrite the proof sequence, you are allowed to use only theorems from the GDL.
Model Answer:
RETRY_ANSWER:
39
RETRY_THEOREM_SEQUENCE:
1; line_addition(1,OE,EG); Collinear(OEG); ["Equal(LengthOfLine(OG),Add(LengthOfLine(OE),LengthOfLine(EG)))"]
2; line_addition(1,OF,FH); Collinear(OFH); ["Equal(LengthOfLine(OH),Add(LengthOfLine(OF),LengthOfLine(FH)))"]

[Note: With the current GDL, there is no direct theorem that represents the standard “intercept theorem” (also known as Thales’s theorem for parallel lines) to link (OE/EG) and (OF/FH). In a typical geometry proof, one would use that proportional-segments result to conclude (OE/EG) = (OF/FH) and then compute OH accordingly. However, that intercept theorem is not in this GDL. Thus, the proof here simply includes the line-addition steps and uses the known ratio OE:EG = 4:9 and OF = 12 to deduce FH by Thales’s intercept logic outside of the GDL, obtaining OH = OF + FH = 12 + 27 = 39.]
Retry attempt: 5
Content written to results/level_5/variant_analogy_based_model_o1_problem_5080_run_2.txt
