Content written to results/level_5/variant_analogy_based_model_o1_problem_5080_run_1_to_verify.txt
predicates to add:
Line
predicates to add:
Angle
predicates to add:
Line
predicates to add:
Line
predicates to add:
Angle
predicates to add:
Line
predicates to add:
Line
predicates to add:
Line
predicates to add:
Angle
predicates to add:
Line
predicates to add:
Line
predicates to add:
Angle
predicates to add:
Line
predicates to add:
Line
predicates to add:
Line
predicates to add:
Angle
predicates to add:
Line
predicates to add:
Line
predicates to add:
Line
predicates to add:
Angle
predicates to add:
Line
predicates to add:
Line
predicates to add:
Line
predicates to add:
Angle
predicates to add:
Line
predicates to add:
Line
predicates to add:
Polygon
has Polygon
has Polygon
has Polygon
has Polygon
has Polygon
has Polygon
has Polygon
predicates to add:
Line
predicates to add:
Angle
predicates to add:
Line
predicates to add:
Line
predicates to add:
Line
predicates to add:
Angle
predicates to add:
Line
predicates to add:
Line
predicates to add:
Line
predicates to add:
Angle
predicates to add:
Line
predicates to add:
Line
predicates to add:
Line
predicates to add:
Angle
predicates to add:
Line
predicates to add:
Line
predicates to add:
Polygon
has Polygon
has Polygon
has Polygon
has Polygon
predicates to add:
Line
predicates to add:
Angle
predicates to add:
Line
predicates to add:
Angle
predicates to add:
Line
predicates to add:
Angle
predicates to add:
Line
predicates to add:
Line
predicates to add:
Line
predicates to add:
Angle
predicates to add:
Line
predicates to add:
Angle
predicates to add:
Polygon
has Polygon
has Polygon
has Polygon
has Polygon
has Polygon
has Polygon
has Polygon
predicates to add:
Angle
predicates to add:
Angle
predicates to add:
Angle
predicates to add:
Angle
predicates to add:
Angle
predicates to add:
Angle
predicates to add:
Angle
predicates to add:
Angle
predicates to add:
Line
predicates to add:
Line
predicates to add:
Angle
predicates to add:
Line
predicates to add:
Line
predicates to add:
Angle
predicates to add:
Line
predicates to add:
Line
predicates to add:
Angle
predicates to add:
Angle
predicates to add:
Angle
predicates to add:
Line
predicates to add:
Line
predicates to add:
Angle
predicates to add:
Angle
predicates to add:
Angle
predicates to add:
Angle
predicates to add:
Angle
predicates to add:
Angle
predicates to add:
Angle
predicates to add:
Angle
predicates to add:
Angle
predicates to add:
Angle
predicates to add:
Angle
predicates to add:
Angle
predicates to add:
Line
predicates to add:
Line
predicates to add:
Angle
predicates to add:
Line
predicates to add:
Line
predicates to add:
Angle
predicates to add:
Line
predicates to add:
Line
predicates to add:
Angle
predicates to add:
Line
predicates to add:
Line
predicates to add:
Angle
predicates to add:
Line
predicates to add:
Line
predicates to add:
Angle
predicates to add:
Angle
predicates to add:
Angle
predicates to add:
Line
predicates to add:
Line
predicates to add:
Angle
predicates to add:
Angle
predicates to add:
Angle
predicates to add:
Line
predicates to add:
Line
predicates to add:
Angle
predicates to add:
Line
predicates to add:
Line
predicates to add:
Angle
predicates to add:
Line
predicates to add:
Line
predicates to add:
Angle
predicates to add:
Line
predicates to add:
Line
predicates to add:
Equation
predicates to add:
Equation
predicates to add:
ParallelBetweenLine
predicates to add:
ParallelBetweenLine
Verifier result: ERROR_TIER: TIER1_THEOREM_CALL_SYNTAX_VIOLATION
Theorem: parallel_property_corresponding_angle(1,EF,GH,O)
You output the following conclusions: Equal(MeasureOfAngle(OEF),MeasureOfAngle(OGH))
But the correct conclusions: Equal(MeasureOfAngle(OEF),MeasureOfAngle(EGH))

Model Answer:
RETRY_ANSWER:
39
RETRY_THEOREM_SEQUENCE:
1; parallel_property_corresponding_angle(1,EF,GH,O); ParallelBetweenLine(EF,GH)&Collinear(OEG); ["Equal(MeasureOfAngle(OEF),MeasureOfAngle(OGH))"]  
2; parallel_property_corresponding_angle(2,GH,EF,O); ParallelBetweenLine(GH,EF)&Collinear(OFH); ["Equal(MeasureOfAngle(OFE),MeasureOfAngle(OHG))"]  
3; similar_triangle_judgment_aa(1,OEF,OGH); Polygon(OEF)&Polygon(OGH)&Equal(MeasureOfAngle(OEF),MeasureOfAngle(OGH))&Equal(MeasureOfAngle(OFE),MeasureOfAngle(OHG)); ["SimilarBetweenTriangle(OEF,OGH)"]  
4; similar_triangle_property_line_ratio(1,OEF,OGH); SimilarBetweenTriangle(OEF,OGH); ["Equal(LengthOfLine(EF),Mul(LengthOfLine(GH),RatioOfSimilarTriangle(OEF,OGH)))"]  
5; similar_triangle_property_line_ratio(1,EOF,GOH); SimilarBetweenTriangle(EOF,GOH); ["Equal(LengthOfLine(OF),Mul(LengthOfLine(OH),RatioOfSimilarTriangle(EOF,GOH)))"]  
6; line_addition(1,OE,EG); Collinear(OEG); ["Equal(LengthOfLine(OG),Add(LengthOfLine(OE),LengthOfLine(EG)))"]
Retry attempt: 1
Content written to results/level_5/variant_analogy_based_model_o1_problem_5080_run_1_to_verify.txt
predicates to add:
Line
predicates to add:
Angle
predicates to add:
Line
predicates to add:
Line
predicates to add:
Angle
predicates to add:
Line
predicates to add:
Line
predicates to add:
Line
predicates to add:
Angle
predicates to add:
Line
predicates to add:
Line
predicates to add:
Angle
predicates to add:
Line
predicates to add:
Line
predicates to add:
Line
predicates to add:
Angle
predicates to add:
Line
predicates to add:
Line
predicates to add:
Line
predicates to add:
Angle
predicates to add:
Line
predicates to add:
Line
predicates to add:
Line
predicates to add:
Angle
predicates to add:
Line
predicates to add:
Line
predicates to add:
Polygon
has Polygon
has Polygon
has Polygon
has Polygon
has Polygon
has Polygon
has Polygon
predicates to add:
Line
predicates to add:
Angle
predicates to add:
Line
predicates to add:
Line
predicates to add:
Line
predicates to add:
Angle
predicates to add:
Line
predicates to add:
Line
predicates to add:
Line
predicates to add:
Angle
predicates to add:
Line
predicates to add:
Line
predicates to add:
Line
predicates to add:
Angle
predicates to add:
Line
predicates to add:
Line
predicates to add:
Polygon
has Polygon
has Polygon
has Polygon
has Polygon
predicates to add:
Line
predicates to add:
Angle
predicates to add:
Line
predicates to add:
Angle
predicates to add:
Line
predicates to add:
Angle
predicates to add:
Line
predicates to add:
Line
predicates to add:
Line
predicates to add:
Angle
predicates to add:
Line
predicates to add:
Angle
predicates to add:
Polygon
has Polygon
has Polygon
has Polygon
has Polygon
has Polygon
has Polygon
has Polygon
predicates to add:
Angle
predicates to add:
Angle
predicates to add:
Angle
predicates to add:
Angle
predicates to add:
Angle
predicates to add:
Angle
predicates to add:
Angle
predicates to add:
Angle
predicates to add:
Line
predicates to add:
Line
predicates to add:
Angle
predicates to add:
Line
predicates to add:
Line
predicates to add:
Angle
predicates to add:
Line
predicates to add:
Line
predicates to add:
Angle
predicates to add:
Angle
predicates to add:
Angle
predicates to add:
Line
predicates to add:
Line
predicates to add:
Angle
predicates to add:
Angle
predicates to add:
Angle
predicates to add:
Angle
predicates to add:
Angle
predicates to add:
Angle
predicates to add:
Angle
predicates to add:
Angle
predicates to add:
Angle
predicates to add:
Angle
predicates to add:
Angle
predicates to add:
Angle
predicates to add:
Line
predicates to add:
Line
predicates to add:
Angle
predicates to add:
Line
predicates to add:
Line
predicates to add:
Angle
predicates to add:
Line
predicates to add:
Line
predicates to add:
Angle
predicates to add:
Line
predicates to add:
Line
predicates to add:
Angle
predicates to add:
Line
predicates to add:
Line
predicates to add:
Angle
predicates to add:
Angle
predicates to add:
Angle
predicates to add:
Line
predicates to add:
Line
predicates to add:
Angle
predicates to add:
Angle
predicates to add:
Angle
predicates to add:
Line
predicates to add:
Line
predicates to add:
Angle
predicates to add:
Line
predicates to add:
Line
predicates to add:
Angle
predicates to add:
Line
predicates to add:
Line
predicates to add:
Angle
predicates to add:
Line
predicates to add:
Line
predicates to add:
Equation
predicates to add:
Equation
predicates to add:
ParallelBetweenLine
predicates to add:
ParallelBetweenLine
Verifier result: ERROR_TIER: TIER1_THEOREM_CALL_SYNTAX_VIOLATION
Theorem: parallel_property_corresponding_angle(2,GH,EF,O)
You output the following premises: ParallelBetweenLine(GH,EF)&Collinear(OFH)
But the correct premises: ParallelBetweenLine(GH,EF)&Collinear(GEO)
You output the following conclusions: Equal(MeasureOfAngle(OFE),MeasureOfAngle(OHG))
But the correct conclusions: Equal(MeasureOfAngle(HGE),MeasureOfAngle(FEO))

Model Answer:
RETRY_ANSWER:
39
RETRY_THEOREM_SEQUENCE:
1; parallel_property_corresponding_angle(1,EF,GH,O); ParallelBetweenLine(EF,GH)&Collinear(OEG); ["Equal(MeasureOfAngle(OEF),MeasureOfAngle(EGH))"]  
2; parallel_property_corresponding_angle(2,GH,EF,O); ParallelBetweenLine(GH,EF)&Collinear(OFH); ["Equal(MeasureOfAngle(OFE),MeasureOfAngle(OHG))"]  
3; similar_triangle_judgment_aa(1,OEF,OGH); Polygon(OEF)&Polygon(OGH)&Equal(MeasureOfAngle(OEF),MeasureOfAngle(EGH))&Equal(MeasureOfAngle(OFE),MeasureOfAngle(OHG)); ["SimilarBetweenTriangle(OEF,OGH)"]  
4; similar_triangle_property_line_ratio(1,OEF,OGH); SimilarBetweenTriangle(OEF,OGH); ["Equal(LengthOfLine(EF),Mul(LengthOfLine(GH),RatioOfSimilarTriangle(OEF,OGH)))"]  
5; similar_triangle_property_line_ratio(1,EOF,GOH); SimilarBetweenTriangle(EOF,GOH); ["Equal(LengthOfLine(OF),Mul(LengthOfLine(OH),RatioOfSimilarTriangle(EOF,GOH)))"]  
6; line_addition(1,OE,EG); Collinear(OEG); ["Equal(LengthOfLine(OG),Add(LengthOfLine(OE),LengthOfLine(EG)))"]
Retry attempt: 2
Content written to results/level_5/variant_analogy_based_model_o1_problem_5080_run_1_to_verify.txt
predicates to add:
Line
predicates to add:
Angle
predicates to add:
Line
predicates to add:
Line
predicates to add:
Angle
predicates to add:
Line
predicates to add:
Line
predicates to add:
Line
predicates to add:
Angle
predicates to add:
Line
predicates to add:
Line
predicates to add:
Angle
predicates to add:
Line
predicates to add:
Line
predicates to add:
Line
predicates to add:
Angle
predicates to add:
Line
predicates to add:
Line
predicates to add:
Line
predicates to add:
Angle
predicates to add:
Line
predicates to add:
Line
predicates to add:
Line
predicates to add:
Angle
predicates to add:
Line
predicates to add:
Line
predicates to add:
Polygon
has Polygon
has Polygon
has Polygon
has Polygon
has Polygon
has Polygon
has Polygon
predicates to add:
Line
predicates to add:
Angle
predicates to add:
Line
predicates to add:
Line
predicates to add:
Line
predicates to add:
Angle
predicates to add:
Line
predicates to add:
Line
predicates to add:
Line
predicates to add:
Angle
predicates to add:
Line
predicates to add:
Line
predicates to add:
Line
predicates to add:
Angle
predicates to add:
Line
predicates to add:
Line
predicates to add:
Polygon
has Polygon
has Polygon
has Polygon
has Polygon
predicates to add:
Line
predicates to add:
Angle
predicates to add:
Line
predicates to add:
Angle
predicates to add:
Line
predicates to add:
Angle
predicates to add:
Line
predicates to add:
Line
predicates to add:
Line
predicates to add:
Angle
predicates to add:
Line
predicates to add:
Angle
predicates to add:
Polygon
has Polygon
has Polygon
has Polygon
has Polygon
has Polygon
has Polygon
has Polygon
predicates to add:
Angle
predicates to add:
Angle
predicates to add:
Angle
predicates to add:
Angle
predicates to add:
Angle
predicates to add:
Angle
predicates to add:
Angle
predicates to add:
Angle
predicates to add:
Line
predicates to add:
Line
predicates to add:
Angle
predicates to add:
Line
predicates to add:
Line
predicates to add:
Angle
predicates to add:
Line
predicates to add:
Line
predicates to add:
Angle
predicates to add:
Angle
predicates to add:
Angle
predicates to add:
Line
predicates to add:
Line
predicates to add:
Angle
predicates to add:
Angle
predicates to add:
Angle
predicates to add:
Angle
predicates to add:
Angle
predicates to add:
Angle
predicates to add:
Angle
predicates to add:
Angle
predicates to add:
Angle
predicates to add:
Angle
predicates to add:
Angle
predicates to add:
Angle
predicates to add:
Line
predicates to add:
Line
predicates to add:
Angle
predicates to add:
Line
predicates to add:
Line
predicates to add:
Angle
predicates to add:
Line
predicates to add:
Line
predicates to add:
Angle
predicates to add:
Line
predicates to add:
Line
predicates to add:
Angle
predicates to add:
Line
predicates to add:
Line
predicates to add:
Angle
predicates to add:
Angle
predicates to add:
Angle
predicates to add:
Line
predicates to add:
Line
predicates to add:
Angle
predicates to add:
Angle
predicates to add:
Angle
predicates to add:
Line
predicates to add:
Line
predicates to add:
Angle
predicates to add:
Line
predicates to add:
Line
predicates to add:
Angle
predicates to add:
Line
predicates to add:
Line
predicates to add:
Angle
predicates to add:
Line
predicates to add:
Line
predicates to add:
Equation
predicates to add:
Equation
predicates to add:
ParallelBetweenLine
predicates to add:
ParallelBetweenLine
Verifier result: ERROR_TIER: TIER1_THEOREM_CALL_SYNTAX_VIOLATION
Theorem: similar_triangle_judgment_aa(1,OEF,OGH)
You output the following premises: Polygon(OEF)&Polygon(OGH)&Equal(MeasureOfAngle(OEF),MeasureOfAngle(EGH))&Equal(MeasureOfAngle(FEO),MeasureOfAngle(HGE))
But the correct premises: Polygon(OEF)&Polygon(OGH)&Equal(MeasureOfAngle(OEF),MeasureOfAngle(OGH))&Equal(MeasureOfAngle(EFO),MeasureOfAngle(GHO))

Model Answer:
RETRY_ANSWER:
39
RETRY_THEOREM_SEQUENCE:
1; parallel_property_corresponding_angle(1,EF,GH,O); ParallelBetweenLine(EF,GH)&Collinear(OEG); ["Equal(MeasureOfAngle(OEF),MeasureOfAngle(EGH))"]
2; parallel_property_corresponding_angle(2,GH,EF,O); ParallelBetweenLine(GH,EF)&Collinear(GEO); ["Equal(MeasureOfAngle(HGE),MeasureOfAngle(FEO))"]
3; similar_triangle_judgment_aa(1,OEF,OGH); Polygon(OEF)&Polygon(OGH)&Equal(MeasureOfAngle(OEF),MeasureOfAngle(EGH))&Equal(MeasureOfAngle(FEO),MeasureOfAngle(HGE)); ["SimilarBetweenTriangle(OEF,OGH)"]
4; similar_triangle_property_line_ratio(1,OEF,OGH); SimilarBetweenTriangle(OEF,OGH); ["Equal(LengthOfLine(EF),Mul(LengthOfLine(GH),RatioOfSimilarTriangle(OEF,OGH)))"]
5; similar_triangle_property_line_ratio(1,EOF,GOH); SimilarBetweenTriangle(EOF,GOH); ["Equal(LengthOfLine(OF),Mul(LengthOfLine(OH),RatioOfSimilarTriangle(EOF,GOH)))"]
6; line_addition(1,OE,EG); Collinear(OEG); ["Equal(LengthOfLine(OG),Add(LengthOfLine(OE),LengthOfLine(EG)))"]
Retry attempt: 3
Content written to results/level_5/variant_analogy_based_model_o1_problem_5080_run_1_to_verify.txt
predicates to add:
Line
predicates to add:
Angle
predicates to add:
Line
predicates to add:
Line
predicates to add:
Angle
predicates to add:
Line
predicates to add:
Line
predicates to add:
Line
predicates to add:
Angle
predicates to add:
Line
predicates to add:
Line
predicates to add:
Angle
predicates to add:
Line
predicates to add:
Line
predicates to add:
Line
predicates to add:
Angle
predicates to add:
Line
predicates to add:
Line
predicates to add:
Line
predicates to add:
Angle
predicates to add:
Line
predicates to add:
Line
predicates to add:
Line
predicates to add:
Angle
predicates to add:
Line
predicates to add:
Line
predicates to add:
Polygon
has Polygon
has Polygon
has Polygon
has Polygon
has Polygon
has Polygon
has Polygon
predicates to add:
Line
predicates to add:
Angle
predicates to add:
Line
predicates to add:
Line
predicates to add:
Line
predicates to add:
Angle
predicates to add:
Line
predicates to add:
Line
predicates to add:
Line
predicates to add:
Angle
predicates to add:
Line
predicates to add:
Line
predicates to add:
Line
predicates to add:
Angle
predicates to add:
Line
predicates to add:
Line
predicates to add:
Polygon
has Polygon
has Polygon
has Polygon
has Polygon
predicates to add:
Line
predicates to add:
Angle
predicates to add:
Line
predicates to add:
Angle
predicates to add:
Line
predicates to add:
Angle
predicates to add:
Line
predicates to add:
Line
predicates to add:
Line
predicates to add:
Angle
predicates to add:
Line
predicates to add:
Angle
predicates to add:
Polygon
has Polygon
has Polygon
has Polygon
has Polygon
has Polygon
has Polygon
has Polygon
predicates to add:
Angle
predicates to add:
Angle
predicates to add:
Angle
predicates to add:
Angle
predicates to add:
Angle
predicates to add:
Angle
predicates to add:
Angle
predicates to add:
Angle
predicates to add:
Line
predicates to add:
Line
predicates to add:
Angle
predicates to add:
Line
predicates to add:
Line
predicates to add:
Angle
predicates to add:
Line
predicates to add:
Line
predicates to add:
Angle
predicates to add:
Angle
predicates to add:
Angle
predicates to add:
Line
predicates to add:
Line
predicates to add:
Angle
predicates to add:
Angle
predicates to add:
Angle
predicates to add:
Angle
predicates to add:
Angle
predicates to add:
Angle
predicates to add:
Angle
predicates to add:
Angle
predicates to add:
Angle
predicates to add:
Angle
predicates to add:
Angle
predicates to add:
Angle
predicates to add:
Line
predicates to add:
Line
predicates to add:
Angle
predicates to add:
Line
predicates to add:
Line
predicates to add:
Angle
predicates to add:
Line
predicates to add:
Line
predicates to add:
Angle
predicates to add:
Line
predicates to add:
Line
predicates to add:
Angle
predicates to add:
Line
predicates to add:
Line
predicates to add:
Angle
predicates to add:
Angle
predicates to add:
Angle
predicates to add:
Line
predicates to add:
Line
predicates to add:
Angle
predicates to add:
Angle
predicates to add:
Angle
predicates to add:
Line
predicates to add:
Line
predicates to add:
Angle
predicates to add:
Line
predicates to add:
Line
predicates to add:
Angle
predicates to add:
Line
predicates to add:
Line
predicates to add:
Angle
predicates to add:
Line
predicates to add:
Line
predicates to add:
Equation
predicates to add:
Equation
predicates to add:
ParallelBetweenLine
predicates to add:
ParallelBetweenLine
Verifier result: ERROR_TIER: TIER2_PREMISE_VIOLATION
verification failed.

- Error: You tried to use theorem: similar_triangle_judgment_aa(1,OEF,OGH);Polygon(OEF)&Polygon(OGH)&Equal(MeasureOfAngle(OEF),MeasureOfAngle(OGH))&Equal(MeasureOfAngle(EFO),MeasureOfAngle(GHO));['SimilarBetweenTriangle(OEF,OGH)']
Missing premise: Premise angle equality EFO = GHO does not hold.
Details: The constraints do not force these two angles to be equal.
- Available premises:
  Parallel Lines: EF ∥ GH
  Collinear Points: GEO, HFO
  Polygons: EFO, EGHF, EOF, FEGH, GHFE, GHO, GOH, HFEG
- Theorems related to the goal:
  None found that constrain this goal
- Solver constraints directly related to this goal:
  None found

Please fix the proof.
Model Answer:
RETRY_ANSWER:
39
RETRY_THEOREM_SEQUENCE:
1; parallel_property_corresponding_angle(1,EF,GH,O); ParallelBetweenLine(EF,GH)&Collinear(OEG); ["Equal(MeasureOfAngle(OEF),MeasureOfAngle(EGH))"]
2; parallel_property_corresponding_angle(2,GH,EF,O); ParallelBetweenLine(GH,EF)&Collinear(GEO); ["Equal(MeasureOfAngle(HGE),MeasureOfAngle(FEO))"]
3; similar_triangle_judgment_aa(1,OEF,OGH); Polygon(OEF)&Polygon(OGH)&Equal(MeasureOfAngle(OEF),MeasureOfAngle(OGH))&Equal(MeasureOfAngle(EFO),MeasureOfAngle(GHO)); ["SimilarBetweenTriangle(OEF,OGH)"]
4; similar_triangle_property_line_ratio(1,OEF,OGH); SimilarBetweenTriangle(OEF,OGH); ["Equal(LengthOfLine(EF),Mul(LengthOfLine(GH),RatioOfSimilarTriangle(OEF,OGH)))"]
5; similar_triangle_property_line_ratio(1,EOF,GOH); SimilarBetweenTriangle(EOF,GOH); ["Equal(LengthOfLine(OF),Mul(LengthOfLine(OH),RatioOfSimilarTriangle(EOF,GOH)))"]
6; line_addition(1,OE,EG); Collinear(OEG); ["Equal(LengthOfLine(OG),Add(LengthOfLine(OE),LengthOfLine(EG)))"]
Retry attempt: 4
Content written to results/level_5/variant_analogy_based_model_o1_problem_5080_run_1_to_verify.txt
predicates to add:
Line
predicates to add:
Angle
predicates to add:
Line
predicates to add:
Line
predicates to add:
Angle
predicates to add:
Line
predicates to add:
Line
predicates to add:
Line
predicates to add:
Angle
predicates to add:
Line
predicates to add:
Line
predicates to add:
Angle
predicates to add:
Line
predicates to add:
Line
predicates to add:
Line
predicates to add:
Angle
predicates to add:
Line
predicates to add:
Line
predicates to add:
Line
predicates to add:
Angle
predicates to add:
Line
predicates to add:
Line
predicates to add:
Line
predicates to add:
Angle
predicates to add:
Line
predicates to add:
Line
predicates to add:
Polygon
has Polygon
has Polygon
has Polygon
has Polygon
has Polygon
has Polygon
has Polygon
predicates to add:
Line
predicates to add:
Angle
predicates to add:
Line
predicates to add:
Line
predicates to add:
Line
predicates to add:
Angle
predicates to add:
Line
predicates to add:
Line
predicates to add:
Line
predicates to add:
Angle
predicates to add:
Line
predicates to add:
Line
predicates to add:
Line
predicates to add:
Angle
predicates to add:
Line
predicates to add:
Line
predicates to add:
Polygon
has Polygon
has Polygon
has Polygon
has Polygon
predicates to add:
Line
predicates to add:
Angle
predicates to add:
Line
predicates to add:
Angle
predicates to add:
Line
predicates to add:
Angle
predicates to add:
Line
predicates to add:
Line
predicates to add:
Line
predicates to add:
Angle
predicates to add:
Line
predicates to add:
Angle
predicates to add:
Polygon
has Polygon
has Polygon
has Polygon
has Polygon
has Polygon
has Polygon
has Polygon
predicates to add:
Angle
predicates to add:
Angle
predicates to add:
Angle
predicates to add:
Angle
predicates to add:
Angle
predicates to add:
Angle
predicates to add:
Angle
predicates to add:
Angle
predicates to add:
Line
predicates to add:
Line
predicates to add:
Angle
predicates to add:
Line
predicates to add:
Line
predicates to add:
Angle
predicates to add:
Line
predicates to add:
Line
predicates to add:
Angle
predicates to add:
Angle
predicates to add:
Angle
predicates to add:
Line
predicates to add:
Line
predicates to add:
Angle
predicates to add:
Angle
predicates to add:
Angle
predicates to add:
Angle
predicates to add:
Angle
predicates to add:
Angle
predicates to add:
Angle
predicates to add:
Angle
predicates to add:
Angle
predicates to add:
Angle
predicates to add:
Angle
predicates to add:
Angle
predicates to add:
Line
predicates to add:
Line
predicates to add:
Angle
predicates to add:
Line
predicates to add:
Line
predicates to add:
Angle
predicates to add:
Line
predicates to add:
Line
predicates to add:
Angle
predicates to add:
Line
predicates to add:
Line
predicates to add:
Angle
predicates to add:
Line
predicates to add:
Line
predicates to add:
Angle
predicates to add:
Angle
predicates to add:
Angle
predicates to add:
Line
predicates to add:
Line
predicates to add:
Angle
predicates to add:
Angle
predicates to add:
Angle
predicates to add:
Line
predicates to add:
Line
predicates to add:
Angle
predicates to add:
Line
predicates to add:
Line
predicates to add:
Angle
predicates to add:
Line
predicates to add:
Line
predicates to add:
Angle
predicates to add:
Line
predicates to add:
Line
predicates to add:
Equation
predicates to add:
Equation
predicates to add:
ParallelBetweenLine
predicates to add:
ParallelBetweenLine
Verifier result: ERROR_TIER: TIER1_THEOREM_CALL_SYNTAX_VIOLATION
Failure: Theorem <> not defined in current GDL. Please rewrite the proof sequence, you are allowed to use only theorems from the GDL.
Model Answer:
RETRY_ANSWER:
39
RETRY_THEOREM_SEQUENCE:
(No valid theorem sequence can be constructed with the given GDL to prove the required angle equalities. The intercept‑type ratio argument needed here is not present in the provided dictionary, so the proof cannot be completed via only the GDL theorems.)
Retry attempt: 5
Content written to results/level_5/variant_analogy_based_model_o1_problem_5080_run_1.txt
