Content written to results/level_5/variant_analogy_based_model_o1_problem_6615_run_1_to_verify.txt
predicates to add:
Circle
predicates to add:
Line
predicates to add:
Line
predicates to add:
Line
predicates to add:
Line
predicates to add:
Angle
predicates to add:
Line
predicates to add:
Line
predicates to add:
Line
predicates to add:
Angle
predicates to add:
Line
predicates to add:
Line
predicates to add:
Line
predicates to add:
Angle
predicates to add:
Line
predicates to add:
Line
predicates to add:
Polygon
has Polygon
has Polygon
has Polygon
has Polygon
has Polygon
has Polygon
has Polygon
predicates to add:
Line
predicates to add:
Angle
predicates to add:
Line
predicates to add:
Line
predicates to add:
Angle
predicates to add:
Line
predicates to add:
Line
predicates to add:
Angle
predicates to add:
Line
predicates to add:
Line
predicates to add:
Line
predicates to add:
Line
predicates to add:
Angle
predicates to add:
Angle
predicates to add:
Angle
predicates to add:
Angle
predicates to add:
Line
predicates to add:
Line
predicates to add:
Angle
predicates to add:
Line
predicates to add:
Line
predicates to add:
Angle
predicates to add:
Line
predicates to add:
Line
predicates to add:
Equation
predicates to add:
Equation
predicates to add:
Equation
Verifier result: ERROR_TIER: TIER1_THEOREM_CALL_SYNTAX_VIOLATION
Failure: Theorem <right_triangle_judgment_angle> variation id is not supplied. Expected dict_keys(['1']) but got None.
Your call: right_triangle_judgment_angle(M,O,N)
Please rewrite your response by adding the variation id as the first argument. For example: For variation 1: right_triangle_judgment_angle(1,M,O,N)

Model Answer:
RETRY_ANSWER:
5
RETRY_THEOREM_SEQUENCE:
1; right_triangle_judgment_angle(MON); Polygon(MON)&Equal(MeasureOfAngle(MON),90); ["RightTriangle(MON)"]
2; right_triangle_property_pythagorean(MON); RightTriangle(MON); ["Equal(Add(Pow(LengthOfLine(MO),2),Pow(LengthOfLine(ON),2)),Pow(LengthOfLine(MN),2))"]
3; diameter_of_circle_judgment_right_angle(MON,E); Cocircular(E,MON)&Equal(MeasureOfAngle(MON),90); ["IsDiameterOfCircle(MN,E)"]
4; diameter_of_circle_property_length_equal(MN,E); IsDiameterOfCircle(MN,E); ["Equal(LengthOfLine(MN),DiameterOfCircle(E))"]
5; circle_property_length_of_radius_and_diameter(E); Circle(E); ["Equal(DiameterOfCircle(E),Mul(RadiusOfCircle(E),2))"]
Retry attempt: 1
Content written to results/level_5/variant_analogy_based_model_o1_problem_6615_run_1_to_verify.txt
predicates to add:
Circle
predicates to add:
Line
predicates to add:
Line
predicates to add:
Line
predicates to add:
Line
predicates to add:
Angle
predicates to add:
Line
predicates to add:
Line
predicates to add:
Line
predicates to add:
Angle
predicates to add:
Line
predicates to add:
Line
predicates to add:
Line
predicates to add:
Angle
predicates to add:
Line
predicates to add:
Line
predicates to add:
Polygon
has Polygon
has Polygon
has Polygon
has Polygon
has Polygon
has Polygon
has Polygon
predicates to add:
Line
predicates to add:
Angle
predicates to add:
Line
predicates to add:
Line
predicates to add:
Angle
predicates to add:
Line
predicates to add:
Line
predicates to add:
Angle
predicates to add:
Line
predicates to add:
Line
predicates to add:
Line
predicates to add:
Line
predicates to add:
Angle
predicates to add:
Angle
predicates to add:
Angle
predicates to add:
Angle
predicates to add:
Line
predicates to add:
Line
predicates to add:
Angle
predicates to add:
Line
predicates to add:
Line
predicates to add:
Angle
predicates to add:
Line
predicates to add:
Line
predicates to add:
Equation
predicates to add:
Equation
predicates to add:
Equation
Verifier result: ERROR_TIER: TIER1_THEOREM_CALL_SYNTAX_VIOLATION
Theorem: diameter_of_circle_judgment_right_angle(1,MON,E)
You output the following conclusions: IsDiameterOfCircle(MN,E)
But the correct conclusions: IsDiameterOfCircle(NM,E)

Model Answer:
RETRY_ANSWER:
5
RETRY_THEOREM_SEQUENCE:
1; right_triangle_judgment_angle(1,MON); Polygon(MON)&Equal(MeasureOfAngle(MON),90); ["RightTriangle(MON)"]  
2; right_triangle_property_pythagorean(1,MON); RightTriangle(MON); ["Equal(Add(Pow(LengthOfLine(MO),2),Pow(LengthOfLine(ON),2)),Pow(LengthOfLine(MN),2))"]  
3; diameter_of_circle_judgment_right_angle(1,MON,E); Cocircular(E,MON)&Equal(MeasureOfAngle(MON),90); ["IsDiameterOfCircle(MN,E)"]  
4; diameter_of_circle_property_length_equal(1,MN,E); IsDiameterOfCircle(MN,E); ["Equal(LengthOfLine(MN),DiameterOfCircle(E))"]  
5; circle_property_length_of_radius_and_diameter(1,E); Circle(E); ["Equal(DiameterOfCircle(E),Mul(RadiusOfCircle(E),2))"]
Retry attempt: 2
Content written to results/level_5/variant_analogy_based_model_o1_problem_6615_run_1_to_verify.txt
predicates to add:
Circle
predicates to add:
Line
predicates to add:
Line
predicates to add:
Line
predicates to add:
Line
predicates to add:
Angle
predicates to add:
Line
predicates to add:
Line
predicates to add:
Line
predicates to add:
Angle
predicates to add:
Line
predicates to add:
Line
predicates to add:
Line
predicates to add:
Angle
predicates to add:
Line
predicates to add:
Line
predicates to add:
Polygon
has Polygon
has Polygon
has Polygon
has Polygon
has Polygon
has Polygon
has Polygon
predicates to add:
Line
predicates to add:
Angle
predicates to add:
Line
predicates to add:
Line
predicates to add:
Angle
predicates to add:
Line
predicates to add:
Line
predicates to add:
Angle
predicates to add:
Line
predicates to add:
Line
predicates to add:
Line
predicates to add:
Line
predicates to add:
Angle
predicates to add:
Angle
predicates to add:
Angle
predicates to add:
Angle
predicates to add:
Line
predicates to add:
Line
predicates to add:
Angle
predicates to add:
Line
predicates to add:
Line
predicates to add:
Angle
predicates to add:
Line
predicates to add:
Line
predicates to add:
Equation
predicates to add:
Equation
predicates to add:
Equation
Verifier result: ERROR_TIER: TIER1_THEOREM_CALL_SYNTAX_VIOLATION
Theorem: right_triangle_property_pythagorean(1,MON)
You output the following conclusions: Equal(Add(Pow(LengthOfLine(MO),2),Pow(LengthOfLine(ON),2)),Pow(LengthOfLine(NM),2))
But the correct conclusions: Equal(Add(Pow(LengthOfLine(MO),2),Pow(LengthOfLine(ON),2)),Pow(LengthOfLine(MN),2))

Model Answer:
RETRY_ANSWER:
5
RETRY_THEOREM_SEQUENCE:
1; right_triangle_judgment_angle(1,MON); Polygon(MON)&Equal(MeasureOfAngle(MON),90); ["RightTriangle(MON)"]
2; right_triangle_property_pythagorean(1,MON); RightTriangle(MON); ["Equal(Add(Pow(LengthOfLine(MO),2),Pow(LengthOfLine(ON),2)),Pow(LengthOfLine(NM),2))"]
3; diameter_of_circle_judgment_right_angle(1,MON,E); Cocircular(E,MON)&Equal(MeasureOfAngle(MON),90); ["IsDiameterOfCircle(NM,E)"]
4; diameter_of_circle_property_length_equal(1,NM,E); IsDiameterOfCircle(NM,E); ["Equal(LengthOfLine(NM),DiameterOfCircle(E))"]
5; circle_property_length_of_radius_and_diameter(1,E); Circle(E); ["Equal(DiameterOfCircle(E),Mul(RadiusOfCircle(E),2))"]
Retry attempt: 3
Content written to results/level_5/variant_analogy_based_model_o1_problem_6615_run_1_to_verify.txt
predicates to add:
Circle
predicates to add:
Line
predicates to add:
Line
predicates to add:
Line
predicates to add:
Line
predicates to add:
Angle
predicates to add:
Line
predicates to add:
Line
predicates to add:
Line
predicates to add:
Angle
predicates to add:
Line
predicates to add:
Line
predicates to add:
Line
predicates to add:
Angle
predicates to add:
Line
predicates to add:
Line
predicates to add:
Polygon
has Polygon
has Polygon
has Polygon
has Polygon
has Polygon
has Polygon
has Polygon
predicates to add:
Line
predicates to add:
Angle
predicates to add:
Line
predicates to add:
Line
predicates to add:
Angle
predicates to add:
Line
predicates to add:
Line
predicates to add:
Angle
predicates to add:
Line
predicates to add:
Line
predicates to add:
Line
predicates to add:
Line
predicates to add:
Angle
predicates to add:
Angle
predicates to add:
Angle
predicates to add:
Angle
predicates to add:
Line
predicates to add:
Line
predicates to add:
Angle
predicates to add:
Line
predicates to add:
Line
predicates to add:
Angle
predicates to add:
Line
predicates to add:
Line
predicates to add:
Equation
predicates to add:
Equation
predicates to add:
Equation
Verifier result: ERROR_TIER: TIER1_THEOREM_CALL_SYNTAX_VIOLATION
Error in TIER1_THEOREM_CALL_SYNTAX_VIOLATION: Theorem 'diameter_of_circle_judgment_right_angle' is not recognized or its premise validation is not supported by the current verifier version.
Model Answer:
RETRY_ANSWER:
5
RETRY_THEOREM_SEQUENCE:
1; right_triangle_judgment_angle(1,MON); Polygon(MON)&Equal(MeasureOfAngle(MON),90); ["RightTriangle(MON)"]  
2; right_triangle_property_pythagorean(1,MON); RightTriangle(MON); ["Equal(Add(Pow(LengthOfLine(MO),2),Pow(LengthOfLine(ON),2)),Pow(LengthOfLine(MN),2))"]  
3; diameter_of_circle_judgment_right_angle(1,MON,E); Cocircular(E,MON)&Equal(MeasureOfAngle(MON),90); ["IsDiameterOfCircle(NM,E)"]  
4; diameter_of_circle_property_length_equal(1,NM,E); IsDiameterOfCircle(NM,E); ["Equal(LengthOfLine(NM),DiameterOfCircle(E))"]  
5; circle_property_length_of_radius_and_diameter(1,E); Circle(E); ["Equal(DiameterOfCircle(E),Mul(RadiusOfCircle(E),2))"]
Retry attempt: 4
Content written to results/level_5/variant_analogy_based_model_o1_problem_6615_run_1_to_verify.txt
predicates to add:
Circle
predicates to add:
Line
predicates to add:
Line
predicates to add:
Line
predicates to add:
Line
predicates to add:
Angle
predicates to add:
Line
predicates to add:
Line
predicates to add:
Line
predicates to add:
Angle
predicates to add:
Line
predicates to add:
Line
predicates to add:
Line
predicates to add:
Angle
predicates to add:
Line
predicates to add:
Line
predicates to add:
Polygon
has Polygon
has Polygon
has Polygon
has Polygon
has Polygon
has Polygon
has Polygon
predicates to add:
Line
predicates to add:
Angle
predicates to add:
Line
predicates to add:
Line
predicates to add:
Angle
predicates to add:
Line
predicates to add:
Line
predicates to add:
Angle
predicates to add:
Line
predicates to add:
Line
predicates to add:
Line
predicates to add:
Line
predicates to add:
Angle
predicates to add:
Angle
predicates to add:
Angle
predicates to add:
Angle
predicates to add:
Line
predicates to add:
Line
predicates to add:
Angle
predicates to add:
Line
predicates to add:
Line
predicates to add:
Angle
predicates to add:
Line
predicates to add:
Line
predicates to add:
Equation
predicates to add:
Equation
predicates to add:
Equation
Verifier result: ERROR_TIER: TIER1_THEOREM_CALL_SYNTAX_VIOLATION
Error evaluating general goal expression: name 'RadiusOfCircle' is not defined
Model Answer:
RETRY_ANSWER:
5
RETRY_THEOREM_SEQUENCE:
1; right_triangle_judgment_angle(1,MON); Polygon(MON)&Equal(MeasureOfAngle(MON),90); ["RightTriangle(MON)"]
2; right_triangle_property_pythagorean(1,MON); RightTriangle(MON); ["Equal(Add(Pow(LengthOfLine(MO),2),Pow(LengthOfLine(ON),2)),Pow(LengthOfLine(MN),2))"]
Retry attempt: 5
Content written to results/level_5/variant_analogy_based_model_o1_problem_6615_run_1.txt
