Content written to results/level_5/variant_random_all_theorems_model_o1_problem_847_run_2_to_verify.txt
predicates to add:
Line
predicates to add:
Angle
predicates to add:
Line
predicates to add:
Line
predicates to add:
Angle
predicates to add:
Line
predicates to add:
Line
predicates to add:
Line
predicates to add:
Angle
predicates to add:
Line
predicates to add:
Line
predicates to add:
Line
predicates to add:
Angle
predicates to add:
Line
predicates to add:
Line
predicates to add:
Line
predicates to add:
Angle
predicates to add:
Line
predicates to add:
Line
predicates to add:
Polygon
has Polygon
has Polygon
has Polygon
has Polygon
has Polygon
has Polygon
has Polygon
predicates to add:
Line
predicates to add:
Angle
predicates to add:
Line
predicates to add:
Line
predicates to add:
Line
predicates to add:
Angle
predicates to add:
Line
predicates to add:
Line
predicates to add:
Line
predicates to add:
Angle
predicates to add:
Line
predicates to add:
Line
predicates to add:
Polygon
has Polygon
has Polygon
has Polygon
has Polygon
has Polygon
has Polygon
has Polygon
predicates to add:
Line
predicates to add:
Angle
predicates to add:
Line
predicates to add:
Angle
predicates to add:
Line
predicates to add:
Angle
predicates to add:
Line
predicates to add:
Line
predicates to add:
Line
predicates to add:
Angle
predicates to add:
Line
predicates to add:
Line
predicates to add:
Polygon
has Polygon
has Polygon
has Polygon
has Polygon
has Polygon
has Polygon
has Polygon
predicates to add:
Angle
predicates to add:
Angle
predicates to add:
Angle
predicates to add:
Angle
predicates to add:
Line
predicates to add:
Line
predicates to add:
Angle
predicates to add:
Angle
predicates to add:
Angle
predicates to add:
Angle
predicates to add:
Angle
predicates to add:
Angle
predicates to add:
Angle
predicates to add:
Angle
predicates to add:
Angle
predicates to add:
Angle
predicates to add:
Angle
predicates to add:
Angle
predicates to add:
Line
predicates to add:
Line
predicates to add:
Angle
predicates to add:
Line
predicates to add:
Line
predicates to add:
Angle
predicates to add:
Line
predicates to add:
Line
predicates to add:
Angle
predicates to add:
Line
predicates to add:
Line
predicates to add:
Angle
predicates to add:
Line
predicates to add:
Line
predicates to add:
Angle
predicates to add:
Line
predicates to add:
Line
predicates to add:
Angle
predicates to add:
Line
predicates to add:
Line
predicates to add:
Angle
predicates to add:
Line
predicates to add:
Line
predicates to add:
Angle
predicates to add:
Line
predicates to add:
Line
predicates to add:
Equation
predicates to add:
Equation
predicates to add:
Equation
predicates to add:
Equation
predicates to add:
PerpendicularBetweenLine
predicates to add:
Equation
predicates to add:
Equation
predicates to add:
Equation
predicates to add:
Equation
predicates to add:
Equation
predicates to add:
PerpendicularBetweenLine
Verifier result: ERROR_TIER: TIER1_THEOREM_CALL_SYNTAX_VIOLATION
Theorem: right_triangle_judgment_angle(1,BDC)
You output the following premises: Polygon(BDC)&Equal(MeasureOfAngle(CDB),90)
But the correct premises: Polygon(BDC)&Equal(MeasureOfAngle(BDC),90)

Model Answer:
RETRY_ANSWER:
6√3
RETRY_THEOREM_SEQUENCE:
1; cosine_theorem(1,ABC); Polygon(ABC); ["Equal(Add(Pow(LengthOfLine(BC),2),Mul(2,LengthOfLine(AB),LengthOfLine(AC),Cos(MeasureOfAngle(CAB)))),Add(Pow(LengthOfLine(AB),2),Pow(LengthOfLine(AC),2)))"]  
2; right_triangle_judgment_angle(1,BDC); Polygon(BDC)&Equal(MeasureOfAngle(CDB),90); ["RightTriangle(BDC)"]  
3; right_triangle_property_pythagorean(1,BDC); RightTriangle(BDC); ["Equal(Add(Pow(LengthOfLine(BD),2),Pow(LengthOfLine(DC),2)),Pow(LengthOfLine(BC),2))"]
Retry attempt: 1
Content written to results/level_5/variant_random_all_theorems_model_o1_problem_847_run_2_to_verify.txt
predicates to add:
Line
predicates to add:
Angle
predicates to add:
Line
predicates to add:
Line
predicates to add:
Angle
predicates to add:
Line
predicates to add:
Line
predicates to add:
Line
predicates to add:
Angle
predicates to add:
Line
predicates to add:
Line
predicates to add:
Line
predicates to add:
Angle
predicates to add:
Line
predicates to add:
Line
predicates to add:
Line
predicates to add:
Angle
predicates to add:
Line
predicates to add:
Line
predicates to add:
Polygon
has Polygon
has Polygon
has Polygon
has Polygon
has Polygon
has Polygon
has Polygon
predicates to add:
Line
predicates to add:
Angle
predicates to add:
Line
predicates to add:
Line
predicates to add:
Line
predicates to add:
Angle
predicates to add:
Line
predicates to add:
Line
predicates to add:
Line
predicates to add:
Angle
predicates to add:
Line
predicates to add:
Line
predicates to add:
Polygon
has Polygon
has Polygon
has Polygon
has Polygon
has Polygon
has Polygon
has Polygon
predicates to add:
Line
predicates to add:
Angle
predicates to add:
Line
predicates to add:
Angle
predicates to add:
Line
predicates to add:
Angle
predicates to add:
Line
predicates to add:
Line
predicates to add:
Line
predicates to add:
Angle
predicates to add:
Line
predicates to add:
Line
predicates to add:
Polygon
has Polygon
has Polygon
has Polygon
has Polygon
has Polygon
has Polygon
has Polygon
predicates to add:
Angle
predicates to add:
Angle
predicates to add:
Angle
predicates to add:
Angle
predicates to add:
Line
predicates to add:
Line
predicates to add:
Angle
predicates to add:
Angle
predicates to add:
Angle
predicates to add:
Angle
predicates to add:
Angle
predicates to add:
Angle
predicates to add:
Angle
predicates to add:
Angle
predicates to add:
Angle
predicates to add:
Angle
predicates to add:
Angle
predicates to add:
Angle
predicates to add:
Line
predicates to add:
Line
predicates to add:
Angle
predicates to add:
Line
predicates to add:
Line
predicates to add:
Angle
predicates to add:
Line
predicates to add:
Line
predicates to add:
Angle
predicates to add:
Line
predicates to add:
Line
predicates to add:
Angle
predicates to add:
Line
predicates to add:
Line
predicates to add:
Angle
predicates to add:
Line
predicates to add:
Line
predicates to add:
Angle
predicates to add:
Line
predicates to add:
Line
predicates to add:
Angle
predicates to add:
Line
predicates to add:
Line
predicates to add:
Angle
predicates to add:
Line
predicates to add:
Line
predicates to add:
Equation
predicates to add:
Equation
predicates to add:
Equation
predicates to add:
Equation
predicates to add:
PerpendicularBetweenLine
predicates to add:
Equation
predicates to add:
Equation
predicates to add:
Equation
predicates to add:
Equation
predicates to add:
Equation
predicates to add:
PerpendicularBetweenLine
Verifier result: ERROR_TIER: TIER3_GOAL_NOT_REACHED
verification failed.

- Goal: value of h
- Model answer: 6√3
- Error: Your proof doesn't uniquely determine the value. You need to use additional theorems to constrain the value.
- Available premises:
  Perpendicular Lines: BD ⊥ CD
  Collinear Points: ADC
  Right Triangles: BDC
  Polygons: ABC, ABD, ACB, ADB, BCD, BDC
- Theorems related to the goal:
  Step 1 - cosine_theorem(1, ABC): Equal(Add(Pow(LengthOfLine(BC),2),Mul(2,LengthOfLine(AB),LengthOfLine(AC),Cos(MeasureOfAngle(CAB)))),Add(Pow(LengthOfLine(AB),2),Pow(LengthOfLine(AC),2)))
  Step 2 - right_triangle_judgment_angle(1, BDC): RightTriangle(BDC)
  Step 3 - right_triangle_property_pythagorean(1, BDC): Equal(Add(Pow(LengthOfLine(BD),2),Pow(LengthOfLine(DC),2)),Pow(LengthOfLine(BC),2))
- Solver constraints directly related to this goal:
  None found

Variable h is not uniquely determined
Please fix the proof.
Model Answer:
RETRY_ANSWER:
6√3
RETRY_THEOREM_SEQUENCE:
1; cosine_theorem(1,ABC); Polygon(ABC); ["Equal(Add(Pow(LengthOfLine(BC),2),Mul(2,LengthOfLine(AB),LengthOfLine(AC),Cos(MeasureOfAngle(CAB)))),Add(Pow(LengthOfLine(AB),2),Pow(LengthOfLine(AC),2)))"]
2; right_triangle_judgment_angle(1,BDC); Polygon(BDC)&Equal(MeasureOfAngle(BDC),90); ["RightTriangle(BDC)"]
3; right_triangle_property_pythagorean(1,BDC); RightTriangle(BDC); ["Equal(Add(Pow(LengthOfLine(BD),2),Pow(LengthOfLine(DC),2)),Pow(LengthOfLine(BC),2))"]
Retry attempt: 2
Content written to results/level_5/variant_random_all_theorems_model_o1_problem_847_run_2_to_verify.txt
predicates to add:
Line
predicates to add:
Angle
predicates to add:
Line
predicates to add:
Line
predicates to add:
Angle
predicates to add:
Line
predicates to add:
Line
predicates to add:
Line
predicates to add:
Angle
predicates to add:
Line
predicates to add:
Line
predicates to add:
Line
predicates to add:
Angle
predicates to add:
Line
predicates to add:
Line
predicates to add:
Line
predicates to add:
Angle
predicates to add:
Line
predicates to add:
Line
predicates to add:
Polygon
has Polygon
has Polygon
has Polygon
has Polygon
has Polygon
has Polygon
has Polygon
predicates to add:
Line
predicates to add:
Angle
predicates to add:
Line
predicates to add:
Line
predicates to add:
Line
predicates to add:
Angle
predicates to add:
Line
predicates to add:
Line
predicates to add:
Line
predicates to add:
Angle
predicates to add:
Line
predicates to add:
Line
predicates to add:
Polygon
has Polygon
has Polygon
has Polygon
has Polygon
has Polygon
has Polygon
has Polygon
predicates to add:
Line
predicates to add:
Angle
predicates to add:
Line
predicates to add:
Angle
predicates to add:
Line
predicates to add:
Angle
predicates to add:
Line
predicates to add:
Line
predicates to add:
Line
predicates to add:
Angle
predicates to add:
Line
predicates to add:
Line
predicates to add:
Polygon
has Polygon
has Polygon
has Polygon
has Polygon
has Polygon
has Polygon
has Polygon
predicates to add:
Angle
predicates to add:
Angle
predicates to add:
Angle
predicates to add:
Angle
predicates to add:
Line
predicates to add:
Line
predicates to add:
Angle
predicates to add:
Angle
predicates to add:
Angle
predicates to add:
Angle
predicates to add:
Angle
predicates to add:
Angle
predicates to add:
Angle
predicates to add:
Angle
predicates to add:
Angle
predicates to add:
Angle
predicates to add:
Angle
predicates to add:
Angle
predicates to add:
Line
predicates to add:
Line
predicates to add:
Angle
predicates to add:
Line
predicates to add:
Line
predicates to add:
Angle
predicates to add:
Line
predicates to add:
Line
predicates to add:
Angle
predicates to add:
Line
predicates to add:
Line
predicates to add:
Angle
predicates to add:
Line
predicates to add:
Line
predicates to add:
Angle
predicates to add:
Line
predicates to add:
Line
predicates to add:
Angle
predicates to add:
Line
predicates to add:
Line
predicates to add:
Angle
predicates to add:
Line
predicates to add:
Line
predicates to add:
Angle
predicates to add:
Line
predicates to add:
Line
predicates to add:
Equation
predicates to add:
Equation
predicates to add:
Equation
predicates to add:
Equation
predicates to add:
PerpendicularBetweenLine
predicates to add:
Equation
predicates to add:
Equation
predicates to add:
Equation
predicates to add:
Equation
predicates to add:
Equation
predicates to add:
PerpendicularBetweenLine
Verifier result: ERROR_TIER: TIER1_THEOREM_CALL_SYNTAX_VIOLATION
Failure: Theorem <line_addition> variation id is not supplied. Expected dict_keys(['1']) but got None.
Your call: line_addition(A,C,A,D)
Please rewrite your response by adding the variation id as the first argument. For example: For variation 1: line_addition(1,A,C,A,D)

Model Answer:
RETRY_ANSWER:
6√3
RETRY_THEOREM_SEQUENCE:
1; cosine_theorem(1,ABC); Polygon(ABC); ["Equal(Add(Pow(LengthOfLine(BC),2),Mul(2,LengthOfLine(AB),LengthOfLine(AC),Cos(MeasureOfAngle(CAB)))),Add(Pow(LengthOfLine(AB),2),Pow(LengthOfLine(AC),2)))"]
2; right_triangle_judgment_angle(1,BDC); Polygon(BDC)&Equal(MeasureOfAngle(BDC),90); ["RightTriangle(BDC)"]
3; right_triangle_property_pythagorean(1,BDC); RightTriangle(BDC); ["Equal(Add(Pow(LengthOfLine(BD),2),Pow(LengthOfLine(DC),2)),Pow(LengthOfLine(BC),2))"]
4; line_addition(AC,AD); Collinear(ADC); ["Equal(LengthOfLine(AC),Add(LengthOfLine(AD),LengthOfLine(DC)))"]
Retry attempt: 3
Content written to results/level_5/variant_random_all_theorems_model_o1_problem_847_run_2_to_verify.txt
predicates to add:
Line
predicates to add:
Angle
predicates to add:
Line
predicates to add:
Line
predicates to add:
Angle
predicates to add:
Line
predicates to add:
Line
predicates to add:
Line
predicates to add:
Angle
predicates to add:
Line
predicates to add:
Line
predicates to add:
Line
predicates to add:
Angle
predicates to add:
Line
predicates to add:
Line
predicates to add:
Line
predicates to add:
Angle
predicates to add:
Line
predicates to add:
Line
predicates to add:
Polygon
has Polygon
has Polygon
has Polygon
has Polygon
has Polygon
has Polygon
has Polygon
predicates to add:
Line
predicates to add:
Angle
predicates to add:
Line
predicates to add:
Line
predicates to add:
Line
predicates to add:
Angle
predicates to add:
Line
predicates to add:
Line
predicates to add:
Line
predicates to add:
Angle
predicates to add:
Line
predicates to add:
Line
predicates to add:
Polygon
has Polygon
has Polygon
has Polygon
has Polygon
has Polygon
has Polygon
has Polygon
predicates to add:
Line
predicates to add:
Angle
predicates to add:
Line
predicates to add:
Angle
predicates to add:
Line
predicates to add:
Angle
predicates to add:
Line
predicates to add:
Line
predicates to add:
Line
predicates to add:
Angle
predicates to add:
Line
predicates to add:
Line
predicates to add:
Polygon
has Polygon
has Polygon
has Polygon
has Polygon
has Polygon
has Polygon
has Polygon
predicates to add:
Angle
predicates to add:
Angle
predicates to add:
Angle
predicates to add:
Angle
predicates to add:
Line
predicates to add:
Line
predicates to add:
Angle
predicates to add:
Angle
predicates to add:
Angle
predicates to add:
Angle
predicates to add:
Angle
predicates to add:
Angle
predicates to add:
Angle
predicates to add:
Angle
predicates to add:
Angle
predicates to add:
Angle
predicates to add:
Angle
predicates to add:
Angle
predicates to add:
Line
predicates to add:
Line
predicates to add:
Angle
predicates to add:
Line
predicates to add:
Line
predicates to add:
Angle
predicates to add:
Line
predicates to add:
Line
predicates to add:
Angle
predicates to add:
Line
predicates to add:
Line
predicates to add:
Angle
predicates to add:
Line
predicates to add:
Line
predicates to add:
Angle
predicates to add:
Line
predicates to add:
Line
predicates to add:
Angle
predicates to add:
Line
predicates to add:
Line
predicates to add:
Angle
predicates to add:
Line
predicates to add:
Line
predicates to add:
Angle
predicates to add:
Line
predicates to add:
Line
predicates to add:
Equation
predicates to add:
Equation
predicates to add:
Equation
predicates to add:
Equation
predicates to add:
PerpendicularBetweenLine
predicates to add:
Equation
predicates to add:
Equation
predicates to add:
Equation
predicates to add:
Equation
predicates to add:
Equation
predicates to add:
PerpendicularBetweenLine
Verifier result: ERROR_TIER: TIER3_GOAL_NOT_REACHED
verification failed.

- Goal: value of h
- Model answer: 6√3
- Error: Your proof doesn't uniquely determine the value. You need to use additional theorems to constrain the value.
- Available premises:
  Perpendicular Lines: BD ⊥ CD
  Collinear Points: ADC
  Right Triangles: BDC
  Polygons: ABC, ABD, ACB, ADB, BCD, BDC
- Theorems related to the goal:
  Step 1 - cosine_theorem(1, ABC): Equal(Add(Pow(LengthOfLine(BC),2),Mul(2,LengthOfLine(AB),LengthOfLine(AC),Cos(MeasureOfAngle(CAB)))),Add(Pow(LengthOfLine(AB),2),Pow(LengthOfLine(AC),2)))
  Step 2 - right_triangle_judgment_angle(1, BDC): RightTriangle(BDC)
  Step 3 - right_triangle_property_pythagorean(1, BDC): Equal(Add(Pow(LengthOfLine(BD),2),Pow(LengthOfLine(DC),2)),Pow(LengthOfLine(BC),2))
  Step 4 - line_addition(1, AD, DC): Equal(LengthOfLine(AC),Add(LengthOfLine(AD),LengthOfLine(DC)))
- Solver constraints directly related to this goal:
  None found

Variable h is not uniquely determined
Please fix the proof.
Model Answer:
RETRY_ANSWER:
6√3
RETRY_THEOREM_SEQUENCE:
1; cosine_theorem(1,ABC); Polygon(ABC); ["Equal(Add(Pow(LengthOfLine(BC),2),Mul(2,LengthOfLine(AB),LengthOfLine(AC),Cos(MeasureOfAngle(CAB)))),Add(Pow(LengthOfLine(AB),2),Pow(LengthOfLine(AC),2)))"]
2; right_triangle_judgment_angle(1,BDC); Polygon(BDC)&Equal(MeasureOfAngle(BDC),90); ["RightTriangle(BDC)"]
3; right_triangle_property_pythagorean(1,BDC); RightTriangle(BDC); ["Equal(Add(Pow(LengthOfLine(BD),2),Pow(LengthOfLine(DC),2)),Pow(LengthOfLine(BC),2))"]
4; line_addition(1,AD,DC); Collinear(ADC); ["Equal(LengthOfLine(AC),Add(LengthOfLine(AD),LengthOfLine(DC)))"]
Retry attempt: 4
Content written to results/level_5/variant_random_all_theorems_model_o1_problem_847_run_2_to_verify.txt
predicates to add:
Line
predicates to add:
Angle
predicates to add:
Line
predicates to add:
Line
predicates to add:
Angle
predicates to add:
Line
predicates to add:
Line
predicates to add:
Line
predicates to add:
Angle
predicates to add:
Line
predicates to add:
Line
predicates to add:
Line
predicates to add:
Angle
predicates to add:
Line
predicates to add:
Line
predicates to add:
Line
predicates to add:
Angle
predicates to add:
Line
predicates to add:
Line
predicates to add:
Polygon
has Polygon
has Polygon
has Polygon
has Polygon
has Polygon
has Polygon
has Polygon
predicates to add:
Line
predicates to add:
Angle
predicates to add:
Line
predicates to add:
Line
predicates to add:
Line
predicates to add:
Angle
predicates to add:
Line
predicates to add:
Line
predicates to add:
Line
predicates to add:
Angle
predicates to add:
Line
predicates to add:
Line
predicates to add:
Polygon
has Polygon
has Polygon
has Polygon
has Polygon
has Polygon
has Polygon
has Polygon
predicates to add:
Line
predicates to add:
Angle
predicates to add:
Line
predicates to add:
Angle
predicates to add:
Line
predicates to add:
Angle
predicates to add:
Line
predicates to add:
Line
predicates to add:
Line
predicates to add:
Angle
predicates to add:
Line
predicates to add:
Line
predicates to add:
Polygon
has Polygon
has Polygon
has Polygon
has Polygon
has Polygon
has Polygon
has Polygon
predicates to add:
Angle
predicates to add:
Angle
predicates to add:
Angle
predicates to add:
Angle
predicates to add:
Line
predicates to add:
Line
predicates to add:
Angle
predicates to add:
Angle
predicates to add:
Angle
predicates to add:
Angle
predicates to add:
Angle
predicates to add:
Angle
predicates to add:
Angle
predicates to add:
Angle
predicates to add:
Angle
predicates to add:
Angle
predicates to add:
Angle
predicates to add:
Angle
predicates to add:
Line
predicates to add:
Line
predicates to add:
Angle
predicates to add:
Line
predicates to add:
Line
predicates to add:
Angle
predicates to add:
Line
predicates to add:
Line
predicates to add:
Angle
predicates to add:
Line
predicates to add:
Line
predicates to add:
Angle
predicates to add:
Line
predicates to add:
Line
predicates to add:
Angle
predicates to add:
Line
predicates to add:
Line
predicates to add:
Angle
predicates to add:
Line
predicates to add:
Line
predicates to add:
Angle
predicates to add:
Line
predicates to add:
Line
predicates to add:
Angle
predicates to add:
Line
predicates to add:
Line
predicates to add:
Equation
predicates to add:
Equation
predicates to add:
Equation
predicates to add:
Equation
predicates to add:
PerpendicularBetweenLine
predicates to add:
Equation
predicates to add:
Equation
predicates to add:
Equation
predicates to add:
Equation
predicates to add:
Equation
predicates to add:
PerpendicularBetweenLine
Verifier result: ERROR_TIER: TIER1_THEOREM_CALL_SYNTAX_VIOLATION
Theorem: isosceles_triangle_judgment_line_equal(1,ABC)
You output the following premises: Polygon(ABC)&Equal(LengthOfLine(AB),LengthOfLine(BC))
But the correct premises: Polygon(ABC)&Equal(LengthOfLine(AB),LengthOfLine(AC))

Model Answer:
RETRY_ANSWER:
6√3
RETRY_THEOREM_SEQUENCE:
1; isosceles_triangle_judgment_line_equal(1,ABC); Polygon(ABC)&Equal(LengthOfLine(AB),LengthOfLine(BC)); ["IsoscelesTriangle(ABC)"]  
2; isosceles_triangle_property_angle_equal(1,ABC); IsoscelesTriangle(ABC); ["Equal(MeasureOfAngle(ABC),MeasureOfAngle(BCA))"]  
3; triangle_property_angle_sum(1,ABC); Polygon(ABC); ["Equal(Add(MeasureOfAngle(ABC),MeasureOfAngle(BCA),MeasureOfAngle(CAB)),180)"]  
4; triangle_area_formula_sine(1,ABC); Polygon(ABC); ["Equal(AreaOfTriangle(ABC),Mul(LengthOfLine(AB),LengthOfLine(AC),Sin(MeasureOfAngle(CAB)),1/2))"]  
5; triangle_area_formula_common(1,ABC); Polygon(ABC); ["Equal(AreaOfTriangle(ABC),Mul(HeightOfTriangle(ABC),LengthOfLine(BC),1/2))"]
Retry attempt: 5
Content written to results/level_5/variant_random_all_theorems_model_o1_problem_847_run_2.txt
