Content written to results/level_5/variant_analogy_based_model_o1_problem_5563_run_2_to_verify.txt
predicates to add:
Line
predicates to add:
Angle
predicates to add:
Line
predicates to add:
Line
predicates to add:
Angle
predicates to add:
Line
predicates to add:
Line
predicates to add:
Line
predicates to add:
Angle
predicates to add:
Line
predicates to add:
Line
predicates to add:
Line
predicates to add:
Angle
predicates to add:
Line
predicates to add:
Line
predicates to add:
Line
predicates to add:
Angle
predicates to add:
Line
predicates to add:
Line
predicates to add:
Polygon
has Polygon
has Polygon
has Polygon
has Polygon
has Polygon
has Polygon
has Polygon
predicates to add:
Line
predicates to add:
Angle
predicates to add:
Line
predicates to add:
Line
predicates to add:
Line
predicates to add:
Angle
predicates to add:
Line
predicates to add:
Line
predicates to add:
Line
predicates to add:
Angle
predicates to add:
Line
predicates to add:
Line
predicates to add:
Polygon
has Polygon
has Polygon
has Polygon
has Polygon
has Polygon
has Polygon
has Polygon
predicates to add:
Line
predicates to add:
Angle
predicates to add:
Line
predicates to add:
Angle
predicates to add:
Line
predicates to add:
Angle
predicates to add:
Line
predicates to add:
Line
predicates to add:
Line
predicates to add:
Angle
predicates to add:
Line
predicates to add:
Line
predicates to add:
Polygon
has Polygon
has Polygon
has Polygon
has Polygon
has Polygon
has Polygon
has Polygon
predicates to add:
Angle
predicates to add:
Angle
predicates to add:
Angle
predicates to add:
Angle
predicates to add:
Line
predicates to add:
Line
predicates to add:
Angle
predicates to add:
Angle
predicates to add:
Angle
predicates to add:
Angle
predicates to add:
Angle
predicates to add:
Angle
predicates to add:
Angle
predicates to add:
Angle
predicates to add:
Angle
predicates to add:
Angle
predicates to add:
Angle
predicates to add:
Angle
predicates to add:
Line
predicates to add:
Line
predicates to add:
Angle
predicates to add:
Line
predicates to add:
Line
predicates to add:
Angle
predicates to add:
Line
predicates to add:
Line
predicates to add:
Angle
predicates to add:
Line
predicates to add:
Line
predicates to add:
Angle
predicates to add:
Line
predicates to add:
Line
predicates to add:
Angle
predicates to add:
Line
predicates to add:
Line
predicates to add:
Angle
predicates to add:
Line
predicates to add:
Line
predicates to add:
Angle
predicates to add:
Line
predicates to add:
Line
predicates to add:
Angle
predicates to add:
Line
predicates to add:
Line
predicates to add:
Equation
predicates to add:
Equation
predicates to add:
Equation
predicates to add:
Equation
Verifier result: ERROR_TIER: TIER1_THEOREM_CALL_SYNTAX_VIOLATION
Failure: Theorem <flat_angle> variation id is not supplied. Expected dict_keys(['1']) but got None.
Your call: flat_angle(B,D,C)
Please rewrite your response by adding the variation id as the first argument. For example: For variation 1: flat_angle(1,B,D,C)

Model Answer:
RETRY_ANSWER:
6
RETRY_THEOREM_SEQUENCE:
1; flat_angle(BDC); Collinear(BDC); ["Equal(MeasureOfAngle(BDC),180)"]  
2; angle_addition(BDA,ADC); Angle(BDA)&Angle(ADC)&Angle(BDC); ["Equal(MeasureOfAngle(BDC),Add(MeasureOfAngle(BDA),MeasureOfAngle(ADC)))"]  
3; right_triangle_judgment_angle(ACD); Polygon(ACD)&Equal(MeasureOfAngle(ACD),90); ["RightTriangle(ACD)"]  
4; sine_theorem(ACD); Polygon(ACD); ["Equal(Mul(LengthOfLine(AC),Sin(MeasureOfAngle(ACD))),Mul(LengthOfLine(AD),Sin(MeasureOfAngle(CDA))))"]
Retry attempt: 1
Content written to results/level_5/variant_analogy_based_model_o1_problem_5563_run_2_to_verify.txt
predicates to add:
Line
predicates to add:
Angle
predicates to add:
Line
predicates to add:
Line
predicates to add:
Angle
predicates to add:
Line
predicates to add:
Line
predicates to add:
Line
predicates to add:
Angle
predicates to add:
Line
predicates to add:
Line
predicates to add:
Line
predicates to add:
Angle
predicates to add:
Line
predicates to add:
Line
predicates to add:
Line
predicates to add:
Angle
predicates to add:
Line
predicates to add:
Line
predicates to add:
Polygon
has Polygon
has Polygon
has Polygon
has Polygon
has Polygon
has Polygon
has Polygon
predicates to add:
Line
predicates to add:
Angle
predicates to add:
Line
predicates to add:
Line
predicates to add:
Line
predicates to add:
Angle
predicates to add:
Line
predicates to add:
Line
predicates to add:
Line
predicates to add:
Angle
predicates to add:
Line
predicates to add:
Line
predicates to add:
Polygon
has Polygon
has Polygon
has Polygon
has Polygon
has Polygon
has Polygon
has Polygon
predicates to add:
Line
predicates to add:
Angle
predicates to add:
Line
predicates to add:
Angle
predicates to add:
Line
predicates to add:
Angle
predicates to add:
Line
predicates to add:
Line
predicates to add:
Line
predicates to add:
Angle
predicates to add:
Line
predicates to add:
Line
predicates to add:
Polygon
has Polygon
has Polygon
has Polygon
has Polygon
has Polygon
has Polygon
has Polygon
predicates to add:
Angle
predicates to add:
Angle
predicates to add:
Angle
predicates to add:
Angle
predicates to add:
Line
predicates to add:
Line
predicates to add:
Angle
predicates to add:
Angle
predicates to add:
Angle
predicates to add:
Angle
predicates to add:
Angle
predicates to add:
Angle
predicates to add:
Angle
predicates to add:
Angle
predicates to add:
Angle
predicates to add:
Angle
predicates to add:
Angle
predicates to add:
Angle
predicates to add:
Line
predicates to add:
Line
predicates to add:
Angle
predicates to add:
Line
predicates to add:
Line
predicates to add:
Angle
predicates to add:
Line
predicates to add:
Line
predicates to add:
Angle
predicates to add:
Line
predicates to add:
Line
predicates to add:
Angle
predicates to add:
Line
predicates to add:
Line
predicates to add:
Angle
predicates to add:
Line
predicates to add:
Line
predicates to add:
Angle
predicates to add:
Line
predicates to add:
Line
predicates to add:
Angle
predicates to add:
Line
predicates to add:
Line
predicates to add:
Angle
predicates to add:
Line
predicates to add:
Line
predicates to add:
Equation
predicates to add:
Equation
predicates to add:
Equation
predicates to add:
Equation
Verifier result: ERROR_TIER: TIER3_GOAL_NOT_REACHED
verification failed.

- Goal: length of line AC
- Model answer: 6
- Error: Your proof doesn't uniquely determine the value. You need to use additional theorems to constrain the value.
- Available premises:
  Collinear Points: BDC
  Right Triangles: ACD
  Polygons: ABC, ABD, ACB, ACD, ADB, ADC
- Theorems related to the goal:
  Step 3 - right_triangle_judgment_angle(1, ACD): RightTriangle(ACD)
  Step 4 - sine_theorem(1, ACD): Equal(Mul(LengthOfLine(AC),Sin(MeasureOfAngle(ACD))),Mul(LengthOfLine(AD),Sin(MeasureOfAngle(CDA))))
- Solver constraints directly related to this goal:
  |AC| > 0
  |AC|*1 = |AD|*24999999999999997/50000000000000000

Please fix the proof.
Model Answer:
RETRY_ANSWER:
6
RETRY_THEOREM_SEQUENCE:
1; flat_angle(1,BDC); Collinear(BDC); ["Equal(MeasureOfAngle(BDC),180)"]  
2; angle_addition(1,BDA,ADC); Angle(BDA)&Angle(ADC)&Angle(BDC); ["Equal(MeasureOfAngle(BDC),Add(MeasureOfAngle(BDA),MeasureOfAngle(ADC)))"]  
3; right_triangle_judgment_angle(1,ACD); Polygon(ACD)&Equal(MeasureOfAngle(ACD),90); ["RightTriangle(ACD)"]  
4; sine_theorem(1,ACD); Polygon(ACD); ["Equal(Mul(LengthOfLine(AC),Sin(MeasureOfAngle(ACD))),Mul(LengthOfLine(AD),Sin(MeasureOfAngle(CDA))))"]
Retry attempt: 2
Content written to results/level_5/variant_analogy_based_model_o1_problem_5563_run_2_to_verify.txt
predicates to add:
Line
predicates to add:
Angle
predicates to add:
Line
predicates to add:
Line
predicates to add:
Angle
predicates to add:
Line
predicates to add:
Line
predicates to add:
Line
predicates to add:
Angle
predicates to add:
Line
predicates to add:
Line
predicates to add:
Line
predicates to add:
Angle
predicates to add:
Line
predicates to add:
Line
predicates to add:
Line
predicates to add:
Angle
predicates to add:
Line
predicates to add:
Line
predicates to add:
Polygon
has Polygon
has Polygon
has Polygon
has Polygon
has Polygon
has Polygon
has Polygon
predicates to add:
Line
predicates to add:
Angle
predicates to add:
Line
predicates to add:
Line
predicates to add:
Line
predicates to add:
Angle
predicates to add:
Line
predicates to add:
Line
predicates to add:
Line
predicates to add:
Angle
predicates to add:
Line
predicates to add:
Line
predicates to add:
Polygon
has Polygon
has Polygon
has Polygon
has Polygon
has Polygon
has Polygon
has Polygon
predicates to add:
Line
predicates to add:
Angle
predicates to add:
Line
predicates to add:
Angle
predicates to add:
Line
predicates to add:
Angle
predicates to add:
Line
predicates to add:
Line
predicates to add:
Line
predicates to add:
Angle
predicates to add:
Line
predicates to add:
Line
predicates to add:
Polygon
has Polygon
has Polygon
has Polygon
has Polygon
has Polygon
has Polygon
has Polygon
predicates to add:
Angle
predicates to add:
Angle
predicates to add:
Angle
predicates to add:
Angle
predicates to add:
Line
predicates to add:
Line
predicates to add:
Angle
predicates to add:
Angle
predicates to add:
Angle
predicates to add:
Angle
predicates to add:
Angle
predicates to add:
Angle
predicates to add:
Angle
predicates to add:
Angle
predicates to add:
Angle
predicates to add:
Angle
predicates to add:
Angle
predicates to add:
Angle
predicates to add:
Line
predicates to add:
Line
predicates to add:
Angle
predicates to add:
Line
predicates to add:
Line
predicates to add:
Angle
predicates to add:
Line
predicates to add:
Line
predicates to add:
Angle
predicates to add:
Line
predicates to add:
Line
predicates to add:
Angle
predicates to add:
Line
predicates to add:
Line
predicates to add:
Angle
predicates to add:
Line
predicates to add:
Line
predicates to add:
Angle
predicates to add:
Line
predicates to add:
Line
predicates to add:
Angle
predicates to add:
Line
predicates to add:
Line
predicates to add:
Angle
predicates to add:
Line
predicates to add:
Line
predicates to add:
Equation
predicates to add:
Equation
predicates to add:
Equation
predicates to add:
Equation
Verifier result: ERROR_TIER: TIER1_THEOREM_CALL_SYNTAX_VIOLATION
Theorem: isosceles_triangle_judgment_angle_equal(1,ABD)
You output the following premises: Polygon(ABD)&Equal(MeasureOfAngle(ABD),MeasureOfAngle(DAB))
But the correct premises: Polygon(ABD)&Equal(MeasureOfAngle(ABD),MeasureOfAngle(BDA))

Model Answer:
RETRY_ANSWER:
6
RETRY_THEOREM_SEQUENCE:
1; flat_angle(1,BDC); Collinear(BDC); ["Equal(MeasureOfAngle(BDC),180)"]  
2; angle_addition(1,BDA,ADC); Angle(BDA)&Angle(ADC)&Angle(BDC); ["Equal(MeasureOfAngle(BDC),Add(MeasureOfAngle(BDA),MeasureOfAngle(ADC)))"]  
3; triangle_property_angle_sum(1,ABD); Polygon(ABD); ["Equal(Add(MeasureOfAngle(ABD),MeasureOfAngle(BDA),MeasureOfAngle(DAB)),180)"]  
4; isosceles_triangle_judgment_angle_equal(1,ABD); Polygon(ABD)&Equal(MeasureOfAngle(ABD),MeasureOfAngle(DAB)); ["IsoscelesTriangle(ABD)"]  
5; right_triangle_judgment_angle(1,DCA); Polygon(DCA)&Equal(MeasureOfAngle(DCA),90); ["RightTriangle(DCA)"]  
6; sine_theorem(1,ACD); Polygon(ACD); ["Equal(Mul(LengthOfLine(AC),Sin(MeasureOfAngle(ACD))),Mul(LengthOfLine(AD),Sin(MeasureOfAngle(CDA))))"]
Retry attempt: 3
Content written to results/level_5/variant_analogy_based_model_o1_problem_5563_run_2_to_verify.txt
predicates to add:
Line
predicates to add:
Angle
predicates to add:
Line
predicates to add:
Line
predicates to add:
Angle
predicates to add:
Line
predicates to add:
Line
predicates to add:
Line
predicates to add:
Angle
predicates to add:
Line
predicates to add:
Line
predicates to add:
Line
predicates to add:
Angle
predicates to add:
Line
predicates to add:
Line
predicates to add:
Line
predicates to add:
Angle
predicates to add:
Line
predicates to add:
Line
predicates to add:
Polygon
has Polygon
has Polygon
has Polygon
has Polygon
has Polygon
has Polygon
has Polygon
predicates to add:
Line
predicates to add:
Angle
predicates to add:
Line
predicates to add:
Line
predicates to add:
Line
predicates to add:
Angle
predicates to add:
Line
predicates to add:
Line
predicates to add:
Line
predicates to add:
Angle
predicates to add:
Line
predicates to add:
Line
predicates to add:
Polygon
has Polygon
has Polygon
has Polygon
has Polygon
has Polygon
has Polygon
has Polygon
predicates to add:
Line
predicates to add:
Angle
predicates to add:
Line
predicates to add:
Angle
predicates to add:
Line
predicates to add:
Angle
predicates to add:
Line
predicates to add:
Line
predicates to add:
Line
predicates to add:
Angle
predicates to add:
Line
predicates to add:
Line
predicates to add:
Polygon
has Polygon
has Polygon
has Polygon
has Polygon
has Polygon
has Polygon
has Polygon
predicates to add:
Angle
predicates to add:
Angle
predicates to add:
Angle
predicates to add:
Angle
predicates to add:
Line
predicates to add:
Line
predicates to add:
Angle
predicates to add:
Angle
predicates to add:
Angle
predicates to add:
Angle
predicates to add:
Angle
predicates to add:
Angle
predicates to add:
Angle
predicates to add:
Angle
predicates to add:
Angle
predicates to add:
Angle
predicates to add:
Angle
predicates to add:
Angle
predicates to add:
Line
predicates to add:
Line
predicates to add:
Angle
predicates to add:
Line
predicates to add:
Line
predicates to add:
Angle
predicates to add:
Line
predicates to add:
Line
predicates to add:
Angle
predicates to add:
Line
predicates to add:
Line
predicates to add:
Angle
predicates to add:
Line
predicates to add:
Line
predicates to add:
Angle
predicates to add:
Line
predicates to add:
Line
predicates to add:
Angle
predicates to add:
Line
predicates to add:
Line
predicates to add:
Angle
predicates to add:
Line
predicates to add:
Line
predicates to add:
Angle
predicates to add:
Line
predicates to add:
Line
predicates to add:
Equation
predicates to add:
Equation
predicates to add:
Equation
predicates to add:
Equation
Verifier result: ERROR_TIER: TIER2_PREMISE_VIOLATION
verification failed.

- Error: You tried to use theorem: isosceles_triangle_judgment_angle_equal(1,ABD);Polygon(ABD)&Equal(MeasureOfAngle(ABD),MeasureOfAngle(BDA));['IsoscelesTriangle(ABD)']
Missing premise: Angles ABD and BDA are not proven equal in the system
Details: The current constraints don't force these angles to be equal
- Available premises:
  Collinear Points: BDC
  Polygons: ABC, ABD, ACB, ACD, ADB, ADC
- Theorems related to the goal:
  None found that constrain this goal
- Solver constraints directly related to this goal:
  None found

Please fix the proof.
Model Answer:
RETRY_ANSWER:
6
RETRY_THEOREM_SEQUENCE:
1; flat_angle(1,BDC); Collinear(BDC); ["Equal(MeasureOfAngle(BDC),180)"]  
2; angle_addition(1,BDA,ADC); Angle(BDA)&Angle(ADC)&Angle(BDC); ["Equal(MeasureOfAngle(BDC),Add(MeasureOfAngle(BDA),MeasureOfAngle(ADC)))"]  
3; triangle_property_angle_sum(1,ABD); Polygon(ABD); ["Equal(Add(MeasureOfAngle(ABD),MeasureOfAngle(BDA),MeasureOfAngle(DAB)),180)"]  
4; isosceles_triangle_judgment_angle_equal(1,ABD); Polygon(ABD)&Equal(MeasureOfAngle(ABD),MeasureOfAngle(BDA)); ["IsoscelesTriangle(ABD)"]  
5; triangle_property_angle_sum(1,ACD); Polygon(ACD); ["Equal(Add(MeasureOfAngle(ACD),MeasureOfAngle(CDA),MeasureOfAngle(DAC)),180)"]  
6; sine_theorem(1,ACD); Polygon(ACD); ["Equal(Mul(LengthOfLine(AC),Sin(MeasureOfAngle(ACD))),Mul(LengthOfLine(AD),Sin(MeasureOfAngle(CDA))))"]
Retry attempt: 4
Content written to results/level_5/variant_analogy_based_model_o1_problem_5563_run_2_to_verify.txt
predicates to add:
Line
predicates to add:
Angle
predicates to add:
Line
predicates to add:
Line
predicates to add:
Angle
predicates to add:
Line
predicates to add:
Line
predicates to add:
Line
predicates to add:
Angle
predicates to add:
Line
predicates to add:
Line
predicates to add:
Line
predicates to add:
Angle
predicates to add:
Line
predicates to add:
Line
predicates to add:
Line
predicates to add:
Angle
predicates to add:
Line
predicates to add:
Line
predicates to add:
Polygon
has Polygon
has Polygon
has Polygon
has Polygon
has Polygon
has Polygon
has Polygon
predicates to add:
Line
predicates to add:
Angle
predicates to add:
Line
predicates to add:
Line
predicates to add:
Line
predicates to add:
Angle
predicates to add:
Line
predicates to add:
Line
predicates to add:
Line
predicates to add:
Angle
predicates to add:
Line
predicates to add:
Line
predicates to add:
Polygon
has Polygon
has Polygon
has Polygon
has Polygon
has Polygon
has Polygon
has Polygon
predicates to add:
Line
predicates to add:
Angle
predicates to add:
Line
predicates to add:
Angle
predicates to add:
Line
predicates to add:
Angle
predicates to add:
Line
predicates to add:
Line
predicates to add:
Line
predicates to add:
Angle
predicates to add:
Line
predicates to add:
Line
predicates to add:
Polygon
has Polygon
has Polygon
has Polygon
has Polygon
has Polygon
has Polygon
has Polygon
predicates to add:
Angle
predicates to add:
Angle
predicates to add:
Angle
predicates to add:
Angle
predicates to add:
Line
predicates to add:
Line
predicates to add:
Angle
predicates to add:
Angle
predicates to add:
Angle
predicates to add:
Angle
predicates to add:
Angle
predicates to add:
Angle
predicates to add:
Angle
predicates to add:
Angle
predicates to add:
Angle
predicates to add:
Angle
predicates to add:
Angle
predicates to add:
Angle
predicates to add:
Line
predicates to add:
Line
predicates to add:
Angle
predicates to add:
Line
predicates to add:
Line
predicates to add:
Angle
predicates to add:
Line
predicates to add:
Line
predicates to add:
Angle
predicates to add:
Line
predicates to add:
Line
predicates to add:
Angle
predicates to add:
Line
predicates to add:
Line
predicates to add:
Angle
predicates to add:
Line
predicates to add:
Line
predicates to add:
Angle
predicates to add:
Line
predicates to add:
Line
predicates to add:
Angle
predicates to add:
Line
predicates to add:
Line
predicates to add:
Angle
predicates to add:
Line
predicates to add:
Line
predicates to add:
Equation
predicates to add:
Equation
predicates to add:
Equation
predicates to add:
Equation
Verifier result: ERROR_TIER: TIER1_THEOREM_CALL_SYNTAX_VIOLATION
Theorem: isosceles_triangle_judgment_angle_equal(1,ABD)
You output the following premises: Polygon(ABD)&Equal(MeasureOfAngle(ABD),MeasureOfAngle(DAB))
But the correct premises: Polygon(ABD)&Equal(MeasureOfAngle(ABD),MeasureOfAngle(BDA))

Model Answer:
RETRY_ANSWER:
6
RETRY_THEOREM_SEQUENCE:
1; flat_angle(1,BDC); Collinear(BDC); ["Equal(MeasureOfAngle(BDC),180)"]  
2; angle_addition(1,BDA,ADC); Angle(BDA)&Angle(ADC)&Angle(BDC); ["Equal(MeasureOfAngle(BDC),Add(MeasureOfAngle(BDA),MeasureOfAngle(ADC)))"]  
3; triangle_property_angle_sum(1,ABD); Polygon(ABD); ["Equal(Add(MeasureOfAngle(ABD),MeasureOfAngle(BDA),MeasureOfAngle(DAB)),180)"]  
4; isosceles_triangle_judgment_angle_equal(1,ABD); Polygon(ABD)&Equal(MeasureOfAngle(ABD),MeasureOfAngle(DAB)); ["IsoscelesTriangle(ABD)"]  
5; right_triangle_judgment_angle(1,ACD); Polygon(ACD)&Equal(MeasureOfAngle(ACD),90); ["RightTriangle(ACD)"]  
6; sine_theorem(1,ACD); Polygon(ACD); ["Equal(Mul(LengthOfLine(AC),Sin(MeasureOfAngle(ACD))),Mul(LengthOfLine(AD),Sin(MeasureOfAngle(CDA))))"]
Retry attempt: 5
Content written to results/level_5/variant_analogy_based_model_o1_problem_5563_run_2.txt
