Content written to results/level_5/variant_random_all_theorems_model_o1_problem_5563_run_0_to_verify.txt
predicates to add:
Line
predicates to add:
Angle
predicates to add:
Line
predicates to add:
Line
predicates to add:
Angle
predicates to add:
Line
predicates to add:
Line
predicates to add:
Line
predicates to add:
Angle
predicates to add:
Line
predicates to add:
Line
predicates to add:
Line
predicates to add:
Angle
predicates to add:
Line
predicates to add:
Line
predicates to add:
Line
predicates to add:
Angle
predicates to add:
Line
predicates to add:
Line
predicates to add:
Polygon
has Polygon
has Polygon
has Polygon
has Polygon
has Polygon
has Polygon
has Polygon
predicates to add:
Line
predicates to add:
Angle
predicates to add:
Line
predicates to add:
Line
predicates to add:
Line
predicates to add:
Angle
predicates to add:
Line
predicates to add:
Line
predicates to add:
Line
predicates to add:
Angle
predicates to add:
Line
predicates to add:
Line
predicates to add:
Polygon
has Polygon
has Polygon
has Polygon
has Polygon
has Polygon
has Polygon
has Polygon
predicates to add:
Line
predicates to add:
Angle
predicates to add:
Line
predicates to add:
Angle
predicates to add:
Line
predicates to add:
Angle
predicates to add:
Line
predicates to add:
Line
predicates to add:
Line
predicates to add:
Angle
predicates to add:
Line
predicates to add:
Line
predicates to add:
Polygon
has Polygon
has Polygon
has Polygon
has Polygon
has Polygon
has Polygon
has Polygon
predicates to add:
Angle
predicates to add:
Angle
predicates to add:
Angle
predicates to add:
Angle
predicates to add:
Line
predicates to add:
Line
predicates to add:
Angle
predicates to add:
Angle
predicates to add:
Angle
predicates to add:
Angle
predicates to add:
Angle
predicates to add:
Angle
predicates to add:
Angle
predicates to add:
Angle
predicates to add:
Angle
predicates to add:
Angle
predicates to add:
Angle
predicates to add:
Angle
predicates to add:
Line
predicates to add:
Line
predicates to add:
Angle
predicates to add:
Line
predicates to add:
Line
predicates to add:
Angle
predicates to add:
Line
predicates to add:
Line
predicates to add:
Angle
predicates to add:
Line
predicates to add:
Line
predicates to add:
Angle
predicates to add:
Line
predicates to add:
Line
predicates to add:
Angle
predicates to add:
Line
predicates to add:
Line
predicates to add:
Angle
predicates to add:
Line
predicates to add:
Line
predicates to add:
Angle
predicates to add:
Line
predicates to add:
Line
predicates to add:
Angle
predicates to add:
Line
predicates to add:
Line
predicates to add:
Equation
predicates to add:
Equation
predicates to add:
Equation
predicates to add:
Equation
Verifier result: ERROR_TIER: TIER1_THEOREM_CALL_SYNTAX_VIOLATION
Failure: Theorem <triangle_judgment_right_angle> not defined in current GDL. Please rewrite the proof sequence, you are allowed to use only theorems from the GDL.
Model Answer:
RETRY_ANSWER:
6
RETRY_THEOREM_SEQUENCE:
1; flat_angle(1,BDC); Collinear(BDC); ["Equal(MeasureOfAngle(BDC),180)"]  
2; triangle_judgment_right_angle(1,ADC); Polygon(ADC)&Equal(MeasureOfAngle(DCA),90); ["RightTriangle(ADC)"]  
3; sine_theorem(1,ADC); Polygon(ADC); ["Equal(Mul(LengthOfLine(AD),Sin(MeasureOfAngle(ADC))),Mul(LengthOfLine(AC),Sin(MeasureOfAngle(DCA))))"]
Retry attempt: 1
Content written to results/level_5/variant_random_all_theorems_model_o1_problem_5563_run_0_to_verify.txt
predicates to add:
Line
predicates to add:
Angle
predicates to add:
Line
predicates to add:
Line
predicates to add:
Angle
predicates to add:
Line
predicates to add:
Line
predicates to add:
Line
predicates to add:
Angle
predicates to add:
Line
predicates to add:
Line
predicates to add:
Line
predicates to add:
Angle
predicates to add:
Line
predicates to add:
Line
predicates to add:
Line
predicates to add:
Angle
predicates to add:
Line
predicates to add:
Line
predicates to add:
Polygon
has Polygon
has Polygon
has Polygon
has Polygon
has Polygon
has Polygon
has Polygon
predicates to add:
Line
predicates to add:
Angle
predicates to add:
Line
predicates to add:
Line
predicates to add:
Line
predicates to add:
Angle
predicates to add:
Line
predicates to add:
Line
predicates to add:
Line
predicates to add:
Angle
predicates to add:
Line
predicates to add:
Line
predicates to add:
Polygon
has Polygon
has Polygon
has Polygon
has Polygon
has Polygon
has Polygon
has Polygon
predicates to add:
Line
predicates to add:
Angle
predicates to add:
Line
predicates to add:
Angle
predicates to add:
Line
predicates to add:
Angle
predicates to add:
Line
predicates to add:
Line
predicates to add:
Line
predicates to add:
Angle
predicates to add:
Line
predicates to add:
Line
predicates to add:
Polygon
has Polygon
has Polygon
has Polygon
has Polygon
has Polygon
has Polygon
has Polygon
predicates to add:
Angle
predicates to add:
Angle
predicates to add:
Angle
predicates to add:
Angle
predicates to add:
Line
predicates to add:
Line
predicates to add:
Angle
predicates to add:
Angle
predicates to add:
Angle
predicates to add:
Angle
predicates to add:
Angle
predicates to add:
Angle
predicates to add:
Angle
predicates to add:
Angle
predicates to add:
Angle
predicates to add:
Angle
predicates to add:
Angle
predicates to add:
Angle
predicates to add:
Line
predicates to add:
Line
predicates to add:
Angle
predicates to add:
Line
predicates to add:
Line
predicates to add:
Angle
predicates to add:
Line
predicates to add:
Line
predicates to add:
Angle
predicates to add:
Line
predicates to add:
Line
predicates to add:
Angle
predicates to add:
Line
predicates to add:
Line
predicates to add:
Angle
predicates to add:
Line
predicates to add:
Line
predicates to add:
Angle
predicates to add:
Line
predicates to add:
Line
predicates to add:
Angle
predicates to add:
Line
predicates to add:
Line
predicates to add:
Angle
predicates to add:
Line
predicates to add:
Line
predicates to add:
Equation
predicates to add:
Equation
predicates to add:
Equation
predicates to add:
Equation
Verifier result: ERROR_TIER: TIER1_THEOREM_CALL_SYNTAX_VIOLATION
Failure: Theorem <adjacent_complementary_angle> para length error. Expected 6 but got ('A', 'O', 'B', 'B', 'O', 'C', '(', '1', 'B', 'D', 'C').
Model Answer:
RETRY_ANSWER:
6
RETRY_THEOREM_SEQUENCE:
1; flat_angle(1,BDC); Collinear(BDC); ["Equal(MeasureOfAngle(BDC),180)"]  
2; adjacent_complementary_angle(AOB,BOC)(1,B,D,C); Collinear(BDC)&Angle(BDA)&Angle(ADC); ["Equal(Add(MeasureOfAngle(BDA),MeasureOfAngle(ADC)),180)"]  
3; right_triangle_judgment_angle(1,ACD); Polygon(ACD)&Equal(MeasureOfAngle(ACD),90); ["RightTriangle(ACD)"]  
4; sine_theorem(1,ACD); Polygon(ACD); ["Equal(Mul(LengthOfLine(AC),Sin(MeasureOfAngle(ACD))),Mul(LengthOfLine(AD),Sin(MeasureOfAngle(CDA))))"]
Retry attempt: 2
Content written to results/level_5/variant_random_all_theorems_model_o1_problem_5563_run_0_to_verify.txt
predicates to add:
Line
predicates to add:
Angle
predicates to add:
Line
predicates to add:
Line
predicates to add:
Angle
predicates to add:
Line
predicates to add:
Line
predicates to add:
Line
predicates to add:
Angle
predicates to add:
Line
predicates to add:
Line
predicates to add:
Line
predicates to add:
Angle
predicates to add:
Line
predicates to add:
Line
predicates to add:
Line
predicates to add:
Angle
predicates to add:
Line
predicates to add:
Line
predicates to add:
Polygon
has Polygon
has Polygon
has Polygon
has Polygon
has Polygon
has Polygon
has Polygon
predicates to add:
Line
predicates to add:
Angle
predicates to add:
Line
predicates to add:
Line
predicates to add:
Line
predicates to add:
Angle
predicates to add:
Line
predicates to add:
Line
predicates to add:
Line
predicates to add:
Angle
predicates to add:
Line
predicates to add:
Line
predicates to add:
Polygon
has Polygon
has Polygon
has Polygon
has Polygon
has Polygon
has Polygon
has Polygon
predicates to add:
Line
predicates to add:
Angle
predicates to add:
Line
predicates to add:
Angle
predicates to add:
Line
predicates to add:
Angle
predicates to add:
Line
predicates to add:
Line
predicates to add:
Line
predicates to add:
Angle
predicates to add:
Line
predicates to add:
Line
predicates to add:
Polygon
has Polygon
has Polygon
has Polygon
has Polygon
has Polygon
has Polygon
has Polygon
predicates to add:
Angle
predicates to add:
Angle
predicates to add:
Angle
predicates to add:
Angle
predicates to add:
Line
predicates to add:
Line
predicates to add:
Angle
predicates to add:
Angle
predicates to add:
Angle
predicates to add:
Angle
predicates to add:
Angle
predicates to add:
Angle
predicates to add:
Angle
predicates to add:
Angle
predicates to add:
Angle
predicates to add:
Angle
predicates to add:
Angle
predicates to add:
Angle
predicates to add:
Line
predicates to add:
Line
predicates to add:
Angle
predicates to add:
Line
predicates to add:
Line
predicates to add:
Angle
predicates to add:
Line
predicates to add:
Line
predicates to add:
Angle
predicates to add:
Line
predicates to add:
Line
predicates to add:
Angle
predicates to add:
Line
predicates to add:
Line
predicates to add:
Angle
predicates to add:
Line
predicates to add:
Line
predicates to add:
Angle
predicates to add:
Line
predicates to add:
Line
predicates to add:
Angle
predicates to add:
Line
predicates to add:
Line
predicates to add:
Angle
predicates to add:
Line
predicates to add:
Line
predicates to add:
Equation
predicates to add:
Equation
predicates to add:
Equation
predicates to add:
Equation
Verifier result: ERROR_TIER: TIER1_THEOREM_CALL_SYNTAX_VIOLATION
Failure: Theorem <angle_addition> para length error. Expected 6 but got ('A', 'B', 'C', 'C', 'B', 'D', '(', '1', 'B', 'D', 'A', 'A', 'D', 'C').
Model Answer:
RETRY_ANSWER:
6
RETRY_THEOREM_SEQUENCE:
1; flat_angle(1,BDC); Collinear(BDC); ["Equal(MeasureOfAngle(BDC),180)"]  
2; angle_addition(ABC,CBD)(1,BDA,ADC); Angle(BDA)&Angle(ADC)&Angle(BDC); ["Equal(MeasureOfAngle(BDC),Add(MeasureOfAngle(BDA),MeasureOfAngle(ADC)))"]  
3; right_triangle_judgment_angle(ACD)(1); Polygon(DCA)&Equal(MeasureOfAngle(DCA),90); ["RightTriangle(DCA)"]  
4; sine_theorem(ABC)(1,DCA); Polygon(DCA); ["Equal(Mul(LengthOfLine(AD),Sin(MeasureOfAngle(ADC))),Mul(LengthOfLine(AC),Sin(MeasureOfAngle(DCA))))"]
Retry attempt: 3
Content written to results/level_5/variant_random_all_theorems_model_o1_problem_5563_run_0_to_verify.txt
predicates to add:
Line
predicates to add:
Angle
predicates to add:
Line
predicates to add:
Line
predicates to add:
Angle
predicates to add:
Line
predicates to add:
Line
predicates to add:
Line
predicates to add:
Angle
predicates to add:
Line
predicates to add:
Line
predicates to add:
Line
predicates to add:
Angle
predicates to add:
Line
predicates to add:
Line
predicates to add:
Line
predicates to add:
Angle
predicates to add:
Line
predicates to add:
Line
predicates to add:
Polygon
has Polygon
has Polygon
has Polygon
has Polygon
has Polygon
has Polygon
has Polygon
predicates to add:
Line
predicates to add:
Angle
predicates to add:
Line
predicates to add:
Line
predicates to add:
Line
predicates to add:
Angle
predicates to add:
Line
predicates to add:
Line
predicates to add:
Line
predicates to add:
Angle
predicates to add:
Line
predicates to add:
Line
predicates to add:
Polygon
has Polygon
has Polygon
has Polygon
has Polygon
has Polygon
has Polygon
has Polygon
predicates to add:
Line
predicates to add:
Angle
predicates to add:
Line
predicates to add:
Angle
predicates to add:
Line
predicates to add:
Angle
predicates to add:
Line
predicates to add:
Line
predicates to add:
Line
predicates to add:
Angle
predicates to add:
Line
predicates to add:
Line
predicates to add:
Polygon
has Polygon
has Polygon
has Polygon
has Polygon
has Polygon
has Polygon
has Polygon
predicates to add:
Angle
predicates to add:
Angle
predicates to add:
Angle
predicates to add:
Angle
predicates to add:
Line
predicates to add:
Line
predicates to add:
Angle
predicates to add:
Angle
predicates to add:
Angle
predicates to add:
Angle
predicates to add:
Angle
predicates to add:
Angle
predicates to add:
Angle
predicates to add:
Angle
predicates to add:
Angle
predicates to add:
Angle
predicates to add:
Angle
predicates to add:
Angle
predicates to add:
Line
predicates to add:
Line
predicates to add:
Angle
predicates to add:
Line
predicates to add:
Line
predicates to add:
Angle
predicates to add:
Line
predicates to add:
Line
predicates to add:
Angle
predicates to add:
Line
predicates to add:
Line
predicates to add:
Angle
predicates to add:
Line
predicates to add:
Line
predicates to add:
Angle
predicates to add:
Line
predicates to add:
Line
predicates to add:
Angle
predicates to add:
Line
predicates to add:
Line
predicates to add:
Angle
predicates to add:
Line
predicates to add:
Line
predicates to add:
Angle
predicates to add:
Line
predicates to add:
Line
predicates to add:
Equation
predicates to add:
Equation
predicates to add:
Equation
predicates to add:
Equation
Verifier result: ERROR_TIER: TIER1_THEOREM_CALL_SYNTAX_VIOLATION
Failure: Theorem <flat_angle> para length error. Expected 3 but got ('B', 'D', 'C', '(', '1').
Model Answer:
RETRY_ANSWER:
6
RETRY_THEOREM_SEQUENCE:
1; flat_angle(BDC)(1); Collinear(BDC); ["Equal(MeasureOfAngle(BDC),180)"]  
2; angle_addition(BDA,ADC)(1); Angle(BDA)&Angle(ADC)&Angle(BDC); ["Equal(MeasureOfAngle(BDC),Add(MeasureOfAngle(BDA),MeasureOfAngle(ADC)))"]  
3; triangle_property_angle_sum(ABD)(1); Polygon(ABD); ["Equal(Add(MeasureOfAngle(ABD),MeasureOfAngle(BDA),MeasureOfAngle(DAB)),180)"]  
4; cosine_theorem(ABD)(1); Polygon(ABD); ["Equal(Add(Pow(LengthOfLine(BD),2),Mul(2,LengthOfLine(AB),LengthOfLine(AD),Cos(MeasureOfAngle(BAD)))),Add(Pow(LengthOfLine(AB),2),Pow(LengthOfLine(AD),2)))"]  
5; triangle_property_angle_sum(ADC)(1); Polygon(ADC); ["Equal(Add(MeasureOfAngle(ADC),MeasureOfAngle(DCA),MeasureOfAngle(CAD)),180)"]  
6; right_triangle_judgment_angle(ADC)(1); Polygon(ADC)&Equal(MeasureOfAngle(DCA),90); ["RightTriangle(ADC)"]  
7; sine_theorem(ADC)(1); Polygon(ADC); ["Equal(Mul(LengthOfLine(AD),Sin(MeasureOfAngle(ADC))),Mul(LengthOfLine(AC),Sin(MeasureOfAngle(DCA))))"]
Retry attempt: 4
Content written to results/level_5/variant_random_all_theorems_model_o1_problem_5563_run_0_to_verify.txt
predicates to add:
Line
predicates to add:
Angle
predicates to add:
Line
predicates to add:
Line
predicates to add:
Angle
predicates to add:
Line
predicates to add:
Line
predicates to add:
Line
predicates to add:
Angle
predicates to add:
Line
predicates to add:
Line
predicates to add:
Line
predicates to add:
Angle
predicates to add:
Line
predicates to add:
Line
predicates to add:
Line
predicates to add:
Angle
predicates to add:
Line
predicates to add:
Line
predicates to add:
Polygon
has Polygon
has Polygon
has Polygon
has Polygon
has Polygon
has Polygon
has Polygon
predicates to add:
Line
predicates to add:
Angle
predicates to add:
Line
predicates to add:
Line
predicates to add:
Line
predicates to add:
Angle
predicates to add:
Line
predicates to add:
Line
predicates to add:
Line
predicates to add:
Angle
predicates to add:
Line
predicates to add:
Line
predicates to add:
Polygon
has Polygon
has Polygon
has Polygon
has Polygon
has Polygon
has Polygon
has Polygon
predicates to add:
Line
predicates to add:
Angle
predicates to add:
Line
predicates to add:
Angle
predicates to add:
Line
predicates to add:
Angle
predicates to add:
Line
predicates to add:
Line
predicates to add:
Line
predicates to add:
Angle
predicates to add:
Line
predicates to add:
Line
predicates to add:
Polygon
has Polygon
has Polygon
has Polygon
has Polygon
has Polygon
has Polygon
has Polygon
predicates to add:
Angle
predicates to add:
Angle
predicates to add:
Angle
predicates to add:
Angle
predicates to add:
Line
predicates to add:
Line
predicates to add:
Angle
predicates to add:
Angle
predicates to add:
Angle
predicates to add:
Angle
predicates to add:
Angle
predicates to add:
Angle
predicates to add:
Angle
predicates to add:
Angle
predicates to add:
Angle
predicates to add:
Angle
predicates to add:
Angle
predicates to add:
Angle
predicates to add:
Line
predicates to add:
Line
predicates to add:
Angle
predicates to add:
Line
predicates to add:
Line
predicates to add:
Angle
predicates to add:
Line
predicates to add:
Line
predicates to add:
Angle
predicates to add:
Line
predicates to add:
Line
predicates to add:
Angle
predicates to add:
Line
predicates to add:
Line
predicates to add:
Angle
predicates to add:
Line
predicates to add:
Line
predicates to add:
Angle
predicates to add:
Line
predicates to add:
Line
predicates to add:
Angle
predicates to add:
Line
predicates to add:
Line
predicates to add:
Angle
predicates to add:
Line
predicates to add:
Line
predicates to add:
Equation
predicates to add:
Equation
predicates to add:
Equation
predicates to add:
Equation
Verifier result: ERROR_TIER: TIER1_THEOREM_CALL_SYNTAX_VIOLATION
Failure: Theorem <triangle_property_angle_sum> para length error. Expected 3 but got ('A', 'B', 'D', '(', '1').
Model Answer:
RETRY_ANSWER:
6
RETRY_THEOREM_SEQUENCE:
1; triangle_property_angle_sum(ABD)(1); Polygon(ABD); ["Equal(Add(MeasureOfAngle(ABD),MeasureOfAngle(BDA),MeasureOfAngle(DAB)),180)"]  
2; cosine_theorem(ABD)(1); Polygon(ABD); ["Equal(Add(Pow(LengthOfLine(BD),2),Mul(2,LengthOfLine(AB),LengthOfLine(AD),Cos(MeasureOfAngle(DAB)))),Add(Pow(LengthOfLine(AB),2),Pow(LengthOfLine(AD),2)))"]  
3; right_triangle_judgment_angle(DCA)(1); Polygon(DCA)&Equal(MeasureOfAngle(DCA),90); ["RightTriangle(DCA)"]  
4; right_triangle_property_pythagorean(DCA)(1); RightTriangle(DCA); ["Equal(Add(Pow(LengthOfLine(DC),2),Pow(LengthOfLine(CA),2)),Pow(LengthOfLine(DA),2))"]
Retry attempt: 5
Content written to results/level_5/variant_random_all_theorems_model_o1_problem_5563_run_0.txt
