Content written to results/level_5/variant_analogy_based_model_o1_problem_5080_run_0_to_verify.txt
predicates to add:
Line
predicates to add:
Angle
predicates to add:
Line
predicates to add:
Line
predicates to add:
Angle
predicates to add:
Line
predicates to add:
Line
predicates to add:
Line
predicates to add:
Angle
predicates to add:
Line
predicates to add:
Line
predicates to add:
Angle
predicates to add:
Line
predicates to add:
Line
predicates to add:
Line
predicates to add:
Angle
predicates to add:
Line
predicates to add:
Line
predicates to add:
Line
predicates to add:
Angle
predicates to add:
Line
predicates to add:
Line
predicates to add:
Line
predicates to add:
Angle
predicates to add:
Line
predicates to add:
Line
predicates to add:
Polygon
has Polygon
has Polygon
has Polygon
has Polygon
has Polygon
has Polygon
has Polygon
predicates to add:
Line
predicates to add:
Angle
predicates to add:
Line
predicates to add:
Line
predicates to add:
Line
predicates to add:
Angle
predicates to add:
Line
predicates to add:
Line
predicates to add:
Line
predicates to add:
Angle
predicates to add:
Line
predicates to add:
Line
predicates to add:
Line
predicates to add:
Angle
predicates to add:
Line
predicates to add:
Line
predicates to add:
Polygon
has Polygon
has Polygon
has Polygon
has Polygon
predicates to add:
Line
predicates to add:
Angle
predicates to add:
Line
predicates to add:
Angle
predicates to add:
Line
predicates to add:
Angle
predicates to add:
Line
predicates to add:
Line
predicates to add:
Line
predicates to add:
Angle
predicates to add:
Line
predicates to add:
Angle
predicates to add:
Polygon
has Polygon
has Polygon
has Polygon
has Polygon
has Polygon
has Polygon
has Polygon
predicates to add:
Angle
predicates to add:
Angle
predicates to add:
Angle
predicates to add:
Angle
predicates to add:
Angle
predicates to add:
Angle
predicates to add:
Angle
predicates to add:
Angle
predicates to add:
Line
predicates to add:
Line
predicates to add:
Angle
predicates to add:
Line
predicates to add:
Line
predicates to add:
Angle
predicates to add:
Line
predicates to add:
Line
predicates to add:
Angle
predicates to add:
Angle
predicates to add:
Angle
predicates to add:
Line
predicates to add:
Line
predicates to add:
Angle
predicates to add:
Angle
predicates to add:
Angle
predicates to add:
Angle
predicates to add:
Angle
predicates to add:
Angle
predicates to add:
Angle
predicates to add:
Angle
predicates to add:
Angle
predicates to add:
Angle
predicates to add:
Angle
predicates to add:
Angle
predicates to add:
Line
predicates to add:
Line
predicates to add:
Angle
predicates to add:
Line
predicates to add:
Line
predicates to add:
Angle
predicates to add:
Line
predicates to add:
Line
predicates to add:
Angle
predicates to add:
Line
predicates to add:
Line
predicates to add:
Angle
predicates to add:
Line
predicates to add:
Line
predicates to add:
Angle
predicates to add:
Angle
predicates to add:
Angle
predicates to add:
Line
predicates to add:
Line
predicates to add:
Angle
predicates to add:
Angle
predicates to add:
Angle
predicates to add:
Line
predicates to add:
Line
predicates to add:
Angle
predicates to add:
Line
predicates to add:
Line
predicates to add:
Angle
predicates to add:
Line
predicates to add:
Line
predicates to add:
Angle
predicates to add:
Line
predicates to add:
Line
predicates to add:
Equation
predicates to add:
Equation
predicates to add:
ParallelBetweenLine
predicates to add:
ParallelBetweenLine
Verifier result: ERROR_TIER: TIER1_THEOREM_CALL_SYNTAX_VIOLATION
Verification failed.
Theorem: parallel_property_corresponding_angle(1,EF,GH,O)
The language model outputs the following conclusions: Equal(MeasureOfAngle(OFE),MeasureOfAngle(OGH))
The correct conclusions for the theorem: Equal(MeasureOfAngle(OEF),MeasureOfAngle(EGH))

Model Answer:
RETRY_ANSWER:
39
RETRY_THEOREM_SEQUENCE:
1; parallel_property_corresponding_angle(1,EF,GH,O); ParallelBetweenLine(EF,GH)&Collinear(OEG); ["Equal(MeasureOfAngle(OFE),MeasureOfAngle(OGH))"]
2; parallel_property_corresponding_angle(2,GH,EF,O); ParallelBetweenLine(GH,EF)&Collinear(OFH); ["Equal(MeasureOfAngle(OHF),MeasureOfAngle(GHO))"]
3; similar_triangle_judgment_aa(1,OFE,OHG); Polygon(OFE)&Polygon(OHG)&Equal(MeasureOfAngle(OFE),MeasureOfAngle(OHG))&Equal(MeasureOfAngle(OHF),MeasureOfAngle(GHO)); ["SimilarBetweenTriangle(OFE,OHG)"]
4; line_addition(1,OE,EG); Collinear(OEG); ["Equal(LengthOfLine(OG),Add(LengthOfLine(OE),LengthOfLine(EG)))"]
5; line_addition(2,OF,FH); Collinear(OFH); ["Equal(LengthOfLine(OH),Add(LengthOfLine(OF),LengthOfLine(FH)))"]
6; similar_triangle_property_line_ratio(1,OFE,OHG); SimilarBetweenTriangle(OFE,OHG); ["Equal(LengthOfLine(OF),Mul(LengthOfLine(OH),RatioOfSimilarTriangle(OFE,OHG)))"]
Retry attempt: 1
Content written to results/level_5/variant_analogy_based_model_o1_problem_5080_run_0_to_verify.txt
predicates to add:
Line
predicates to add:
Angle
predicates to add:
Line
predicates to add:
Line
predicates to add:
Angle
predicates to add:
Line
predicates to add:
Line
predicates to add:
Line
predicates to add:
Angle
predicates to add:
Line
predicates to add:
Line
predicates to add:
Angle
predicates to add:
Line
predicates to add:
Line
predicates to add:
Line
predicates to add:
Angle
predicates to add:
Line
predicates to add:
Line
predicates to add:
Line
predicates to add:
Angle
predicates to add:
Line
predicates to add:
Line
predicates to add:
Line
predicates to add:
Angle
predicates to add:
Line
predicates to add:
Line
predicates to add:
Polygon
has Polygon
has Polygon
has Polygon
has Polygon
has Polygon
has Polygon
has Polygon
predicates to add:
Line
predicates to add:
Angle
predicates to add:
Line
predicates to add:
Line
predicates to add:
Line
predicates to add:
Angle
predicates to add:
Line
predicates to add:
Line
predicates to add:
Line
predicates to add:
Angle
predicates to add:
Line
predicates to add:
Line
predicates to add:
Line
predicates to add:
Angle
predicates to add:
Line
predicates to add:
Line
predicates to add:
Polygon
has Polygon
has Polygon
has Polygon
has Polygon
predicates to add:
Line
predicates to add:
Angle
predicates to add:
Line
predicates to add:
Angle
predicates to add:
Line
predicates to add:
Angle
predicates to add:
Line
predicates to add:
Line
predicates to add:
Line
predicates to add:
Angle
predicates to add:
Line
predicates to add:
Angle
predicates to add:
Polygon
has Polygon
has Polygon
has Polygon
has Polygon
has Polygon
has Polygon
has Polygon
predicates to add:
Angle
predicates to add:
Angle
predicates to add:
Angle
predicates to add:
Angle
predicates to add:
Angle
predicates to add:
Angle
predicates to add:
Angle
predicates to add:
Angle
predicates to add:
Line
predicates to add:
Line
predicates to add:
Angle
predicates to add:
Line
predicates to add:
Line
predicates to add:
Angle
predicates to add:
Line
predicates to add:
Line
predicates to add:
Angle
predicates to add:
Angle
predicates to add:
Angle
predicates to add:
Line
predicates to add:
Line
predicates to add:
Angle
predicates to add:
Angle
predicates to add:
Angle
predicates to add:
Angle
predicates to add:
Angle
predicates to add:
Angle
predicates to add:
Angle
predicates to add:
Angle
predicates to add:
Angle
predicates to add:
Angle
predicates to add:
Angle
predicates to add:
Angle
predicates to add:
Line
predicates to add:
Line
predicates to add:
Angle
predicates to add:
Line
predicates to add:
Line
predicates to add:
Angle
predicates to add:
Line
predicates to add:
Line
predicates to add:
Angle
predicates to add:
Line
predicates to add:
Line
predicates to add:
Angle
predicates to add:
Line
predicates to add:
Line
predicates to add:
Angle
predicates to add:
Angle
predicates to add:
Angle
predicates to add:
Line
predicates to add:
Line
predicates to add:
Angle
predicates to add:
Angle
predicates to add:
Angle
predicates to add:
Line
predicates to add:
Line
predicates to add:
Angle
predicates to add:
Line
predicates to add:
Line
predicates to add:
Angle
predicates to add:
Line
predicates to add:
Line
predicates to add:
Angle
predicates to add:
Line
predicates to add:
Line
predicates to add:
Equation
predicates to add:
Equation
predicates to add:
ParallelBetweenLine
predicates to add:
ParallelBetweenLine
Verifier result: ERROR_TIER: TIER1_THEOREM_CALL_SYNTAX_VIOLATION
Verification failed.
Theorem: parallel_property_corresponding_angle(2,GH,EF,O)
The language model outputs the following premises: ParallelBetweenLine(GH,EF)&Collinear(OFH)
The correct premises for the theorem: ParallelBetweenLine(GH,EF)&Collinear(GEO)
The language model outputs the following conclusions: Equal(MeasureOfAngle(OHF),MeasureOfAngle(GHO))
The correct conclusions for the theorem: Equal(MeasureOfAngle(HGE),MeasureOfAngle(FEO))

Model Answer:
RETRY_ANSWER:
39
RETRY_THEOREM_SEQUENCE:
1; parallel_property_corresponding_angle(1,EF,GH,O); ParallelBetweenLine(EF,GH)&Collinear(OEG); ["Equal(MeasureOfAngle(OEF),MeasureOfAngle(EGH))"]
2; parallel_property_corresponding_angle(2,GH,EF,O); ParallelBetweenLine(GH,EF)&Collinear(OFH); ["Equal(MeasureOfAngle(OHF),MeasureOfAngle(GHO))"]
3; similar_triangle_judgment_aa(1,OFE,OHG); Polygon(OFE)&Polygon(OHG)&Equal(MeasureOfAngle(OEF),MeasureOfAngle(EGH))&Equal(MeasureOfAngle(OHF),MeasureOfAngle(GHO)); ["SimilarBetweenTriangle(OFE,OHG)"]
4; line_addition(1,OE,EG); Collinear(OEG); ["Equal(LengthOfLine(OG),Add(LengthOfLine(OE),LengthOfLine(EG)))"]
5; line_addition(2,OF,FH); Collinear(OFH); ["Equal(LengthOfLine(OH),Add(LengthOfLine(OF),LengthOfLine(FH)))"]
6; similar_triangle_property_line_ratio(1,OFE,OHG); SimilarBetweenTriangle(OFE,OHG); ["Equal(LengthOfLine(OF),Mul(LengthOfLine(OH),RatioOfSimilarTriangle(OFE,OHG)))"]
Retry attempt: 2
Content written to results/level_5/variant_analogy_based_model_o1_problem_5080_run_0_to_verify.txt
predicates to add:
Line
predicates to add:
Angle
predicates to add:
Line
predicates to add:
Line
predicates to add:
Angle
predicates to add:
Line
predicates to add:
Line
predicates to add:
Line
predicates to add:
Angle
predicates to add:
Line
predicates to add:
Line
predicates to add:
Angle
predicates to add:
Line
predicates to add:
Line
predicates to add:
Line
predicates to add:
Angle
predicates to add:
Line
predicates to add:
Line
predicates to add:
Line
predicates to add:
Angle
predicates to add:
Line
predicates to add:
Line
predicates to add:
Line
predicates to add:
Angle
predicates to add:
Line
predicates to add:
Line
predicates to add:
Polygon
has Polygon
has Polygon
has Polygon
has Polygon
has Polygon
has Polygon
has Polygon
predicates to add:
Line
predicates to add:
Angle
predicates to add:
Line
predicates to add:
Line
predicates to add:
Line
predicates to add:
Angle
predicates to add:
Line
predicates to add:
Line
predicates to add:
Line
predicates to add:
Angle
predicates to add:
Line
predicates to add:
Line
predicates to add:
Line
predicates to add:
Angle
predicates to add:
Line
predicates to add:
Line
predicates to add:
Polygon
has Polygon
has Polygon
has Polygon
has Polygon
predicates to add:
Line
predicates to add:
Angle
predicates to add:
Line
predicates to add:
Angle
predicates to add:
Line
predicates to add:
Angle
predicates to add:
Line
predicates to add:
Line
predicates to add:
Line
predicates to add:
Angle
predicates to add:
Line
predicates to add:
Angle
predicates to add:
Polygon
has Polygon
has Polygon
has Polygon
has Polygon
has Polygon
has Polygon
has Polygon
predicates to add:
Angle
predicates to add:
Angle
predicates to add:
Angle
predicates to add:
Angle
predicates to add:
Angle
predicates to add:
Angle
predicates to add:
Angle
predicates to add:
Angle
predicates to add:
Line
predicates to add:
Line
predicates to add:
Angle
predicates to add:
Line
predicates to add:
Line
predicates to add:
Angle
predicates to add:
Line
predicates to add:
Line
predicates to add:
Angle
predicates to add:
Angle
predicates to add:
Angle
predicates to add:
Line
predicates to add:
Line
predicates to add:
Angle
predicates to add:
Angle
predicates to add:
Angle
predicates to add:
Angle
predicates to add:
Angle
predicates to add:
Angle
predicates to add:
Angle
predicates to add:
Angle
predicates to add:
Angle
predicates to add:
Angle
predicates to add:
Angle
predicates to add:
Angle
predicates to add:
Line
predicates to add:
Line
predicates to add:
Angle
predicates to add:
Line
predicates to add:
Line
predicates to add:
Angle
predicates to add:
Line
predicates to add:
Line
predicates to add:
Angle
predicates to add:
Line
predicates to add:
Line
predicates to add:
Angle
predicates to add:
Line
predicates to add:
Line
predicates to add:
Angle
predicates to add:
Angle
predicates to add:
Angle
predicates to add:
Line
predicates to add:
Line
predicates to add:
Angle
predicates to add:
Angle
predicates to add:
Angle
predicates to add:
Line
predicates to add:
Line
predicates to add:
Angle
predicates to add:
Line
predicates to add:
Line
predicates to add:
Angle
predicates to add:
Line
predicates to add:
Line
predicates to add:
Angle
predicates to add:
Line
predicates to add:
Line
predicates to add:
Equation
predicates to add:
Equation
predicates to add:
ParallelBetweenLine
predicates to add:
ParallelBetweenLine
Verifier result: ERROR_TIER: TIER1_THEOREM_CALL_SYNTAX_VIOLATION
Verification failed.
Theorem: similar_triangle_judgment_aa(1,OFE,OHG)
The language model outputs the following premises: Polygon(OFE)&Polygon(OHG)&Equal(MeasureOfAngle(OEF),MeasureOfAngle(EGH))&Equal(MeasureOfAngle(HGE),MeasureOfAngle(FEO))
The correct premises for the theorem: Polygon(OFE)&Polygon(OHG)&Equal(MeasureOfAngle(OFE),MeasureOfAngle(OHG))&Equal(MeasureOfAngle(FEO),MeasureOfAngle(HGO))

Model Answer:
RETRY_ANSWER:
39
RETRY_THEOREM_SEQUENCE:
1; parallel_property_corresponding_angle(1,EF,GH,O); ParallelBetweenLine(EF,GH)&Collinear(OEG); ["Equal(MeasureOfAngle(OEF),MeasureOfAngle(EGH))"]
2; parallel_property_corresponding_angle(2,GH,EF,O); ParallelBetweenLine(GH,EF)&Collinear(GEO); ["Equal(MeasureOfAngle(HGE),MeasureOfAngle(FEO))"]
3; similar_triangle_judgment_aa(1,OFE,OHG); Polygon(OFE)&Polygon(OHG)&Equal(MeasureOfAngle(OEF),MeasureOfAngle(EGH))&Equal(MeasureOfAngle(HGE),MeasureOfAngle(FEO)); ["SimilarBetweenTriangle(OFE,OHG)"]
4; line_addition(1,OE,EG); Collinear(OEG); ["Equal(LengthOfLine(OG),Add(LengthOfLine(OE),LengthOfLine(EG)))"]
5; line_addition(2,OF,FH); Collinear(OFH); ["Equal(LengthOfLine(OH),Add(LengthOfLine(OF),LengthOfLine(FH)))"]
6; similar_triangle_property_line_ratio(1,OFE,OHG); SimilarBetweenTriangle(OFE,OHG); ["Equal(LengthOfLine(OF),Mul(LengthOfLine(OH),RatioOfSimilarTriangle(OFE,OHG)))"]
Retry attempt: 3
Content written to results/level_5/variant_analogy_based_model_o1_problem_5080_run_0_to_verify.txt
predicates to add:
Line
predicates to add:
Angle
predicates to add:
Line
predicates to add:
Line
predicates to add:
Angle
predicates to add:
Line
predicates to add:
Line
predicates to add:
Line
predicates to add:
Angle
predicates to add:
Line
predicates to add:
Line
predicates to add:
Angle
predicates to add:
Line
predicates to add:
Line
predicates to add:
Line
predicates to add:
Angle
predicates to add:
Line
predicates to add:
Line
predicates to add:
Line
predicates to add:
Angle
predicates to add:
Line
predicates to add:
Line
predicates to add:
Line
predicates to add:
Angle
predicates to add:
Line
predicates to add:
Line
predicates to add:
Polygon
has Polygon
has Polygon
has Polygon
has Polygon
has Polygon
has Polygon
has Polygon
predicates to add:
Line
predicates to add:
Angle
predicates to add:
Line
predicates to add:
Line
predicates to add:
Line
predicates to add:
Angle
predicates to add:
Line
predicates to add:
Line
predicates to add:
Line
predicates to add:
Angle
predicates to add:
Line
predicates to add:
Line
predicates to add:
Line
predicates to add:
Angle
predicates to add:
Line
predicates to add:
Line
predicates to add:
Polygon
has Polygon
has Polygon
has Polygon
has Polygon
predicates to add:
Line
predicates to add:
Angle
predicates to add:
Line
predicates to add:
Angle
predicates to add:
Line
predicates to add:
Angle
predicates to add:
Line
predicates to add:
Line
predicates to add:
Line
predicates to add:
Angle
predicates to add:
Line
predicates to add:
Angle
predicates to add:
Polygon
has Polygon
has Polygon
has Polygon
has Polygon
has Polygon
has Polygon
has Polygon
predicates to add:
Angle
predicates to add:
Angle
predicates to add:
Angle
predicates to add:
Angle
predicates to add:
Angle
predicates to add:
Angle
predicates to add:
Angle
predicates to add:
Angle
predicates to add:
Line
predicates to add:
Line
predicates to add:
Angle
predicates to add:
Line
predicates to add:
Line
predicates to add:
Angle
predicates to add:
Line
predicates to add:
Line
predicates to add:
Angle
predicates to add:
Angle
predicates to add:
Angle
predicates to add:
Line
predicates to add:
Line
predicates to add:
Angle
predicates to add:
Angle
predicates to add:
Angle
predicates to add:
Angle
predicates to add:
Angle
predicates to add:
Angle
predicates to add:
Angle
predicates to add:
Angle
predicates to add:
Angle
predicates to add:
Angle
predicates to add:
Angle
predicates to add:
Angle
predicates to add:
Line
predicates to add:
Line
predicates to add:
Angle
predicates to add:
Line
predicates to add:
Line
predicates to add:
Angle
predicates to add:
Line
predicates to add:
Line
predicates to add:
Angle
predicates to add:
Line
predicates to add:
Line
predicates to add:
Angle
predicates to add:
Line
predicates to add:
Line
predicates to add:
Angle
predicates to add:
Angle
predicates to add:
Angle
predicates to add:
Line
predicates to add:
Line
predicates to add:
Angle
predicates to add:
Angle
predicates to add:
Angle
predicates to add:
Line
predicates to add:
Line
predicates to add:
Angle
predicates to add:
Line
predicates to add:
Line
predicates to add:
Angle
predicates to add:
Line
predicates to add:
Line
predicates to add:
Angle
predicates to add:
Line
predicates to add:
Line
predicates to add:
Equation
predicates to add:
Equation
predicates to add:
ParallelBetweenLine
predicates to add:
ParallelBetweenLine
Verifier result: ERROR_TIER: TIER1_THEOREM_CALL_SYNTAX_VIOLATION
Verification failed.
Theorem: parallel_property_corresponding_angle(1,EF,GH,O)
The language model outputs the following conclusions: Equal(MeasureOfAngle(OFE),MeasureOfAngle(OHG))
The correct conclusions for the theorem: Equal(MeasureOfAngle(OEF),MeasureOfAngle(EGH))

Model Answer:
RETRY_ANSWER:
39
RETRY_THEOREM_SEQUENCE:
1; parallel_property_corresponding_angle(1,EF,GH,O); ParallelBetweenLine(EF,GH)&Collinear(OEG); ["Equal(MeasureOfAngle(OFE),MeasureOfAngle(OHG))"]
2; parallel_property_corresponding_angle(1,EF,GH,E); ParallelBetweenLine(EF,GH)&Collinear(EOG); ["Equal(MeasureOfAngle(FEO),MeasureOfAngle(HGO))"]
3; similar_triangle_judgment_aa(1,OFE,OHG); Polygon(OFE)&Polygon(OHG)&Equal(MeasureOfAngle(OFE),MeasureOfAngle(OHG))&Equal(MeasureOfAngle(FEO),MeasureOfAngle(HGO)); ["SimilarBetweenTriangle(OFE,OHG)"]
4; line_addition(1,OE,EG); Collinear(OEG); ["Equal(LengthOfLine(OG),Add(LengthOfLine(OE),LengthOfLine(EG)))"]
5; line_addition(2,OF,FH); Collinear(OFH); ["Equal(LengthOfLine(OH),Add(LengthOfLine(OF),LengthOfLine(FH)))"]
6; similar_triangle_property_line_ratio(1,OFE,OHG); SimilarBetweenTriangle(OFE,OHG); ["Equal(LengthOfLine(OF),Mul(LengthOfLine(OH),RatioOfSimilarTriangle(OFE,OHG)))"]
Retry attempt: 4
Content written to results/level_5/variant_analogy_based_model_o1_problem_5080_run_0_to_verify.txt
predicates to add:
Line
predicates to add:
Angle
predicates to add:
Line
predicates to add:
Line
predicates to add:
Angle
predicates to add:
Line
predicates to add:
Line
predicates to add:
Line
predicates to add:
Angle
predicates to add:
Line
predicates to add:
Line
predicates to add:
Angle
predicates to add:
Line
predicates to add:
Line
predicates to add:
Line
predicates to add:
Angle
predicates to add:
Line
predicates to add:
Line
predicates to add:
Line
predicates to add:
Angle
predicates to add:
Line
predicates to add:
Line
predicates to add:
Line
predicates to add:
Angle
predicates to add:
Line
predicates to add:
Line
predicates to add:
Polygon
has Polygon
has Polygon
has Polygon
has Polygon
has Polygon
has Polygon
has Polygon
predicates to add:
Line
predicates to add:
Angle
predicates to add:
Line
predicates to add:
Line
predicates to add:
Line
predicates to add:
Angle
predicates to add:
Line
predicates to add:
Line
predicates to add:
Line
predicates to add:
Angle
predicates to add:
Line
predicates to add:
Line
predicates to add:
Line
predicates to add:
Angle
predicates to add:
Line
predicates to add:
Line
predicates to add:
Polygon
has Polygon
has Polygon
has Polygon
has Polygon
predicates to add:
Line
predicates to add:
Angle
predicates to add:
Line
predicates to add:
Angle
predicates to add:
Line
predicates to add:
Angle
predicates to add:
Line
predicates to add:
Line
predicates to add:
Line
predicates to add:
Angle
predicates to add:
Line
predicates to add:
Angle
predicates to add:
Polygon
has Polygon
has Polygon
has Polygon
has Polygon
has Polygon
has Polygon
has Polygon
predicates to add:
Angle
predicates to add:
Angle
predicates to add:
Angle
predicates to add:
Angle
predicates to add:
Angle
predicates to add:
Angle
predicates to add:
Angle
predicates to add:
Angle
predicates to add:
Line
predicates to add:
Line
predicates to add:
Angle
predicates to add:
Line
predicates to add:
Line
predicates to add:
Angle
predicates to add:
Line
predicates to add:
Line
predicates to add:
Angle
predicates to add:
Angle
predicates to add:
Angle
predicates to add:
Line
predicates to add:
Line
predicates to add:
Angle
predicates to add:
Angle
predicates to add:
Angle
predicates to add:
Angle
predicates to add:
Angle
predicates to add:
Angle
predicates to add:
Angle
predicates to add:
Angle
predicates to add:
Angle
predicates to add:
Angle
predicates to add:
Angle
predicates to add:
Angle
predicates to add:
Line
predicates to add:
Line
predicates to add:
Angle
predicates to add:
Line
predicates to add:
Line
predicates to add:
Angle
predicates to add:
Line
predicates to add:
Line
predicates to add:
Angle
predicates to add:
Line
predicates to add:
Line
predicates to add:
Angle
predicates to add:
Line
predicates to add:
Line
predicates to add:
Angle
predicates to add:
Angle
predicates to add:
Angle
predicates to add:
Line
predicates to add:
Line
predicates to add:
Angle
predicates to add:
Angle
predicates to add:
Angle
predicates to add:
Line
predicates to add:
Line
predicates to add:
Angle
predicates to add:
Line
predicates to add:
Line
predicates to add:
Angle
predicates to add:
Line
predicates to add:
Line
predicates to add:
Angle
predicates to add:
Line
predicates to add:
Line
predicates to add:
Equation
predicates to add:
Equation
predicates to add:
ParallelBetweenLine
predicates to add:
ParallelBetweenLine
Verifier result: ERROR_TIER: TIER1_THEOREM_CALL_SYNTAX_VIOLATION
Verification failed. Theorem <line_addition> branch error. Expected dict_keys(['1']) but got 2. Please rewrite your response, you should change only the call to theorem <line_addition> by adding the branch number from the dict_keys as the first argument
Model Answer:
RETRY_ANSWER:
39
RETRY_THEOREM_SEQUENCE:
1; parallel_property_corresponding_angle(1,EF,GH,O); ParallelBetweenLine(EF,GH)&Collinear(OEG); ["Equal(MeasureOfAngle(OEF),MeasureOfAngle(EGH))"]
2; parallel_property_corresponding_angle(2,GH,EF,O); ParallelBetweenLine(GH,EF)&Collinear(GEO); ["Equal(MeasureOfAngle(HGE),MeasureOfAngle(FEO))"]
3; similar_triangle_judgment_aa(1,OFE,OHG); Polygon(OFE)&Polygon(OHG)&Equal(MeasureOfAngle(OFE),MeasureOfAngle(OHG))&Equal(MeasureOfAngle(FEO),MeasureOfAngle(HGO)); ["SimilarBetweenTriangle(OFE,OHG)"]
4; line_addition(1,OE,EG); Collinear(OEG); ["Equal(LengthOfLine(OG),Add(LengthOfLine(OE),LengthOfLine(EG)))"]
5; line_addition(2,OF,FH); Collinear(OFH); ["Equal(LengthOfLine(OH),Add(LengthOfLine(OF),LengthOfLine(FH)))"]
6; similar_triangle_property_line_ratio(1,OFE,OHG); SimilarBetweenTriangle(OFE,OHG); ["Equal(LengthOfLine(OF),Mul(LengthOfLine(OH),RatioOfSimilarTriangle(OFE,OHG)))"]
Retry attempt: 5
Content written to results/level_5/variant_analogy_based_model_o1_problem_5080_run_0.txt
