Content written to results/level_5/variant_analogy_based_model_o1_problem_1855_run_2_to_verify.txt
predicates to add:
Line
predicates to add:
Angle
predicates to add:
Line
predicates to add:
Line
predicates to add:
Angle
predicates to add:
Line
predicates to add:
Line
predicates to add:
Line
predicates to add:
Angle
predicates to add:
Line
predicates to add:
Line
predicates to add:
Angle
predicates to add:
Line
predicates to add:
Line
predicates to add:
Line
predicates to add:
Angle
predicates to add:
Line
predicates to add:
Line
predicates to add:
Line
predicates to add:
Angle
predicates to add:
Line
predicates to add:
Line
predicates to add:
Line
predicates to add:
Angle
predicates to add:
Line
predicates to add:
Line
predicates to add:
Line
predicates to add:
Angle
predicates to add:
Line
predicates to add:
Line
predicates to add:
Polygon
has Polygon
has Polygon
has Polygon
has Polygon
predicates to add:
Line
predicates to add:
Angle
predicates to add:
Line
predicates to add:
Line
predicates to add:
Line
predicates to add:
Angle
predicates to add:
Line
predicates to add:
Line
predicates to add:
Line
predicates to add:
Angle
predicates to add:
Line
predicates to add:
Line
predicates to add:
Polygon
has Polygon
has Polygon
has Polygon
has Polygon
has Polygon
has Polygon
has Polygon
predicates to add:
Line
predicates to add:
Angle
predicates to add:
Line
predicates to add:
Angle
predicates to add:
Line
predicates to add:
Angle
predicates to add:
Line
predicates to add:
Angle
predicates to add:
Line
predicates to add:
Line
predicates to add:
Line
predicates to add:
Angle
predicates to add:
Polygon
has Polygon
has Polygon
has Polygon
has Polygon
has Polygon
has Polygon
has Polygon
predicates to add:
Angle
predicates to add:
Angle
predicates to add:
Angle
predicates to add:
Angle
predicates to add:
Angle
predicates to add:
Angle
predicates to add:
Line
predicates to add:
Line
predicates to add:
Angle
predicates to add:
Angle
predicates to add:
Angle
predicates to add:
Angle
predicates to add:
Line
predicates to add:
Line
predicates to add:
Angle
predicates to add:
Angle
predicates to add:
Line
predicates to add:
Line
predicates to add:
Angle
predicates to add:
Angle
predicates to add:
Line
predicates to add:
Line
predicates to add:
Angle
predicates to add:
Angle
predicates to add:
Angle
predicates to add:
Angle
predicates to add:
Angle
predicates to add:
Angle
predicates to add:
Angle
predicates to add:
Angle
predicates to add:
Angle
predicates to add:
Angle
predicates to add:
Angle
predicates to add:
Angle
predicates to add:
Angle
predicates to add:
Line
predicates to add:
Line
predicates to add:
Angle
predicates to add:
Angle
predicates to add:
Angle
predicates to add:
Line
predicates to add:
Line
predicates to add:
Angle
predicates to add:
Line
predicates to add:
Line
predicates to add:
Angle
predicates to add:
Line
predicates to add:
Line
predicates to add:
Angle
predicates to add:
Line
predicates to add:
Line
predicates to add:
Angle
predicates to add:
Line
predicates to add:
Line
predicates to add:
Angle
predicates to add:
Angle
predicates to add:
Angle
predicates to add:
Line
predicates to add:
Line
predicates to add:
Angle
predicates to add:
Line
predicates to add:
Line
predicates to add:
Angle
predicates to add:
Line
predicates to add:
Line
predicates to add:
Angle
predicates to add:
Line
predicates to add:
Line
predicates to add:
Equation
predicates to add:
Equation
predicates to add:
Equation
predicates to add:
Equation
predicates to add:
ParallelBetweenLine
predicates to add:
ParallelBetweenLine
predicates to add:
Equation
predicates to add:
Equation
predicates to add:
Equation
predicates to add:
Equation
Verifier result: ERROR_TIER: TIER1_THEOREM_CALL_SYNTAX_VIOLATION
Theorem: line_addition(1,QS,SR)
You output the following premises: Collinear(QRS)
But the correct premises: Collinear(QSR)

Model Answer:
RETRY_ANSWER:
14/3
RETRY_THEOREM_SEQUENCE:
1; line_addition(1,PT,TS); Collinear(PTS); ["Equal(LengthOfLine(PS),Add(LengthOfLine(PT),LengthOfLine(TS)))"]
2; line_addition(1,QS,SR); Collinear(QRS); ["Equal(LengthOfLine(QR),Add(LengthOfLine(QS),LengthOfLine(SR)))"]
3; parallel_property_corresponding_angle(1,RT,QP,S); ParallelBetweenLine(RT,QP)&Collinear(SRQ); ["Equal(MeasureOfAngle(SRT),MeasureOfAngle(RQP))"]
4; parallel_property_corresponding_angle(2,QP,RT,S); ParallelBetweenLine(QP,RT)&Collinear(SPT); ["Equal(MeasureOfAngle(QPT),MeasureOfAngle(RTS))"]
5; similar_triangle_judgment_aa(1,QPS,RTS); Polygon(QPS)&Polygon(RTS)&Equal(MeasureOfAngle(QPS),MeasureOfAngle(RTS))&Equal(MeasureOfAngle(QSP),MeasureOfAngle(RST)); ["SimilarBetweenTriangle(QPS,RTS)"]
6; similar_triangle_property_line_ratio(1,QPS,RTS); SimilarBetweenTriangle(QPS,RTS); ["Equal(LengthOfLine(PS),Mul(LengthOfLine(TS),RatioOfSimilarTriangle(QPS,RTS)))"]
Retry attempt: 1
Content written to results/level_5/variant_analogy_based_model_o1_problem_1855_run_2_to_verify.txt
predicates to add:
Line
predicates to add:
Angle
predicates to add:
Line
predicates to add:
Line
predicates to add:
Angle
predicates to add:
Line
predicates to add:
Line
predicates to add:
Line
predicates to add:
Angle
predicates to add:
Line
predicates to add:
Line
predicates to add:
Angle
predicates to add:
Line
predicates to add:
Line
predicates to add:
Line
predicates to add:
Angle
predicates to add:
Line
predicates to add:
Line
predicates to add:
Line
predicates to add:
Angle
predicates to add:
Line
predicates to add:
Line
predicates to add:
Line
predicates to add:
Angle
predicates to add:
Line
predicates to add:
Line
predicates to add:
Line
predicates to add:
Angle
predicates to add:
Line
predicates to add:
Line
predicates to add:
Polygon
has Polygon
has Polygon
has Polygon
has Polygon
predicates to add:
Line
predicates to add:
Angle
predicates to add:
Line
predicates to add:
Line
predicates to add:
Line
predicates to add:
Angle
predicates to add:
Line
predicates to add:
Line
predicates to add:
Line
predicates to add:
Angle
predicates to add:
Line
predicates to add:
Line
predicates to add:
Polygon
has Polygon
has Polygon
has Polygon
has Polygon
has Polygon
has Polygon
has Polygon
predicates to add:
Line
predicates to add:
Angle
predicates to add:
Line
predicates to add:
Angle
predicates to add:
Line
predicates to add:
Angle
predicates to add:
Line
predicates to add:
Angle
predicates to add:
Line
predicates to add:
Line
predicates to add:
Line
predicates to add:
Angle
predicates to add:
Polygon
has Polygon
has Polygon
has Polygon
has Polygon
has Polygon
has Polygon
has Polygon
predicates to add:
Angle
predicates to add:
Angle
predicates to add:
Angle
predicates to add:
Angle
predicates to add:
Angle
predicates to add:
Angle
predicates to add:
Line
predicates to add:
Line
predicates to add:
Angle
predicates to add:
Angle
predicates to add:
Angle
predicates to add:
Angle
predicates to add:
Line
predicates to add:
Line
predicates to add:
Angle
predicates to add:
Angle
predicates to add:
Line
predicates to add:
Line
predicates to add:
Angle
predicates to add:
Angle
predicates to add:
Line
predicates to add:
Line
predicates to add:
Angle
predicates to add:
Angle
predicates to add:
Angle
predicates to add:
Angle
predicates to add:
Angle
predicates to add:
Angle
predicates to add:
Angle
predicates to add:
Angle
predicates to add:
Angle
predicates to add:
Angle
predicates to add:
Angle
predicates to add:
Angle
predicates to add:
Angle
predicates to add:
Line
predicates to add:
Line
predicates to add:
Angle
predicates to add:
Angle
predicates to add:
Angle
predicates to add:
Line
predicates to add:
Line
predicates to add:
Angle
predicates to add:
Line
predicates to add:
Line
predicates to add:
Angle
predicates to add:
Line
predicates to add:
Line
predicates to add:
Angle
predicates to add:
Line
predicates to add:
Line
predicates to add:
Angle
predicates to add:
Line
predicates to add:
Line
predicates to add:
Angle
predicates to add:
Angle
predicates to add:
Angle
predicates to add:
Line
predicates to add:
Line
predicates to add:
Angle
predicates to add:
Line
predicates to add:
Line
predicates to add:
Angle
predicates to add:
Line
predicates to add:
Line
predicates to add:
Angle
predicates to add:
Line
predicates to add:
Line
predicates to add:
Equation
predicates to add:
Equation
predicates to add:
Equation
predicates to add:
Equation
predicates to add:
ParallelBetweenLine
predicates to add:
ParallelBetweenLine
predicates to add:
Equation
predicates to add:
Equation
predicates to add:
Equation
predicates to add:
Equation
Verifier result: ERROR_TIER: TIER1_THEOREM_CALL_SYNTAX_VIOLATION
Theorem: parallel_property_corresponding_angle(2,QP,RT,S)
You output the following premises: ParallelBetweenLine(QP,RT)&Collinear(SPT)
But the correct premises: ParallelBetweenLine(QP,RT)&Collinear(QRS)
You output the following conclusions: Equal(MeasureOfAngle(QPT),MeasureOfAngle(RTS))
But the correct conclusions: Equal(MeasureOfAngle(PQR),MeasureOfAngle(TRS))

Model Answer:
RETRY_ANSWER:
14/3
RETRY_THEOREM_SEQUENCE:
1; line_addition(1,PT,TS); Collinear(PTS); ["Equal(LengthOfLine(PS),Add(LengthOfLine(PT),LengthOfLine(TS)))"]
2; line_addition(1,QS,SR); Collinear(QSR); ["Equal(LengthOfLine(QR),Add(LengthOfLine(QS),LengthOfLine(SR)))"]
3; parallel_property_corresponding_angle(1,RT,QP,S); ParallelBetweenLine(RT,QP)&Collinear(SRQ); ["Equal(MeasureOfAngle(SRT),MeasureOfAngle(RQP))"]
4; parallel_property_corresponding_angle(2,QP,RT,S); ParallelBetweenLine(QP,RT)&Collinear(SPT); ["Equal(MeasureOfAngle(QPT),MeasureOfAngle(RTS))"]
5; similar_triangle_judgment_aa(1,QPS,RTS); Polygon(QPS)&Polygon(RTS)&Equal(MeasureOfAngle(QPS),MeasureOfAngle(RTS))&Equal(MeasureOfAngle(QSP),MeasureOfAngle(RST)); ["SimilarBetweenTriangle(QPS,RTS)"]
6; similar_triangle_property_line_ratio(1,QPS,RTS); SimilarBetweenTriangle(QPS,RTS); ["Equal(LengthOfLine(PS),Mul(LengthOfLine(TS),RatioOfSimilarTriangle(QPS,RTS)))"]
Retry attempt: 2
Content written to results/level_5/variant_analogy_based_model_o1_problem_1855_run_2_to_verify.txt
predicates to add:
Line
predicates to add:
Angle
predicates to add:
Line
predicates to add:
Line
predicates to add:
Angle
predicates to add:
Line
predicates to add:
Line
predicates to add:
Line
predicates to add:
Angle
predicates to add:
Line
predicates to add:
Line
predicates to add:
Angle
predicates to add:
Line
predicates to add:
Line
predicates to add:
Line
predicates to add:
Angle
predicates to add:
Line
predicates to add:
Line
predicates to add:
Line
predicates to add:
Angle
predicates to add:
Line
predicates to add:
Line
predicates to add:
Line
predicates to add:
Angle
predicates to add:
Line
predicates to add:
Line
predicates to add:
Line
predicates to add:
Angle
predicates to add:
Line
predicates to add:
Line
predicates to add:
Polygon
has Polygon
has Polygon
has Polygon
has Polygon
predicates to add:
Line
predicates to add:
Angle
predicates to add:
Line
predicates to add:
Line
predicates to add:
Line
predicates to add:
Angle
predicates to add:
Line
predicates to add:
Line
predicates to add:
Line
predicates to add:
Angle
predicates to add:
Line
predicates to add:
Line
predicates to add:
Polygon
has Polygon
has Polygon
has Polygon
has Polygon
has Polygon
has Polygon
has Polygon
predicates to add:
Line
predicates to add:
Angle
predicates to add:
Line
predicates to add:
Angle
predicates to add:
Line
predicates to add:
Angle
predicates to add:
Line
predicates to add:
Angle
predicates to add:
Line
predicates to add:
Line
predicates to add:
Line
predicates to add:
Angle
predicates to add:
Polygon
has Polygon
has Polygon
has Polygon
has Polygon
has Polygon
has Polygon
has Polygon
predicates to add:
Angle
predicates to add:
Angle
predicates to add:
Angle
predicates to add:
Angle
predicates to add:
Angle
predicates to add:
Angle
predicates to add:
Line
predicates to add:
Line
predicates to add:
Angle
predicates to add:
Angle
predicates to add:
Angle
predicates to add:
Angle
predicates to add:
Line
predicates to add:
Line
predicates to add:
Angle
predicates to add:
Angle
predicates to add:
Line
predicates to add:
Line
predicates to add:
Angle
predicates to add:
Angle
predicates to add:
Line
predicates to add:
Line
predicates to add:
Angle
predicates to add:
Angle
predicates to add:
Angle
predicates to add:
Angle
predicates to add:
Angle
predicates to add:
Angle
predicates to add:
Angle
predicates to add:
Angle
predicates to add:
Angle
predicates to add:
Angle
predicates to add:
Angle
predicates to add:
Angle
predicates to add:
Angle
predicates to add:
Line
predicates to add:
Line
predicates to add:
Angle
predicates to add:
Angle
predicates to add:
Angle
predicates to add:
Line
predicates to add:
Line
predicates to add:
Angle
predicates to add:
Line
predicates to add:
Line
predicates to add:
Angle
predicates to add:
Line
predicates to add:
Line
predicates to add:
Angle
predicates to add:
Line
predicates to add:
Line
predicates to add:
Angle
predicates to add:
Line
predicates to add:
Line
predicates to add:
Angle
predicates to add:
Angle
predicates to add:
Angle
predicates to add:
Line
predicates to add:
Line
predicates to add:
Angle
predicates to add:
Line
predicates to add:
Line
predicates to add:
Angle
predicates to add:
Line
predicates to add:
Line
predicates to add:
Angle
predicates to add:
Line
predicates to add:
Line
predicates to add:
Equation
predicates to add:
Equation
predicates to add:
Equation
predicates to add:
Equation
predicates to add:
ParallelBetweenLine
predicates to add:
ParallelBetweenLine
predicates to add:
Equation
predicates to add:
Equation
predicates to add:
Equation
predicates to add:
Equation
Verifier result: ERROR_TIER: TIER1_THEOREM_CALL_SYNTAX_VIOLATION
Theorem: similar_triangle_judgment_aa(1,QPS,RTS)
You output the following premises: Polygon(QPS)&Polygon(RTS)&Equal(MeasureOfAngle(QPS),MeasureOfAngle(RTS))&Equal(MeasureOfAngle(QSP),MeasureOfAngle(RST))
But the correct premises: Polygon(QPS)&Polygon(RTS)&Equal(MeasureOfAngle(QPS),MeasureOfAngle(RTS))&Equal(MeasureOfAngle(PSQ),MeasureOfAngle(TSR))

Model Answer:
RETRY_ANSWER:
14/3
RETRY_THEOREM_SEQUENCE:
1; line_addition(1,PT,TS); Collinear(PTS); ["Equal(LengthOfLine(PS),Add(LengthOfLine(PT),LengthOfLine(TS)))"]
2; line_addition(1,QS,SR); Collinear(QSR); ["Equal(LengthOfLine(QR),Add(LengthOfLine(QS),LengthOfLine(SR)))"]
3; parallel_property_corresponding_angle(1,RT,QP,S); ParallelBetweenLine(RT,QP)&Collinear(SRQ); ["Equal(MeasureOfAngle(SRT),MeasureOfAngle(RQP))"]
4; parallel_property_corresponding_angle(2,QP,RT,S); ParallelBetweenLine(QP,RT)&Collinear(QRS); ["Equal(MeasureOfAngle(PQR),MeasureOfAngle(TRS))"]
5; similar_triangle_judgment_aa(1,QPS,RTS); Polygon(QPS)&Polygon(RTS)&Equal(MeasureOfAngle(QPS),MeasureOfAngle(RTS))&Equal(MeasureOfAngle(QSP),MeasureOfAngle(RST)); ["SimilarBetweenTriangle(QPS,RTS)"]
6; similar_triangle_property_line_ratio(1,QPS,RTS); SimilarBetweenTriangle(QPS,RTS); ["Equal(LengthOfLine(PS),Mul(LengthOfLine(TS),RatioOfSimilarTriangle(QPS,RTS)))"]
Retry attempt: 3
Content written to results/level_5/variant_analogy_based_model_o1_problem_1855_run_2_to_verify.txt
predicates to add:
Line
predicates to add:
Angle
predicates to add:
Line
predicates to add:
Line
predicates to add:
Angle
predicates to add:
Line
predicates to add:
Line
predicates to add:
Line
predicates to add:
Angle
predicates to add:
Line
predicates to add:
Line
predicates to add:
Angle
predicates to add:
Line
predicates to add:
Line
predicates to add:
Line
predicates to add:
Angle
predicates to add:
Line
predicates to add:
Line
predicates to add:
Line
predicates to add:
Angle
predicates to add:
Line
predicates to add:
Line
predicates to add:
Line
predicates to add:
Angle
predicates to add:
Line
predicates to add:
Line
predicates to add:
Line
predicates to add:
Angle
predicates to add:
Line
predicates to add:
Line
predicates to add:
Polygon
has Polygon
has Polygon
has Polygon
has Polygon
predicates to add:
Line
predicates to add:
Angle
predicates to add:
Line
predicates to add:
Line
predicates to add:
Line
predicates to add:
Angle
predicates to add:
Line
predicates to add:
Line
predicates to add:
Line
predicates to add:
Angle
predicates to add:
Line
predicates to add:
Line
predicates to add:
Polygon
has Polygon
has Polygon
has Polygon
has Polygon
has Polygon
has Polygon
has Polygon
predicates to add:
Line
predicates to add:
Angle
predicates to add:
Line
predicates to add:
Angle
predicates to add:
Line
predicates to add:
Angle
predicates to add:
Line
predicates to add:
Angle
predicates to add:
Line
predicates to add:
Line
predicates to add:
Line
predicates to add:
Angle
predicates to add:
Polygon
has Polygon
has Polygon
has Polygon
has Polygon
has Polygon
has Polygon
has Polygon
predicates to add:
Angle
predicates to add:
Angle
predicates to add:
Angle
predicates to add:
Angle
predicates to add:
Angle
predicates to add:
Angle
predicates to add:
Line
predicates to add:
Line
predicates to add:
Angle
predicates to add:
Angle
predicates to add:
Angle
predicates to add:
Angle
predicates to add:
Line
predicates to add:
Line
predicates to add:
Angle
predicates to add:
Angle
predicates to add:
Line
predicates to add:
Line
predicates to add:
Angle
predicates to add:
Angle
predicates to add:
Line
predicates to add:
Line
predicates to add:
Angle
predicates to add:
Angle
predicates to add:
Angle
predicates to add:
Angle
predicates to add:
Angle
predicates to add:
Angle
predicates to add:
Angle
predicates to add:
Angle
predicates to add:
Angle
predicates to add:
Angle
predicates to add:
Angle
predicates to add:
Angle
predicates to add:
Angle
predicates to add:
Line
predicates to add:
Line
predicates to add:
Angle
predicates to add:
Angle
predicates to add:
Angle
predicates to add:
Line
predicates to add:
Line
predicates to add:
Angle
predicates to add:
Line
predicates to add:
Line
predicates to add:
Angle
predicates to add:
Line
predicates to add:
Line
predicates to add:
Angle
predicates to add:
Line
predicates to add:
Line
predicates to add:
Angle
predicates to add:
Line
predicates to add:
Line
predicates to add:
Angle
predicates to add:
Angle
predicates to add:
Angle
predicates to add:
Line
predicates to add:
Line
predicates to add:
Angle
predicates to add:
Line
predicates to add:
Line
predicates to add:
Angle
predicates to add:
Line
predicates to add:
Line
predicates to add:
Angle
predicates to add:
Line
predicates to add:
Line
predicates to add:
Equation
predicates to add:
Equation
predicates to add:
Equation
predicates to add:
Equation
predicates to add:
ParallelBetweenLine
predicates to add:
ParallelBetweenLine
predicates to add:
Equation
predicates to add:
Equation
predicates to add:
Equation
predicates to add:
Equation
Verifier result: ERROR_TIER: TIER2_PREMISE_VIOLATION
verification failed.

- Error: You tried to use theorem: line_addition(1,QS,SR);Collinear(QSR);['Equal(LengthOfLine(QR),Add(LengthOfLine(QS),LengthOfLine(SR)))']
Missing premise: Points QSR not proven collinear
Details: Known collinear facts: [['P', 'T', 'S'], ['Q', 'R', 'S'], ['P', 'T', 'S'], ['Q', 'R', 'S']]
- Available premises:
  Parallel Lines: PQ ∥ RT
  Collinear Points: PTS, QRS
  Polygons: PQS, PSQ, PTRQ, QPTR, RQPT, RST, RTS, TRQP
- Theorems related to the goal:
  None found that constrain this goal
- Solver constraints directly related to this goal:
  None found

Please fix the proof.
Model Answer:
RETRY_ANSWER:
14/3
RETRY_THEOREM_SEQUENCE:
1; line_addition(1,PT,TS); Collinear(PTS); ["Equal(LengthOfLine(PS),Add(LengthOfLine(PT),LengthOfLine(TS)))"]
2; line_addition(1,QS,SR); Collinear(QSR); ["Equal(LengthOfLine(QR),Add(LengthOfLine(QS),LengthOfLine(SR)))"]
3; parallel_property_corresponding_angle(1,RT,QP,S); ParallelBetweenLine(RT,QP)&Collinear(SRQ); ["Equal(MeasureOfAngle(SRT),MeasureOfAngle(RQP))"]
4; parallel_property_corresponding_angle(2,QP,RT,S); ParallelBetweenLine(QP,RT)&Collinear(QRS); ["Equal(MeasureOfAngle(PQR),MeasureOfAngle(TRS))"]
5; similar_triangle_judgment_aa(1,QPS,RTS); Polygon(QPS)&Polygon(RTS)&Equal(MeasureOfAngle(QPS),MeasureOfAngle(RTS))&Equal(MeasureOfAngle(PSQ),MeasureOfAngle(TSR)); ["SimilarBetweenTriangle(QPS,RTS)"]
6; similar_triangle_property_line_ratio(1,QPS,RTS); SimilarBetweenTriangle(QPS,RTS); ["Equal(LengthOfLine(PS),Mul(LengthOfLine(TS),RatioOfSimilarTriangle(QPS,RTS)))"]
Retry attempt: 4
Content written to results/level_5/variant_analogy_based_model_o1_problem_1855_run_2_to_verify.txt
predicates to add:
Line
predicates to add:
Angle
predicates to add:
Line
predicates to add:
Line
predicates to add:
Angle
predicates to add:
Line
predicates to add:
Line
predicates to add:
Line
predicates to add:
Angle
predicates to add:
Line
predicates to add:
Line
predicates to add:
Angle
predicates to add:
Line
predicates to add:
Line
predicates to add:
Line
predicates to add:
Angle
predicates to add:
Line
predicates to add:
Line
predicates to add:
Line
predicates to add:
Angle
predicates to add:
Line
predicates to add:
Line
predicates to add:
Line
predicates to add:
Angle
predicates to add:
Line
predicates to add:
Line
predicates to add:
Line
predicates to add:
Angle
predicates to add:
Line
predicates to add:
Line
predicates to add:
Polygon
has Polygon
has Polygon
has Polygon
has Polygon
predicates to add:
Line
predicates to add:
Angle
predicates to add:
Line
predicates to add:
Line
predicates to add:
Line
predicates to add:
Angle
predicates to add:
Line
predicates to add:
Line
predicates to add:
Line
predicates to add:
Angle
predicates to add:
Line
predicates to add:
Line
predicates to add:
Polygon
has Polygon
has Polygon
has Polygon
has Polygon
has Polygon
has Polygon
has Polygon
predicates to add:
Line
predicates to add:
Angle
predicates to add:
Line
predicates to add:
Angle
predicates to add:
Line
predicates to add:
Angle
predicates to add:
Line
predicates to add:
Angle
predicates to add:
Line
predicates to add:
Line
predicates to add:
Line
predicates to add:
Angle
predicates to add:
Polygon
has Polygon
has Polygon
has Polygon
has Polygon
has Polygon
has Polygon
has Polygon
predicates to add:
Angle
predicates to add:
Angle
predicates to add:
Angle
predicates to add:
Angle
predicates to add:
Angle
predicates to add:
Angle
predicates to add:
Line
predicates to add:
Line
predicates to add:
Angle
predicates to add:
Angle
predicates to add:
Angle
predicates to add:
Angle
predicates to add:
Line
predicates to add:
Line
predicates to add:
Angle
predicates to add:
Angle
predicates to add:
Line
predicates to add:
Line
predicates to add:
Angle
predicates to add:
Angle
predicates to add:
Line
predicates to add:
Line
predicates to add:
Angle
predicates to add:
Angle
predicates to add:
Angle
predicates to add:
Angle
predicates to add:
Angle
predicates to add:
Angle
predicates to add:
Angle
predicates to add:
Angle
predicates to add:
Angle
predicates to add:
Angle
predicates to add:
Angle
predicates to add:
Angle
predicates to add:
Angle
predicates to add:
Line
predicates to add:
Line
predicates to add:
Angle
predicates to add:
Angle
predicates to add:
Angle
predicates to add:
Line
predicates to add:
Line
predicates to add:
Angle
predicates to add:
Line
predicates to add:
Line
predicates to add:
Angle
predicates to add:
Line
predicates to add:
Line
predicates to add:
Angle
predicates to add:
Line
predicates to add:
Line
predicates to add:
Angle
predicates to add:
Line
predicates to add:
Line
predicates to add:
Angle
predicates to add:
Angle
predicates to add:
Angle
predicates to add:
Line
predicates to add:
Line
predicates to add:
Angle
predicates to add:
Line
predicates to add:
Line
predicates to add:
Angle
predicates to add:
Line
predicates to add:
Line
predicates to add:
Angle
predicates to add:
Line
predicates to add:
Line
predicates to add:
Equation
predicates to add:
Equation
predicates to add:
Equation
predicates to add:
Equation
predicates to add:
ParallelBetweenLine
predicates to add:
ParallelBetweenLine
predicates to add:
Equation
predicates to add:
Equation
predicates to add:
Equation
predicates to add:
Equation
Verifier result: ERROR_TIER: TIER2_PREMISE_VIOLATION
verification failed.

- Error: You tried to use theorem: similar_triangle_judgment_aa(1,QPS,RTS);Polygon(QPS)&Polygon(RTS)&Equal(MeasureOfAngle(QPS),MeasureOfAngle(RTS))&Equal(MeasureOfAngle(PSQ),MeasureOfAngle(TSR));['SimilarBetweenTriangle(QPS,RTS)']
Missing premise: Premise angle equality QPS = RTS does not hold.
Details: The constraints do not force these two angles to be equal.
- Available premises:
  Parallel Lines: PQ ∥ RT
  Collinear Points: PTS, QRS
  Polygons: PQS, PSQ, PTRQ, QPTR, RQPT, RST, RTS, TRQP
- Theorems related to the goal:
  None found that constrain this goal
- Solver constraints directly related to this goal:
  None found

Please fix the proof.
Model Answer:
RETRY_ANSWER:
14/3
RETRY_THEOREM_SEQUENCE:
1; line_addition(1,PT,TS); Collinear(PTS); ["Equal(LengthOfLine(PS),Add(LengthOfLine(PT),LengthOfLine(TS)))"]
2; line_addition(1,QR,RS); Collinear(QRS); ["Equal(LengthOfLine(QS),Add(LengthOfLine(QR),LengthOfLine(RS)))"]
3; parallel_property_corresponding_angle(1,RT,QP,S); ParallelBetweenLine(RT,QP)&Collinear(SRQ); ["Equal(MeasureOfAngle(SRT),MeasureOfAngle(RQP))"]
4; parallel_property_corresponding_angle(2,QP,RT,S); ParallelBetweenLine(QP,RT)&Collinear(QRS); ["Equal(MeasureOfAngle(PQR),MeasureOfAngle(TRS))"]
5; similar_triangle_judgment_aa(1,QPS,RTS); Polygon(QPS)&Polygon(RTS)&Equal(MeasureOfAngle(QPS),MeasureOfAngle(RTS))&Equal(MeasureOfAngle(PSQ),MeasureOfAngle(TSR)); ["SimilarBetweenTriangle(QPS,RTS)"]
6; similar_triangle_property_line_ratio(1,QPS,RTS); SimilarBetweenTriangle(QPS,RTS); ["Equal(LengthOfLine(PS),Mul(LengthOfLine(TS),RatioOfSimilarTriangle(QPS,RTS)))"]
Retry attempt: 5
Content written to results/level_5/variant_analogy_based_model_o1_problem_1855_run_2.txt
