Content written to results/level_5/variant_random_all_theorems_model_o1_problem_5563_run_2_to_verify.txt
predicates to add:
Line
predicates to add:
Angle
predicates to add:
Line
predicates to add:
Line
predicates to add:
Angle
predicates to add:
Line
predicates to add:
Line
predicates to add:
Line
predicates to add:
Angle
predicates to add:
Line
predicates to add:
Line
predicates to add:
Line
predicates to add:
Angle
predicates to add:
Line
predicates to add:
Line
predicates to add:
Line
predicates to add:
Angle
predicates to add:
Line
predicates to add:
Line
predicates to add:
Polygon
has Polygon
has Polygon
has Polygon
has Polygon
has Polygon
has Polygon
has Polygon
predicates to add:
Line
predicates to add:
Angle
predicates to add:
Line
predicates to add:
Line
predicates to add:
Line
predicates to add:
Angle
predicates to add:
Line
predicates to add:
Line
predicates to add:
Line
predicates to add:
Angle
predicates to add:
Line
predicates to add:
Line
predicates to add:
Polygon
has Polygon
has Polygon
has Polygon
has Polygon
has Polygon
has Polygon
has Polygon
predicates to add:
Line
predicates to add:
Angle
predicates to add:
Line
predicates to add:
Angle
predicates to add:
Line
predicates to add:
Angle
predicates to add:
Line
predicates to add:
Line
predicates to add:
Line
predicates to add:
Angle
predicates to add:
Line
predicates to add:
Line
predicates to add:
Polygon
has Polygon
has Polygon
has Polygon
has Polygon
has Polygon
has Polygon
has Polygon
predicates to add:
Angle
predicates to add:
Angle
predicates to add:
Angle
predicates to add:
Angle
predicates to add:
Line
predicates to add:
Line
predicates to add:
Angle
predicates to add:
Angle
predicates to add:
Angle
predicates to add:
Angle
predicates to add:
Angle
predicates to add:
Angle
predicates to add:
Angle
predicates to add:
Angle
predicates to add:
Angle
predicates to add:
Angle
predicates to add:
Angle
predicates to add:
Angle
predicates to add:
Line
predicates to add:
Line
predicates to add:
Angle
predicates to add:
Line
predicates to add:
Line
predicates to add:
Angle
predicates to add:
Line
predicates to add:
Line
predicates to add:
Angle
predicates to add:
Line
predicates to add:
Line
predicates to add:
Angle
predicates to add:
Line
predicates to add:
Line
predicates to add:
Angle
predicates to add:
Line
predicates to add:
Line
predicates to add:
Angle
predicates to add:
Line
predicates to add:
Line
predicates to add:
Angle
predicates to add:
Line
predicates to add:
Line
predicates to add:
Angle
predicates to add:
Line
predicates to add:
Line
predicates to add:
Equation
predicates to add:
Equation
predicates to add:
Equation
predicates to add:
Equation
Verifier result: ERROR_TIER: TIER1_THEOREM_CALL_SYNTAX_VIOLATION
Theorem: right_triangle_judgment_angle(1,ADC)
You output the following premises: Polygon(ADC)&Equal(MeasureOfAngle(DCA),90)
But the correct premises: Polygon(ADC)&Equal(MeasureOfAngle(ADC),90)

Model Answer:
RETRY_ANSWER:
6
RETRY_THEOREM_SEQUENCE:
1; triangle_property_angle_sum(1,ABD); Polygon(ABD); ["Equal(Add(MeasureOfAngle(ABD),MeasureOfAngle(BDA),MeasureOfAngle(DAB)),180)"]  
2; sine_theorem(1,ABD); Polygon(ABD); ["Equal(Mul(LengthOfLine(AB),Sin(MeasureOfAngle(ABD))),Mul(LengthOfLine(AD),Sin(MeasureOfAngle(BDA))))"]  
3; right_triangle_judgment_angle(1,ADC); Polygon(ADC)&Equal(MeasureOfAngle(DCA),90); ["RightTriangle(ADC)"]  
4; right_triangle_property_pythagorean(1,ADC); RightTriangle(ADC); ["Equal(Add(Pow(LengthOfLine(AC),2),Pow(LengthOfLine(CD),2)),Pow(LengthOfLine(AD),2))"]
Retry attempt: 1
Content written to results/level_5/variant_random_all_theorems_model_o1_problem_5563_run_2_to_verify.txt
predicates to add:
Line
predicates to add:
Angle
predicates to add:
Line
predicates to add:
Line
predicates to add:
Angle
predicates to add:
Line
predicates to add:
Line
predicates to add:
Line
predicates to add:
Angle
predicates to add:
Line
predicates to add:
Line
predicates to add:
Line
predicates to add:
Angle
predicates to add:
Line
predicates to add:
Line
predicates to add:
Line
predicates to add:
Angle
predicates to add:
Line
predicates to add:
Line
predicates to add:
Polygon
has Polygon
has Polygon
has Polygon
has Polygon
has Polygon
has Polygon
has Polygon
predicates to add:
Line
predicates to add:
Angle
predicates to add:
Line
predicates to add:
Line
predicates to add:
Line
predicates to add:
Angle
predicates to add:
Line
predicates to add:
Line
predicates to add:
Line
predicates to add:
Angle
predicates to add:
Line
predicates to add:
Line
predicates to add:
Polygon
has Polygon
has Polygon
has Polygon
has Polygon
has Polygon
has Polygon
has Polygon
predicates to add:
Line
predicates to add:
Angle
predicates to add:
Line
predicates to add:
Angle
predicates to add:
Line
predicates to add:
Angle
predicates to add:
Line
predicates to add:
Line
predicates to add:
Line
predicates to add:
Angle
predicates to add:
Line
predicates to add:
Line
predicates to add:
Polygon
has Polygon
has Polygon
has Polygon
has Polygon
has Polygon
has Polygon
has Polygon
predicates to add:
Angle
predicates to add:
Angle
predicates to add:
Angle
predicates to add:
Angle
predicates to add:
Line
predicates to add:
Line
predicates to add:
Angle
predicates to add:
Angle
predicates to add:
Angle
predicates to add:
Angle
predicates to add:
Angle
predicates to add:
Angle
predicates to add:
Angle
predicates to add:
Angle
predicates to add:
Angle
predicates to add:
Angle
predicates to add:
Angle
predicates to add:
Angle
predicates to add:
Line
predicates to add:
Line
predicates to add:
Angle
predicates to add:
Line
predicates to add:
Line
predicates to add:
Angle
predicates to add:
Line
predicates to add:
Line
predicates to add:
Angle
predicates to add:
Line
predicates to add:
Line
predicates to add:
Angle
predicates to add:
Line
predicates to add:
Line
predicates to add:
Angle
predicates to add:
Line
predicates to add:
Line
predicates to add:
Angle
predicates to add:
Line
predicates to add:
Line
predicates to add:
Angle
predicates to add:
Line
predicates to add:
Line
predicates to add:
Angle
predicates to add:
Line
predicates to add:
Line
predicates to add:
Equation
predicates to add:
Equation
predicates to add:
Equation
predicates to add:
Equation
Verifier result: ERROR_TIER: TIER1_THEOREM_CALL_SYNTAX_VIOLATION
Theorem: right_triangle_property_pythagorean(1,ADC)
You output the following conclusions: Equal(Add(Pow(LengthOfLine(AC),2),Pow(LengthOfLine(CD),2)),Pow(LengthOfLine(AD),2))
But the correct conclusions: Equal(Add(Pow(LengthOfLine(AD),2),Pow(LengthOfLine(DC),2)),Pow(LengthOfLine(AC),2))

Model Answer:
RETRY_ANSWER:
6
RETRY_THEOREM_SEQUENCE:
1; triangle_property_angle_sum(1,ABD); Polygon(ABD); ["Equal(Add(MeasureOfAngle(ABD),MeasureOfAngle(BDA),MeasureOfAngle(DAB)),180)"]  
2; sine_theorem(1,ABD); Polygon(ABD); ["Equal(Mul(LengthOfLine(AB),Sin(MeasureOfAngle(ABD))),Mul(LengthOfLine(AD),Sin(MeasureOfAngle(BDA))))"]  
3; right_triangle_judgment_angle(1,ADC); Polygon(ADC)&Equal(MeasureOfAngle(ADC),90); ["RightTriangle(ADC)"]  
4; right_triangle_property_pythagorean(1,ADC); RightTriangle(ADC); ["Equal(Add(Pow(LengthOfLine(AC),2),Pow(LengthOfLine(CD),2)),Pow(LengthOfLine(AD),2))"]
Retry attempt: 2
Content written to results/level_5/variant_random_all_theorems_model_o1_problem_5563_run_2_to_verify.txt
predicates to add:
Line
predicates to add:
Angle
predicates to add:
Line
predicates to add:
Line
predicates to add:
Angle
predicates to add:
Line
predicates to add:
Line
predicates to add:
Line
predicates to add:
Angle
predicates to add:
Line
predicates to add:
Line
predicates to add:
Line
predicates to add:
Angle
predicates to add:
Line
predicates to add:
Line
predicates to add:
Line
predicates to add:
Angle
predicates to add:
Line
predicates to add:
Line
predicates to add:
Polygon
has Polygon
has Polygon
has Polygon
has Polygon
has Polygon
has Polygon
has Polygon
predicates to add:
Line
predicates to add:
Angle
predicates to add:
Line
predicates to add:
Line
predicates to add:
Line
predicates to add:
Angle
predicates to add:
Line
predicates to add:
Line
predicates to add:
Line
predicates to add:
Angle
predicates to add:
Line
predicates to add:
Line
predicates to add:
Polygon
has Polygon
has Polygon
has Polygon
has Polygon
has Polygon
has Polygon
has Polygon
predicates to add:
Line
predicates to add:
Angle
predicates to add:
Line
predicates to add:
Angle
predicates to add:
Line
predicates to add:
Angle
predicates to add:
Line
predicates to add:
Line
predicates to add:
Line
predicates to add:
Angle
predicates to add:
Line
predicates to add:
Line
predicates to add:
Polygon
has Polygon
has Polygon
has Polygon
has Polygon
has Polygon
has Polygon
has Polygon
predicates to add:
Angle
predicates to add:
Angle
predicates to add:
Angle
predicates to add:
Angle
predicates to add:
Line
predicates to add:
Line
predicates to add:
Angle
predicates to add:
Angle
predicates to add:
Angle
predicates to add:
Angle
predicates to add:
Angle
predicates to add:
Angle
predicates to add:
Angle
predicates to add:
Angle
predicates to add:
Angle
predicates to add:
Angle
predicates to add:
Angle
predicates to add:
Angle
predicates to add:
Line
predicates to add:
Line
predicates to add:
Angle
predicates to add:
Line
predicates to add:
Line
predicates to add:
Angle
predicates to add:
Line
predicates to add:
Line
predicates to add:
Angle
predicates to add:
Line
predicates to add:
Line
predicates to add:
Angle
predicates to add:
Line
predicates to add:
Line
predicates to add:
Angle
predicates to add:
Line
predicates to add:
Line
predicates to add:
Angle
predicates to add:
Line
predicates to add:
Line
predicates to add:
Angle
predicates to add:
Line
predicates to add:
Line
predicates to add:
Angle
predicates to add:
Line
predicates to add:
Line
predicates to add:
Equation
predicates to add:
Equation
predicates to add:
Equation
predicates to add:
Equation
Verifier result: ERROR_TIER: TIER2_PREMISE_VIOLATION
verification failed.

- Error: You tried to use theorem: right_triangle_judgment_angle(1,ADC);Polygon(ADC)&Equal(MeasureOfAngle(ADC),90);['RightTriangle(ADC)']
Missing premise: Angle measure 90° for triangle ADC is not established in the premise.
Details: Premise provided: Polygon(ADC)&Equal(MeasureOfAngle(ADC),90)
- Available premises:
  Collinear Points: BDC
  Polygons: ABC, ABD, ACB, ACD, ADB, ADC
- Theorems related to the goal:
  None found that constrain this goal
- Solver constraints directly related to this goal:
  None found

Please fix the proof.
Model Answer:
RETRY_ANSWER:
6
RETRY_THEOREM_SEQUENCE:
1; triangle_property_angle_sum(1,ABD); Polygon(ABD); ["Equal(Add(MeasureOfAngle(ABD),MeasureOfAngle(BDA),MeasureOfAngle(DAB)),180)"]  
2; sine_theorem(1,ABD); Polygon(ABD); ["Equal(Mul(LengthOfLine(AB),Sin(MeasureOfAngle(ABD))),Mul(LengthOfLine(AD),Sin(MeasureOfAngle(BDA))))"]  
3; right_triangle_judgment_angle(1,ADC); Polygon(ADC)&Equal(MeasureOfAngle(ADC),90); ["RightTriangle(ADC)"]  
4; right_triangle_property_pythagorean(1,ADC); RightTriangle(ADC); ["Equal(Add(Pow(LengthOfLine(AD),2),Pow(LengthOfLine(DC),2)),Pow(LengthOfLine(AC),2))"]
Retry attempt: 3
Content written to results/level_5/variant_random_all_theorems_model_o1_problem_5563_run_2_to_verify.txt
predicates to add:
Line
predicates to add:
Angle
predicates to add:
Line
predicates to add:
Line
predicates to add:
Angle
predicates to add:
Line
predicates to add:
Line
predicates to add:
Line
predicates to add:
Angle
predicates to add:
Line
predicates to add:
Line
predicates to add:
Line
predicates to add:
Angle
predicates to add:
Line
predicates to add:
Line
predicates to add:
Line
predicates to add:
Angle
predicates to add:
Line
predicates to add:
Line
predicates to add:
Polygon
has Polygon
has Polygon
has Polygon
has Polygon
has Polygon
has Polygon
has Polygon
predicates to add:
Line
predicates to add:
Angle
predicates to add:
Line
predicates to add:
Line
predicates to add:
Line
predicates to add:
Angle
predicates to add:
Line
predicates to add:
Line
predicates to add:
Line
predicates to add:
Angle
predicates to add:
Line
predicates to add:
Line
predicates to add:
Polygon
has Polygon
has Polygon
has Polygon
has Polygon
has Polygon
has Polygon
has Polygon
predicates to add:
Line
predicates to add:
Angle
predicates to add:
Line
predicates to add:
Angle
predicates to add:
Line
predicates to add:
Angle
predicates to add:
Line
predicates to add:
Line
predicates to add:
Line
predicates to add:
Angle
predicates to add:
Line
predicates to add:
Line
predicates to add:
Polygon
has Polygon
has Polygon
has Polygon
has Polygon
has Polygon
has Polygon
has Polygon
predicates to add:
Angle
predicates to add:
Angle
predicates to add:
Angle
predicates to add:
Angle
predicates to add:
Line
predicates to add:
Line
predicates to add:
Angle
predicates to add:
Angle
predicates to add:
Angle
predicates to add:
Angle
predicates to add:
Angle
predicates to add:
Angle
predicates to add:
Angle
predicates to add:
Angle
predicates to add:
Angle
predicates to add:
Angle
predicates to add:
Angle
predicates to add:
Angle
predicates to add:
Line
predicates to add:
Line
predicates to add:
Angle
predicates to add:
Line
predicates to add:
Line
predicates to add:
Angle
predicates to add:
Line
predicates to add:
Line
predicates to add:
Angle
predicates to add:
Line
predicates to add:
Line
predicates to add:
Angle
predicates to add:
Line
predicates to add:
Line
predicates to add:
Angle
predicates to add:
Line
predicates to add:
Line
predicates to add:
Angle
predicates to add:
Line
predicates to add:
Line
predicates to add:
Angle
predicates to add:
Line
predicates to add:
Line
predicates to add:
Angle
predicates to add:
Line
predicates to add:
Line
predicates to add:
Equation
predicates to add:
Equation
predicates to add:
Equation
predicates to add:
Equation
Verifier result: ERROR_TIER: TIER3_GOAL_NOT_REACHED
verification failed.

- Goal: length of line AC
- Model answer: 6
- Error: Your proof doesn't uniquely determine the value. You need to use additional theorems to constrain the value.
- Available premises:
  Collinear Points: BDC
  Right Triangles: ACD
  Polygons: ABC, ABD, ACB, ACD, ADB, ADC
- Theorems related to the goal:
  Step 3 - right_triangle_judgment_angle(1, ACD): RightTriangle(ACD)
  Step 4 - right_triangle_property_pythagorean(1, ACD): Equal(Add(Pow(LengthOfLine(AC),2),Pow(LengthOfLine(CD),2)),Pow(LengthOfLine(AD),2))
- Solver constraints directly related to this goal:
  |AC| + |CD| > |AD|
  |AC| > 0
  |AC|*|AC| + |CD|*|CD| ==
|AD|*|AD|
  |AD| > |AC|

Please fix the proof.
Model Answer:
RETRY_ANSWER:
6
RETRY_THEOREM_SEQUENCE:
1; triangle_property_angle_sum(1,ABD); Polygon(ABD); ["Equal(Add(MeasureOfAngle(ABD),MeasureOfAngle(BDA),MeasureOfAngle(DAB)),180)"]  
2; sine_theorem(1,ABD); Polygon(ABD); ["Equal(Mul(LengthOfLine(AB),Sin(MeasureOfAngle(ABD))),Mul(LengthOfLine(AD),Sin(MeasureOfAngle(BDA))))"]  
3; right_triangle_judgment_angle(1,ACD); Polygon(ACD)&Equal(MeasureOfAngle(ACD),90); ["RightTriangle(ACD)"]  
4; right_triangle_property_pythagorean(1,ACD); RightTriangle(ACD); ["Equal(Add(Pow(LengthOfLine(AC),2),Pow(LengthOfLine(CD),2)),Pow(LengthOfLine(AD),2))"]
Retry attempt: 4
Content written to results/level_5/variant_random_all_theorems_model_o1_problem_5563_run_2_to_verify.txt
predicates to add:
Line
predicates to add:
Angle
predicates to add:
Line
predicates to add:
Line
predicates to add:
Angle
predicates to add:
Line
predicates to add:
Line
predicates to add:
Line
predicates to add:
Angle
predicates to add:
Line
predicates to add:
Line
predicates to add:
Line
predicates to add:
Angle
predicates to add:
Line
predicates to add:
Line
predicates to add:
Line
predicates to add:
Angle
predicates to add:
Line
predicates to add:
Line
predicates to add:
Polygon
has Polygon
has Polygon
has Polygon
has Polygon
has Polygon
has Polygon
has Polygon
predicates to add:
Line
predicates to add:
Angle
predicates to add:
Line
predicates to add:
Line
predicates to add:
Line
predicates to add:
Angle
predicates to add:
Line
predicates to add:
Line
predicates to add:
Line
predicates to add:
Angle
predicates to add:
Line
predicates to add:
Line
predicates to add:
Polygon
has Polygon
has Polygon
has Polygon
has Polygon
has Polygon
has Polygon
has Polygon
predicates to add:
Line
predicates to add:
Angle
predicates to add:
Line
predicates to add:
Angle
predicates to add:
Line
predicates to add:
Angle
predicates to add:
Line
predicates to add:
Line
predicates to add:
Line
predicates to add:
Angle
predicates to add:
Line
predicates to add:
Line
predicates to add:
Polygon
has Polygon
has Polygon
has Polygon
has Polygon
has Polygon
has Polygon
has Polygon
predicates to add:
Angle
predicates to add:
Angle
predicates to add:
Angle
predicates to add:
Angle
predicates to add:
Line
predicates to add:
Line
predicates to add:
Angle
predicates to add:
Angle
predicates to add:
Angle
predicates to add:
Angle
predicates to add:
Angle
predicates to add:
Angle
predicates to add:
Angle
predicates to add:
Angle
predicates to add:
Angle
predicates to add:
Angle
predicates to add:
Angle
predicates to add:
Angle
predicates to add:
Line
predicates to add:
Line
predicates to add:
Angle
predicates to add:
Line
predicates to add:
Line
predicates to add:
Angle
predicates to add:
Line
predicates to add:
Line
predicates to add:
Angle
predicates to add:
Line
predicates to add:
Line
predicates to add:
Angle
predicates to add:
Line
predicates to add:
Line
predicates to add:
Angle
predicates to add:
Line
predicates to add:
Line
predicates to add:
Angle
predicates to add:
Line
predicates to add:
Line
predicates to add:
Angle
predicates to add:
Line
predicates to add:
Line
predicates to add:
Angle
predicates to add:
Line
predicates to add:
Line
predicates to add:
Equation
predicates to add:
Equation
predicates to add:
Equation
predicates to add:
Equation
Verifier result: ERROR_TIER: TIER1_THEOREM_CALL_SYNTAX_VIOLATION
Failure: Theorem <angle_addition> variation id is not supplied. Expected dict_keys(['1']) but got None.
Your call: angle_addition(A,B,C,C,B,D)
Please rewrite your response by adding the variation id as the first argument. For example: For variation 1: angle_addition(1,A,B,C,C,B,D)

Model Answer:
RETRY_ANSWER:
6
RETRY_THEOREM_SEQUENCE:
1; triangle_property_angle_sum(1,ABD); Polygon(ABD); ["Equal(Add(MeasureOfAngle(ABD),MeasureOfAngle(BDA),MeasureOfAngle(DAB)),180)"]  
2; sine_theorem(1,ABD); Polygon(ABD); ["Equal(Mul(LengthOfLine(AB),Sin(MeasureOfAngle(ABD))),Mul(LengthOfLine(AD),Sin(MeasureOfAngle(BDA))))"]  
3; flat_angle(1,BDC); Collinear(BDC); ["Equal(MeasureOfAngle(BDC),180)"]  
4; angle_addition(ABC,CBD); Angle(ADB)&Angle(BDC)&Angle(ADC); ["Equal(MeasureOfAngle(ADC),Add(MeasureOfAngle(ADB),MeasureOfAngle(BDC)))"]  
5; triangle_property_angle_sum(2,ACD); Polygon(ACD); ["Equal(Add(MeasureOfAngle(ACD),MeasureOfAngle(CAD),MeasureOfAngle(ADC)),180)"]  

Explanation of key reasoning beyond the GDL steps (informal):
• From steps 1–2 and BD=12, we conclude AD=12.  
• Step 3 (flat_angle) gives MeasureOfAngle(BDC)=180 since B, D, C are collinear.  
• Step 4 (angle_addition) implies MeasureOfAngle(ADC)=MeasureOfAngle(ADB)+MeasureOfAngle(BDC)=150°+180°−180°=30° (since ADB=150° from step 1).  
• Step 5 (triangle_property_angle_sum) in ΔACD, angles are 90°, 30°, and 60°. Hence side AC is opposite the 30° angle, giving AC=AD·sin(30°)=12×1/2=6.
Retry attempt: 5
Content written to results/level_5/variant_random_all_theorems_model_o1_problem_5563_run_2.txt
