Content written to results/level_5/variant_analogy_based_model_o1_problem_5563_run_0_to_verify.txt
predicates to add:
Line
predicates to add:
Angle
predicates to add:
Line
predicates to add:
Line
predicates to add:
Angle
predicates to add:
Line
predicates to add:
Line
predicates to add:
Line
predicates to add:
Angle
predicates to add:
Line
predicates to add:
Line
predicates to add:
Line
predicates to add:
Angle
predicates to add:
Line
predicates to add:
Line
predicates to add:
Line
predicates to add:
Angle
predicates to add:
Line
predicates to add:
Line
predicates to add:
Polygon
has Polygon
has Polygon
has Polygon
has Polygon
has Polygon
has Polygon
has Polygon
predicates to add:
Line
predicates to add:
Angle
predicates to add:
Line
predicates to add:
Line
predicates to add:
Line
predicates to add:
Angle
predicates to add:
Line
predicates to add:
Line
predicates to add:
Line
predicates to add:
Angle
predicates to add:
Line
predicates to add:
Line
predicates to add:
Polygon
has Polygon
has Polygon
has Polygon
has Polygon
has Polygon
has Polygon
has Polygon
predicates to add:
Line
predicates to add:
Angle
predicates to add:
Line
predicates to add:
Angle
predicates to add:
Line
predicates to add:
Angle
predicates to add:
Line
predicates to add:
Line
predicates to add:
Line
predicates to add:
Angle
predicates to add:
Line
predicates to add:
Line
predicates to add:
Polygon
has Polygon
has Polygon
has Polygon
has Polygon
has Polygon
has Polygon
has Polygon
predicates to add:
Angle
predicates to add:
Angle
predicates to add:
Angle
predicates to add:
Angle
predicates to add:
Line
predicates to add:
Line
predicates to add:
Angle
predicates to add:
Angle
predicates to add:
Angle
predicates to add:
Angle
predicates to add:
Angle
predicates to add:
Angle
predicates to add:
Angle
predicates to add:
Angle
predicates to add:
Angle
predicates to add:
Angle
predicates to add:
Angle
predicates to add:
Angle
predicates to add:
Line
predicates to add:
Line
predicates to add:
Angle
predicates to add:
Line
predicates to add:
Line
predicates to add:
Angle
predicates to add:
Line
predicates to add:
Line
predicates to add:
Angle
predicates to add:
Line
predicates to add:
Line
predicates to add:
Angle
predicates to add:
Line
predicates to add:
Line
predicates to add:
Angle
predicates to add:
Line
predicates to add:
Line
predicates to add:
Angle
predicates to add:
Line
predicates to add:
Line
predicates to add:
Angle
predicates to add:
Line
predicates to add:
Line
predicates to add:
Angle
predicates to add:
Line
predicates to add:
Line
predicates to add:
Equation
predicates to add:
Equation
predicates to add:
Equation
predicates to add:
Equation
Verifier result: ERROR_TIER: TIER3_GOAL_NOT_REACHED
verification failed.

- Goal: length of line AC
- Model answer: 6.0
- Error: Your proof doesn't uniquely determine the value. You need to use additional theorems to constrain the value.
- Available premises:
  Collinear Points: BDC
  Polygons: ABC, ABD, ACB, ACD, ADB, ADC
- Theorems related to the goal:
  Step 4 - sine_theorem(1, ADC): Equal(Mul(LengthOfLine(AD),Sin(MeasureOfAngle(ADC))),Mul(LengthOfLine(AC),Sin(MeasureOfAngle(DCA))))
- Solver constraints directly related to this goal:
  |AC| > 0
  |AD|*24999999999999997/50000000000000000 = |AC|*1

Please fix the proof.
Model Answer:
RETRY_ANSWER:
6
RETRY_THEOREM_SEQUENCE:
1; flat_angle(1,BDC); Collinear(BDC); ["Equal(MeasureOfAngle(BDC),180)"]  
2; angle_addition(1,BDA,ADC); Angle(BDA)&Angle(ADC)&Angle(BDC); ["Equal(MeasureOfAngle(BDC),Add(MeasureOfAngle(BDA),MeasureOfAngle(ADC)))"]  
3; triangle_property_angle_sum(1,ADC); Polygon(ADC); ["Equal(Add(MeasureOfAngle(ADC),MeasureOfAngle(DCA),MeasureOfAngle(CAD)),180)"]  
4; sine_theorem(1,ADC); Polygon(ADC); ["Equal(Mul(LengthOfLine(AD),Sin(MeasureOfAngle(ADC))),Mul(LengthOfLine(AC),Sin(MeasureOfAngle(DCA))))"]
Retry attempt: 1
Content written to results/level_5/variant_analogy_based_model_o1_problem_5563_run_0_to_verify.txt
predicates to add:
Line
predicates to add:
Angle
predicates to add:
Line
predicates to add:
Line
predicates to add:
Angle
predicates to add:
Line
predicates to add:
Line
predicates to add:
Line
predicates to add:
Angle
predicates to add:
Line
predicates to add:
Line
predicates to add:
Line
predicates to add:
Angle
predicates to add:
Line
predicates to add:
Line
predicates to add:
Line
predicates to add:
Angle
predicates to add:
Line
predicates to add:
Line
predicates to add:
Polygon
has Polygon
has Polygon
has Polygon
has Polygon
has Polygon
has Polygon
has Polygon
predicates to add:
Line
predicates to add:
Angle
predicates to add:
Line
predicates to add:
Line
predicates to add:
Line
predicates to add:
Angle
predicates to add:
Line
predicates to add:
Line
predicates to add:
Line
predicates to add:
Angle
predicates to add:
Line
predicates to add:
Line
predicates to add:
Polygon
has Polygon
has Polygon
has Polygon
has Polygon
has Polygon
has Polygon
has Polygon
predicates to add:
Line
predicates to add:
Angle
predicates to add:
Line
predicates to add:
Angle
predicates to add:
Line
predicates to add:
Angle
predicates to add:
Line
predicates to add:
Line
predicates to add:
Line
predicates to add:
Angle
predicates to add:
Line
predicates to add:
Line
predicates to add:
Polygon
has Polygon
has Polygon
has Polygon
has Polygon
has Polygon
has Polygon
has Polygon
predicates to add:
Angle
predicates to add:
Angle
predicates to add:
Angle
predicates to add:
Angle
predicates to add:
Line
predicates to add:
Line
predicates to add:
Angle
predicates to add:
Angle
predicates to add:
Angle
predicates to add:
Angle
predicates to add:
Angle
predicates to add:
Angle
predicates to add:
Angle
predicates to add:
Angle
predicates to add:
Angle
predicates to add:
Angle
predicates to add:
Angle
predicates to add:
Angle
predicates to add:
Line
predicates to add:
Line
predicates to add:
Angle
predicates to add:
Line
predicates to add:
Line
predicates to add:
Angle
predicates to add:
Line
predicates to add:
Line
predicates to add:
Angle
predicates to add:
Line
predicates to add:
Line
predicates to add:
Angle
predicates to add:
Line
predicates to add:
Line
predicates to add:
Angle
predicates to add:
Line
predicates to add:
Line
predicates to add:
Angle
predicates to add:
Line
predicates to add:
Line
predicates to add:
Angle
predicates to add:
Line
predicates to add:
Line
predicates to add:
Angle
predicates to add:
Line
predicates to add:
Line
predicates to add:
Equation
predicates to add:
Equation
predicates to add:
Equation
predicates to add:
Equation
Verifier result: ERROR_TIER: TIER1_THEOREM_CALL_SYNTAX_VIOLATION
Theorem: isosceles_triangle_judgment_angle_equal(1,ABD)
You output the following premises: Polygon(ABD)&Equal(MeasureOfAngle(ABD),MeasureOfAngle(DAB))
But the correct premises: Polygon(ABD)&Equal(MeasureOfAngle(ABD),MeasureOfAngle(BDA))

Model Answer:
RETRY_ANSWER:
6
RETRY_THEOREM_SEQUENCE:
1; triangle_property_angle_sum(1,ABD); Polygon(ABD); ["Equal(Add(MeasureOfAngle(ABD),MeasureOfAngle(BDA),MeasureOfAngle(DAB)),180)"]  
2; isosceles_triangle_judgment_angle_equal(1,ABD); Polygon(ABD)&Equal(MeasureOfAngle(ABD),MeasureOfAngle(DAB)); ["IsoscelesTriangle(ABD)"]  
3; flat_angle(1,BDC); Collinear(BDC); ["Equal(MeasureOfAngle(BDC),180)"]  
4; angle_addition(1,BDA,ADC); Angle(BDA)&Angle(ADC)&Angle(BDC); ["Equal(MeasureOfAngle(BDC),Add(MeasureOfAngle(BDA),MeasureOfAngle(ADC)))"]  
5; sine_theorem(1,ADC); Polygon(ADC); ["Equal(Mul(LengthOfLine(AD),Sin(MeasureOfAngle(ADC))),Mul(LengthOfLine(AC),Sin(MeasureOfAngle(DCA))))"]
Retry attempt: 2
Content written to results/level_5/variant_analogy_based_model_o1_problem_5563_run_0_to_verify.txt
predicates to add:
Line
predicates to add:
Angle
predicates to add:
Line
predicates to add:
Line
predicates to add:
Angle
predicates to add:
Line
predicates to add:
Line
predicates to add:
Line
predicates to add:
Angle
predicates to add:
Line
predicates to add:
Line
predicates to add:
Line
predicates to add:
Angle
predicates to add:
Line
predicates to add:
Line
predicates to add:
Line
predicates to add:
Angle
predicates to add:
Line
predicates to add:
Line
predicates to add:
Polygon
has Polygon
has Polygon
has Polygon
has Polygon
has Polygon
has Polygon
has Polygon
predicates to add:
Line
predicates to add:
Angle
predicates to add:
Line
predicates to add:
Line
predicates to add:
Line
predicates to add:
Angle
predicates to add:
Line
predicates to add:
Line
predicates to add:
Line
predicates to add:
Angle
predicates to add:
Line
predicates to add:
Line
predicates to add:
Polygon
has Polygon
has Polygon
has Polygon
has Polygon
has Polygon
has Polygon
has Polygon
predicates to add:
Line
predicates to add:
Angle
predicates to add:
Line
predicates to add:
Angle
predicates to add:
Line
predicates to add:
Angle
predicates to add:
Line
predicates to add:
Line
predicates to add:
Line
predicates to add:
Angle
predicates to add:
Line
predicates to add:
Line
predicates to add:
Polygon
has Polygon
has Polygon
has Polygon
has Polygon
has Polygon
has Polygon
has Polygon
predicates to add:
Angle
predicates to add:
Angle
predicates to add:
Angle
predicates to add:
Angle
predicates to add:
Line
predicates to add:
Line
predicates to add:
Angle
predicates to add:
Angle
predicates to add:
Angle
predicates to add:
Angle
predicates to add:
Angle
predicates to add:
Angle
predicates to add:
Angle
predicates to add:
Angle
predicates to add:
Angle
predicates to add:
Angle
predicates to add:
Angle
predicates to add:
Angle
predicates to add:
Line
predicates to add:
Line
predicates to add:
Angle
predicates to add:
Line
predicates to add:
Line
predicates to add:
Angle
predicates to add:
Line
predicates to add:
Line
predicates to add:
Angle
predicates to add:
Line
predicates to add:
Line
predicates to add:
Angle
predicates to add:
Line
predicates to add:
Line
predicates to add:
Angle
predicates to add:
Line
predicates to add:
Line
predicates to add:
Angle
predicates to add:
Line
predicates to add:
Line
predicates to add:
Angle
predicates to add:
Line
predicates to add:
Line
predicates to add:
Angle
predicates to add:
Line
predicates to add:
Line
predicates to add:
Equation
predicates to add:
Equation
predicates to add:
Equation
predicates to add:
Equation
Verifier result: ERROR_TIER: TIER2_PREMISE_VIOLATION
verification failed.

- Error: You tried to use theorem: isosceles_triangle_judgment_angle_equal(1,ABD);Polygon(ABD)&Equal(MeasureOfAngle(ABD),MeasureOfAngle(BDA));['IsoscelesTriangle(ABD)']
Missing premise: Angles ABD and BDA are not proven equal in the system
Details: The current constraints don't force these angles to be equal
- Available premises:
  Collinear Points: BDC
  Polygons: ABC, ABD, ACB, ACD, ADB, ADC
- Theorems related to the goal:
  None found that constrain this goal
- Solver constraints directly related to this goal:
  None found

Please fix the proof.
Model Answer:
RETRY_ANSWER:
6
RETRY_THEOREM_SEQUENCE:
1; triangle_property_angle_sum(1,ABD); Polygon(ABD); ["Equal(Add(MeasureOfAngle(ABD),MeasureOfAngle(BDA),MeasureOfAngle(DAB)),180)"]  
2; isosceles_triangle_judgment_angle_equal(1,ABD); Polygon(ABD)&Equal(MeasureOfAngle(ABD),MeasureOfAngle(BDA)); ["IsoscelesTriangle(ABD)"]  
3; flat_angle(1,BDC); Collinear(BDC); ["Equal(MeasureOfAngle(BDC),180)"]  
4; angle_addition(1,BDA,ADC); Angle(BDA)&Angle(ADC)&Angle(BDC); ["Equal(MeasureOfAngle(BDC),Add(MeasureOfAngle(BDA),MeasureOfAngle(ADC)))"]  
5; sine_theorem(1,ADC); Polygon(ADC); ["Equal(Mul(LengthOfLine(AD),Sin(MeasureOfAngle(ADC))),Mul(LengthOfLine(AC),Sin(MeasureOfAngle(DCA))))"]
Retry attempt: 3
Content written to results/level_5/variant_analogy_based_model_o1_problem_5563_run_0_to_verify.txt
predicates to add:
Line
predicates to add:
Angle
predicates to add:
Line
predicates to add:
Line
predicates to add:
Angle
predicates to add:
Line
predicates to add:
Line
predicates to add:
Line
predicates to add:
Angle
predicates to add:
Line
predicates to add:
Line
predicates to add:
Line
predicates to add:
Angle
predicates to add:
Line
predicates to add:
Line
predicates to add:
Line
predicates to add:
Angle
predicates to add:
Line
predicates to add:
Line
predicates to add:
Polygon
has Polygon
has Polygon
has Polygon
has Polygon
has Polygon
has Polygon
has Polygon
predicates to add:
Line
predicates to add:
Angle
predicates to add:
Line
predicates to add:
Line
predicates to add:
Line
predicates to add:
Angle
predicates to add:
Line
predicates to add:
Line
predicates to add:
Line
predicates to add:
Angle
predicates to add:
Line
predicates to add:
Line
predicates to add:
Polygon
has Polygon
has Polygon
has Polygon
has Polygon
has Polygon
has Polygon
has Polygon
predicates to add:
Line
predicates to add:
Angle
predicates to add:
Line
predicates to add:
Angle
predicates to add:
Line
predicates to add:
Angle
predicates to add:
Line
predicates to add:
Line
predicates to add:
Line
predicates to add:
Angle
predicates to add:
Line
predicates to add:
Line
predicates to add:
Polygon
has Polygon
has Polygon
has Polygon
has Polygon
has Polygon
has Polygon
has Polygon
predicates to add:
Angle
predicates to add:
Angle
predicates to add:
Angle
predicates to add:
Angle
predicates to add:
Line
predicates to add:
Line
predicates to add:
Angle
predicates to add:
Angle
predicates to add:
Angle
predicates to add:
Angle
predicates to add:
Angle
predicates to add:
Angle
predicates to add:
Angle
predicates to add:
Angle
predicates to add:
Angle
predicates to add:
Angle
predicates to add:
Angle
predicates to add:
Angle
predicates to add:
Line
predicates to add:
Line
predicates to add:
Angle
predicates to add:
Line
predicates to add:
Line
predicates to add:
Angle
predicates to add:
Line
predicates to add:
Line
predicates to add:
Angle
predicates to add:
Line
predicates to add:
Line
predicates to add:
Angle
predicates to add:
Line
predicates to add:
Line
predicates to add:
Angle
predicates to add:
Line
predicates to add:
Line
predicates to add:
Angle
predicates to add:
Line
predicates to add:
Line
predicates to add:
Angle
predicates to add:
Line
predicates to add:
Line
predicates to add:
Angle
predicates to add:
Line
predicates to add:
Line
predicates to add:
Equation
predicates to add:
Equation
predicates to add:
Equation
predicates to add:
Equation
Verifier result: ERROR_TIER: TIER1_THEOREM_CALL_SYNTAX_VIOLATION
Failure: Theorem <triangle_property_angle_sum> branch error. Expected dict_keys(['1']) but got 2. Please rewrite your response, you should change only the call to theorem <triangle_property_angle_sum> by adding the branch number from the dict_keys as the first argument
Model Answer:
RETRY_ANSWER:
6
RETRY_THEOREM_SEQUENCE:
1; flat_angle(1,BDC); Collinear(BDC); ["Equal(MeasureOfAngle(BDC),180)"]  
2; angle_addition(1,BDA,ADC); Angle(BDA)&Angle(ADC)&Angle(BDC); ["Equal(MeasureOfAngle(BDC),Add(MeasureOfAngle(BDA),MeasureOfAngle(ADC)))"]  
3; triangle_property_angle_sum(1,ADC); Polygon(ADC); ["Equal(Add(MeasureOfAngle(ADC),MeasureOfAngle(DCA),MeasureOfAngle(CAD)),180)"]  
4; triangle_property_angle_sum(2,ABD); Polygon(ABD); ["Equal(Add(MeasureOfAngle(ABD),MeasureOfAngle(BDA),MeasureOfAngle(DAB)),180)"]  
5; sine_theorem(1,ADC); Polygon(ADC); ["Equal(Mul(LengthOfLine(AD),Sin(MeasureOfAngle(ADC))),Mul(LengthOfLine(AC),Sin(MeasureOfAngle(DCA))))"]
Retry attempt: 4
Content written to results/level_5/variant_analogy_based_model_o1_problem_5563_run_0_to_verify.txt
predicates to add:
Line
predicates to add:
Angle
predicates to add:
Line
predicates to add:
Line
predicates to add:
Angle
predicates to add:
Line
predicates to add:
Line
predicates to add:
Line
predicates to add:
Angle
predicates to add:
Line
predicates to add:
Line
predicates to add:
Line
predicates to add:
Angle
predicates to add:
Line
predicates to add:
Line
predicates to add:
Line
predicates to add:
Angle
predicates to add:
Line
predicates to add:
Line
predicates to add:
Polygon
has Polygon
has Polygon
has Polygon
has Polygon
has Polygon
has Polygon
has Polygon
predicates to add:
Line
predicates to add:
Angle
predicates to add:
Line
predicates to add:
Line
predicates to add:
Line
predicates to add:
Angle
predicates to add:
Line
predicates to add:
Line
predicates to add:
Line
predicates to add:
Angle
predicates to add:
Line
predicates to add:
Line
predicates to add:
Polygon
has Polygon
has Polygon
has Polygon
has Polygon
has Polygon
has Polygon
has Polygon
predicates to add:
Line
predicates to add:
Angle
predicates to add:
Line
predicates to add:
Angle
predicates to add:
Line
predicates to add:
Angle
predicates to add:
Line
predicates to add:
Line
predicates to add:
Line
predicates to add:
Angle
predicates to add:
Line
predicates to add:
Line
predicates to add:
Polygon
has Polygon
has Polygon
has Polygon
has Polygon
has Polygon
has Polygon
has Polygon
predicates to add:
Angle
predicates to add:
Angle
predicates to add:
Angle
predicates to add:
Angle
predicates to add:
Line
predicates to add:
Line
predicates to add:
Angle
predicates to add:
Angle
predicates to add:
Angle
predicates to add:
Angle
predicates to add:
Angle
predicates to add:
Angle
predicates to add:
Angle
predicates to add:
Angle
predicates to add:
Angle
predicates to add:
Angle
predicates to add:
Angle
predicates to add:
Angle
predicates to add:
Line
predicates to add:
Line
predicates to add:
Angle
predicates to add:
Line
predicates to add:
Line
predicates to add:
Angle
predicates to add:
Line
predicates to add:
Line
predicates to add:
Angle
predicates to add:
Line
predicates to add:
Line
predicates to add:
Angle
predicates to add:
Line
predicates to add:
Line
predicates to add:
Angle
predicates to add:
Line
predicates to add:
Line
predicates to add:
Angle
predicates to add:
Line
predicates to add:
Line
predicates to add:
Angle
predicates to add:
Line
predicates to add:
Line
predicates to add:
Angle
predicates to add:
Line
predicates to add:
Line
predicates to add:
Equation
predicates to add:
Equation
predicates to add:
Equation
predicates to add:
Equation
Verifier result: ERROR_TIER: TIER3_GOAL_NOT_REACHED
verification failed.

- Goal: length of line AC
- Model answer: 6.0
- Error: Your proof doesn't uniquely determine the value. You need to use additional theorems to constrain the value.
- Available premises:
  Collinear Points: BDC
  Polygons: ABC, ABD, ACB, ACD, ADB, ADC
- Theorems related to the goal:
  Step 5 - sine_theorem(1, ADC): Equal(Mul(LengthOfLine(AD),Sin(MeasureOfAngle(ADC))),Mul(LengthOfLine(AC),Sin(MeasureOfAngle(DCA))))
- Solver constraints directly related to this goal:
  |AC| > 0
  |AD|*24999999999999997/50000000000000000 = |AC|*1

Please fix the proof.
Model Answer:
RETRY_ANSWER:
6
RETRY_THEOREM_SEQUENCE:
1; flat_angle(1,BDC); Collinear(BDC); ["Equal(MeasureOfAngle(BDC),180)"]  
2; angle_addition(1,BDA,ADC); Angle(BDA)&Angle(ADC)&Angle(BDC); ["Equal(MeasureOfAngle(BDC),Add(MeasureOfAngle(BDA),MeasureOfAngle(ADC)))"]  
3; triangle_property_angle_sum(1,ADC); Polygon(ADC); ["Equal(Add(MeasureOfAngle(ADC),MeasureOfAngle(DCA),MeasureOfAngle(CAD)),180)"]  
4; triangle_property_angle_sum(1,ABD); Polygon(ABD); ["Equal(Add(MeasureOfAngle(ABD),MeasureOfAngle(BDA),MeasureOfAngle(DAB)),180)"]  
5; sine_theorem(1,ADC); Polygon(ADC); ["Equal(Mul(LengthOfLine(AD),Sin(MeasureOfAngle(ADC))),Mul(LengthOfLine(AC),Sin(MeasureOfAngle(DCA))))"]
Retry attempt: 5
Content written to results/level_5/variant_analogy_based_model_o1_problem_5563_run_0.txt
