Content written to results/level_5/variant_analogy_based_model_o1_problem_6485_run_0_to_verify.txt
predicates to add:
Line
predicates to add:
Angle
predicates to add:
Line
predicates to add:
Line
predicates to add:
Angle
predicates to add:
Line
predicates to add:
Line
predicates to add:
Line
predicates to add:
Angle
predicates to add:
Line
predicates to add:
Line
predicates to add:
Angle
predicates to add:
Line
predicates to add:
Line
predicates to add:
Line
predicates to add:
Angle
predicates to add:
Line
predicates to add:
Line
predicates to add:
Line
predicates to add:
Angle
predicates to add:
Line
predicates to add:
Line
predicates to add:
Line
predicates to add:
Angle
predicates to add:
Line
predicates to add:
Angle
predicates to add:
Line
predicates to add:
Line
predicates to add:
Polygon
has Polygon
has Polygon
has Polygon
has Polygon
has Polygon
has Polygon
has Polygon
predicates to add:
Line
predicates to add:
Angle
predicates to add:
Line
predicates to add:
Line
predicates to add:
Line
predicates to add:
Angle
predicates to add:
Line
predicates to add:
Line
predicates to add:
Line
predicates to add:
Angle
predicates to add:
Line
predicates to add:
Line
predicates to add:
Polygon
has Polygon
has Polygon
has Polygon
has Polygon
has Polygon
has Polygon
has Polygon
predicates to add:
Line
predicates to add:
Angle
predicates to add:
Line
predicates to add:
Line
predicates to add:
Line
predicates to add:
Angle
predicates to add:
Line
predicates to add:
Line
predicates to add:
Line
predicates to add:
Angle
predicates to add:
Line
predicates to add:
Line
predicates to add:
Polygon
has Polygon
has Polygon
has Polygon
has Polygon
has Polygon
has Polygon
has Polygon
predicates to add:
Line
predicates to add:
Angle
predicates to add:
Line
predicates to add:
Line
predicates to add:
Line
predicates to add:
Angle
predicates to add:
Line
predicates to add:
Line
predicates to add:
Line
predicates to add:
Angle
predicates to add:
Line
predicates to add:
Line
predicates to add:
Polygon
has Polygon
has Polygon
has Polygon
has Polygon
has Polygon
has Polygon
has Polygon
predicates to add:
Line
predicates to add:
Angle
predicates to add:
Line
predicates to add:
Line
predicates to add:
Line
predicates to add:
Angle
predicates to add:
Line
predicates to add:
Angle
predicates to add:
Line
predicates to add:
Line
predicates to add:
Line
predicates to add:
Angle
predicates to add:
Line
predicates to add:
Angle
predicates to add:
Line
predicates to add:
Line
predicates to add:
Polygon
has Polygon
has Polygon
has Polygon
has Polygon
has Polygon
predicates to add:
Line
predicates to add:
Angle
predicates to add:
Line
predicates to add:
Angle
predicates to add:
Line
predicates to add:
Angle
predicates to add:
Line
predicates to add:
Line
predicates to add:
Line
predicates to add:
Angle
predicates to add:
Line
predicates to add:
Angle
predicates to add:
Line
predicates to add:
Line
predicates to add:
Polygon
has Polygon
has Polygon
has Polygon
has Polygon
has Polygon
predicates to add:
Line
predicates to add:
Angle
predicates to add:
Line
predicates to add:
Angle
predicates to add:
Line
predicates to add:
Angle
predicates to add:
Line
predicates to add:
Line
predicates to add:
Line
predicates to add:
Angle
predicates to add:
Line
predicates to add:
Line
predicates to add:
Polygon
has Polygon
has Polygon
has Polygon
has Polygon
has Polygon
has Polygon
has Polygon
predicates to add:
Line
predicates to add:
Angle
predicates to add:
Line
predicates to add:
Angle
predicates to add:
Line
predicates to add:
Line
predicates to add:
Line
predicates to add:
Angle
predicates to add:
Line
predicates to add:
Angle
predicates to add:
Line
predicates to add:
Line
predicates to add:
Polygon
has Polygon
has Polygon
has Polygon
has Polygon
predicates to add:
Line
predicates to add:
Angle
predicates to add:
Line
predicates to add:
Angle
predicates to add:
Line
predicates to add:
Angle
predicates to add:
Line
predicates to add:
Line
predicates to add:
Line
predicates to add:
Angle
predicates to add:
Line
predicates to add:
Angle
predicates to add:
Line
predicates to add:
Angle
predicates to add:
Polygon
has Polygon
has Polygon
has Polygon
has Polygon
has Polygon
has Polygon
predicates to add:
Line
predicates to add:
Angle
predicates to add:
Line
predicates to add:
Angle
predicates to add:
Line
predicates to add:
Angle
predicates to add:
Line
predicates to add:
Angle
predicates to add:
Polygon
has Polygon
has Polygon
has Polygon
has Polygon
predicates to add:
Line
predicates to add:
Angle
predicates to add:
Line
predicates to add:
Angle
predicates to add:
Line
predicates to add:
Angle
predicates to add:
Line
predicates to add:
Line
predicates to add:
Line
predicates to add:
Angle
predicates to add:
Line
predicates to add:
Angle
predicates to add:
Polygon
has Polygon
has Polygon
has Polygon
has Polygon
has Polygon
has Polygon
has Polygon
predicates to add:
Line
predicates to add:
Angle
predicates to add:
Line
predicates to add:
Angle
predicates to add:
Line
predicates to add:
Angle
predicates to add:
Line
predicates to add:
Angle
predicates to add:
Line
predicates to add:
Angle
predicates to add:
Line
predicates to add:
Line
predicates to add:
Polygon
has Polygon
has Polygon
has Polygon
has Polygon
predicates to add:
Angle
predicates to add:
Angle
predicates to add:
Angle
predicates to add:
Angle
predicates to add:
Angle
predicates to add:
Angle
predicates to add:
Line
predicates to add:
Line
predicates to add:
Angle
predicates to add:
Angle
predicates to add:
Angle
predicates to add:
Angle
predicates to add:
Angle
predicates to add:
Angle
predicates to add:
Angle
predicates to add:
Line
predicates to add:
Line
predicates to add:
Angle
predicates to add:
Line
predicates to add:
Line
predicates to add:
Angle
predicates to add:
Line
predicates to add:
Line
predicates to add:
Angle
predicates to add:
Angle
predicates to add:
Angle
predicates to add:
Angle
predicates to add:
Angle
predicates to add:
Angle
predicates to add:
Line
predicates to add:
Line
predicates to add:
Angle
predicates to add:
Angle
predicates to add:
Angle
predicates to add:
Angle
predicates to add:
Angle
predicates to add:
Angle
predicates to add:
Angle
predicates to add:
Angle
predicates to add:
Angle
predicates to add:
Angle
predicates to add:
Angle
predicates to add:
Angle
predicates to add:
Angle
predicates to add:
Angle
predicates to add:
Angle
predicates to add:
Angle
predicates to add:
Angle
predicates to add:
Angle
predicates to add:
Angle
predicates to add:
Angle
predicates to add:
Angle
predicates to add:
Angle
predicates to add:
Angle
predicates to add:
Angle
predicates to add:
Angle
predicates to add:
Angle
predicates to add:
Line
predicates to add:
Line
predicates to add:
Angle
predicates to add:
Line
predicates to add:
Line
predicates to add:
Angle
predicates to add:
Line
predicates to add:
Line
predicates to add:
Angle
predicates to add:
Angle
predicates to add:
Line
predicates to add:
Line
predicates to add:
Angle
predicates to add:
Line
predicates to add:
Line
predicates to add:
Angle
predicates to add:
Angle
predicates to add:
Line
predicates to add:
Line
predicates to add:
Angle
predicates to add:
Line
predicates to add:
Line
predicates to add:
Angle
predicates to add:
Line
predicates to add:
Line
predicates to add:
Angle
predicates to add:
Line
predicates to add:
Line
predicates to add:
Angle
predicates to add:
Line
predicates to add:
Line
predicates to add:
Angle
predicates to add:
Line
predicates to add:
Line
predicates to add:
Angle
predicates to add:
Line
predicates to add:
Line
predicates to add:
Angle
predicates to add:
Angle
predicates to add:
Angle
predicates to add:
Line
predicates to add:
Line
predicates to add:
Angle
predicates to add:
Line
predicates to add:
Line
predicates to add:
Angle
predicates to add:
Line
predicates to add:
Line
predicates to add:
Angle
predicates to add:
Line
predicates to add:
Line
predicates to add:
Angle
predicates to add:
Angle
predicates to add:
Line
predicates to add:
Line
predicates to add:
Angle
predicates to add:
Line
predicates to add:
Line
predicates to add:
Angle
predicates to add:
Line
predicates to add:
Line
predicates to add:
Angle
predicates to add:
Angle
predicates to add:
Line
predicates to add:
Line
predicates to add:
Angle
predicates to add:
Line
predicates to add:
Line
predicates to add:
Angle
predicates to add:
Line
predicates to add:
Line
predicates to add:
Angle
predicates to add:
Line
predicates to add:
Line
predicates to add:
Angle
predicates to add:
Line
predicates to add:
Line
predicates to add:
Equation
predicates to add:
Equation
predicates to add:
IsPerpendicularBisectorOfLine
predicates to add:
PerpendicularBetweenLine
predicates to add:
Equation
predicates to add:
PerpendicularBetweenLine
predicates to add:
Equation
predicates to add:
IsMidpointOfLine
predicates to add:
Equation
predicates to add:
Parallelogram
predicates to add:
ParallelBetweenLine
predicates to add:
ParallelBetweenLine
Verifier result: ERROR_TIER: TIER1_THEOREM_CALL_SYNTAX_VIOLATION
Verification failed.
Theorem: parallelogram_property_opposite_line_equal(1,ABCD)
The language model outputs the following conclusions: Equal(LengthOfLine(AB),LengthOfLine(CD))
The correct conclusions for the theorem: Equal(LengthOfLine(BA),LengthOfLine(CD))

Model Answer:
RETRY_ANSWER:
10
RETRY_THEOREM_SEQUENCE:
1; parallelogram_property_opposite_line_equal(1,ABCD); Parallelogram(ABCD); ["Equal(LengthOfLine(AB),LengthOfLine(CD))"]
2; parallelogram_property_opposite_line_equal(1,BCDA); Parallelogram(BCDA); ["Equal(LengthOfLine(BC),LengthOfLine(DA))"]
3; line_addition(1,AE,ED); Collinear(AED); ["Equal(LengthOfLine(AD),Add(LengthOfLine(AE),LengthOfLine(ED)))"]
4; perpendicular_bisector_property_distance_equal(1,EF,AC); IsPerpendicularBisectorOfLine(EF,AC); ["Equal(LengthOfLine(EA),LengthOfLine(EC))"]
5; triangle_perimeter_formula(1,CDE); Polygon(CDE); ["Equal(PerimeterOfTriangle(CDE),Add(LengthOfLine(CD),LengthOfLine(DE),LengthOfLine(EC)))"]
Retry attempt: 1
Content written to results/level_5/variant_analogy_based_model_o1_problem_6485_run_0_to_verify.txt
predicates to add:
Line
predicates to add:
Angle
predicates to add:
Line
predicates to add:
Line
predicates to add:
Angle
predicates to add:
Line
predicates to add:
Line
predicates to add:
Line
predicates to add:
Angle
predicates to add:
Line
predicates to add:
Line
predicates to add:
Angle
predicates to add:
Line
predicates to add:
Line
predicates to add:
Line
predicates to add:
Angle
predicates to add:
Line
predicates to add:
Line
predicates to add:
Line
predicates to add:
Angle
predicates to add:
Line
predicates to add:
Line
predicates to add:
Line
predicates to add:
Angle
predicates to add:
Line
predicates to add:
Angle
predicates to add:
Line
predicates to add:
Line
predicates to add:
Polygon
has Polygon
has Polygon
has Polygon
has Polygon
has Polygon
has Polygon
has Polygon
predicates to add:
Line
predicates to add:
Angle
predicates to add:
Line
predicates to add:
Line
predicates to add:
Line
predicates to add:
Angle
predicates to add:
Line
predicates to add:
Line
predicates to add:
Line
predicates to add:
Angle
predicates to add:
Line
predicates to add:
Line
predicates to add:
Polygon
has Polygon
has Polygon
has Polygon
has Polygon
has Polygon
has Polygon
has Polygon
predicates to add:
Line
predicates to add:
Angle
predicates to add:
Line
predicates to add:
Line
predicates to add:
Line
predicates to add:
Angle
predicates to add:
Line
predicates to add:
Line
predicates to add:
Line
predicates to add:
Angle
predicates to add:
Line
predicates to add:
Line
predicates to add:
Polygon
has Polygon
has Polygon
has Polygon
has Polygon
has Polygon
has Polygon
has Polygon
predicates to add:
Line
predicates to add:
Angle
predicates to add:
Line
predicates to add:
Line
predicates to add:
Line
predicates to add:
Angle
predicates to add:
Line
predicates to add:
Line
predicates to add:
Line
predicates to add:
Angle
predicates to add:
Line
predicates to add:
Line
predicates to add:
Polygon
has Polygon
has Polygon
has Polygon
has Polygon
has Polygon
has Polygon
has Polygon
predicates to add:
Line
predicates to add:
Angle
predicates to add:
Line
predicates to add:
Line
predicates to add:
Line
predicates to add:
Angle
predicates to add:
Line
predicates to add:
Angle
predicates to add:
Line
predicates to add:
Line
predicates to add:
Line
predicates to add:
Angle
predicates to add:
Line
predicates to add:
Angle
predicates to add:
Line
predicates to add:
Line
predicates to add:
Polygon
has Polygon
has Polygon
has Polygon
has Polygon
has Polygon
predicates to add:
Line
predicates to add:
Angle
predicates to add:
Line
predicates to add:
Angle
predicates to add:
Line
predicates to add:
Angle
predicates to add:
Line
predicates to add:
Line
predicates to add:
Line
predicates to add:
Angle
predicates to add:
Line
predicates to add:
Angle
predicates to add:
Line
predicates to add:
Line
predicates to add:
Polygon
has Polygon
has Polygon
has Polygon
has Polygon
has Polygon
predicates to add:
Line
predicates to add:
Angle
predicates to add:
Line
predicates to add:
Angle
predicates to add:
Line
predicates to add:
Angle
predicates to add:
Line
predicates to add:
Line
predicates to add:
Line
predicates to add:
Angle
predicates to add:
Line
predicates to add:
Line
predicates to add:
Polygon
has Polygon
has Polygon
has Polygon
has Polygon
has Polygon
has Polygon
has Polygon
predicates to add:
Line
predicates to add:
Angle
predicates to add:
Line
predicates to add:
Angle
predicates to add:
Line
predicates to add:
Line
predicates to add:
Line
predicates to add:
Angle
predicates to add:
Line
predicates to add:
Angle
predicates to add:
Line
predicates to add:
Line
predicates to add:
Polygon
has Polygon
has Polygon
has Polygon
has Polygon
predicates to add:
Line
predicates to add:
Angle
predicates to add:
Line
predicates to add:
Angle
predicates to add:
Line
predicates to add:
Angle
predicates to add:
Line
predicates to add:
Line
predicates to add:
Line
predicates to add:
Angle
predicates to add:
Line
predicates to add:
Angle
predicates to add:
Line
predicates to add:
Angle
predicates to add:
Polygon
has Polygon
has Polygon
has Polygon
has Polygon
has Polygon
has Polygon
predicates to add:
Line
predicates to add:
Angle
predicates to add:
Line
predicates to add:
Angle
predicates to add:
Line
predicates to add:
Angle
predicates to add:
Line
predicates to add:
Angle
predicates to add:
Polygon
has Polygon
has Polygon
has Polygon
has Polygon
predicates to add:
Line
predicates to add:
Angle
predicates to add:
Line
predicates to add:
Angle
predicates to add:
Line
predicates to add:
Angle
predicates to add:
Line
predicates to add:
Line
predicates to add:
Line
predicates to add:
Angle
predicates to add:
Line
predicates to add:
Angle
predicates to add:
Polygon
has Polygon
has Polygon
has Polygon
has Polygon
has Polygon
has Polygon
has Polygon
predicates to add:
Line
predicates to add:
Angle
predicates to add:
Line
predicates to add:
Angle
predicates to add:
Line
predicates to add:
Angle
predicates to add:
Line
predicates to add:
Angle
predicates to add:
Line
predicates to add:
Angle
predicates to add:
Line
predicates to add:
Line
predicates to add:
Polygon
has Polygon
has Polygon
has Polygon
has Polygon
predicates to add:
Angle
predicates to add:
Angle
predicates to add:
Angle
predicates to add:
Angle
predicates to add:
Angle
predicates to add:
Angle
predicates to add:
Line
predicates to add:
Line
predicates to add:
Angle
predicates to add:
Angle
predicates to add:
Angle
predicates to add:
Angle
predicates to add:
Angle
predicates to add:
Angle
predicates to add:
Angle
predicates to add:
Line
predicates to add:
Line
predicates to add:
Angle
predicates to add:
Line
predicates to add:
Line
predicates to add:
Angle
predicates to add:
Line
predicates to add:
Line
predicates to add:
Angle
predicates to add:
Angle
predicates to add:
Angle
predicates to add:
Angle
predicates to add:
Angle
predicates to add:
Angle
predicates to add:
Line
predicates to add:
Line
predicates to add:
Angle
predicates to add:
Angle
predicates to add:
Angle
predicates to add:
Angle
predicates to add:
Angle
predicates to add:
Angle
predicates to add:
Angle
predicates to add:
Angle
predicates to add:
Angle
predicates to add:
Angle
predicates to add:
Angle
predicates to add:
Angle
predicates to add:
Angle
predicates to add:
Angle
predicates to add:
Angle
predicates to add:
Angle
predicates to add:
Angle
predicates to add:
Angle
predicates to add:
Angle
predicates to add:
Angle
predicates to add:
Angle
predicates to add:
Angle
predicates to add:
Angle
predicates to add:
Angle
predicates to add:
Angle
predicates to add:
Angle
predicates to add:
Line
predicates to add:
Line
predicates to add:
Angle
predicates to add:
Line
predicates to add:
Line
predicates to add:
Angle
predicates to add:
Line
predicates to add:
Line
predicates to add:
Angle
predicates to add:
Angle
predicates to add:
Line
predicates to add:
Line
predicates to add:
Angle
predicates to add:
Line
predicates to add:
Line
predicates to add:
Angle
predicates to add:
Angle
predicates to add:
Line
predicates to add:
Line
predicates to add:
Angle
predicates to add:
Line
predicates to add:
Line
predicates to add:
Angle
predicates to add:
Line
predicates to add:
Line
predicates to add:
Angle
predicates to add:
Line
predicates to add:
Line
predicates to add:
Angle
predicates to add:
Line
predicates to add:
Line
predicates to add:
Angle
predicates to add:
Line
predicates to add:
Line
predicates to add:
Angle
predicates to add:
Line
predicates to add:
Line
predicates to add:
Angle
predicates to add:
Angle
predicates to add:
Angle
predicates to add:
Line
predicates to add:
Line
predicates to add:
Angle
predicates to add:
Line
predicates to add:
Line
predicates to add:
Angle
predicates to add:
Line
predicates to add:
Line
predicates to add:
Angle
predicates to add:
Line
predicates to add:
Line
predicates to add:
Angle
predicates to add:
Angle
predicates to add:
Line
predicates to add:
Line
predicates to add:
Angle
predicates to add:
Line
predicates to add:
Line
predicates to add:
Angle
predicates to add:
Line
predicates to add:
Line
predicates to add:
Angle
predicates to add:
Angle
predicates to add:
Line
predicates to add:
Line
predicates to add:
Angle
predicates to add:
Line
predicates to add:
Line
predicates to add:
Angle
predicates to add:
Line
predicates to add:
Line
predicates to add:
Angle
predicates to add:
Line
predicates to add:
Line
predicates to add:
Angle
predicates to add:
Line
predicates to add:
Line
predicates to add:
Equation
predicates to add:
Equation
predicates to add:
IsPerpendicularBisectorOfLine
predicates to add:
PerpendicularBetweenLine
predicates to add:
Equation
predicates to add:
PerpendicularBetweenLine
predicates to add:
Equation
predicates to add:
IsMidpointOfLine
predicates to add:
Equation
predicates to add:
Parallelogram
predicates to add:
ParallelBetweenLine
predicates to add:
ParallelBetweenLine
Theorem sequence verified correctly
Content written to results/level_5/variant_analogy_based_model_o1_problem_6485_run_0.txt
