Content written to results/level_5/variant_random_all_theorems_model_o1_problem_847_run_0_to_verify.txt
predicates to add:
Line
predicates to add:
Angle
predicates to add:
Line
predicates to add:
Line
predicates to add:
Angle
predicates to add:
Line
predicates to add:
Line
predicates to add:
Line
predicates to add:
Angle
predicates to add:
Line
predicates to add:
Line
predicates to add:
Line
predicates to add:
Angle
predicates to add:
Line
predicates to add:
Line
predicates to add:
Line
predicates to add:
Angle
predicates to add:
Line
predicates to add:
Line
predicates to add:
Polygon
has Polygon
has Polygon
has Polygon
has Polygon
has Polygon
has Polygon
has Polygon
predicates to add:
Line
predicates to add:
Angle
predicates to add:
Line
predicates to add:
Line
predicates to add:
Line
predicates to add:
Angle
predicates to add:
Line
predicates to add:
Line
predicates to add:
Line
predicates to add:
Angle
predicates to add:
Line
predicates to add:
Line
predicates to add:
Polygon
has Polygon
has Polygon
has Polygon
has Polygon
has Polygon
has Polygon
has Polygon
predicates to add:
Line
predicates to add:
Angle
predicates to add:
Line
predicates to add:
Angle
predicates to add:
Line
predicates to add:
Angle
predicates to add:
Line
predicates to add:
Line
predicates to add:
Line
predicates to add:
Angle
predicates to add:
Line
predicates to add:
Line
predicates to add:
Polygon
has Polygon
has Polygon
has Polygon
has Polygon
has Polygon
has Polygon
has Polygon
predicates to add:
Angle
predicates to add:
Angle
predicates to add:
Angle
predicates to add:
Angle
predicates to add:
Line
predicates to add:
Line
predicates to add:
Angle
predicates to add:
Angle
predicates to add:
Angle
predicates to add:
Angle
predicates to add:
Angle
predicates to add:
Angle
predicates to add:
Angle
predicates to add:
Angle
predicates to add:
Angle
predicates to add:
Angle
predicates to add:
Angle
predicates to add:
Angle
predicates to add:
Line
predicates to add:
Line
predicates to add:
Angle
predicates to add:
Line
predicates to add:
Line
predicates to add:
Angle
predicates to add:
Line
predicates to add:
Line
predicates to add:
Angle
predicates to add:
Line
predicates to add:
Line
predicates to add:
Angle
predicates to add:
Line
predicates to add:
Line
predicates to add:
Angle
predicates to add:
Line
predicates to add:
Line
predicates to add:
Angle
predicates to add:
Line
predicates to add:
Line
predicates to add:
Angle
predicates to add:
Line
predicates to add:
Line
predicates to add:
Angle
predicates to add:
Line
predicates to add:
Line
predicates to add:
Equation
predicates to add:
Equation
predicates to add:
Equation
predicates to add:
Equation
predicates to add:
PerpendicularBetweenLine
predicates to add:
Equation
predicates to add:
Equation
predicates to add:
Equation
predicates to add:
Equation
predicates to add:
Equation
predicates to add:
PerpendicularBetweenLine
Verifier result: ERROR_TIER: TIER1_THEOREM_CALL_SYNTAX_VIOLATION
Failure: Theorem <isosceles_triangle_judgment_line_equal> variation id is not supplied. Expected dict_keys(['1']) but got None.
Your call: isosceles_triangle_judgment_line_equal(A,B,C)
Please rewrite your response by adding the variation id as the first argument. For example: For variation 1: isosceles_triangle_judgment_line_equal(1,A,B,C)

Model Answer:
RETRY_ANSWER:
6√3
RETRY_THEOREM_SEQUENCE:
1; isosceles_triangle_judgment_line_equal(ABC); Polygon(ABC)&Equal(LengthOfLine(AB),LengthOfLine(BC)); ["IsoscelesTriangle(ABC)"]  
2; isosceles_triangle_property_angle_equal(ABC); IsoscelesTriangle(ABC); ["Equal(MeasureOfAngle(ABC),MeasureOfAngle(BCA))"]  
3; triangle_property_angle_sum(ABC); Polygon(ABC); ["Equal(Add(MeasureOfAngle(ABC),MeasureOfAngle(BCA),MeasureOfAngle(CAB)),180)"]  
4; altitude_of_triangle_judgment(BD,ABC); Polygon(ABC)&Line(BD)&Collinear(ACD)&Equal(MeasureOfAngle(CDB),90); ["IsAltitudeOfTriangle(BD,ABC)"]  
5; triangle_area_formula_sine(ABC); Polygon(ABC); ["Equal(AreaOfTriangle(ABC),Mul(LengthOfLine(AB),LengthOfLine(AC),Sin(MeasureOfAngle(CAB)),1/2))"]  
6; triangle_area_formula_common(ABC); Polygon(ABC); ["Equal(AreaOfTriangle(ABC),Mul(HeightOfTriangle(ABC),LengthOfLine(BC),1/2))"]
Retry attempt: 1
Content written to results/level_5/variant_random_all_theorems_model_o1_problem_847_run_0_to_verify.txt
predicates to add:
Line
predicates to add:
Angle
predicates to add:
Line
predicates to add:
Line
predicates to add:
Angle
predicates to add:
Line
predicates to add:
Line
predicates to add:
Line
predicates to add:
Angle
predicates to add:
Line
predicates to add:
Line
predicates to add:
Line
predicates to add:
Angle
predicates to add:
Line
predicates to add:
Line
predicates to add:
Line
predicates to add:
Angle
predicates to add:
Line
predicates to add:
Line
predicates to add:
Polygon
has Polygon
has Polygon
has Polygon
has Polygon
has Polygon
has Polygon
has Polygon
predicates to add:
Line
predicates to add:
Angle
predicates to add:
Line
predicates to add:
Line
predicates to add:
Line
predicates to add:
Angle
predicates to add:
Line
predicates to add:
Line
predicates to add:
Line
predicates to add:
Angle
predicates to add:
Line
predicates to add:
Line
predicates to add:
Polygon
has Polygon
has Polygon
has Polygon
has Polygon
has Polygon
has Polygon
has Polygon
predicates to add:
Line
predicates to add:
Angle
predicates to add:
Line
predicates to add:
Angle
predicates to add:
Line
predicates to add:
Angle
predicates to add:
Line
predicates to add:
Line
predicates to add:
Line
predicates to add:
Angle
predicates to add:
Line
predicates to add:
Line
predicates to add:
Polygon
has Polygon
has Polygon
has Polygon
has Polygon
has Polygon
has Polygon
has Polygon
predicates to add:
Angle
predicates to add:
Angle
predicates to add:
Angle
predicates to add:
Angle
predicates to add:
Line
predicates to add:
Line
predicates to add:
Angle
predicates to add:
Angle
predicates to add:
Angle
predicates to add:
Angle
predicates to add:
Angle
predicates to add:
Angle
predicates to add:
Angle
predicates to add:
Angle
predicates to add:
Angle
predicates to add:
Angle
predicates to add:
Angle
predicates to add:
Angle
predicates to add:
Line
predicates to add:
Line
predicates to add:
Angle
predicates to add:
Line
predicates to add:
Line
predicates to add:
Angle
predicates to add:
Line
predicates to add:
Line
predicates to add:
Angle
predicates to add:
Line
predicates to add:
Line
predicates to add:
Angle
predicates to add:
Line
predicates to add:
Line
predicates to add:
Angle
predicates to add:
Line
predicates to add:
Line
predicates to add:
Angle
predicates to add:
Line
predicates to add:
Line
predicates to add:
Angle
predicates to add:
Line
predicates to add:
Line
predicates to add:
Angle
predicates to add:
Line
predicates to add:
Line
predicates to add:
Equation
predicates to add:
Equation
predicates to add:
Equation
predicates to add:
Equation
predicates to add:
PerpendicularBetweenLine
predicates to add:
Equation
predicates to add:
Equation
predicates to add:
Equation
predicates to add:
Equation
predicates to add:
Equation
predicates to add:
PerpendicularBetweenLine
Verifier result: ERROR_TIER: TIER1_THEOREM_CALL_SYNTAX_VIOLATION
Theorem: isosceles_triangle_judgment_line_equal(1,ABC)
You output the following premises: Polygon(ABC)&Equal(LengthOfLine(AB),LengthOfLine(BC))
But the correct premises: Polygon(ABC)&Equal(LengthOfLine(AB),LengthOfLine(AC))

Model Answer:
RETRY_ANSWER:
6√3
RETRY_THEOREM_SEQUENCE:
1; isosceles_triangle_judgment_line_equal(1,ABC); Polygon(ABC)&Equal(LengthOfLine(AB),LengthOfLine(BC)); ["IsoscelesTriangle(ABC)"]
2; isosceles_triangle_property_angle_equal(1,ABC); IsoscelesTriangle(ABC); ["Equal(MeasureOfAngle(ABC),MeasureOfAngle(BCA))"]
3; triangle_property_angle_sum(1,ABC); Polygon(ABC); ["Equal(Add(MeasureOfAngle(ABC),MeasureOfAngle(BCA),MeasureOfAngle(CAB)),180)"]
4; altitude_of_triangle_judgment(3,BD,ABC); Polygon(ABC)&Line(BD)&Collinear(ACD)&Equal(MeasureOfAngle(CDB),90); ["IsAltitudeOfTriangle(BD,ABC)"]
5; triangle_area_formula_sine(1,ABC); Polygon(ABC); ["Equal(AreaOfTriangle(ABC),Mul(LengthOfLine(AB),LengthOfLine(AC),Sin(MeasureOfAngle(CAB)),1/2))"]
6; triangle_area_formula_common(1,ABC); Polygon(ABC); ["Equal(AreaOfTriangle(ABC),Mul(HeightOfTriangle(ABC),LengthOfLine(BC),1/2))"]
Retry attempt: 2
Content written to results/level_5/variant_random_all_theorems_model_o1_problem_847_run_0_to_verify.txt
predicates to add:
Line
predicates to add:
Angle
predicates to add:
Line
predicates to add:
Line
predicates to add:
Angle
predicates to add:
Line
predicates to add:
Line
predicates to add:
Line
predicates to add:
Angle
predicates to add:
Line
predicates to add:
Line
predicates to add:
Line
predicates to add:
Angle
predicates to add:
Line
predicates to add:
Line
predicates to add:
Line
predicates to add:
Angle
predicates to add:
Line
predicates to add:
Line
predicates to add:
Polygon
has Polygon
has Polygon
has Polygon
has Polygon
has Polygon
has Polygon
has Polygon
predicates to add:
Line
predicates to add:
Angle
predicates to add:
Line
predicates to add:
Line
predicates to add:
Line
predicates to add:
Angle
predicates to add:
Line
predicates to add:
Line
predicates to add:
Line
predicates to add:
Angle
predicates to add:
Line
predicates to add:
Line
predicates to add:
Polygon
has Polygon
has Polygon
has Polygon
has Polygon
has Polygon
has Polygon
has Polygon
predicates to add:
Line
predicates to add:
Angle
predicates to add:
Line
predicates to add:
Angle
predicates to add:
Line
predicates to add:
Angle
predicates to add:
Line
predicates to add:
Line
predicates to add:
Line
predicates to add:
Angle
predicates to add:
Line
predicates to add:
Line
predicates to add:
Polygon
has Polygon
has Polygon
has Polygon
has Polygon
has Polygon
has Polygon
has Polygon
predicates to add:
Angle
predicates to add:
Angle
predicates to add:
Angle
predicates to add:
Angle
predicates to add:
Line
predicates to add:
Line
predicates to add:
Angle
predicates to add:
Angle
predicates to add:
Angle
predicates to add:
Angle
predicates to add:
Angle
predicates to add:
Angle
predicates to add:
Angle
predicates to add:
Angle
predicates to add:
Angle
predicates to add:
Angle
predicates to add:
Angle
predicates to add:
Angle
predicates to add:
Line
predicates to add:
Line
predicates to add:
Angle
predicates to add:
Line
predicates to add:
Line
predicates to add:
Angle
predicates to add:
Line
predicates to add:
Line
predicates to add:
Angle
predicates to add:
Line
predicates to add:
Line
predicates to add:
Angle
predicates to add:
Line
predicates to add:
Line
predicates to add:
Angle
predicates to add:
Line
predicates to add:
Line
predicates to add:
Angle
predicates to add:
Line
predicates to add:
Line
predicates to add:
Angle
predicates to add:
Line
predicates to add:
Line
predicates to add:
Angle
predicates to add:
Line
predicates to add:
Line
predicates to add:
Equation
predicates to add:
Equation
predicates to add:
Equation
predicates to add:
Equation
predicates to add:
PerpendicularBetweenLine
predicates to add:
Equation
predicates to add:
Equation
predicates to add:
Equation
predicates to add:
Equation
predicates to add:
Equation
predicates to add:
PerpendicularBetweenLine
Verifier result: ERROR_TIER: TIER1_THEOREM_CALL_SYNTAX_VIOLATION
Theorem: altitude_of_triangle_judgment(3,BD,ABC)
You output the following premises: Polygon(ABC)&Line(BD)&Collinear(ACD)&Equal(MeasureOfAngle(CDB),90)
But the correct premises: Polygon(ABC)&Line(AD)&Collinear(BCD)&Equal(MeasureOfAngle(CDA),90)
You output the following conclusions: IsAltitudeOfTriangle(BD,ABC)
But the correct conclusions: IsAltitudeOfTriangle(AD,ABC)

Model Answer:
RETRY_ANSWER:
6√3
RETRY_THEOREM_SEQUENCE:
1; isosceles_triangle_judgment_line_equal(1,ABC); Polygon(ABC)&Equal(LengthOfLine(AB),LengthOfLine(AC)); ["IsoscelesTriangle(ABC)"]
2; isosceles_triangle_property_angle_equal(1,ABC); IsoscelesTriangle(ABC); ["Equal(MeasureOfAngle(ABC),MeasureOfAngle(BCA))"]
3; triangle_property_angle_sum(1,ABC); Polygon(ABC); ["Equal(Add(MeasureOfAngle(ABC),MeasureOfAngle(BCA),MeasureOfAngle(CAB)),180)"]
4; altitude_of_triangle_judgment(3,BD,ABC); Polygon(ABC)&Line(BD)&Collinear(ACD)&Equal(MeasureOfAngle(CDB),90); ["IsAltitudeOfTriangle(BD,ABC)"]
5; triangle_area_formula_sine(1,ABC); Polygon(ABC); ["Equal(AreaOfTriangle(ABC),Mul(LengthOfLine(AB),LengthOfLine(AC),Sin(MeasureOfAngle(CAB)),1/2))"]
6; triangle_area_formula_common(1,ABC); Polygon(ABC); ["Equal(AreaOfTriangle(ABC),Mul(HeightOfTriangle(ABC),LengthOfLine(BC),1/2))"]
Retry attempt: 3
Content written to results/level_5/variant_random_all_theorems_model_o1_problem_847_run_0_to_verify.txt
predicates to add:
Line
predicates to add:
Angle
predicates to add:
Line
predicates to add:
Line
predicates to add:
Angle
predicates to add:
Line
predicates to add:
Line
predicates to add:
Line
predicates to add:
Angle
predicates to add:
Line
predicates to add:
Line
predicates to add:
Line
predicates to add:
Angle
predicates to add:
Line
predicates to add:
Line
predicates to add:
Line
predicates to add:
Angle
predicates to add:
Line
predicates to add:
Line
predicates to add:
Polygon
has Polygon
has Polygon
has Polygon
has Polygon
has Polygon
has Polygon
has Polygon
predicates to add:
Line
predicates to add:
Angle
predicates to add:
Line
predicates to add:
Line
predicates to add:
Line
predicates to add:
Angle
predicates to add:
Line
predicates to add:
Line
predicates to add:
Line
predicates to add:
Angle
predicates to add:
Line
predicates to add:
Line
predicates to add:
Polygon
has Polygon
has Polygon
has Polygon
has Polygon
has Polygon
has Polygon
has Polygon
predicates to add:
Line
predicates to add:
Angle
predicates to add:
Line
predicates to add:
Angle
predicates to add:
Line
predicates to add:
Angle
predicates to add:
Line
predicates to add:
Line
predicates to add:
Line
predicates to add:
Angle
predicates to add:
Line
predicates to add:
Line
predicates to add:
Polygon
has Polygon
has Polygon
has Polygon
has Polygon
has Polygon
has Polygon
has Polygon
predicates to add:
Angle
predicates to add:
Angle
predicates to add:
Angle
predicates to add:
Angle
predicates to add:
Line
predicates to add:
Line
predicates to add:
Angle
predicates to add:
Angle
predicates to add:
Angle
predicates to add:
Angle
predicates to add:
Angle
predicates to add:
Angle
predicates to add:
Angle
predicates to add:
Angle
predicates to add:
Angle
predicates to add:
Angle
predicates to add:
Angle
predicates to add:
Angle
predicates to add:
Line
predicates to add:
Line
predicates to add:
Angle
predicates to add:
Line
predicates to add:
Line
predicates to add:
Angle
predicates to add:
Line
predicates to add:
Line
predicates to add:
Angle
predicates to add:
Line
predicates to add:
Line
predicates to add:
Angle
predicates to add:
Line
predicates to add:
Line
predicates to add:
Angle
predicates to add:
Line
predicates to add:
Line
predicates to add:
Angle
predicates to add:
Line
predicates to add:
Line
predicates to add:
Angle
predicates to add:
Line
predicates to add:
Line
predicates to add:
Angle
predicates to add:
Line
predicates to add:
Line
predicates to add:
Equation
predicates to add:
Equation
predicates to add:
Equation
predicates to add:
Equation
predicates to add:
PerpendicularBetweenLine
predicates to add:
Equation
predicates to add:
Equation
predicates to add:
Equation
predicates to add:
Equation
predicates to add:
Equation
predicates to add:
PerpendicularBetweenLine
Verifier result: ERROR_TIER: TIER2_PREMISE_VIOLATION
verification failed.

- Error: You tried to use theorem: altitude_of_triangle_judgment(3,AD,ABC);Polygon(ABC)&Line(AD)&Collinear(BCD)&Equal(MeasureOfAngle(CDA),90);['IsAltitudeOfTriangle(AD,ABC)']
Missing premise: Collinearity fact Collinear(BCD) not established
Details: Known collinear facts: ['ADC', 'ADC']
- Available premises:
  Perpendicular Lines: BD ⊥ CD
  Collinear Points: ADC
  Polygons: ABC, ABD, ACB, ADB, BCD, BDC
- Theorems related to the goal:
  None found that constrain this goal
- Solver constraints directly related to this goal:
  None found

Please fix the proof.
Model Answer:
RETRY_ANSWER:
6√3
RETRY_THEOREM_SEQUENCE:
1; isosceles_triangle_judgment_line_equal(1,ABC); Polygon(ABC)&Equal(LengthOfLine(AB),LengthOfLine(AC)); ["IsoscelesTriangle(ABC)"]  
2; isosceles_triangle_property_angle_equal(1,ABC); IsoscelesTriangle(ABC); ["Equal(MeasureOfAngle(ABC),MeasureOfAngle(BCA))"]  
3; triangle_property_angle_sum(1,ABC); Polygon(ABC); ["Equal(Add(MeasureOfAngle(ABC),MeasureOfAngle(BCA),MeasureOfAngle(CAB)),180)"]  
4; altitude_of_triangle_judgment(3,AD,ABC); Polygon(ABC)&Line(AD)&Collinear(BCD)&Equal(MeasureOfAngle(CDA),90); ["IsAltitudeOfTriangle(AD,ABC)"]  
5; triangle_area_formula_sine(1,ABC); Polygon(ABC); ["Equal(AreaOfTriangle(ABC),Mul(LengthOfLine(AB),LengthOfLine(AC),Sin(MeasureOfAngle(CAB)),1/2))"]  
6; triangle_area_formula_common(1,ABC); Polygon(ABC); ["Equal(AreaOfTriangle(ABC),Mul(HeightOfTriangle(ABC),LengthOfLine(BC),1/2))"]
Retry attempt: 4
Content written to results/level_5/variant_random_all_theorems_model_o1_problem_847_run_0_to_verify.txt
predicates to add:
Line
predicates to add:
Angle
predicates to add:
Line
predicates to add:
Line
predicates to add:
Angle
predicates to add:
Line
predicates to add:
Line
predicates to add:
Line
predicates to add:
Angle
predicates to add:
Line
predicates to add:
Line
predicates to add:
Line
predicates to add:
Angle
predicates to add:
Line
predicates to add:
Line
predicates to add:
Line
predicates to add:
Angle
predicates to add:
Line
predicates to add:
Line
predicates to add:
Polygon
has Polygon
has Polygon
has Polygon
has Polygon
has Polygon
has Polygon
has Polygon
predicates to add:
Line
predicates to add:
Angle
predicates to add:
Line
predicates to add:
Line
predicates to add:
Line
predicates to add:
Angle
predicates to add:
Line
predicates to add:
Line
predicates to add:
Line
predicates to add:
Angle
predicates to add:
Line
predicates to add:
Line
predicates to add:
Polygon
has Polygon
has Polygon
has Polygon
has Polygon
has Polygon
has Polygon
has Polygon
predicates to add:
Line
predicates to add:
Angle
predicates to add:
Line
predicates to add:
Angle
predicates to add:
Line
predicates to add:
Angle
predicates to add:
Line
predicates to add:
Line
predicates to add:
Line
predicates to add:
Angle
predicates to add:
Line
predicates to add:
Line
predicates to add:
Polygon
has Polygon
has Polygon
has Polygon
has Polygon
has Polygon
has Polygon
has Polygon
predicates to add:
Angle
predicates to add:
Angle
predicates to add:
Angle
predicates to add:
Angle
predicates to add:
Line
predicates to add:
Line
predicates to add:
Angle
predicates to add:
Angle
predicates to add:
Angle
predicates to add:
Angle
predicates to add:
Angle
predicates to add:
Angle
predicates to add:
Angle
predicates to add:
Angle
predicates to add:
Angle
predicates to add:
Angle
predicates to add:
Angle
predicates to add:
Angle
predicates to add:
Line
predicates to add:
Line
predicates to add:
Angle
predicates to add:
Line
predicates to add:
Line
predicates to add:
Angle
predicates to add:
Line
predicates to add:
Line
predicates to add:
Angle
predicates to add:
Line
predicates to add:
Line
predicates to add:
Angle
predicates to add:
Line
predicates to add:
Line
predicates to add:
Angle
predicates to add:
Line
predicates to add:
Line
predicates to add:
Angle
predicates to add:
Line
predicates to add:
Line
predicates to add:
Angle
predicates to add:
Line
predicates to add:
Line
predicates to add:
Angle
predicates to add:
Line
predicates to add:
Line
predicates to add:
Equation
predicates to add:
Equation
predicates to add:
Equation
predicates to add:
Equation
predicates to add:
PerpendicularBetweenLine
predicates to add:
Equation
predicates to add:
Equation
predicates to add:
Equation
predicates to add:
Equation
predicates to add:
Equation
predicates to add:
PerpendicularBetweenLine
Verifier result: ERROR_TIER: TIER1_THEOREM_CALL_SYNTAX_VIOLATION
Theorem: right_triangle_judgment_angle(1,BCD)
You output the following premises: Polygon(BCD)&Equal(MeasureOfAngle(CDB),90)
But the correct premises: Polygon(BCD)&Equal(MeasureOfAngle(BCD),90)

Model Answer:
RETRY_ANSWER:
6√3
RETRY_THEOREM_SEQUENCE:
1; isosceles_triangle_judgment_line_equal(1,ABC); Polygon(ABC)&Equal(LengthOfLine(AB),LengthOfLine(AC)); ["IsoscelesTriangle(ABC)"]  
2; isosceles_triangle_property_angle_equal(1,ABC); IsoscelesTriangle(ABC); ["Equal(MeasureOfAngle(ABC),MeasureOfAngle(BCA))"]  
3; triangle_property_angle_sum(1,ABC); Polygon(ABC); ["Equal(Add(MeasureOfAngle(ABC),MeasureOfAngle(BCA),MeasureOfAngle(CAB)),180)"]  
4; right_triangle_judgment_angle(1,BCD); Polygon(BCD)&Equal(MeasureOfAngle(CDB),90); ["RightTriangle(BCD)"]  
5; right_triangle_property_pythagorean(1,BCD); RightTriangle(BCD); ["Equal(Add(Pow(LengthOfLine(BC),2),Pow(LengthOfLine(CD),2)),Pow(LengthOfLine(BD),2))"]
6; line_addition(1,AC,AD); Collinear(ADC); ["Equal(LengthOfLine(AC),Add(LengthOfLine(AD),LengthOfLine(CD)))"]
Retry attempt: 5
Content written to results/level_5/variant_random_all_theorems_model_o1_problem_847_run_0.txt
