Content written to results/level_4/variant_random_all_theorems_model_o1_problem_3634_run_0_to_verify.txt
predicates to add:
Line
predicates to add:
Angle
predicates to add:
Line
predicates to add:
Line
predicates to add:
Angle
predicates to add:
Line
predicates to add:
Line
predicates to add:
Angle
predicates to add:
Line
predicates to add:
Line
predicates to add:
Line
predicates to add:
Angle
predicates to add:
Line
predicates to add:
Line
predicates to add:
Line
predicates to add:
Angle
predicates to add:
Line
predicates to add:
Line
predicates to add:
Line
predicates to add:
Angle
predicates to add:
Line
predicates to add:
Line
predicates to add:
Line
predicates to add:
Angle
predicates to add:
Line
predicates to add:
Line
predicates to add:
Polygon
has Polygon
has Polygon
has Polygon
has Polygon
predicates to add:
Line
predicates to add:
Angle
predicates to add:
Line
predicates to add:
Line
predicates to add:
Line
predicates to add:
Angle
predicates to add:
Line
predicates to add:
Line
predicates to add:
Line
predicates to add:
Angle
predicates to add:
Line
predicates to add:
Line
predicates to add:
Line
predicates to add:
Angle
predicates to add:
Line
predicates to add:
Line
predicates to add:
Polygon
has Polygon
has Polygon
has Polygon
has Polygon
predicates to add:
Line
predicates to add:
Angle
predicates to add:
Line
predicates to add:
Angle
predicates to add:
Line
predicates to add:
Line
predicates to add:
Line
predicates to add:
Angle
predicates to add:
Line
predicates to add:
Angle
predicates to add:
Polygon
has Polygon
has Polygon
has Polygon
has Polygon
has Polygon
has Polygon
has Polygon
predicates to add:
Angle
predicates to add:
Angle
predicates to add:
Angle
predicates to add:
Angle
predicates to add:
Angle
predicates to add:
Angle
predicates to add:
Angle
predicates to add:
Angle
predicates to add:
Line
predicates to add:
Line
predicates to add:
Angle
predicates to add:
Angle
predicates to add:
Line
predicates to add:
Line
predicates to add:
Angle
predicates to add:
Angle
predicates to add:
Angle
predicates to add:
Angle
predicates to add:
Angle
predicates to add:
Angle
predicates to add:
Angle
predicates to add:
Angle
predicates to add:
Line
predicates to add:
Line
predicates to add:
Angle
predicates to add:
Angle
predicates to add:
Angle
predicates to add:
Line
predicates to add:
Line
predicates to add:
Angle
predicates to add:
Line
predicates to add:
Line
predicates to add:
Angle
predicates to add:
Angle
predicates to add:
Angle
predicates to add:
Line
predicates to add:
Line
predicates to add:
Angle
predicates to add:
Line
predicates to add:
Line
predicates to add:
Angle
predicates to add:
Line
predicates to add:
Line
predicates to add:
Angle
predicates to add:
Angle
predicates to add:
Angle
predicates to add:
Line
predicates to add:
Line
predicates to add:
Angle
predicates to add:
Angle
predicates to add:
Angle
predicates to add:
Line
predicates to add:
Line
predicates to add:
Angle
predicates to add:
Line
predicates to add:
Line
predicates to add:
Angle
predicates to add:
Line
predicates to add:
Line
predicates to add:
Angle
predicates to add:
Line
predicates to add:
Line
predicates to add:
Equation
predicates to add:
Equation
predicates to add:
ParallelBetweenLine
predicates to add:
ParallelBetweenLine
predicates to add:
ParallelBetweenLine
predicates to add:
ParallelBetweenLine
Verifier result: ERROR_TIER: TIER1_THEOREM_CALL_SYNTAX_VIOLATION
Theorem: parallel_property_ipsilateral_internal_angle(1,FE,CD)
You output the following premises: ParallelBetweenLine(FE,CD)&Line(EC)
But the correct premises: ParallelBetweenLine(FE,CD)&Line(FC)
You output the following conclusions: Equal(Add(MeasureOfAngle(FEC),MeasureOfAngle(ECD)),180)
But the correct conclusions: Equal(Add(MeasureOfAngle(EFC),MeasureOfAngle(FCD)),180)

Model Answer:
RETRY_ANSWER:
154
RETRY_THEOREM_SEQUENCE:
1; parallel_property_ipsilateral_internal_angle(1,FE,CD); ParallelBetweenLine(FE,CD)&Line(EC); ["Equal(Add(MeasureOfAngle(FEC),MeasureOfAngle(ECD)),180)"]  
2; parallel_judgment_par_par(1,AB,EF,CD); ParallelBetweenLine(AB,EF)&ParallelBetweenLine(EF,CD); ["ParallelBetweenLine(AB,CD)"]  
3; parallel_property_ipsilateral_internal_angle(1,AB,CD); ParallelBetweenLine(AB,CD)&Line(BC); ["Equal(Add(MeasureOfAngle(CBA),MeasureOfAngle(BCD)),180)"]
Retry attempt: 1
Content written to results/level_4/variant_random_all_theorems_model_o1_problem_3634_run_0_to_verify.txt
predicates to add:
Line
predicates to add:
Angle
predicates to add:
Line
predicates to add:
Line
predicates to add:
Angle
predicates to add:
Line
predicates to add:
Line
predicates to add:
Angle
predicates to add:
Line
predicates to add:
Line
predicates to add:
Line
predicates to add:
Angle
predicates to add:
Line
predicates to add:
Line
predicates to add:
Line
predicates to add:
Angle
predicates to add:
Line
predicates to add:
Line
predicates to add:
Line
predicates to add:
Angle
predicates to add:
Line
predicates to add:
Line
predicates to add:
Line
predicates to add:
Angle
predicates to add:
Line
predicates to add:
Line
predicates to add:
Polygon
has Polygon
has Polygon
has Polygon
has Polygon
predicates to add:
Line
predicates to add:
Angle
predicates to add:
Line
predicates to add:
Line
predicates to add:
Line
predicates to add:
Angle
predicates to add:
Line
predicates to add:
Line
predicates to add:
Line
predicates to add:
Angle
predicates to add:
Line
predicates to add:
Line
predicates to add:
Line
predicates to add:
Angle
predicates to add:
Line
predicates to add:
Line
predicates to add:
Polygon
has Polygon
has Polygon
has Polygon
has Polygon
predicates to add:
Line
predicates to add:
Angle
predicates to add:
Line
predicates to add:
Angle
predicates to add:
Line
predicates to add:
Line
predicates to add:
Line
predicates to add:
Angle
predicates to add:
Line
predicates to add:
Angle
predicates to add:
Polygon
has Polygon
has Polygon
has Polygon
has Polygon
has Polygon
has Polygon
has Polygon
predicates to add:
Angle
predicates to add:
Angle
predicates to add:
Angle
predicates to add:
Angle
predicates to add:
Angle
predicates to add:
Angle
predicates to add:
Angle
predicates to add:
Angle
predicates to add:
Line
predicates to add:
Line
predicates to add:
Angle
predicates to add:
Angle
predicates to add:
Line
predicates to add:
Line
predicates to add:
Angle
predicates to add:
Angle
predicates to add:
Angle
predicates to add:
Angle
predicates to add:
Angle
predicates to add:
Angle
predicates to add:
Angle
predicates to add:
Angle
predicates to add:
Line
predicates to add:
Line
predicates to add:
Angle
predicates to add:
Angle
predicates to add:
Angle
predicates to add:
Line
predicates to add:
Line
predicates to add:
Angle
predicates to add:
Line
predicates to add:
Line
predicates to add:
Angle
predicates to add:
Angle
predicates to add:
Angle
predicates to add:
Line
predicates to add:
Line
predicates to add:
Angle
predicates to add:
Line
predicates to add:
Line
predicates to add:
Angle
predicates to add:
Line
predicates to add:
Line
predicates to add:
Angle
predicates to add:
Angle
predicates to add:
Angle
predicates to add:
Line
predicates to add:
Line
predicates to add:
Angle
predicates to add:
Angle
predicates to add:
Angle
predicates to add:
Line
predicates to add:
Line
predicates to add:
Angle
predicates to add:
Line
predicates to add:
Line
predicates to add:
Angle
predicates to add:
Line
predicates to add:
Line
predicates to add:
Angle
predicates to add:
Line
predicates to add:
Line
predicates to add:
Equation
predicates to add:
Equation
predicates to add:
ParallelBetweenLine
predicates to add:
ParallelBetweenLine
predicates to add:
ParallelBetweenLine
predicates to add:
ParallelBetweenLine
Verifier result: ERROR_TIER: TIER1_THEOREM_CALL_SYNTAX_VIOLATION
Theorem: parallel_property_ipsilateral_internal_angle(1,AB,CD)
You output the following premises: ParallelBetweenLine(AB,CD)&Line(BC)
But the correct premises: ParallelBetweenLine(AB,CD)&Line(AC)
You output the following conclusions: Equal(Add(MeasureOfAngle(CBA),MeasureOfAngle(BCD)),180)
But the correct conclusions: Equal(Add(MeasureOfAngle(BAC),MeasureOfAngle(ACD)),180)

Model Answer:
RETRY_ANSWER:
154
RETRY_THEOREM_SEQUENCE:
1; parallel_property_ipsilateral_internal_angle(1,FE,CD); ParallelBetweenLine(FE,CD)&Line(FC); ["Equal(Add(MeasureOfAngle(EFC),MeasureOfAngle(FCD)),180)"]
2; parallel_judgment_par_par(1,AB,EF,CD); ParallelBetweenLine(AB,EF)&ParallelBetweenLine(EF,CD); ["ParallelBetweenLine(AB,CD)"]
3; parallel_property_ipsilateral_internal_angle(1,AB,CD); ParallelBetweenLine(AB,CD)&Line(BC); ["Equal(Add(MeasureOfAngle(CBA),MeasureOfAngle(BCD)),180)"]
Retry attempt: 2
Content written to results/level_4/variant_random_all_theorems_model_o1_problem_3634_run_0_to_verify.txt
predicates to add:
Line
predicates to add:
Angle
predicates to add:
Line
predicates to add:
Line
predicates to add:
Angle
predicates to add:
Line
predicates to add:
Line
predicates to add:
Angle
predicates to add:
Line
predicates to add:
Line
predicates to add:
Line
predicates to add:
Angle
predicates to add:
Line
predicates to add:
Line
predicates to add:
Line
predicates to add:
Angle
predicates to add:
Line
predicates to add:
Line
predicates to add:
Line
predicates to add:
Angle
predicates to add:
Line
predicates to add:
Line
predicates to add:
Line
predicates to add:
Angle
predicates to add:
Line
predicates to add:
Line
predicates to add:
Polygon
has Polygon
has Polygon
has Polygon
has Polygon
predicates to add:
Line
predicates to add:
Angle
predicates to add:
Line
predicates to add:
Line
predicates to add:
Line
predicates to add:
Angle
predicates to add:
Line
predicates to add:
Line
predicates to add:
Line
predicates to add:
Angle
predicates to add:
Line
predicates to add:
Line
predicates to add:
Line
predicates to add:
Angle
predicates to add:
Line
predicates to add:
Line
predicates to add:
Polygon
has Polygon
has Polygon
has Polygon
has Polygon
predicates to add:
Line
predicates to add:
Angle
predicates to add:
Line
predicates to add:
Angle
predicates to add:
Line
predicates to add:
Line
predicates to add:
Line
predicates to add:
Angle
predicates to add:
Line
predicates to add:
Angle
predicates to add:
Polygon
has Polygon
has Polygon
has Polygon
has Polygon
has Polygon
has Polygon
has Polygon
predicates to add:
Angle
predicates to add:
Angle
predicates to add:
Angle
predicates to add:
Angle
predicates to add:
Angle
predicates to add:
Angle
predicates to add:
Angle
predicates to add:
Angle
predicates to add:
Line
predicates to add:
Line
predicates to add:
Angle
predicates to add:
Angle
predicates to add:
Line
predicates to add:
Line
predicates to add:
Angle
predicates to add:
Angle
predicates to add:
Angle
predicates to add:
Angle
predicates to add:
Angle
predicates to add:
Angle
predicates to add:
Angle
predicates to add:
Angle
predicates to add:
Line
predicates to add:
Line
predicates to add:
Angle
predicates to add:
Angle
predicates to add:
Angle
predicates to add:
Line
predicates to add:
Line
predicates to add:
Angle
predicates to add:
Line
predicates to add:
Line
predicates to add:
Angle
predicates to add:
Angle
predicates to add:
Angle
predicates to add:
Line
predicates to add:
Line
predicates to add:
Angle
predicates to add:
Line
predicates to add:
Line
predicates to add:
Angle
predicates to add:
Line
predicates to add:
Line
predicates to add:
Angle
predicates to add:
Angle
predicates to add:
Angle
predicates to add:
Line
predicates to add:
Line
predicates to add:
Angle
predicates to add:
Angle
predicates to add:
Angle
predicates to add:
Line
predicates to add:
Line
predicates to add:
Angle
predicates to add:
Line
predicates to add:
Line
predicates to add:
Angle
predicates to add:
Line
predicates to add:
Line
predicates to add:
Angle
predicates to add:
Line
predicates to add:
Line
predicates to add:
Equation
predicates to add:
Equation
predicates to add:
ParallelBetweenLine
predicates to add:
ParallelBetweenLine
predicates to add:
ParallelBetweenLine
predicates to add:
ParallelBetweenLine
Verifier result: ERROR_TIER: TIER3_GOAL_NOT_REACHED
verification failed.

- Goal: measure of angle BCE
- Model answer: 154.0
- Error: Your proof doesn't uniquely determine the value. You need to use additional theorems to constrain the value.
- Available premises:
  Parallel Lines: AB ∥ CD, AB ∥ EF, CD ∥ EF
  Collinear Points: BFD
  Polygons: BCD, BCEF, BDC, CDFE, CEFB, DFEC, ECDF, EFBC, FBCE, FECD
- Theorems related to the goal:
  None found that constrain this goal
- Solver constraints directly related to this goal:
  ∠BCE <= 180
  ∠BCE > 0

Please fix the proof.
Model Answer:
RETRY_ANSWER:
154
RETRY_THEOREM_SEQUENCE:
1; parallel_property_ipsilateral_internal_angle(1,FE,CD); ParallelBetweenLine(FE,CD)&Line(FC); ["Equal(Add(MeasureOfAngle(EFC),MeasureOfAngle(FCD)),180)"]
2; parallel_judgment_par_par(1,AB,EF,CD); ParallelBetweenLine(AB,EF)&ParallelBetweenLine(EF,CD); ["ParallelBetweenLine(AB,CD)"]
3; parallel_property_ipsilateral_internal_angle(1,AB,CD); ParallelBetweenLine(AB,CD)&Line(AC); ["Equal(Add(MeasureOfAngle(BAC),MeasureOfAngle(ACD)),180)"]
Retry attempt: 3
Content written to results/level_4/variant_random_all_theorems_model_o1_problem_3634_run_0_to_verify.txt
predicates to add:
Line
predicates to add:
Angle
predicates to add:
Line
predicates to add:
Line
predicates to add:
Angle
predicates to add:
Line
predicates to add:
Line
predicates to add:
Angle
predicates to add:
Line
predicates to add:
Line
predicates to add:
Line
predicates to add:
Angle
predicates to add:
Line
predicates to add:
Line
predicates to add:
Line
predicates to add:
Angle
predicates to add:
Line
predicates to add:
Line
predicates to add:
Line
predicates to add:
Angle
predicates to add:
Line
predicates to add:
Line
predicates to add:
Line
predicates to add:
Angle
predicates to add:
Line
predicates to add:
Line
predicates to add:
Polygon
has Polygon
has Polygon
has Polygon
has Polygon
predicates to add:
Line
predicates to add:
Angle
predicates to add:
Line
predicates to add:
Line
predicates to add:
Line
predicates to add:
Angle
predicates to add:
Line
predicates to add:
Line
predicates to add:
Line
predicates to add:
Angle
predicates to add:
Line
predicates to add:
Line
predicates to add:
Line
predicates to add:
Angle
predicates to add:
Line
predicates to add:
Line
predicates to add:
Polygon
has Polygon
has Polygon
has Polygon
has Polygon
predicates to add:
Line
predicates to add:
Angle
predicates to add:
Line
predicates to add:
Angle
predicates to add:
Line
predicates to add:
Line
predicates to add:
Line
predicates to add:
Angle
predicates to add:
Line
predicates to add:
Angle
predicates to add:
Polygon
has Polygon
has Polygon
has Polygon
has Polygon
has Polygon
has Polygon
has Polygon
predicates to add:
Angle
predicates to add:
Angle
predicates to add:
Angle
predicates to add:
Angle
predicates to add:
Angle
predicates to add:
Angle
predicates to add:
Angle
predicates to add:
Angle
predicates to add:
Line
predicates to add:
Line
predicates to add:
Angle
predicates to add:
Angle
predicates to add:
Line
predicates to add:
Line
predicates to add:
Angle
predicates to add:
Angle
predicates to add:
Angle
predicates to add:
Angle
predicates to add:
Angle
predicates to add:
Angle
predicates to add:
Angle
predicates to add:
Angle
predicates to add:
Line
predicates to add:
Line
predicates to add:
Angle
predicates to add:
Angle
predicates to add:
Angle
predicates to add:
Line
predicates to add:
Line
predicates to add:
Angle
predicates to add:
Line
predicates to add:
Line
predicates to add:
Angle
predicates to add:
Angle
predicates to add:
Angle
predicates to add:
Line
predicates to add:
Line
predicates to add:
Angle
predicates to add:
Line
predicates to add:
Line
predicates to add:
Angle
predicates to add:
Line
predicates to add:
Line
predicates to add:
Angle
predicates to add:
Angle
predicates to add:
Angle
predicates to add:
Line
predicates to add:
Line
predicates to add:
Angle
predicates to add:
Angle
predicates to add:
Angle
predicates to add:
Line
predicates to add:
Line
predicates to add:
Angle
predicates to add:
Line
predicates to add:
Line
predicates to add:
Angle
predicates to add:
Line
predicates to add:
Line
predicates to add:
Angle
predicates to add:
Line
predicates to add:
Line
predicates to add:
Equation
predicates to add:
Equation
predicates to add:
ParallelBetweenLine
predicates to add:
ParallelBetweenLine
predicates to add:
ParallelBetweenLine
predicates to add:
ParallelBetweenLine
Verifier result: ERROR_TIER: TIER1_THEOREM_CALL_SYNTAX_VIOLATION
Theorem: parallel_property_ipsilateral_internal_angle(1,FE,CD)
You output the following premises: ParallelBetweenLine(FE,CD)&Line(EC)
But the correct premises: ParallelBetweenLine(FE,CD)&Line(FC)
You output the following conclusions: Equal(Add(MeasureOfAngle(FEC),MeasureOfAngle(ECD)),180)
But the correct conclusions: Equal(Add(MeasureOfAngle(EFC),MeasureOfAngle(FCD)),180)

Model Answer:
RETRY_ANSWER:
154
RETRY_THEOREM_SEQUENCE:
1; parallel_property_ipsilateral_internal_angle(1,FE,CD); ParallelBetweenLine(FE,CD)&Line(EC); ["Equal(Add(MeasureOfAngle(FEC),MeasureOfAngle(ECD)),180)"]
2; quadrilateral_property_angle_sum(1,BCEF); Polygon(BCEF); ["Equal(Add(MeasureOfAngle(BCE),MeasureOfAngle(CEF),MeasureOfAngle(EFB),MeasureOfAngle(FBC)),360)"]
3; parallel_property_corresponding_angle(1,AB,EF,B); ParallelBetweenLine(AB,EF)&Collinear(ABF); ["Equal(MeasureOfAngle(CBA),MeasureOfAngle(FBC))"]
Retry attempt: 4
Content written to results/level_4/variant_random_all_theorems_model_o1_problem_3634_run_0_to_verify.txt
predicates to add:
Line
predicates to add:
Angle
predicates to add:
Line
predicates to add:
Line
predicates to add:
Angle
predicates to add:
Line
predicates to add:
Line
predicates to add:
Angle
predicates to add:
Line
predicates to add:
Line
predicates to add:
Line
predicates to add:
Angle
predicates to add:
Line
predicates to add:
Line
predicates to add:
Line
predicates to add:
Angle
predicates to add:
Line
predicates to add:
Line
predicates to add:
Line
predicates to add:
Angle
predicates to add:
Line
predicates to add:
Line
predicates to add:
Line
predicates to add:
Angle
predicates to add:
Line
predicates to add:
Line
predicates to add:
Polygon
has Polygon
has Polygon
has Polygon
has Polygon
predicates to add:
Line
predicates to add:
Angle
predicates to add:
Line
predicates to add:
Line
predicates to add:
Line
predicates to add:
Angle
predicates to add:
Line
predicates to add:
Line
predicates to add:
Line
predicates to add:
Angle
predicates to add:
Line
predicates to add:
Line
predicates to add:
Line
predicates to add:
Angle
predicates to add:
Line
predicates to add:
Line
predicates to add:
Polygon
has Polygon
has Polygon
has Polygon
has Polygon
predicates to add:
Line
predicates to add:
Angle
predicates to add:
Line
predicates to add:
Angle
predicates to add:
Line
predicates to add:
Line
predicates to add:
Line
predicates to add:
Angle
predicates to add:
Line
predicates to add:
Angle
predicates to add:
Polygon
has Polygon
has Polygon
has Polygon
has Polygon
has Polygon
has Polygon
has Polygon
predicates to add:
Angle
predicates to add:
Angle
predicates to add:
Angle
predicates to add:
Angle
predicates to add:
Angle
predicates to add:
Angle
predicates to add:
Angle
predicates to add:
Angle
predicates to add:
Line
predicates to add:
Line
predicates to add:
Angle
predicates to add:
Angle
predicates to add:
Line
predicates to add:
Line
predicates to add:
Angle
predicates to add:
Angle
predicates to add:
Angle
predicates to add:
Angle
predicates to add:
Angle
predicates to add:
Angle
predicates to add:
Angle
predicates to add:
Angle
predicates to add:
Line
predicates to add:
Line
predicates to add:
Angle
predicates to add:
Angle
predicates to add:
Angle
predicates to add:
Line
predicates to add:
Line
predicates to add:
Angle
predicates to add:
Line
predicates to add:
Line
predicates to add:
Angle
predicates to add:
Angle
predicates to add:
Angle
predicates to add:
Line
predicates to add:
Line
predicates to add:
Angle
predicates to add:
Line
predicates to add:
Line
predicates to add:
Angle
predicates to add:
Line
predicates to add:
Line
predicates to add:
Angle
predicates to add:
Angle
predicates to add:
Angle
predicates to add:
Line
predicates to add:
Line
predicates to add:
Angle
predicates to add:
Angle
predicates to add:
Angle
predicates to add:
Line
predicates to add:
Line
predicates to add:
Angle
predicates to add:
Line
predicates to add:
Line
predicates to add:
Angle
predicates to add:
Line
predicates to add:
Line
predicates to add:
Angle
predicates to add:
Line
predicates to add:
Line
predicates to add:
Equation
predicates to add:
Equation
predicates to add:
ParallelBetweenLine
predicates to add:
ParallelBetweenLine
predicates to add:
ParallelBetweenLine
predicates to add:
ParallelBetweenLine
Verifier result: ERROR_TIER: TIER1_THEOREM_CALL_SYNTAX_VIOLATION
Theorem: parallel_property_corresponding_angle(1,AB,EF,B)
You output the following premises: ParallelBetweenLine(AB,EF)&Collinear(ABF)
But the correct premises: ParallelBetweenLine(AB,EF)&Collinear(BAE)
You output the following conclusions: Equal(MeasureOfAngle(CBA),MeasureOfAngle(FBC))
But the correct conclusions: Equal(MeasureOfAngle(BAB),MeasureOfAngle(AEF))

Model Answer:
RETRY_ANSWER:
154
RETRY_THEOREM_SEQUENCE:
1; parallel_property_ipsilateral_internal_angle(1,FE,CD); ParallelBetweenLine(FE,CD)&Line(FC); ["Equal(Add(MeasureOfAngle(EFC),MeasureOfAngle(FCD)),180)"]
2; quadrilateral_property_angle_sum(1,BCEF); Polygon(BCEF); ["Equal(Add(MeasureOfAngle(BCE),MeasureOfAngle(CEF),MeasureOfAngle(EFB),MeasureOfAngle(FBC)),360)"]
3; parallel_property_corresponding_angle(1,AB,EF,B); ParallelBetweenLine(AB,EF)&Collinear(ABF); ["Equal(MeasureOfAngle(CBA),MeasureOfAngle(FBC))"]
Retry attempt: 5
Content written to results/level_4/variant_random_all_theorems_model_o1_problem_3634_run_0.txt
