Content written to results/level_4/variant_analogy_based_model_o1_problem_2543_run_0_to_verify.txt
predicates to add:
Line
predicates to add:
Angle
predicates to add:
Line
predicates to add:
Line
predicates to add:
Angle
predicates to add:
Line
predicates to add:
Line
predicates to add:
Line
predicates to add:
Angle
predicates to add:
Line
predicates to add:
Line
predicates to add:
Line
predicates to add:
Angle
predicates to add:
Line
predicates to add:
Line
predicates to add:
Line
predicates to add:
Angle
predicates to add:
Line
predicates to add:
Line
predicates to add:
Polygon
has Polygon
has Polygon
has Polygon
has Polygon
has Polygon
has Polygon
has Polygon
predicates to add:
Line
predicates to add:
Angle
predicates to add:
Line
predicates to add:
Line
predicates to add:
Line
predicates to add:
Angle
predicates to add:
Line
predicates to add:
Line
predicates to add:
Line
predicates to add:
Angle
predicates to add:
Line
predicates to add:
Line
predicates to add:
Polygon
has Polygon
has Polygon
has Polygon
has Polygon
has Polygon
has Polygon
has Polygon
predicates to add:
Line
predicates to add:
Angle
predicates to add:
Line
predicates to add:
Angle
predicates to add:
Line
predicates to add:
Angle
predicates to add:
Line
predicates to add:
Line
predicates to add:
Line
predicates to add:
Angle
predicates to add:
Line
predicates to add:
Line
predicates to add:
Polygon
has Polygon
has Polygon
has Polygon
has Polygon
has Polygon
has Polygon
has Polygon
predicates to add:
Angle
predicates to add:
Angle
predicates to add:
Angle
predicates to add:
Angle
predicates to add:
Line
predicates to add:
Line
predicates to add:
Angle
predicates to add:
Angle
predicates to add:
Angle
predicates to add:
Angle
predicates to add:
Angle
predicates to add:
Angle
predicates to add:
Angle
predicates to add:
Angle
predicates to add:
Angle
predicates to add:
Angle
predicates to add:
Angle
predicates to add:
Angle
predicates to add:
Line
predicates to add:
Line
predicates to add:
Angle
predicates to add:
Line
predicates to add:
Line
predicates to add:
Angle
predicates to add:
Line
predicates to add:
Line
predicates to add:
Angle
predicates to add:
Line
predicates to add:
Line
predicates to add:
Angle
predicates to add:
Line
predicates to add:
Line
predicates to add:
Angle
predicates to add:
Line
predicates to add:
Line
predicates to add:
Angle
predicates to add:
Line
predicates to add:
Line
predicates to add:
Angle
predicates to add:
Line
predicates to add:
Line
predicates to add:
Angle
predicates to add:
Line
predicates to add:
Line
predicates to add:
Equation
predicates to add:
Equation
predicates to add:
Equation
predicates to add:
Equation
predicates to add:
Equation
predicates to add:
PerpendicularBetweenLine
predicates to add:
Equation
predicates to add:
Equation
predicates to add:
Equation
predicates to add:
Equation
predicates to add:
Equation
predicates to add:
Equation
predicates to add:
PerpendicularBetweenLine
Verifier result: ERROR_TIER: TIER1_THEOREM_CALL_SYNTAX_VIOLATION
Theorem: adjacent_complementary_angle(1,BDA,ADC)
You output the following premises: Collinear(CDA)&Angle(BDA)&Angle(ADC)
But the correct premises: Collinear(BDC)&Angle(BDA)&Angle(ADC)

Model Answer:
RETRY_ANSWER:
(12 * tan(55)) / sin(47)
RETRY_THEOREM_SEQUENCE:
1; adjacent_complementary_angle(1,BDA,ADC); Collinear(CDA)&Angle(BDA)&Angle(ADC); ["Equal(Add(MeasureOfAngle(BDA),MeasureOfAngle(ADC)),180)"]
2; triangle_property_angle_sum(1,BDA); Polygon(BDA); ["Equal(Add(MeasureOfAngle(BDA),MeasureOfAngle(DAB),MeasureOfAngle(ABD)),180)"]
3; sine_theorem(1,BDA); Polygon(BDA); ["Equal(Mul(LengthOfLine(BD),Sin(MeasureOfAngle(BDA))),Mul(LengthOfLine(BA),Sin(MeasureOfAngle(DAB))))"]
4; adjacent_complementary_angle(1,BDC,ADC); Collinear(CDA)&Angle(BDC)&Angle(ADC); ["Equal(Add(MeasureOfAngle(BDC),MeasureOfAngle(ADC)),180)"]
5; triangle_property_angle_sum(1,BCD); Polygon(BCD); ["Equal(Add(MeasureOfAngle(BCD),MeasureOfAngle(CBD),MeasureOfAngle(BDC)),180)"]
6; sine_theorem(1,BCD); Polygon(BCD); ["Equal(Mul(LengthOfLine(BC),Sin(MeasureOfAngle(BCD))),Mul(LengthOfLine(BD),Sin(MeasureOfAngle(BDC))))"]
Retry attempt: 1
Content written to results/level_4/variant_analogy_based_model_o1_problem_2543_run_0_to_verify.txt
predicates to add:
Line
predicates to add:
Angle
predicates to add:
Line
predicates to add:
Line
predicates to add:
Angle
predicates to add:
Line
predicates to add:
Line
predicates to add:
Line
predicates to add:
Angle
predicates to add:
Line
predicates to add:
Line
predicates to add:
Line
predicates to add:
Angle
predicates to add:
Line
predicates to add:
Line
predicates to add:
Line
predicates to add:
Angle
predicates to add:
Line
predicates to add:
Line
predicates to add:
Polygon
has Polygon
has Polygon
has Polygon
has Polygon
has Polygon
has Polygon
has Polygon
predicates to add:
Line
predicates to add:
Angle
predicates to add:
Line
predicates to add:
Line
predicates to add:
Line
predicates to add:
Angle
predicates to add:
Line
predicates to add:
Line
predicates to add:
Line
predicates to add:
Angle
predicates to add:
Line
predicates to add:
Line
predicates to add:
Polygon
has Polygon
has Polygon
has Polygon
has Polygon
has Polygon
has Polygon
has Polygon
predicates to add:
Line
predicates to add:
Angle
predicates to add:
Line
predicates to add:
Angle
predicates to add:
Line
predicates to add:
Angle
predicates to add:
Line
predicates to add:
Line
predicates to add:
Line
predicates to add:
Angle
predicates to add:
Line
predicates to add:
Line
predicates to add:
Polygon
has Polygon
has Polygon
has Polygon
has Polygon
has Polygon
has Polygon
has Polygon
predicates to add:
Angle
predicates to add:
Angle
predicates to add:
Angle
predicates to add:
Angle
predicates to add:
Line
predicates to add:
Line
predicates to add:
Angle
predicates to add:
Angle
predicates to add:
Angle
predicates to add:
Angle
predicates to add:
Angle
predicates to add:
Angle
predicates to add:
Angle
predicates to add:
Angle
predicates to add:
Angle
predicates to add:
Angle
predicates to add:
Angle
predicates to add:
Angle
predicates to add:
Line
predicates to add:
Line
predicates to add:
Angle
predicates to add:
Line
predicates to add:
Line
predicates to add:
Angle
predicates to add:
Line
predicates to add:
Line
predicates to add:
Angle
predicates to add:
Line
predicates to add:
Line
predicates to add:
Angle
predicates to add:
Line
predicates to add:
Line
predicates to add:
Angle
predicates to add:
Line
predicates to add:
Line
predicates to add:
Angle
predicates to add:
Line
predicates to add:
Line
predicates to add:
Angle
predicates to add:
Line
predicates to add:
Line
predicates to add:
Angle
predicates to add:
Line
predicates to add:
Line
predicates to add:
Equation
predicates to add:
Equation
predicates to add:
Equation
predicates to add:
Equation
predicates to add:
Equation
predicates to add:
PerpendicularBetweenLine
predicates to add:
Equation
predicates to add:
Equation
predicates to add:
Equation
predicates to add:
Equation
predicates to add:
Equation
predicates to add:
Equation
predicates to add:
PerpendicularBetweenLine
Verifier result: ERROR_TIER: TIER1_THEOREM_CALL_SYNTAX_VIOLATION
Theorem: adjacent_complementary_angle(1,BDC,ADC)
You output the following premises: Collinear(CDA)&Angle(BDC)&Angle(ADC)
But the correct premises: Collinear(BDC)&Angle(BDA)&Angle(ADC)
You output the following conclusions: Equal(Add(MeasureOfAngle(BDC),MeasureOfAngle(ADC)),180)
But the correct conclusions: Equal(Add(MeasureOfAngle(BDA),MeasureOfAngle(ADC)),180)

Model Answer:
RETRY_ANSWER:
(12 * tan(55)) / sin(47)
RETRY_THEOREM_SEQUENCE:
1; adjacent_complementary_angle(1,BDA,ADC); Collinear(BDC)&Angle(BDA)&Angle(ADC); ["Equal(Add(MeasureOfAngle(BDA),MeasureOfAngle(ADC)),180)"]
2; triangle_property_angle_sum(1,BDA); Polygon(BDA); ["Equal(Add(MeasureOfAngle(BDA),MeasureOfAngle(DAB),MeasureOfAngle(ABD)),180)"]
3; sine_theorem(1,BDA); Polygon(BDA); ["Equal(Mul(LengthOfLine(BD),Sin(MeasureOfAngle(BDA))),Mul(LengthOfLine(BA),Sin(MeasureOfAngle(DAB))))"]
4; adjacent_complementary_angle(1,BDC,ADC); Collinear(CDA)&Angle(BDC)&Angle(ADC); ["Equal(Add(MeasureOfAngle(BDC),MeasureOfAngle(ADC)),180)"]
5; triangle_property_angle_sum(1,BCD); Polygon(BCD); ["Equal(Add(MeasureOfAngle(BCD),MeasureOfAngle(CBD),MeasureOfAngle(BDC)),180)"]
6; sine_theorem(1,BCD); Polygon(BCD); ["Equal(Mul(LengthOfLine(BC),Sin(MeasureOfAngle(BCD))),Mul(LengthOfLine(BD),Sin(MeasureOfAngle(BDC))))"]
Retry attempt: 2
Content written to results/level_4/variant_analogy_based_model_o1_problem_2543_run_0_to_verify.txt
predicates to add:
Line
predicates to add:
Angle
predicates to add:
Line
predicates to add:
Line
predicates to add:
Angle
predicates to add:
Line
predicates to add:
Line
predicates to add:
Line
predicates to add:
Angle
predicates to add:
Line
predicates to add:
Line
predicates to add:
Line
predicates to add:
Angle
predicates to add:
Line
predicates to add:
Line
predicates to add:
Line
predicates to add:
Angle
predicates to add:
Line
predicates to add:
Line
predicates to add:
Polygon
has Polygon
has Polygon
has Polygon
has Polygon
has Polygon
has Polygon
has Polygon
predicates to add:
Line
predicates to add:
Angle
predicates to add:
Line
predicates to add:
Line
predicates to add:
Line
predicates to add:
Angle
predicates to add:
Line
predicates to add:
Line
predicates to add:
Line
predicates to add:
Angle
predicates to add:
Line
predicates to add:
Line
predicates to add:
Polygon
has Polygon
has Polygon
has Polygon
has Polygon
has Polygon
has Polygon
has Polygon
predicates to add:
Line
predicates to add:
Angle
predicates to add:
Line
predicates to add:
Angle
predicates to add:
Line
predicates to add:
Angle
predicates to add:
Line
predicates to add:
Line
predicates to add:
Line
predicates to add:
Angle
predicates to add:
Line
predicates to add:
Line
predicates to add:
Polygon
has Polygon
has Polygon
has Polygon
has Polygon
has Polygon
has Polygon
has Polygon
predicates to add:
Angle
predicates to add:
Angle
predicates to add:
Angle
predicates to add:
Angle
predicates to add:
Line
predicates to add:
Line
predicates to add:
Angle
predicates to add:
Angle
predicates to add:
Angle
predicates to add:
Angle
predicates to add:
Angle
predicates to add:
Angle
predicates to add:
Angle
predicates to add:
Angle
predicates to add:
Angle
predicates to add:
Angle
predicates to add:
Angle
predicates to add:
Angle
predicates to add:
Line
predicates to add:
Line
predicates to add:
Angle
predicates to add:
Line
predicates to add:
Line
predicates to add:
Angle
predicates to add:
Line
predicates to add:
Line
predicates to add:
Angle
predicates to add:
Line
predicates to add:
Line
predicates to add:
Angle
predicates to add:
Line
predicates to add:
Line
predicates to add:
Angle
predicates to add:
Line
predicates to add:
Line
predicates to add:
Angle
predicates to add:
Line
predicates to add:
Line
predicates to add:
Angle
predicates to add:
Line
predicates to add:
Line
predicates to add:
Angle
predicates to add:
Line
predicates to add:
Line
predicates to add:
Equation
predicates to add:
Equation
predicates to add:
Equation
predicates to add:
Equation
predicates to add:
Equation
predicates to add:
PerpendicularBetweenLine
predicates to add:
Equation
predicates to add:
Equation
predicates to add:
Equation
predicates to add:
Equation
predicates to add:
Equation
predicates to add:
Equation
predicates to add:
PerpendicularBetweenLine
Verifier result: ERROR_TIER: TIER1_THEOREM_CALL_SYNTAX_VIOLATION
Theorem: triangle_property_angle_sum(1,BCD)
You output the following conclusions: Equal(Add(MeasureOfAngle(BCD),MeasureOfAngle(CBD),MeasureOfAngle(BDC)),180)
But the correct conclusions: Equal(Add(MeasureOfAngle(BCD),MeasureOfAngle(CDB),MeasureOfAngle(DBC)),180)

Model Answer:
RETRY_ANSWER:
(12 * tan(55)) / sin(47)
RETRY_THEOREM_SEQUENCE:
1; adjacent_complementary_angle(1,BDA,ADC); Collinear(BDC)&Angle(BDA)&Angle(ADC); ["Equal(Add(MeasureOfAngle(BDA),MeasureOfAngle(ADC)),180)"]
2; triangle_property_angle_sum(1,BDA); Polygon(BDA); ["Equal(Add(MeasureOfAngle(BDA),MeasureOfAngle(DAB),MeasureOfAngle(ABD)),180)"]
3; sine_theorem(1,BDA); Polygon(BDA); ["Equal(Mul(LengthOfLine(BD),Sin(MeasureOfAngle(BDA))),Mul(LengthOfLine(BA),Sin(MeasureOfAngle(DAB))))"]
4; triangle_property_angle_sum(1,BCD); Polygon(BCD); ["Equal(Add(MeasureOfAngle(BCD),MeasureOfAngle(CBD),MeasureOfAngle(BDC)),180)"]
5; sine_theorem(1,BCD); Polygon(BCD); ["Equal(Mul(LengthOfLine(BC),Sin(MeasureOfAngle(BCD))),Mul(LengthOfLine(BD),Sin(MeasureOfAngle(BDC))))"]
Retry attempt: 3
Content written to results/level_4/variant_analogy_based_model_o1_problem_2543_run_0_to_verify.txt
predicates to add:
Line
predicates to add:
Angle
predicates to add:
Line
predicates to add:
Line
predicates to add:
Angle
predicates to add:
Line
predicates to add:
Line
predicates to add:
Line
predicates to add:
Angle
predicates to add:
Line
predicates to add:
Line
predicates to add:
Line
predicates to add:
Angle
predicates to add:
Line
predicates to add:
Line
predicates to add:
Line
predicates to add:
Angle
predicates to add:
Line
predicates to add:
Line
predicates to add:
Polygon
has Polygon
has Polygon
has Polygon
has Polygon
has Polygon
has Polygon
has Polygon
predicates to add:
Line
predicates to add:
Angle
predicates to add:
Line
predicates to add:
Line
predicates to add:
Line
predicates to add:
Angle
predicates to add:
Line
predicates to add:
Line
predicates to add:
Line
predicates to add:
Angle
predicates to add:
Line
predicates to add:
Line
predicates to add:
Polygon
has Polygon
has Polygon
has Polygon
has Polygon
has Polygon
has Polygon
has Polygon
predicates to add:
Line
predicates to add:
Angle
predicates to add:
Line
predicates to add:
Angle
predicates to add:
Line
predicates to add:
Angle
predicates to add:
Line
predicates to add:
Line
predicates to add:
Line
predicates to add:
Angle
predicates to add:
Line
predicates to add:
Line
predicates to add:
Polygon
has Polygon
has Polygon
has Polygon
has Polygon
has Polygon
has Polygon
has Polygon
predicates to add:
Angle
predicates to add:
Angle
predicates to add:
Angle
predicates to add:
Angle
predicates to add:
Line
predicates to add:
Line
predicates to add:
Angle
predicates to add:
Angle
predicates to add:
Angle
predicates to add:
Angle
predicates to add:
Angle
predicates to add:
Angle
predicates to add:
Angle
predicates to add:
Angle
predicates to add:
Angle
predicates to add:
Angle
predicates to add:
Angle
predicates to add:
Angle
predicates to add:
Line
predicates to add:
Line
predicates to add:
Angle
predicates to add:
Line
predicates to add:
Line
predicates to add:
Angle
predicates to add:
Line
predicates to add:
Line
predicates to add:
Angle
predicates to add:
Line
predicates to add:
Line
predicates to add:
Angle
predicates to add:
Line
predicates to add:
Line
predicates to add:
Angle
predicates to add:
Line
predicates to add:
Line
predicates to add:
Angle
predicates to add:
Line
predicates to add:
Line
predicates to add:
Angle
predicates to add:
Line
predicates to add:
Line
predicates to add:
Angle
predicates to add:
Line
predicates to add:
Line
predicates to add:
Equation
predicates to add:
Equation
predicates to add:
Equation
predicates to add:
Equation
predicates to add:
Equation
predicates to add:
PerpendicularBetweenLine
predicates to add:
Equation
predicates to add:
Equation
predicates to add:
Equation
predicates to add:
Equation
predicates to add:
Equation
predicates to add:
Equation
predicates to add:
PerpendicularBetweenLine
Verifier result: ERROR_TIER: TIER1_THEOREM_CALL_SYNTAX_VIOLATION
Theorem: sine_theorem(1,BCD)
You output the following conclusions: Equal(Mul(LengthOfLine(BC),Sin(MeasureOfAngle(BCD))),Mul(LengthOfLine(BD),Sin(MeasureOfAngle(DBC))))
But the correct conclusions: Equal(Mul(LengthOfLine(BC),Sin(MeasureOfAngle(BCD))),Mul(LengthOfLine(BD),Sin(MeasureOfAngle(CDB))))

Model Answer:
RETRY_ANSWER:
(12 * tan(55)) / sin(47)
RETRY_THEOREM_SEQUENCE:
1; adjacent_complementary_angle(1,BDA,ADC); Collinear(BDC)&Angle(BDA)&Angle(ADC); ["Equal(Add(MeasureOfAngle(BDA),MeasureOfAngle(ADC)),180)"]
2; triangle_property_angle_sum(1,BDA); Polygon(BDA); ["Equal(Add(MeasureOfAngle(BDA),MeasureOfAngle(DAB),MeasureOfAngle(ABD)),180)"]
3; sine_theorem(1,BDA); Polygon(BDA); ["Equal(Mul(LengthOfLine(BD),Sin(MeasureOfAngle(BDA))),Mul(LengthOfLine(BA),Sin(MeasureOfAngle(DAB))))"]
4; triangle_property_angle_sum(1,BCD); Polygon(BCD); ["Equal(Add(MeasureOfAngle(BCD),MeasureOfAngle(CDB),MeasureOfAngle(DBC)),180)"]
5; sine_theorem(1,BCD); Polygon(BCD); ["Equal(Mul(LengthOfLine(BC),Sin(MeasureOfAngle(BCD))),Mul(LengthOfLine(BD),Sin(MeasureOfAngle(DBC))))"]
Retry attempt: 4
Content written to results/level_4/variant_analogy_based_model_o1_problem_2543_run_0_to_verify.txt
predicates to add:
Line
predicates to add:
Angle
predicates to add:
Line
predicates to add:
Line
predicates to add:
Angle
predicates to add:
Line
predicates to add:
Line
predicates to add:
Line
predicates to add:
Angle
predicates to add:
Line
predicates to add:
Line
predicates to add:
Line
predicates to add:
Angle
predicates to add:
Line
predicates to add:
Line
predicates to add:
Line
predicates to add:
Angle
predicates to add:
Line
predicates to add:
Line
predicates to add:
Polygon
has Polygon
has Polygon
has Polygon
has Polygon
has Polygon
has Polygon
has Polygon
predicates to add:
Line
predicates to add:
Angle
predicates to add:
Line
predicates to add:
Line
predicates to add:
Line
predicates to add:
Angle
predicates to add:
Line
predicates to add:
Line
predicates to add:
Line
predicates to add:
Angle
predicates to add:
Line
predicates to add:
Line
predicates to add:
Polygon
has Polygon
has Polygon
has Polygon
has Polygon
has Polygon
has Polygon
has Polygon
predicates to add:
Line
predicates to add:
Angle
predicates to add:
Line
predicates to add:
Angle
predicates to add:
Line
predicates to add:
Angle
predicates to add:
Line
predicates to add:
Line
predicates to add:
Line
predicates to add:
Angle
predicates to add:
Line
predicates to add:
Line
predicates to add:
Polygon
has Polygon
has Polygon
has Polygon
has Polygon
has Polygon
has Polygon
has Polygon
predicates to add:
Angle
predicates to add:
Angle
predicates to add:
Angle
predicates to add:
Angle
predicates to add:
Line
predicates to add:
Line
predicates to add:
Angle
predicates to add:
Angle
predicates to add:
Angle
predicates to add:
Angle
predicates to add:
Angle
predicates to add:
Angle
predicates to add:
Angle
predicates to add:
Angle
predicates to add:
Angle
predicates to add:
Angle
predicates to add:
Angle
predicates to add:
Angle
predicates to add:
Line
predicates to add:
Line
predicates to add:
Angle
predicates to add:
Line
predicates to add:
Line
predicates to add:
Angle
predicates to add:
Line
predicates to add:
Line
predicates to add:
Angle
predicates to add:
Line
predicates to add:
Line
predicates to add:
Angle
predicates to add:
Line
predicates to add:
Line
predicates to add:
Angle
predicates to add:
Line
predicates to add:
Line
predicates to add:
Angle
predicates to add:
Line
predicates to add:
Line
predicates to add:
Angle
predicates to add:
Line
predicates to add:
Line
predicates to add:
Angle
predicates to add:
Line
predicates to add:
Line
predicates to add:
Equation
predicates to add:
Equation
predicates to add:
Equation
predicates to add:
Equation
predicates to add:
Equation
predicates to add:
PerpendicularBetweenLine
predicates to add:
Equation
predicates to add:
Equation
predicates to add:
Equation
predicates to add:
Equation
predicates to add:
Equation
predicates to add:
Equation
predicates to add:
PerpendicularBetweenLine
Verifier result: ERROR_TIER: TIER2_PREMISE_VIOLATION
verification failed.

- Error: You tried to use theorem: adjacent_complementary_angle(1,BDA,ADC);Collinear(BDC)&Angle(BDA)&Angle(ADC);['Equal(Add(MeasureOfAngle(BDA),MeasureOfAngle(ADC)),180)']
Missing premise: Points BDC are not proven collinear
Details: Known collinear facts: [['A', 'D', 'C'], ['A', 'D', 'C']]
- Available premises:
  Perpendicular Lines: AD ⊥ BD
  Collinear Points: ADC
  Polygons: ABC, ABD, ACB, ADB, BCD, BDC
- Theorems related to the goal:
  None found that constrain this goal
- Solver constraints directly related to this goal:
  None found

Please fix the proof.
Model Answer:
RETRY_ANSWER:
(12 * tan(55)) / sin(47)
RETRY_THEOREM_SEQUENCE:
1; adjacent_complementary_angle(1,BDA,ADC); Collinear(BDC)&Angle(BDA)&Angle(ADC); ["Equal(Add(MeasureOfAngle(BDA),MeasureOfAngle(ADC)),180)"]
2; triangle_property_angle_sum(1,BDA); Polygon(BDA); ["Equal(Add(MeasureOfAngle(BDA),MeasureOfAngle(DAB),MeasureOfAngle(ABD)),180)"]
3; sine_theorem(1,BDA); Polygon(BDA); ["Equal(Mul(LengthOfLine(BD),Sin(MeasureOfAngle(BDA))),Mul(LengthOfLine(BA),Sin(MeasureOfAngle(DAB))))"]
4; triangle_property_angle_sum(1,BCD); Polygon(BCD); ["Equal(Add(MeasureOfAngle(BCD),MeasureOfAngle(CDB),MeasureOfAngle(DBC)),180)"]
5; sine_theorem(1,BCD); Polygon(BCD); ["Equal(Mul(LengthOfLine(BC),Sin(MeasureOfAngle(BCD))),Mul(LengthOfLine(BD),Sin(MeasureOfAngle(CDB))))"]
Retry attempt: 5
Content written to results/level_4/variant_analogy_based_model_o1_problem_2543_run_0.txt
