Content written to results/level_4/variant_analogy_based_model_o1_problem_2543_run_1_to_verify.txt
predicates to add:
Line
predicates to add:
Angle
predicates to add:
Line
predicates to add:
Line
predicates to add:
Angle
predicates to add:
Line
predicates to add:
Line
predicates to add:
Line
predicates to add:
Angle
predicates to add:
Line
predicates to add:
Line
predicates to add:
Line
predicates to add:
Angle
predicates to add:
Line
predicates to add:
Line
predicates to add:
Line
predicates to add:
Angle
predicates to add:
Line
predicates to add:
Line
predicates to add:
Polygon
has Polygon
has Polygon
has Polygon
has Polygon
has Polygon
has Polygon
has Polygon
predicates to add:
Line
predicates to add:
Angle
predicates to add:
Line
predicates to add:
Line
predicates to add:
Line
predicates to add:
Angle
predicates to add:
Line
predicates to add:
Line
predicates to add:
Line
predicates to add:
Angle
predicates to add:
Line
predicates to add:
Line
predicates to add:
Polygon
has Polygon
has Polygon
has Polygon
has Polygon
has Polygon
has Polygon
has Polygon
predicates to add:
Line
predicates to add:
Angle
predicates to add:
Line
predicates to add:
Angle
predicates to add:
Line
predicates to add:
Angle
predicates to add:
Line
predicates to add:
Line
predicates to add:
Line
predicates to add:
Angle
predicates to add:
Line
predicates to add:
Line
predicates to add:
Polygon
has Polygon
has Polygon
has Polygon
has Polygon
has Polygon
has Polygon
has Polygon
predicates to add:
Angle
predicates to add:
Angle
predicates to add:
Angle
predicates to add:
Angle
predicates to add:
Line
predicates to add:
Line
predicates to add:
Angle
predicates to add:
Angle
predicates to add:
Angle
predicates to add:
Angle
predicates to add:
Angle
predicates to add:
Angle
predicates to add:
Angle
predicates to add:
Angle
predicates to add:
Angle
predicates to add:
Angle
predicates to add:
Angle
predicates to add:
Angle
predicates to add:
Line
predicates to add:
Line
predicates to add:
Angle
predicates to add:
Line
predicates to add:
Line
predicates to add:
Angle
predicates to add:
Line
predicates to add:
Line
predicates to add:
Angle
predicates to add:
Line
predicates to add:
Line
predicates to add:
Angle
predicates to add:
Line
predicates to add:
Line
predicates to add:
Angle
predicates to add:
Line
predicates to add:
Line
predicates to add:
Angle
predicates to add:
Line
predicates to add:
Line
predicates to add:
Angle
predicates to add:
Line
predicates to add:
Line
predicates to add:
Angle
predicates to add:
Line
predicates to add:
Line
predicates to add:
Equation
predicates to add:
Equation
predicates to add:
Equation
predicates to add:
Equation
predicates to add:
Equation
predicates to add:
PerpendicularBetweenLine
predicates to add:
Equation
predicates to add:
Equation
predicates to add:
Equation
predicates to add:
Equation
predicates to add:
Equation
predicates to add:
Equation
predicates to add:
PerpendicularBetweenLine
Verifier result: ERROR_TIER: TIER1_THEOREM_CALL_SYNTAX_VIOLATION
Theorem: adjacent_complementary_angle(1,BDC,BDA)
You output the following premises: Collinear(CDA)&Angle(BDC)&Angle(BDA)
But the correct premises: Collinear(BDA)&Angle(BDB)&Angle(BDA)
You output the following conclusions: Equal(Add(MeasureOfAngle(BDC),MeasureOfAngle(BDA)),180)
But the correct conclusions: Equal(Add(MeasureOfAngle(BDB),MeasureOfAngle(BDA)),180)

Model Answer:
RETRY_ANSWER:
12*sin(55)/(sin(35)*sin(47))
RETRY_THEOREM_SEQUENCE:
1; adjacent_complementary_angle(1,BDC,BDA); Collinear(CDA)&Angle(BDC)&Angle(BDA); ["Equal(Add(MeasureOfAngle(BDC),MeasureOfAngle(BDA)),180)"]
2; right_triangle_judgment_angle(1,BCD); Polygon(BCD)&Equal(MeasureOfAngle(BDC),90); ["RightTriangle(BCD)"]
3; right_triangle_judgment_angle(1,BDA); Polygon(BDA)&Equal(MeasureOfAngle(BDA),90); ["RightTriangle(BDA)"]
4; sine_theorem(1,BCD); Polygon(BCD); ["Equal(Mul(LengthOfLine(BC),Sin(MeasureOfAngle(BCD))),Mul(LengthOfLine(BD),Sin(MeasureOfAngle(BDC))))"]
5; sine_theorem(1,CBD); Polygon(CBD); ["Equal(Mul(LengthOfLine(CB),Sin(MeasureOfAngle(CBD))),Mul(LengthOfLine(CD),Sin(MeasureOfAngle(BDC))))"]
6; sine_theorem(1,BDA); Polygon(BDA); ["Equal(Mul(LengthOfLine(BD),Sin(MeasureOfAngle(BDA))),Mul(LengthOfLine(BA),Sin(MeasureOfAngle(DAB))))"]
Retry attempt: 1
Content written to results/level_4/variant_analogy_based_model_o1_problem_2543_run_1_to_verify.txt
predicates to add:
Line
predicates to add:
Angle
predicates to add:
Line
predicates to add:
Line
predicates to add:
Angle
predicates to add:
Line
predicates to add:
Line
predicates to add:
Line
predicates to add:
Angle
predicates to add:
Line
predicates to add:
Line
predicates to add:
Line
predicates to add:
Angle
predicates to add:
Line
predicates to add:
Line
predicates to add:
Line
predicates to add:
Angle
predicates to add:
Line
predicates to add:
Line
predicates to add:
Polygon
has Polygon
has Polygon
has Polygon
has Polygon
has Polygon
has Polygon
has Polygon
predicates to add:
Line
predicates to add:
Angle
predicates to add:
Line
predicates to add:
Line
predicates to add:
Line
predicates to add:
Angle
predicates to add:
Line
predicates to add:
Line
predicates to add:
Line
predicates to add:
Angle
predicates to add:
Line
predicates to add:
Line
predicates to add:
Polygon
has Polygon
has Polygon
has Polygon
has Polygon
has Polygon
has Polygon
has Polygon
predicates to add:
Line
predicates to add:
Angle
predicates to add:
Line
predicates to add:
Angle
predicates to add:
Line
predicates to add:
Angle
predicates to add:
Line
predicates to add:
Line
predicates to add:
Line
predicates to add:
Angle
predicates to add:
Line
predicates to add:
Line
predicates to add:
Polygon
has Polygon
has Polygon
has Polygon
has Polygon
has Polygon
has Polygon
has Polygon
predicates to add:
Angle
predicates to add:
Angle
predicates to add:
Angle
predicates to add:
Angle
predicates to add:
Line
predicates to add:
Line
predicates to add:
Angle
predicates to add:
Angle
predicates to add:
Angle
predicates to add:
Angle
predicates to add:
Angle
predicates to add:
Angle
predicates to add:
Angle
predicates to add:
Angle
predicates to add:
Angle
predicates to add:
Angle
predicates to add:
Angle
predicates to add:
Angle
predicates to add:
Line
predicates to add:
Line
predicates to add:
Angle
predicates to add:
Line
predicates to add:
Line
predicates to add:
Angle
predicates to add:
Line
predicates to add:
Line
predicates to add:
Angle
predicates to add:
Line
predicates to add:
Line
predicates to add:
Angle
predicates to add:
Line
predicates to add:
Line
predicates to add:
Angle
predicates to add:
Line
predicates to add:
Line
predicates to add:
Angle
predicates to add:
Line
predicates to add:
Line
predicates to add:
Angle
predicates to add:
Line
predicates to add:
Line
predicates to add:
Angle
predicates to add:
Line
predicates to add:
Line
predicates to add:
Equation
predicates to add:
Equation
predicates to add:
Equation
predicates to add:
Equation
predicates to add:
Equation
predicates to add:
PerpendicularBetweenLine
predicates to add:
Equation
predicates to add:
Equation
predicates to add:
Equation
predicates to add:
Equation
predicates to add:
Equation
predicates to add:
Equation
predicates to add:
PerpendicularBetweenLine
Verifier result: ERROR_TIER: TIER1_THEOREM_CALL_SYNTAX_VIOLATION
Theorem: right_triangle_judgment_angle(1,BCD)
You output the following premises: Polygon(BCD)&Equal(MeasureOfAngle(BDC),90)
But the correct premises: Polygon(BCD)&Equal(MeasureOfAngle(BCD),90)

Model Answer:
RETRY_ANSWER:
12*sin(55)/(sin(35)*sin(47))
RETRY_THEOREM_SEQUENCE:
1; adjacent_complementary_angle(1,CDB,BDA); Collinear(CDA)&Angle(CDB)&Angle(BDA); ["Equal(Add(MeasureOfAngle(CDB),MeasureOfAngle(BDA)),180)"]
2; right_triangle_judgment_angle(1,BCD); Polygon(BCD)&Equal(MeasureOfAngle(BDC),90); ["RightTriangle(BCD)"]
3; right_triangle_judgment_angle(1,BDA); Polygon(BDA)&Equal(MeasureOfAngle(BDA),90); ["RightTriangle(BDA)"]
4; sine_theorem(1,BCD); Polygon(BCD); ["Equal(Mul(LengthOfLine(BC),Sin(MeasureOfAngle(BCD))),Mul(LengthOfLine(BD),Sin(MeasureOfAngle(BDC))))"]
5; sine_theorem(1,CBD); Polygon(CBD); ["Equal(Mul(LengthOfLine(CB),Sin(MeasureOfAngle(CBD))),Mul(LengthOfLine(CD),Sin(MeasureOfAngle(BDC))))"]
6; sine_theorem(1,BDA); Polygon(BDA); ["Equal(Mul(LengthOfLine(BD),Sin(MeasureOfAngle(BDA))),Mul(LengthOfLine(BA),Sin(MeasureOfAngle(DAB))))"]
Retry attempt: 2
Content written to results/level_4/variant_analogy_based_model_o1_problem_2543_run_1_to_verify.txt
predicates to add:
Line
predicates to add:
Angle
predicates to add:
Line
predicates to add:
Line
predicates to add:
Angle
predicates to add:
Line
predicates to add:
Line
predicates to add:
Line
predicates to add:
Angle
predicates to add:
Line
predicates to add:
Line
predicates to add:
Line
predicates to add:
Angle
predicates to add:
Line
predicates to add:
Line
predicates to add:
Line
predicates to add:
Angle
predicates to add:
Line
predicates to add:
Line
predicates to add:
Polygon
has Polygon
has Polygon
has Polygon
has Polygon
has Polygon
has Polygon
has Polygon
predicates to add:
Line
predicates to add:
Angle
predicates to add:
Line
predicates to add:
Line
predicates to add:
Line
predicates to add:
Angle
predicates to add:
Line
predicates to add:
Line
predicates to add:
Line
predicates to add:
Angle
predicates to add:
Line
predicates to add:
Line
predicates to add:
Polygon
has Polygon
has Polygon
has Polygon
has Polygon
has Polygon
has Polygon
has Polygon
predicates to add:
Line
predicates to add:
Angle
predicates to add:
Line
predicates to add:
Angle
predicates to add:
Line
predicates to add:
Angle
predicates to add:
Line
predicates to add:
Line
predicates to add:
Line
predicates to add:
Angle
predicates to add:
Line
predicates to add:
Line
predicates to add:
Polygon
has Polygon
has Polygon
has Polygon
has Polygon
has Polygon
has Polygon
has Polygon
predicates to add:
Angle
predicates to add:
Angle
predicates to add:
Angle
predicates to add:
Angle
predicates to add:
Line
predicates to add:
Line
predicates to add:
Angle
predicates to add:
Angle
predicates to add:
Angle
predicates to add:
Angle
predicates to add:
Angle
predicates to add:
Angle
predicates to add:
Angle
predicates to add:
Angle
predicates to add:
Angle
predicates to add:
Angle
predicates to add:
Angle
predicates to add:
Angle
predicates to add:
Line
predicates to add:
Line
predicates to add:
Angle
predicates to add:
Line
predicates to add:
Line
predicates to add:
Angle
predicates to add:
Line
predicates to add:
Line
predicates to add:
Angle
predicates to add:
Line
predicates to add:
Line
predicates to add:
Angle
predicates to add:
Line
predicates to add:
Line
predicates to add:
Angle
predicates to add:
Line
predicates to add:
Line
predicates to add:
Angle
predicates to add:
Line
predicates to add:
Line
predicates to add:
Angle
predicates to add:
Line
predicates to add:
Line
predicates to add:
Angle
predicates to add:
Line
predicates to add:
Line
predicates to add:
Equation
predicates to add:
Equation
predicates to add:
Equation
predicates to add:
Equation
predicates to add:
Equation
predicates to add:
PerpendicularBetweenLine
predicates to add:
Equation
predicates to add:
Equation
predicates to add:
Equation
predicates to add:
Equation
predicates to add:
Equation
predicates to add:
Equation
predicates to add:
PerpendicularBetweenLine
Verifier result: ERROR_TIER: TIER1_THEOREM_CALL_SYNTAX_VIOLATION
Theorem: sine_theorem(1,BCD)
You output the following conclusions: Equal(Mul(LengthOfLine(BC),Sin(MeasureOfAngle(BCD))),Mul(LengthOfLine(BD),Sin(MeasureOfAngle(BDC))))
But the correct conclusions: Equal(Mul(LengthOfLine(BC),Sin(MeasureOfAngle(BCD))),Mul(LengthOfLine(BD),Sin(MeasureOfAngle(CDB))))

Model Answer:
RETRY_ANSWER:
12*sin(55)/(sin(35)*sin(47))
RETRY_THEOREM_SEQUENCE:
1; adjacent_complementary_angle(1,CDB,BDA); Collinear(CDA)&Angle(CDB)&Angle(BDA); ["Equal(Add(MeasureOfAngle(CDB),MeasureOfAngle(BDA)),180)"]
2; right_triangle_judgment_angle(1,BCD); Polygon(BCD)&Equal(MeasureOfAngle(BCD),90); ["RightTriangle(BCD)"]
3; right_triangle_judgment_angle(1,BDA); Polygon(BDA)&Equal(MeasureOfAngle(BDA),90); ["RightTriangle(BDA)"]
4; sine_theorem(1,BCD); Polygon(BCD); ["Equal(Mul(LengthOfLine(BC),Sin(MeasureOfAngle(BCD))),Mul(LengthOfLine(BD),Sin(MeasureOfAngle(BDC))))"]
5; sine_theorem(1,CBD); Polygon(CBD); ["Equal(Mul(LengthOfLine(CB),Sin(MeasureOfAngle(CBD))),Mul(LengthOfLine(CD),Sin(MeasureOfAngle(BDC))))"]
6; sine_theorem(1,BDA); Polygon(BDA); ["Equal(Mul(LengthOfLine(BD),Sin(MeasureOfAngle(BDA))),Mul(LengthOfLine(BA),Sin(MeasureOfAngle(DAB))))"]
Retry attempt: 3
Content written to results/level_4/variant_analogy_based_model_o1_problem_2543_run_1_to_verify.txt
predicates to add:
Line
predicates to add:
Angle
predicates to add:
Line
predicates to add:
Line
predicates to add:
Angle
predicates to add:
Line
predicates to add:
Line
predicates to add:
Line
predicates to add:
Angle
predicates to add:
Line
predicates to add:
Line
predicates to add:
Line
predicates to add:
Angle
predicates to add:
Line
predicates to add:
Line
predicates to add:
Line
predicates to add:
Angle
predicates to add:
Line
predicates to add:
Line
predicates to add:
Polygon
has Polygon
has Polygon
has Polygon
has Polygon
has Polygon
has Polygon
has Polygon
predicates to add:
Line
predicates to add:
Angle
predicates to add:
Line
predicates to add:
Line
predicates to add:
Line
predicates to add:
Angle
predicates to add:
Line
predicates to add:
Line
predicates to add:
Line
predicates to add:
Angle
predicates to add:
Line
predicates to add:
Line
predicates to add:
Polygon
has Polygon
has Polygon
has Polygon
has Polygon
has Polygon
has Polygon
has Polygon
predicates to add:
Line
predicates to add:
Angle
predicates to add:
Line
predicates to add:
Angle
predicates to add:
Line
predicates to add:
Angle
predicates to add:
Line
predicates to add:
Line
predicates to add:
Line
predicates to add:
Angle
predicates to add:
Line
predicates to add:
Line
predicates to add:
Polygon
has Polygon
has Polygon
has Polygon
has Polygon
has Polygon
has Polygon
has Polygon
predicates to add:
Angle
predicates to add:
Angle
predicates to add:
Angle
predicates to add:
Angle
predicates to add:
Line
predicates to add:
Line
predicates to add:
Angle
predicates to add:
Angle
predicates to add:
Angle
predicates to add:
Angle
predicates to add:
Angle
predicates to add:
Angle
predicates to add:
Angle
predicates to add:
Angle
predicates to add:
Angle
predicates to add:
Angle
predicates to add:
Angle
predicates to add:
Angle
predicates to add:
Line
predicates to add:
Line
predicates to add:
Angle
predicates to add:
Line
predicates to add:
Line
predicates to add:
Angle
predicates to add:
Line
predicates to add:
Line
predicates to add:
Angle
predicates to add:
Line
predicates to add:
Line
predicates to add:
Angle
predicates to add:
Line
predicates to add:
Line
predicates to add:
Angle
predicates to add:
Line
predicates to add:
Line
predicates to add:
Angle
predicates to add:
Line
predicates to add:
Line
predicates to add:
Angle
predicates to add:
Line
predicates to add:
Line
predicates to add:
Angle
predicates to add:
Line
predicates to add:
Line
predicates to add:
Equation
predicates to add:
Equation
predicates to add:
Equation
predicates to add:
Equation
predicates to add:
Equation
predicates to add:
PerpendicularBetweenLine
predicates to add:
Equation
predicates to add:
Equation
predicates to add:
Equation
predicates to add:
Equation
predicates to add:
Equation
predicates to add:
Equation
predicates to add:
PerpendicularBetweenLine
Verifier result: ERROR_TIER: TIER2_PREMISE_VIOLATION
verification failed.

- Error: You tried to use theorem: right_triangle_judgment_angle(1,BCD);Polygon(BCD)&Equal(MeasureOfAngle(BCD),90);['RightTriangle(BCD)']
Missing premise: Angle measure 90° for triangle BCD is not established in the premise.
Details: Premise provided: Polygon(BCD)&Equal(MeasureOfAngle(BCD),90)
- Available premises:
  Perpendicular Lines: AD ⊥ BD
  Collinear Points: ADC
  Polygons: ABC, ABD, ACB, ADB, BCD, BDC
- Theorems related to the goal:
  Step 2 - right_triangle_judgment_angle(1, BCD): RightTriangle(BCD)
- Solver constraints directly related to this goal:
  |AB| = y

Please fix the proof.
Model Answer:
RETRY_ANSWER:
12*sin(55)/(sin(35)*sin(47))
RETRY_THEOREM_SEQUENCE:
1; adjacent_complementary_angle(1,CDB,BDA); Collinear(CDA)&Angle(CDB)&Angle(BDA); ["Equal(Add(MeasureOfAngle(CDB),MeasureOfAngle(BDA)),180)"]
2; right_triangle_judgment_angle(1,BCD); Polygon(BCD)&Equal(MeasureOfAngle(BCD),90); ["RightTriangle(BCD)"]
3; right_triangle_judgment_angle(1,BDA); Polygon(BDA)&Equal(MeasureOfAngle(BDA),90); ["RightTriangle(BDA)"]
4; sine_theorem(1,BCD); Polygon(BCD); ["Equal(Mul(LengthOfLine(BC),Sin(MeasureOfAngle(BCD))),Mul(LengthOfLine(BD),Sin(MeasureOfAngle(CDB))))"]
5; sine_theorem(1,CBD); Polygon(CBD); ["Equal(Mul(LengthOfLine(CB),Sin(MeasureOfAngle(CBD))),Mul(LengthOfLine(CD),Sin(MeasureOfAngle(BDC))))"]
6; sine_theorem(1,BDA); Polygon(BDA); ["Equal(Mul(LengthOfLine(BD),Sin(MeasureOfAngle(BDA))),Mul(LengthOfLine(BA),Sin(MeasureOfAngle(DAB))))"]
Retry attempt: 4
Content written to results/level_4/variant_analogy_based_model_o1_problem_2543_run_1_to_verify.txt
predicates to add:
Line
predicates to add:
Angle
predicates to add:
Line
predicates to add:
Line
predicates to add:
Angle
predicates to add:
Line
predicates to add:
Line
predicates to add:
Line
predicates to add:
Angle
predicates to add:
Line
predicates to add:
Line
predicates to add:
Line
predicates to add:
Angle
predicates to add:
Line
predicates to add:
Line
predicates to add:
Line
predicates to add:
Angle
predicates to add:
Line
predicates to add:
Line
predicates to add:
Polygon
has Polygon
has Polygon
has Polygon
has Polygon
has Polygon
has Polygon
has Polygon
predicates to add:
Line
predicates to add:
Angle
predicates to add:
Line
predicates to add:
Line
predicates to add:
Line
predicates to add:
Angle
predicates to add:
Line
predicates to add:
Line
predicates to add:
Line
predicates to add:
Angle
predicates to add:
Line
predicates to add:
Line
predicates to add:
Polygon
has Polygon
has Polygon
has Polygon
has Polygon
has Polygon
has Polygon
has Polygon
predicates to add:
Line
predicates to add:
Angle
predicates to add:
Line
predicates to add:
Angle
predicates to add:
Line
predicates to add:
Angle
predicates to add:
Line
predicates to add:
Line
predicates to add:
Line
predicates to add:
Angle
predicates to add:
Line
predicates to add:
Line
predicates to add:
Polygon
has Polygon
has Polygon
has Polygon
has Polygon
has Polygon
has Polygon
has Polygon
predicates to add:
Angle
predicates to add:
Angle
predicates to add:
Angle
predicates to add:
Angle
predicates to add:
Line
predicates to add:
Line
predicates to add:
Angle
predicates to add:
Angle
predicates to add:
Angle
predicates to add:
Angle
predicates to add:
Angle
predicates to add:
Angle
predicates to add:
Angle
predicates to add:
Angle
predicates to add:
Angle
predicates to add:
Angle
predicates to add:
Angle
predicates to add:
Angle
predicates to add:
Line
predicates to add:
Line
predicates to add:
Angle
predicates to add:
Line
predicates to add:
Line
predicates to add:
Angle
predicates to add:
Line
predicates to add:
Line
predicates to add:
Angle
predicates to add:
Line
predicates to add:
Line
predicates to add:
Angle
predicates to add:
Line
predicates to add:
Line
predicates to add:
Angle
predicates to add:
Line
predicates to add:
Line
predicates to add:
Angle
predicates to add:
Line
predicates to add:
Line
predicates to add:
Angle
predicates to add:
Line
predicates to add:
Line
predicates to add:
Angle
predicates to add:
Line
predicates to add:
Line
predicates to add:
Equation
predicates to add:
Equation
predicates to add:
Equation
predicates to add:
Equation
predicates to add:
Equation
predicates to add:
PerpendicularBetweenLine
predicates to add:
Equation
predicates to add:
Equation
predicates to add:
Equation
predicates to add:
Equation
predicates to add:
Equation
predicates to add:
Equation
predicates to add:
PerpendicularBetweenLine
Verifier result: ERROR_TIER: TIER1_THEOREM_CALL_SYNTAX_VIOLATION
Theorem: adjacent_complementary_angle(1,BDA,BDC)
You output the following premises: Collinear(ADC)&Angle(BDA)&Angle(BDC)
But the correct premises: Collinear(BDC)&Angle(BDB)&Angle(BDC)
You output the following conclusions: Equal(Add(MeasureOfAngle(BDA),MeasureOfAngle(BDC)),180)
But the correct conclusions: Equal(Add(MeasureOfAngle(BDB),MeasureOfAngle(BDC)),180)

Model Answer:
RETRY_ANSWER:
12*sin(55)/(sin(35)*sin(47))
RETRY_THEOREM_SEQUENCE:
1; adjacent_complementary_angle(1,BDA,BDC); Collinear(ADC)&Angle(BDA)&Angle(BDC); ["Equal(Add(MeasureOfAngle(BDA),MeasureOfAngle(BDC)),180)"]
2; triangle_property_angle_sum(1,BCD); Polygon(BCD); ["Equal(Add(MeasureOfAngle(BCD),MeasureOfAngle(BDC),MeasureOfAngle(CBD)),180)"]
3; sine_theorem(1,CBD); Polygon(CBD); ["Equal(Mul(LengthOfLine(CB),Sin(MeasureOfAngle(CBD))),Mul(LengthOfLine(CD),Sin(MeasureOfAngle(BDC))))"]
4; sine_theorem(2,BCD); Polygon(BCD); ["Equal(Mul(LengthOfLine(BC),Sin(MeasureOfAngle(BCD))),Mul(LengthOfLine(BD),Sin(MeasureOfAngle(CDB))))"]
5; sine_theorem(3,BDA); Polygon(BDA); ["Equal(Mul(LengthOfLine(BD),Sin(MeasureOfAngle(BDA))),Mul(LengthOfLine(BA),Sin(MeasureOfAngle(DAB))))"]
Retry attempt: 5
Content written to results/level_4/variant_analogy_based_model_o1_problem_2543_run_1.txt
