Content written to results/level_4/variant_random_all_theorems_model_o1_problem_4797_run_1_to_verify.txt
predicates to add:
Line
predicates to add:
Angle
predicates to add:
Line
predicates to add:
Line
predicates to add:
Angle
predicates to add:
Line
predicates to add:
Line
predicates to add:
Line
predicates to add:
Angle
predicates to add:
Line
predicates to add:
Line
predicates to add:
Angle
predicates to add:
Line
predicates to add:
Line
predicates to add:
Circle
predicates to add:
Line
predicates to add:
Angle
predicates to add:
Line
predicates to add:
Line
predicates to add:
Line
predicates to add:
Line
predicates to add:
Line
predicates to add:
Angle
predicates to add:
Line
predicates to add:
Line
predicates to add:
Line
predicates to add:
Angle
predicates to add:
Line
predicates to add:
Line
predicates to add:
Line
predicates to add:
Angle
predicates to add:
Line
predicates to add:
Line
predicates to add:
Polygon
has Polygon
has Polygon
has Polygon
has Polygon
has Polygon
has Polygon
has Polygon
predicates to add:
Line
predicates to add:
Angle
predicates to add:
Line
predicates to add:
Line
predicates to add:
Angle
predicates to add:
Line
predicates to add:
Line
predicates to add:
Line
predicates to add:
Line
predicates to add:
Angle
predicates to add:
Line
predicates to add:
Angle
predicates to add:
Line
predicates to add:
Line
predicates to add:
Line
predicates to add:
Angle
predicates to add:
Line
predicates to add:
Angle
predicates to add:
Line
predicates to add:
Line
predicates to add:
Polygon
has Polygon
has Polygon
has Polygon
has Polygon
predicates to add:
Line
predicates to add:
Line
predicates to add:
Angle
predicates to add:
Line
predicates to add:
Angle
predicates to add:
Line
predicates to add:
Angle
predicates to add:
Line
predicates to add:
Line
predicates to add:
Line
predicates to add:
Line
predicates to add:
Angle
predicates to add:
Line
predicates to add:
Line
predicates to add:
Angle
predicates to add:
Line
predicates to add:
Line
predicates to add:
Angle
predicates to add:
Line
predicates to add:
Line
predicates to add:
Line
predicates to add:
Line
predicates to add:
Angle
predicates to add:
Line
predicates to add:
Line
predicates to add:
Angle
predicates to add:
Line
predicates to add:
Line
predicates to add:
Angle
predicates to add:
Line
predicates to add:
Angle
predicates to add:
Line
predicates to add:
Angle
predicates to add:
Line
predicates to add:
Line
predicates to add:
Line
predicates to add:
Angle
predicates to add:
Line
predicates to add:
Angle
predicates to add:
Polygon
has Polygon
has Polygon
has Polygon
has Polygon
has Polygon
has Polygon
has Polygon
predicates to add:
Line
predicates to add:
Line
predicates to add:
Angle
predicates to add:
Line
predicates to add:
Angle
predicates to add:
Line
predicates to add:
Angle
predicates to add:
Line
predicates to add:
Angle
predicates to add:
Line
predicates to add:
Angle
predicates to add:
Line
predicates to add:
Angle
predicates to add:
Line
predicates to add:
Line
predicates to add:
Line
predicates to add:
Angle
predicates to add:
Line
predicates to add:
Angle
predicates to add:
Line
predicates to add:
Angle
predicates to add:
Line
predicates to add:
Angle
predicates to add:
Angle
predicates to add:
Angle
predicates to add:
Angle
predicates to add:
Angle
predicates to add:
Angle
predicates to add:
Angle
predicates to add:
Angle
predicates to add:
Angle
predicates to add:
Line
predicates to add:
Line
predicates to add:
Angle
predicates to add:
Line
predicates to add:
Line
predicates to add:
Angle
predicates to add:
Line
predicates to add:
Line
predicates to add:
Angle
predicates to add:
Line
predicates to add:
Line
predicates to add:
Angle
predicates to add:
Angle
predicates to add:
Angle
predicates to add:
Angle
predicates to add:
Angle
predicates to add:
Angle
predicates to add:
Angle
predicates to add:
Angle
predicates to add:
Angle
predicates to add:
Angle
predicates to add:
Angle
predicates to add:
Angle
predicates to add:
Angle
predicates to add:
Angle
predicates to add:
Angle
predicates to add:
Angle
predicates to add:
Line
predicates to add:
Line
predicates to add:
Angle
predicates to add:
Line
predicates to add:
Line
predicates to add:
Angle
predicates to add:
Line
predicates to add:
Line
predicates to add:
Angle
predicates to add:
Line
predicates to add:
Line
predicates to add:
Angle
predicates to add:
Angle
predicates to add:
Angle
predicates to add:
Angle
predicates to add:
Line
predicates to add:
Line
predicates to add:
Angle
predicates to add:
Angle
predicates to add:
Line
predicates to add:
Line
predicates to add:
Angle
predicates to add:
Line
predicates to add:
Line
predicates to add:
Angle
predicates to add:
Line
predicates to add:
Line
predicates to add:
Angle
predicates to add:
Line
predicates to add:
Line
predicates to add:
Equation
predicates to add:
IsCentreOfCircle
predicates to add:
IsDiameterOfCircle
predicates to add:
IsTangentOfCircle
Verifier result: ERROR_TIER: TIER1_THEOREM_CALL_SYNTAX_VIOLATION
Failure: Theorem <angle_addition> branch error. Expected dict_keys(['1']) but got None. Please rewrite your response, you should change only the call to theorem <angle_addition> by adding the branch number from the dict_keys as the first argument
Model Answer:
RETRY_ANSWER:
55
RETRY_THEOREM_SEQUENCE:
1; diameter_of_circle_property_right_angle(1,BCA,O); IsDiameterOfCircle(AB,O)&Cocircular(O,BCA)&Angle(BCA); ["PerpendicularBetweenLine(BC,AC)"]  
2; triangle_property_angle_sum(1,ABC); Polygon(ABC); ["Equal(Add(MeasureOfAngle(ABC),MeasureOfAngle(BCA),MeasureOfAngle(CAB)),180)"]  
3; flat_angle(1,BCD); Collinear(BCD); ["Equal(MeasureOfAngle(BCD),180)"]  
4; angle_addition(ABC,CBD); Angle(ABC)&Angle(CBD)&Angle(ABD); ["Equal(MeasureOfAngle(ABD),Add(MeasureOfAngle(ABC),MeasureOfAngle(CBD)))"]  
5; triangle_property_angle_sum(1,ADB); Polygon(ADB); ["Equal(Add(MeasureOfAngle(ADB),MeasureOfAngle(DAB),MeasureOfAngle(DBA)),180)"]
Retry attempt: 1
Content written to results/level_4/variant_random_all_theorems_model_o1_problem_4797_run_1_to_verify.txt
predicates to add:
Line
predicates to add:
Angle
predicates to add:
Line
predicates to add:
Line
predicates to add:
Angle
predicates to add:
Line
predicates to add:
Line
predicates to add:
Line
predicates to add:
Angle
predicates to add:
Line
predicates to add:
Line
predicates to add:
Angle
predicates to add:
Line
predicates to add:
Line
predicates to add:
Circle
predicates to add:
Line
predicates to add:
Angle
predicates to add:
Line
predicates to add:
Line
predicates to add:
Line
predicates to add:
Line
predicates to add:
Line
predicates to add:
Angle
predicates to add:
Line
predicates to add:
Line
predicates to add:
Line
predicates to add:
Angle
predicates to add:
Line
predicates to add:
Line
predicates to add:
Line
predicates to add:
Angle
predicates to add:
Line
predicates to add:
Line
predicates to add:
Polygon
has Polygon
has Polygon
has Polygon
has Polygon
has Polygon
has Polygon
has Polygon
predicates to add:
Line
predicates to add:
Angle
predicates to add:
Line
predicates to add:
Line
predicates to add:
Angle
predicates to add:
Line
predicates to add:
Line
predicates to add:
Line
predicates to add:
Line
predicates to add:
Angle
predicates to add:
Line
predicates to add:
Angle
predicates to add:
Line
predicates to add:
Line
predicates to add:
Line
predicates to add:
Angle
predicates to add:
Line
predicates to add:
Angle
predicates to add:
Line
predicates to add:
Line
predicates to add:
Polygon
has Polygon
has Polygon
has Polygon
has Polygon
predicates to add:
Line
predicates to add:
Line
predicates to add:
Angle
predicates to add:
Line
predicates to add:
Angle
predicates to add:
Line
predicates to add:
Angle
predicates to add:
Line
predicates to add:
Line
predicates to add:
Line
predicates to add:
Line
predicates to add:
Angle
predicates to add:
Line
predicates to add:
Line
predicates to add:
Angle
predicates to add:
Line
predicates to add:
Line
predicates to add:
Angle
predicates to add:
Line
predicates to add:
Line
predicates to add:
Line
predicates to add:
Line
predicates to add:
Angle
predicates to add:
Line
predicates to add:
Line
predicates to add:
Angle
predicates to add:
Line
predicates to add:
Line
predicates to add:
Angle
predicates to add:
Line
predicates to add:
Angle
predicates to add:
Line
predicates to add:
Angle
predicates to add:
Line
predicates to add:
Line
predicates to add:
Line
predicates to add:
Angle
predicates to add:
Line
predicates to add:
Angle
predicates to add:
Polygon
has Polygon
has Polygon
has Polygon
has Polygon
has Polygon
has Polygon
has Polygon
predicates to add:
Line
predicates to add:
Line
predicates to add:
Angle
predicates to add:
Line
predicates to add:
Angle
predicates to add:
Line
predicates to add:
Angle
predicates to add:
Line
predicates to add:
Angle
predicates to add:
Line
predicates to add:
Angle
predicates to add:
Line
predicates to add:
Angle
predicates to add:
Line
predicates to add:
Line
predicates to add:
Line
predicates to add:
Angle
predicates to add:
Line
predicates to add:
Angle
predicates to add:
Line
predicates to add:
Angle
predicates to add:
Line
predicates to add:
Angle
predicates to add:
Angle
predicates to add:
Angle
predicates to add:
Angle
predicates to add:
Angle
predicates to add:
Angle
predicates to add:
Angle
predicates to add:
Angle
predicates to add:
Angle
predicates to add:
Line
predicates to add:
Line
predicates to add:
Angle
predicates to add:
Line
predicates to add:
Line
predicates to add:
Angle
predicates to add:
Line
predicates to add:
Line
predicates to add:
Angle
predicates to add:
Line
predicates to add:
Line
predicates to add:
Angle
predicates to add:
Angle
predicates to add:
Angle
predicates to add:
Angle
predicates to add:
Angle
predicates to add:
Angle
predicates to add:
Angle
predicates to add:
Angle
predicates to add:
Angle
predicates to add:
Angle
predicates to add:
Angle
predicates to add:
Angle
predicates to add:
Angle
predicates to add:
Angle
predicates to add:
Angle
predicates to add:
Angle
predicates to add:
Line
predicates to add:
Line
predicates to add:
Angle
predicates to add:
Line
predicates to add:
Line
predicates to add:
Angle
predicates to add:
Line
predicates to add:
Line
predicates to add:
Angle
predicates to add:
Line
predicates to add:
Line
predicates to add:
Angle
predicates to add:
Angle
predicates to add:
Angle
predicates to add:
Angle
predicates to add:
Line
predicates to add:
Line
predicates to add:
Angle
predicates to add:
Angle
predicates to add:
Line
predicates to add:
Line
predicates to add:
Angle
predicates to add:
Line
predicates to add:
Line
predicates to add:
Angle
predicates to add:
Line
predicates to add:
Line
predicates to add:
Angle
predicates to add:
Line
predicates to add:
Line
predicates to add:
Equation
predicates to add:
IsCentreOfCircle
predicates to add:
IsDiameterOfCircle
predicates to add:
IsTangentOfCircle
Verifier result: ERROR_TIER: TIER1_THEOREM_CALL_SYNTAX_VIOLATION
Theorem: triangle_property_angle_sum(1,ADB)
You output the following conclusions: Equal(Add(MeasureOfAngle(ADB),MeasureOfAngle(DAB),MeasureOfAngle(DBA)),180)
But the correct conclusions: Equal(Add(MeasureOfAngle(ADB),MeasureOfAngle(DBA),MeasureOfAngle(BAD)),180)

Model Answer:
RETRY_ANSWER:
55
RETRY_THEOREM_SEQUENCE:
1; diameter_of_circle_property_right_angle(1,BCA,O); IsDiameterOfCircle(AB,O)&Cocircular(O,BCA)&Angle(BCA); ["PerpendicularBetweenLine(BC,AC)"]  
2; triangle_property_angle_sum(1,ABC); Polygon(ABC); ["Equal(Add(MeasureOfAngle(ABC),MeasureOfAngle(BCA),MeasureOfAngle(CAB)),180)"]  
3; flat_angle(1,BCD); Collinear(BCD); ["Equal(MeasureOfAngle(BCD),180)"]  
4; angle_addition(1,ABC,CBD); Angle(ABC)&Angle(CBD)&Angle(ABD); ["Equal(MeasureOfAngle(ABD),Add(MeasureOfAngle(ABC),MeasureOfAngle(CBD)))"]  
5; triangle_property_angle_sum(1,ADB); Polygon(ADB); ["Equal(Add(MeasureOfAngle(ADB),MeasureOfAngle(DAB),MeasureOfAngle(DBA)),180)"]
Retry attempt: 2
Content written to results/level_4/variant_random_all_theorems_model_o1_problem_4797_run_1_to_verify.txt
predicates to add:
Line
predicates to add:
Angle
predicates to add:
Line
predicates to add:
Line
predicates to add:
Angle
predicates to add:
Line
predicates to add:
Line
predicates to add:
Line
predicates to add:
Angle
predicates to add:
Line
predicates to add:
Line
predicates to add:
Angle
predicates to add:
Line
predicates to add:
Line
predicates to add:
Circle
predicates to add:
Line
predicates to add:
Angle
predicates to add:
Line
predicates to add:
Line
predicates to add:
Line
predicates to add:
Line
predicates to add:
Line
predicates to add:
Angle
predicates to add:
Line
predicates to add:
Line
predicates to add:
Line
predicates to add:
Angle
predicates to add:
Line
predicates to add:
Line
predicates to add:
Line
predicates to add:
Angle
predicates to add:
Line
predicates to add:
Line
predicates to add:
Polygon
has Polygon
has Polygon
has Polygon
has Polygon
has Polygon
has Polygon
has Polygon
predicates to add:
Line
predicates to add:
Angle
predicates to add:
Line
predicates to add:
Line
predicates to add:
Angle
predicates to add:
Line
predicates to add:
Line
predicates to add:
Line
predicates to add:
Line
predicates to add:
Angle
predicates to add:
Line
predicates to add:
Angle
predicates to add:
Line
predicates to add:
Line
predicates to add:
Line
predicates to add:
Angle
predicates to add:
Line
predicates to add:
Angle
predicates to add:
Line
predicates to add:
Line
predicates to add:
Polygon
has Polygon
has Polygon
has Polygon
has Polygon
predicates to add:
Line
predicates to add:
Line
predicates to add:
Angle
predicates to add:
Line
predicates to add:
Angle
predicates to add:
Line
predicates to add:
Angle
predicates to add:
Line
predicates to add:
Line
predicates to add:
Line
predicates to add:
Line
predicates to add:
Angle
predicates to add:
Line
predicates to add:
Line
predicates to add:
Angle
predicates to add:
Line
predicates to add:
Line
predicates to add:
Angle
predicates to add:
Line
predicates to add:
Line
predicates to add:
Line
predicates to add:
Line
predicates to add:
Angle
predicates to add:
Line
predicates to add:
Line
predicates to add:
Angle
predicates to add:
Line
predicates to add:
Line
predicates to add:
Angle
predicates to add:
Line
predicates to add:
Angle
predicates to add:
Line
predicates to add:
Angle
predicates to add:
Line
predicates to add:
Line
predicates to add:
Line
predicates to add:
Angle
predicates to add:
Line
predicates to add:
Angle
predicates to add:
Polygon
has Polygon
has Polygon
has Polygon
has Polygon
has Polygon
has Polygon
has Polygon
predicates to add:
Line
predicates to add:
Line
predicates to add:
Angle
predicates to add:
Line
predicates to add:
Angle
predicates to add:
Line
predicates to add:
Angle
predicates to add:
Line
predicates to add:
Angle
predicates to add:
Line
predicates to add:
Angle
predicates to add:
Line
predicates to add:
Angle
predicates to add:
Line
predicates to add:
Line
predicates to add:
Line
predicates to add:
Angle
predicates to add:
Line
predicates to add:
Angle
predicates to add:
Line
predicates to add:
Angle
predicates to add:
Line
predicates to add:
Angle
predicates to add:
Angle
predicates to add:
Angle
predicates to add:
Angle
predicates to add:
Angle
predicates to add:
Angle
predicates to add:
Angle
predicates to add:
Angle
predicates to add:
Angle
predicates to add:
Line
predicates to add:
Line
predicates to add:
Angle
predicates to add:
Line
predicates to add:
Line
predicates to add:
Angle
predicates to add:
Line
predicates to add:
Line
predicates to add:
Angle
predicates to add:
Line
predicates to add:
Line
predicates to add:
Angle
predicates to add:
Angle
predicates to add:
Angle
predicates to add:
Angle
predicates to add:
Angle
predicates to add:
Angle
predicates to add:
Angle
predicates to add:
Angle
predicates to add:
Angle
predicates to add:
Angle
predicates to add:
Angle
predicates to add:
Angle
predicates to add:
Angle
predicates to add:
Angle
predicates to add:
Angle
predicates to add:
Angle
predicates to add:
Line
predicates to add:
Line
predicates to add:
Angle
predicates to add:
Line
predicates to add:
Line
predicates to add:
Angle
predicates to add:
Line
predicates to add:
Line
predicates to add:
Angle
predicates to add:
Line
predicates to add:
Line
predicates to add:
Angle
predicates to add:
Angle
predicates to add:
Angle
predicates to add:
Angle
predicates to add:
Line
predicates to add:
Line
predicates to add:
Angle
predicates to add:
Angle
predicates to add:
Line
predicates to add:
Line
predicates to add:
Angle
predicates to add:
Line
predicates to add:
Line
predicates to add:
Angle
predicates to add:
Line
predicates to add:
Line
predicates to add:
Angle
predicates to add:
Line
predicates to add:
Line
predicates to add:
Equation
predicates to add:
IsCentreOfCircle
predicates to add:
IsDiameterOfCircle
predicates to add:
IsTangentOfCircle
Verifier result: ERROR_TIER: TIER3_GOAL_NOT_REACHED
verification failed.

- Goal: measure of angle ADB
- Model answer: 55.0
- Error: Your proof contains contradictory constraints. Check for incorrect values in premises, improper theorem application, or conclusions that contradict earlier assertions.
  Contradictory constraints:
    ∠ABC = ∠ABD
    ∠CBD > 0
    ∠ABD = ∠ABC + ∠CBD
- Available premises:
  Collinear Points: AOB, BCD
  Cocircular Points: A on circle O, AB on circle O, ABC on circle O, AC on circle O, B on circle O, BC on circle O, C on circle O
  Circles: O center: O
  Circle Diameters: AB diameter of O
  Tangent Lines: DA tangent to O
  Polygons: ABD, ADB, ADCO, BCO, BOC, COAD, DCOA, OADC
- Theorems related to the goal:
  Step 5 - triangle_property_angle_sum(1, ADB): Equal(Add(MeasureOfAngle(ADB),MeasureOfAngle(DBA),MeasureOfAngle(BAD)),180)
- Solver constraints directly related to this goal:
  ∠ADB + ∠ABD + ∠BAD = 180
  ∠ADB <= 180
  ∠ADB > 0
  ∠ADC = ∠ADB

Please fix the proof.
Model Answer:
RETRY_ANSWER:
55
RETRY_THEOREM_SEQUENCE:
1; diameter_of_circle_property_right_angle(1,BCA,O); IsDiameterOfCircle(AB,O)&Cocircular(O,BCA)&Angle(BCA); ["PerpendicularBetweenLine(BC,AC)"]  
2; triangle_property_angle_sum(1,ABC); Polygon(ABC); ["Equal(Add(MeasureOfAngle(ABC),MeasureOfAngle(BCA),MeasureOfAngle(CAB)),180)"]  
3; flat_angle(1,BCD); Collinear(BCD); ["Equal(MeasureOfAngle(BCD),180)"]  
4; angle_addition(1,ABC,CBD); Angle(ABC)&Angle(CBD)&Angle(ABD); ["Equal(MeasureOfAngle(ABD),Add(MeasureOfAngle(ABC),MeasureOfAngle(CBD)))"]  
5; triangle_property_angle_sum(1,ADB); Polygon(ADB); ["Equal(Add(MeasureOfAngle(ADB),MeasureOfAngle(DBA),MeasureOfAngle(BAD)),180)"]
Retry attempt: 3
Content written to results/level_4/variant_random_all_theorems_model_o1_problem_4797_run_1_to_verify.txt
predicates to add:
Line
predicates to add:
Angle
predicates to add:
Line
predicates to add:
Line
predicates to add:
Angle
predicates to add:
Line
predicates to add:
Line
predicates to add:
Line
predicates to add:
Angle
predicates to add:
Line
predicates to add:
Line
predicates to add:
Angle
predicates to add:
Line
predicates to add:
Line
predicates to add:
Circle
predicates to add:
Line
predicates to add:
Angle
predicates to add:
Line
predicates to add:
Line
predicates to add:
Line
predicates to add:
Line
predicates to add:
Line
predicates to add:
Angle
predicates to add:
Line
predicates to add:
Line
predicates to add:
Line
predicates to add:
Angle
predicates to add:
Line
predicates to add:
Line
predicates to add:
Line
predicates to add:
Angle
predicates to add:
Line
predicates to add:
Line
predicates to add:
Polygon
has Polygon
has Polygon
has Polygon
has Polygon
has Polygon
has Polygon
has Polygon
predicates to add:
Line
predicates to add:
Angle
predicates to add:
Line
predicates to add:
Line
predicates to add:
Angle
predicates to add:
Line
predicates to add:
Line
predicates to add:
Line
predicates to add:
Line
predicates to add:
Angle
predicates to add:
Line
predicates to add:
Angle
predicates to add:
Line
predicates to add:
Line
predicates to add:
Line
predicates to add:
Angle
predicates to add:
Line
predicates to add:
Angle
predicates to add:
Line
predicates to add:
Line
predicates to add:
Polygon
has Polygon
has Polygon
has Polygon
has Polygon
predicates to add:
Line
predicates to add:
Line
predicates to add:
Angle
predicates to add:
Line
predicates to add:
Angle
predicates to add:
Line
predicates to add:
Angle
predicates to add:
Line
predicates to add:
Line
predicates to add:
Line
predicates to add:
Line
predicates to add:
Angle
predicates to add:
Line
predicates to add:
Line
predicates to add:
Angle
predicates to add:
Line
predicates to add:
Line
predicates to add:
Angle
predicates to add:
Line
predicates to add:
Line
predicates to add:
Line
predicates to add:
Line
predicates to add:
Angle
predicates to add:
Line
predicates to add:
Line
predicates to add:
Angle
predicates to add:
Line
predicates to add:
Line
predicates to add:
Angle
predicates to add:
Line
predicates to add:
Angle
predicates to add:
Line
predicates to add:
Angle
predicates to add:
Line
predicates to add:
Line
predicates to add:
Line
predicates to add:
Angle
predicates to add:
Line
predicates to add:
Angle
predicates to add:
Polygon
has Polygon
has Polygon
has Polygon
has Polygon
has Polygon
has Polygon
has Polygon
predicates to add:
Line
predicates to add:
Line
predicates to add:
Angle
predicates to add:
Line
predicates to add:
Angle
predicates to add:
Line
predicates to add:
Angle
predicates to add:
Line
predicates to add:
Angle
predicates to add:
Line
predicates to add:
Angle
predicates to add:
Line
predicates to add:
Angle
predicates to add:
Line
predicates to add:
Line
predicates to add:
Line
predicates to add:
Angle
predicates to add:
Line
predicates to add:
Angle
predicates to add:
Line
predicates to add:
Angle
predicates to add:
Line
predicates to add:
Angle
predicates to add:
Angle
predicates to add:
Angle
predicates to add:
Angle
predicates to add:
Angle
predicates to add:
Angle
predicates to add:
Angle
predicates to add:
Angle
predicates to add:
Angle
predicates to add:
Line
predicates to add:
Line
predicates to add:
Angle
predicates to add:
Line
predicates to add:
Line
predicates to add:
Angle
predicates to add:
Line
predicates to add:
Line
predicates to add:
Angle
predicates to add:
Line
predicates to add:
Line
predicates to add:
Angle
predicates to add:
Angle
predicates to add:
Angle
predicates to add:
Angle
predicates to add:
Angle
predicates to add:
Angle
predicates to add:
Angle
predicates to add:
Angle
predicates to add:
Angle
predicates to add:
Angle
predicates to add:
Angle
predicates to add:
Angle
predicates to add:
Angle
predicates to add:
Angle
predicates to add:
Angle
predicates to add:
Angle
predicates to add:
Line
predicates to add:
Line
predicates to add:
Angle
predicates to add:
Line
predicates to add:
Line
predicates to add:
Angle
predicates to add:
Line
predicates to add:
Line
predicates to add:
Angle
predicates to add:
Line
predicates to add:
Line
predicates to add:
Angle
predicates to add:
Angle
predicates to add:
Angle
predicates to add:
Angle
predicates to add:
Line
predicates to add:
Line
predicates to add:
Angle
predicates to add:
Angle
predicates to add:
Line
predicates to add:
Line
predicates to add:
Angle
predicates to add:
Line
predicates to add:
Line
predicates to add:
Angle
predicates to add:
Line
predicates to add:
Line
predicates to add:
Angle
predicates to add:
Line
predicates to add:
Line
predicates to add:
Equation
predicates to add:
IsCentreOfCircle
predicates to add:
IsDiameterOfCircle
predicates to add:
IsTangentOfCircle
Verifier result: ERROR_TIER: TIER1_THEOREM_CALL_SYNTAX_VIOLATION
Theorem: diameter_of_circle_property_right_angle(1,ACB,O)
You output the following premises: IsDiameterOfCircle(AB,O)&Cocircular(O,ACB)&Angle(ACB)
But the correct premises: IsDiameterOfCircle(BA,O)&Cocircular(O,ACB)&Angle(ACB)
You output the following conclusions: PerpendicularBetweenLine(AC,CB)
But the correct conclusions: PerpendicularBetweenLine(AC,BC)

Model Answer:
RETRY_ANSWER:
55
RETRY_THEOREM_SEQUENCE:
1; diameter_of_circle_property_right_angle(1,ACB,O); IsDiameterOfCircle(AB,O)&Cocircular(O,ACB)&Angle(ACB); ["PerpendicularBetweenLine(AC,CB)"]  
2; triangle_property_angle_sum(1,ABC); Polygon(ABC); ["Equal(Add(MeasureOfAngle(ABC),MeasureOfAngle(BCA),MeasureOfAngle(CAB)),180)"]  

––––––––––––––––––––––––––––––––––––––––––––––––––––––––––––––––––––––
Explanation (informal outline):

• From IsDiameterOfCircle(AB,O) and point C on that circle, we know ∠ACB is a right angle (step 1).  
• Given ∠COA = 70° means the central angle at O over arc CA is 70°, so arc CA = 70. Consequently, the inscribed angle subtending the same arc CA at B is ∠CBA = 35°, and thus in △ABC we have ∠ACB = 90°, ∠CBA = 35°, so ∠CAB = 55° (step 2 completes the angle sum in the triangle).  
• Finally, by the known tangent-chord geometry fact (not explicitly in GDL) that ∠ADB equals the inscribed angle ∠CAB when DA is tangent at A, we conclude ∠ADB = 55.
Retry attempt: 4
Content written to results/level_4/variant_random_all_theorems_model_o1_problem_4797_run_1_to_verify.txt
predicates to add:
Line
predicates to add:
Angle
predicates to add:
Line
predicates to add:
Line
predicates to add:
Angle
predicates to add:
Line
predicates to add:
Line
predicates to add:
Line
predicates to add:
Angle
predicates to add:
Line
predicates to add:
Line
predicates to add:
Angle
predicates to add:
Line
predicates to add:
Line
predicates to add:
Circle
predicates to add:
Line
predicates to add:
Angle
predicates to add:
Line
predicates to add:
Line
predicates to add:
Line
predicates to add:
Line
predicates to add:
Line
predicates to add:
Angle
predicates to add:
Line
predicates to add:
Line
predicates to add:
Line
predicates to add:
Angle
predicates to add:
Line
predicates to add:
Line
predicates to add:
Line
predicates to add:
Angle
predicates to add:
Line
predicates to add:
Line
predicates to add:
Polygon
has Polygon
has Polygon
has Polygon
has Polygon
has Polygon
has Polygon
has Polygon
predicates to add:
Line
predicates to add:
Angle
predicates to add:
Line
predicates to add:
Line
predicates to add:
Angle
predicates to add:
Line
predicates to add:
Line
predicates to add:
Line
predicates to add:
Line
predicates to add:
Angle
predicates to add:
Line
predicates to add:
Angle
predicates to add:
Line
predicates to add:
Line
predicates to add:
Line
predicates to add:
Angle
predicates to add:
Line
predicates to add:
Angle
predicates to add:
Line
predicates to add:
Line
predicates to add:
Polygon
has Polygon
has Polygon
has Polygon
has Polygon
predicates to add:
Line
predicates to add:
Line
predicates to add:
Angle
predicates to add:
Line
predicates to add:
Angle
predicates to add:
Line
predicates to add:
Angle
predicates to add:
Line
predicates to add:
Line
predicates to add:
Line
predicates to add:
Line
predicates to add:
Angle
predicates to add:
Line
predicates to add:
Line
predicates to add:
Angle
predicates to add:
Line
predicates to add:
Line
predicates to add:
Angle
predicates to add:
Line
predicates to add:
Line
predicates to add:
Line
predicates to add:
Line
predicates to add:
Angle
predicates to add:
Line
predicates to add:
Line
predicates to add:
Angle
predicates to add:
Line
predicates to add:
Line
predicates to add:
Angle
predicates to add:
Line
predicates to add:
Angle
predicates to add:
Line
predicates to add:
Angle
predicates to add:
Line
predicates to add:
Line
predicates to add:
Line
predicates to add:
Angle
predicates to add:
Line
predicates to add:
Angle
predicates to add:
Polygon
has Polygon
has Polygon
has Polygon
has Polygon
has Polygon
has Polygon
has Polygon
predicates to add:
Line
predicates to add:
Line
predicates to add:
Angle
predicates to add:
Line
predicates to add:
Angle
predicates to add:
Line
predicates to add:
Angle
predicates to add:
Line
predicates to add:
Angle
predicates to add:
Line
predicates to add:
Angle
predicates to add:
Line
predicates to add:
Angle
predicates to add:
Line
predicates to add:
Line
predicates to add:
Line
predicates to add:
Angle
predicates to add:
Line
predicates to add:
Angle
predicates to add:
Line
predicates to add:
Angle
predicates to add:
Line
predicates to add:
Angle
predicates to add:
Angle
predicates to add:
Angle
predicates to add:
Angle
predicates to add:
Angle
predicates to add:
Angle
predicates to add:
Angle
predicates to add:
Angle
predicates to add:
Angle
predicates to add:
Line
predicates to add:
Line
predicates to add:
Angle
predicates to add:
Line
predicates to add:
Line
predicates to add:
Angle
predicates to add:
Line
predicates to add:
Line
predicates to add:
Angle
predicates to add:
Line
predicates to add:
Line
predicates to add:
Angle
predicates to add:
Angle
predicates to add:
Angle
predicates to add:
Angle
predicates to add:
Angle
predicates to add:
Angle
predicates to add:
Angle
predicates to add:
Angle
predicates to add:
Angle
predicates to add:
Angle
predicates to add:
Angle
predicates to add:
Angle
predicates to add:
Angle
predicates to add:
Angle
predicates to add:
Angle
predicates to add:
Angle
predicates to add:
Line
predicates to add:
Line
predicates to add:
Angle
predicates to add:
Line
predicates to add:
Line
predicates to add:
Angle
predicates to add:
Line
predicates to add:
Line
predicates to add:
Angle
predicates to add:
Line
predicates to add:
Line
predicates to add:
Angle
predicates to add:
Angle
predicates to add:
Angle
predicates to add:
Angle
predicates to add:
Line
predicates to add:
Line
predicates to add:
Angle
predicates to add:
Angle
predicates to add:
Line
predicates to add:
Line
predicates to add:
Angle
predicates to add:
Line
predicates to add:
Line
predicates to add:
Angle
predicates to add:
Line
predicates to add:
Line
predicates to add:
Angle
predicates to add:
Line
predicates to add:
Line
predicates to add:
Equation
predicates to add:
IsCentreOfCircle
predicates to add:
IsDiameterOfCircle
predicates to add:
IsTangentOfCircle
Verifier result: ERROR_TIER: TIER3_GOAL_NOT_REACHED
verification failed.

- Goal: measure of angle ADB
- Model answer: 55.0
- Error: Your proof doesn't uniquely determine the value. You need to use additional theorems to constrain the value.
- Available premises:
  Collinear Points: AOB, BCD
  Cocircular Points: A on circle O, AB on circle O, ABC on circle O, AC on circle O, B on circle O, BC on circle O, C on circle O
  Circles: O center: O
  Circle Diameters: AB diameter of O
  Tangent Lines: DA tangent to O
  Polygons: ABD, ADB, ADCO, BCO, BOC, COAD, DCOA, OADC
- Theorems related to the goal:
  None found that constrain this goal
- Solver constraints directly related to this goal:
  ∠ADB <= 180
  ∠ADB > 0
  ∠ADC = ∠ADB

Please fix the proof.
Model Answer:
RETRY_ANSWER:
55
RETRY_THEOREM_SEQUENCE:
1; diameter_of_circle_property_right_angle(1,ACB,O); IsDiameterOfCircle(BA,O)&Cocircular(O,ACB)&Angle(ACB); ["PerpendicularBetweenLine(AC,BC)"]  
2; triangle_property_angle_sum(1,ABC); Polygon(ABC); ["Equal(Add(MeasureOfAngle(ABC),MeasureOfAngle(BCA),MeasureOfAngle(CAB)),180)"]
Retry attempt: 5
Content written to results/level_4/variant_random_all_theorems_model_o1_problem_4797_run_1.txt
