Content written to results/level_3/variant_analogy_based_model_o1_problem_1306_run_0_to_verify.txt
predicates to add:
Line
predicates to add:
Angle
predicates to add:
Line
predicates to add:
Line
predicates to add:
Line
predicates to add:
Angle
predicates to add:
Line
predicates to add:
Line
predicates to add:
Line
predicates to add:
Angle
predicates to add:
Line
predicates to add:
Line
predicates to add:
Line
predicates to add:
Angle
predicates to add:
Line
predicates to add:
Line
predicates to add:
Polygon
has Polygon
has Polygon
has Polygon
has Polygon
predicates to add:
Angle
predicates to add:
Angle
predicates to add:
Angle
predicates to add:
Angle
predicates to add:
Angle
predicates to add:
Line
predicates to add:
Line
predicates to add:
Angle
predicates to add:
Line
predicates to add:
Line
predicates to add:
Angle
predicates to add:
Line
predicates to add:
Line
predicates to add:
Angle
predicates to add:
Line
predicates to add:
Line
predicates to add:
Equation
predicates to add:
Equation
predicates to add:
Parallelogram
predicates to add:
ParallelBetweenLine
predicates to add:
ParallelBetweenLine
predicates to add:
PerpendicularBetweenLine
predicates to add:
Equation
predicates to add:
PerpendicularBetweenLine
predicates to add:
Equation
predicates to add:
PerpendicularBetweenLine
predicates to add:
Equation
predicates to add:
PerpendicularBetweenLine
predicates to add:
Equation
predicates to add:
Equation
predicates to add:
Equation
predicates to add:
Parallelogram
predicates to add:
PerpendicularBetweenLine
predicates to add:
PerpendicularBetweenLine
predicates to add:
PerpendicularBetweenLine
predicates to add:
PerpendicularBetweenLine
Verifier result: ERROR_TIER: TIER1_THEOREM_CALL_SYNTAX_VIOLATION
Theorem: parallelogram_property_opposite_line_equal(1,KDEH)
You output the following conclusions: Equal(LengthOfLine(KD),LengthOfLine(EH))
But the correct conclusions: Equal(LengthOfLine(DK),LengthOfLine(EH))

Model Answer:
RETRY_ANSWER:
32
RETRY_THEOREM_SEQUENCE:
1; parallelogram_property_opposite_line_equal(1,KDEH); Parallelogram(KDEH); ["Equal(LengthOfLine(KD),LengthOfLine(EH))"]
2; parallelogram_property_opposite_line_equal(1,DEHK); Parallelogram(DEHK); ["Equal(LengthOfLine(DE),LengthOfLine(HK))"]
3; quadrilateral_perimeter_formula(1,KDEH); Polygon(KDEH); ["Equal(Add(LengthOfLine(KD),LengthOfLine(DE),LengthOfLine(EH),LengthOfLine(HK)),PerimeterOfQuadrilateral(KDEH))"]
Retry attempt: 1
Content written to results/level_3/variant_analogy_based_model_o1_problem_1306_run_0_to_verify.txt
predicates to add:
Line
predicates to add:
Angle
predicates to add:
Line
predicates to add:
Line
predicates to add:
Line
predicates to add:
Angle
predicates to add:
Line
predicates to add:
Line
predicates to add:
Line
predicates to add:
Angle
predicates to add:
Line
predicates to add:
Line
predicates to add:
Line
predicates to add:
Angle
predicates to add:
Line
predicates to add:
Line
predicates to add:
Polygon
has Polygon
has Polygon
has Polygon
has Polygon
predicates to add:
Angle
predicates to add:
Angle
predicates to add:
Angle
predicates to add:
Angle
predicates to add:
Angle
predicates to add:
Line
predicates to add:
Line
predicates to add:
Angle
predicates to add:
Line
predicates to add:
Line
predicates to add:
Angle
predicates to add:
Line
predicates to add:
Line
predicates to add:
Angle
predicates to add:
Line
predicates to add:
Line
predicates to add:
Equation
predicates to add:
Equation
predicates to add:
Parallelogram
predicates to add:
ParallelBetweenLine
predicates to add:
ParallelBetweenLine
predicates to add:
PerpendicularBetweenLine
predicates to add:
Equation
predicates to add:
PerpendicularBetweenLine
predicates to add:
Equation
predicates to add:
PerpendicularBetweenLine
predicates to add:
Equation
predicates to add:
PerpendicularBetweenLine
predicates to add:
Equation
predicates to add:
Equation
predicates to add:
Equation
predicates to add:
Parallelogram
predicates to add:
PerpendicularBetweenLine
predicates to add:
PerpendicularBetweenLine
predicates to add:
PerpendicularBetweenLine
predicates to add:
PerpendicularBetweenLine
Verifier result: ERROR_TIER: TIER1_THEOREM_CALL_SYNTAX_VIOLATION
Theorem: parallelogram_property_opposite_line_equal(1,DEHK)
You output the following conclusions: Equal(LengthOfLine(DE),LengthOfLine(HK))
But the correct conclusions: Equal(LengthOfLine(ED),LengthOfLine(HK))

Model Answer:
RETRY_ANSWER:
32
RETRY_THEOREM_SEQUENCE:
1; parallelogram_property_opposite_line_equal(1,KDEH); Parallelogram(KDEH); ["Equal(LengthOfLine(DK),LengthOfLine(EH))"]
2; parallelogram_property_opposite_line_equal(1,DEHK); Parallelogram(DEHK); ["Equal(LengthOfLine(DE),LengthOfLine(HK))"]
3; quadrilateral_perimeter_formula(1,KDEH); Polygon(KDEH); ["Equal(Add(LengthOfLine(KD),LengthOfLine(DE),LengthOfLine(EH),LengthOfLine(HK)),PerimeterOfQuadrilateral(KDEH))"]
Retry attempt: 2
Content written to results/level_3/variant_analogy_based_model_o1_problem_1306_run_0_to_verify.txt
predicates to add:
Line
predicates to add:
Angle
predicates to add:
Line
predicates to add:
Line
predicates to add:
Line
predicates to add:
Angle
predicates to add:
Line
predicates to add:
Line
predicates to add:
Line
predicates to add:
Angle
predicates to add:
Line
predicates to add:
Line
predicates to add:
Line
predicates to add:
Angle
predicates to add:
Line
predicates to add:
Line
predicates to add:
Polygon
has Polygon
has Polygon
has Polygon
has Polygon
predicates to add:
Angle
predicates to add:
Angle
predicates to add:
Angle
predicates to add:
Angle
predicates to add:
Angle
predicates to add:
Line
predicates to add:
Line
predicates to add:
Angle
predicates to add:
Line
predicates to add:
Line
predicates to add:
Angle
predicates to add:
Line
predicates to add:
Line
predicates to add:
Angle
predicates to add:
Line
predicates to add:
Line
predicates to add:
Equation
predicates to add:
Equation
predicates to add:
Parallelogram
predicates to add:
ParallelBetweenLine
predicates to add:
ParallelBetweenLine
predicates to add:
PerpendicularBetweenLine
predicates to add:
Equation
predicates to add:
PerpendicularBetweenLine
predicates to add:
Equation
predicates to add:
PerpendicularBetweenLine
predicates to add:
Equation
predicates to add:
PerpendicularBetweenLine
predicates to add:
Equation
predicates to add:
Equation
predicates to add:
Equation
predicates to add:
Parallelogram
predicates to add:
PerpendicularBetweenLine
predicates to add:
PerpendicularBetweenLine
predicates to add:
PerpendicularBetweenLine
predicates to add:
PerpendicularBetweenLine
Theorem sequence verified correctly
Content written to results/level_3/variant_analogy_based_model_o1_problem_1306_run_0.txt
