Content written to results/level_3/variant_random_all_theorems_model_o1_problem_1945_run_1_to_verify.txt
predicates to add:
Circle
predicates to add:
Line
predicates to add:
Angle
predicates to add:
Line
predicates to add:
Line
predicates to add:
Line
predicates to add:
Line
predicates to add:
Angle
predicates to add:
Line
predicates to add:
Line
predicates to add:
Line
predicates to add:
Line
predicates to add:
Angle
predicates to add:
Line
predicates to add:
Line
predicates to add:
Line
predicates to add:
Line
predicates to add:
Angle
predicates to add:
Line
predicates to add:
Angle
predicates to add:
Line
predicates to add:
Line
predicates to add:
Line
predicates to add:
Angle
predicates to add:
Line
predicates to add:
Angle
predicates to add:
Line
predicates to add:
Line
predicates to add:
Polygon
has Polygon
has Polygon
has Polygon
has Polygon
predicates to add:
Line
predicates to add:
Angle
predicates to add:
Line
predicates to add:
Angle
predicates to add:
Angle
predicates to add:
Angle
predicates to add:
Angle
predicates to add:
Angle
predicates to add:
Angle
predicates to add:
Line
predicates to add:
Line
predicates to add:
Angle
predicates to add:
Angle
predicates to add:
Angle
predicates to add:
Line
predicates to add:
Line
predicates to add:
Angle
predicates to add:
Line
predicates to add:
Line
predicates to add:
Equation
predicates to add:
IsCentreOfCircle
predicates to add:
IsTangentOfCircle
predicates to add:
IsTangentOfCircle
predicates to add:
Equation
predicates to add:
IsCentreOfCircle
predicates to add:
IsTangentOfCircle
predicates to add:
IsTangentOfCircle
Verifier result: ERROR_TIER: TIER1_THEOREM_CALL_SYNTAX_VIOLATION
Failure: Theorem <arc_property_center_angle> branch error. Expected dict_keys(['1']) but got None. Please rewrite your response, you should change only the call to theorem <arc_property_center_angle> by adding the branch number from the dict_keys as the first argument
Model Answer:
RETRY_ANSWER:
74
RETRY_THEOREM_SEQUENCE:
1; arc_property_center_angle(YXB,B); Arc(YXB)&Angle(YBX)&IsCentreOfCircle(B,B); ["Equal(MeasureOfArc(YXB),MeasureOfAngle(YBX))"]
Retry attempt: 1
Content written to results/level_3/variant_random_all_theorems_model_o1_problem_1945_run_1_to_verify.txt
predicates to add:
Circle
predicates to add:
Line
predicates to add:
Angle
predicates to add:
Line
predicates to add:
Line
predicates to add:
Line
predicates to add:
Line
predicates to add:
Angle
predicates to add:
Line
predicates to add:
Line
predicates to add:
Line
predicates to add:
Line
predicates to add:
Angle
predicates to add:
Line
predicates to add:
Line
predicates to add:
Line
predicates to add:
Line
predicates to add:
Angle
predicates to add:
Line
predicates to add:
Angle
predicates to add:
Line
predicates to add:
Line
predicates to add:
Line
predicates to add:
Angle
predicates to add:
Line
predicates to add:
Angle
predicates to add:
Line
predicates to add:
Line
predicates to add:
Polygon
has Polygon
has Polygon
has Polygon
has Polygon
predicates to add:
Line
predicates to add:
Angle
predicates to add:
Line
predicates to add:
Angle
predicates to add:
Angle
predicates to add:
Angle
predicates to add:
Angle
predicates to add:
Angle
predicates to add:
Angle
predicates to add:
Line
predicates to add:
Line
predicates to add:
Angle
predicates to add:
Angle
predicates to add:
Angle
predicates to add:
Line
predicates to add:
Line
predicates to add:
Angle
predicates to add:
Line
predicates to add:
Line
predicates to add:
Equation
predicates to add:
IsCentreOfCircle
predicates to add:
IsTangentOfCircle
predicates to add:
IsTangentOfCircle
predicates to add:
Equation
predicates to add:
IsCentreOfCircle
predicates to add:
IsTangentOfCircle
predicates to add:
IsTangentOfCircle
Verifier result: ERROR_TIER: TIER1_THEOREM_CALL_SYNTAX_VIOLATION
Theorem: arc_property_center_angle(1,YXB,B)
You output the following premises: Arc(YXB)&Angle(YBX)&IsCentreOfCircle(B,B)
But the correct premises: Arc(YXB)&Angle(BBX)&IsCentreOfCircle(B,Y)
You output the following conclusions: Equal(MeasureOfArc(YXB),MeasureOfAngle(YBX))
But the correct conclusions: Equal(MeasureOfArc(YXB),MeasureOfAngle(BBX))

Model Answer:
RETRY_ANSWER:
74
RETRY_THEOREM_SEQUENCE:
1; arc_property_center_angle(1,YXB,B); Arc(YXB)&Angle(YBX)&IsCentreOfCircle(B,B); ["Equal(MeasureOfArc(YXB),MeasureOfAngle(YBX))"]
Retry attempt: 2
Content written to results/level_3/variant_random_all_theorems_model_o1_problem_1945_run_1_to_verify.txt
predicates to add:
Circle
predicates to add:
Line
predicates to add:
Angle
predicates to add:
Line
predicates to add:
Line
predicates to add:
Line
predicates to add:
Line
predicates to add:
Angle
predicates to add:
Line
predicates to add:
Line
predicates to add:
Line
predicates to add:
Line
predicates to add:
Angle
predicates to add:
Line
predicates to add:
Line
predicates to add:
Line
predicates to add:
Line
predicates to add:
Angle
predicates to add:
Line
predicates to add:
Angle
predicates to add:
Line
predicates to add:
Line
predicates to add:
Line
predicates to add:
Angle
predicates to add:
Line
predicates to add:
Angle
predicates to add:
Line
predicates to add:
Line
predicates to add:
Polygon
has Polygon
has Polygon
has Polygon
has Polygon
predicates to add:
Line
predicates to add:
Angle
predicates to add:
Line
predicates to add:
Angle
predicates to add:
Angle
predicates to add:
Angle
predicates to add:
Angle
predicates to add:
Angle
predicates to add:
Angle
predicates to add:
Line
predicates to add:
Line
predicates to add:
Angle
predicates to add:
Angle
predicates to add:
Angle
predicates to add:
Line
predicates to add:
Line
predicates to add:
Angle
predicates to add:
Line
predicates to add:
Line
predicates to add:
Equation
predicates to add:
IsCentreOfCircle
predicates to add:
IsTangentOfCircle
predicates to add:
IsTangentOfCircle
predicates to add:
Equation
predicates to add:
IsCentreOfCircle
predicates to add:
IsTangentOfCircle
predicates to add:
IsTangentOfCircle
Verifier result: ERROR_TIER: TIER2_PREMISE_VIOLATION
verification failed.

- Error: You tried to use theorem: arc_property_center_angle(1,YXB,B);Arc(YXB)&Angle(BBX)&IsCentreOfCircle(B,Y);['Equal(MeasureOfArc(YXB),MeasureOfAngle(BBX))']
Missing premise: Arc YXB not established
Details: Accumulated arcs: ['arc_BXY', 'arc_BXZ', 'arc_BYZ']
- Available premises:
  Cocircular Points: X on circle B, XY on circle B, XYZ on circle B, XZ on circle B, Y on circle B, YZ on circle B, Z on circle B
  Circles: B center: B
  Tangent Lines: WX tangent to B, WY tangent to B
  Polygons: BXWY, WYBX, XWYB, YBXW
- Theorems related to the goal:
  None found that constrain this goal
- Solver constraints directly related to this goal:
  None found

Please fix the proof.
Model Answer:
RETRY_ANSWER:
74
RETRY_THEOREM_SEQUENCE:
1; arc_property_center_angle(1,YXB,B); Arc(YXB)&Angle(BBX)&IsCentreOfCircle(B,Y); ["Equal(MeasureOfArc(YXB),MeasureOfAngle(BBX))"]
Retry attempt: 3
Content written to results/level_3/variant_random_all_theorems_model_o1_problem_1945_run_1_to_verify.txt
predicates to add:
Circle
predicates to add:
Line
predicates to add:
Angle
predicates to add:
Line
predicates to add:
Line
predicates to add:
Line
predicates to add:
Line
predicates to add:
Angle
predicates to add:
Line
predicates to add:
Line
predicates to add:
Line
predicates to add:
Line
predicates to add:
Angle
predicates to add:
Line
predicates to add:
Line
predicates to add:
Line
predicates to add:
Line
predicates to add:
Angle
predicates to add:
Line
predicates to add:
Angle
predicates to add:
Line
predicates to add:
Line
predicates to add:
Line
predicates to add:
Angle
predicates to add:
Line
predicates to add:
Angle
predicates to add:
Line
predicates to add:
Line
predicates to add:
Polygon
has Polygon
has Polygon
has Polygon
has Polygon
predicates to add:
Line
predicates to add:
Angle
predicates to add:
Line
predicates to add:
Angle
predicates to add:
Angle
predicates to add:
Angle
predicates to add:
Angle
predicates to add:
Angle
predicates to add:
Angle
predicates to add:
Line
predicates to add:
Line
predicates to add:
Angle
predicates to add:
Angle
predicates to add:
Angle
predicates to add:
Line
predicates to add:
Line
predicates to add:
Angle
predicates to add:
Line
predicates to add:
Line
predicates to add:
Equation
predicates to add:
IsCentreOfCircle
predicates to add:
IsTangentOfCircle
predicates to add:
IsTangentOfCircle
predicates to add:
Equation
predicates to add:
IsCentreOfCircle
predicates to add:
IsTangentOfCircle
predicates to add:
IsTangentOfCircle
Verifier result: ERROR_TIER: TIER1_THEOREM_CALL_SYNTAX_VIOLATION
Failure: The THEOREM_SEQUENCE you provided is empty. Please generate a proof again, using the similar problems I provided (A1, A2, A3, A4, A5), along with the GDL_DICTIONARY of theorems.
Model Answer:
RETRY_ANSWER:
74
RETRY_THEOREM_SEQUENCE:

Retry attempt: 4
Content written to results/level_3/variant_random_all_theorems_model_o1_problem_1945_run_1_to_verify.txt
predicates to add:
Circle
predicates to add:
Line
predicates to add:
Angle
predicates to add:
Line
predicates to add:
Line
predicates to add:
Line
predicates to add:
Line
predicates to add:
Angle
predicates to add:
Line
predicates to add:
Line
predicates to add:
Line
predicates to add:
Line
predicates to add:
Angle
predicates to add:
Line
predicates to add:
Line
predicates to add:
Line
predicates to add:
Line
predicates to add:
Angle
predicates to add:
Line
predicates to add:
Angle
predicates to add:
Line
predicates to add:
Line
predicates to add:
Line
predicates to add:
Angle
predicates to add:
Line
predicates to add:
Angle
predicates to add:
Line
predicates to add:
Line
predicates to add:
Polygon
has Polygon
has Polygon
has Polygon
has Polygon
predicates to add:
Line
predicates to add:
Angle
predicates to add:
Line
predicates to add:
Angle
predicates to add:
Angle
predicates to add:
Angle
predicates to add:
Angle
predicates to add:
Angle
predicates to add:
Angle
predicates to add:
Line
predicates to add:
Line
predicates to add:
Angle
predicates to add:
Angle
predicates to add:
Angle
predicates to add:
Line
predicates to add:
Line
predicates to add:
Angle
predicates to add:
Line
predicates to add:
Line
predicates to add:
Equation
predicates to add:
IsCentreOfCircle
predicates to add:
IsTangentOfCircle
predicates to add:
IsTangentOfCircle
predicates to add:
Equation
predicates to add:
IsCentreOfCircle
predicates to add:
IsTangentOfCircle
predicates to add:
IsTangentOfCircle
Verifier result: ERROR_TIER: TIER1_THEOREM_CALL_SYNTAX_VIOLATION
Failure: Theorem <tangent_of_circle_property_perpendicular> para length error. Expected 4 but got ('W', 'X', 'B').
Model Answer:
RETRY_ANSWER:
74
RETRY_THEOREM_SEQUENCE:
1; tangent_of_circle_property_perpendicular(1,WX,B); IsTangentOfCircle(WX,B)&Angle(BXW)&IsCentreOfCircle(B,B); ["PerpendicularBetweenLine(BX,WX)"]
2; tangent_of_circle_property_perpendicular(1,WY,B); IsTangentOfCircle(WY,B)&Angle(BYW)&IsCentreOfCircle(B,B); ["PerpendicularBetweenLine(BY,WY)"]
3; quadrilateral_property_angle_sum(1,XWYB); Polygon(XWYB); ["Equal(Add(MeasureOfAngle(XWY),MeasureOfAngle(WYB),MeasureOfAngle(YBX),MeasureOfAngle(BXW)),360)"]
Retry attempt: 5
Content written to results/level_3/variant_random_all_theorems_model_o1_problem_1945_run_1.txt
