Content written to results/level_3/variant_analogy_based_model_o1_problem_1032_run_1_to_verify.txt
predicates to add:
Circle
predicates to add:
Line
predicates to add:
Angle
predicates to add:
Line
predicates to add:
Line
predicates to add:
Line
predicates to add:
Line
predicates to add:
Line
predicates to add:
Angle
predicates to add:
Line
predicates to add:
Line
predicates to add:
Angle
predicates to add:
Angle
predicates to add:
Angle
predicates to add:
Angle
predicates to add:
Equation
predicates to add:
Equation
predicates to add:
Equation
predicates to add:
IsCentreOfCircle
predicates to add:
Equation
predicates to add:
Equation
predicates to add:
Equation
predicates to add:
IsCentreOfCircle
Verifier result: ERROR_TIER: TIER1_THEOREM_CALL_SYNTAX_VIOLATION
Theorem: arc_property_center_angle(1,YXZ,Y)
You output the following premises: Arc(YXZ)&Angle(XYZ)&IsCentreOfCircle(Y,Y)
But the correct premises: Arc(YXZ)&Angle(ZYX)&IsCentreOfCircle(Y,Y)
You output the following conclusions: Equal(MeasureOfArc(YXZ),MeasureOfAngle(XYZ))
But the correct conclusions: Equal(MeasureOfArc(YXZ),MeasureOfAngle(ZYX))

Model Answer:
RETRY_ANSWER:
1331*pi/72
RETRY_THEOREM_SEQUENCE:
1; radius_of_circle_property_length_equal(1,YZ,Y); Cocircular(Y,Z)&Line(YZ)&IsCentreOfCircle(Y,Y); ["Equal(LengthOfLine(YZ),RadiusOfCircle(Y))"]
2; arc_property_center_angle(1,YXZ,Y); Arc(YXZ)&Angle(XYZ)&IsCentreOfCircle(Y,Y); ["Equal(MeasureOfArc(YXZ),MeasureOfAngle(XYZ))"]
3; sector_area_formula(1,YXZ); Arc(YXZ); ["Equal(AreaOfSector(YXZ),Mul(MeasureOfArc(YXZ),1/360*pi,RadiusOfCircle(Y),RadiusOfCircle(Y)))"]
Retry attempt: 1
Content written to results/level_3/variant_analogy_based_model_o1_problem_1032_run_1_to_verify.txt
predicates to add:
Circle
predicates to add:
Line
predicates to add:
Angle
predicates to add:
Line
predicates to add:
Line
predicates to add:
Line
predicates to add:
Line
predicates to add:
Line
predicates to add:
Angle
predicates to add:
Line
predicates to add:
Line
predicates to add:
Angle
predicates to add:
Angle
predicates to add:
Angle
predicates to add:
Angle
predicates to add:
Equation
predicates to add:
Equation
predicates to add:
Equation
predicates to add:
IsCentreOfCircle
predicates to add:
Equation
predicates to add:
Equation
predicates to add:
Equation
predicates to add:
IsCentreOfCircle
Verifier result: ERROR_TIER: TIER1_THEOREM_CALL_SYNTAX_VIOLATION
Error in TIER1_THEOREM_CALL_SYNTAX_VIOLATION: Theorem 'sector_area_formula' is not recognized or its premise validation is not supported by the current verifier version.
Model Answer:
RETRY_ANSWER:
1331*pi/72
RETRY_THEOREM_SEQUENCE:
1; radius_of_circle_property_length_equal(1,YZ,Y); Cocircular(Y,Z)&Line(YZ)&IsCentreOfCircle(Y,Y); ["Equal(LengthOfLine(YZ),RadiusOfCircle(Y))"]
2; arc_property_center_angle(1,YXZ,Y); Arc(YXZ)&Angle(ZYX)&IsCentreOfCircle(Y,Y); ["Equal(MeasureOfArc(YXZ),MeasureOfAngle(ZYX))"]
3; sector_area_formula(1,YXZ); Arc(YXZ); ["Equal(AreaOfSector(YXZ),Mul(MeasureOfArc(YXZ),1/360*pi,RadiusOfCircle(Y),RadiusOfCircle(Y)))"]
Retry attempt: 2
Content written to results/level_3/variant_analogy_based_model_o1_problem_1032_run_1_to_verify.txt
predicates to add:
Circle
predicates to add:
Line
predicates to add:
Angle
predicates to add:
Line
predicates to add:
Line
predicates to add:
Line
predicates to add:
Line
predicates to add:
Line
predicates to add:
Angle
predicates to add:
Line
predicates to add:
Line
predicates to add:
Angle
predicates to add:
Angle
predicates to add:
Angle
predicates to add:
Angle
predicates to add:
Equation
predicates to add:
Equation
predicates to add:
Equation
predicates to add:
IsCentreOfCircle
predicates to add:
Equation
predicates to add:
Equation
predicates to add:
Equation
predicates to add:
IsCentreOfCircle
Verifier result: ERROR_TIER: TIER1_THEOREM_CALL_SYNTAX_VIOLATION
Error evaluating general goal expression: name 'AreaOfSector' is not defined
Model Answer:
RETRY_ANSWER:
1331*pi/72
RETRY_THEOREM_SEQUENCE:
1; radius_of_circle_property_length_equal(1,YZ,Y); Cocircular(Y,Z)&Line(YZ)&IsCentreOfCircle(Y,Y); ["Equal(LengthOfLine(YZ),RadiusOfCircle(Y))"]
2; arc_property_center_angle(1,YXZ,Y); Arc(YXZ)&Angle(ZYX)&IsCentreOfCircle(Y,Y); ["Equal(MeasureOfArc(YXZ),MeasureOfAngle(ZYX))"]
3; circle_area_formula(1,Y); Circle(Y); ["Equal(AreaOfCircle(Y),Mul(pi,RadiusOfCircle(Y),RadiusOfCircle(Y)))"]
Retry attempt: 3
Content written to results/level_3/variant_analogy_based_model_o1_problem_1032_run_1_to_verify.txt
predicates to add:
Circle
predicates to add:
Line
predicates to add:
Angle
predicates to add:
Line
predicates to add:
Line
predicates to add:
Line
predicates to add:
Line
predicates to add:
Line
predicates to add:
Angle
predicates to add:
Line
predicates to add:
Line
predicates to add:
Angle
predicates to add:
Angle
predicates to add:
Angle
predicates to add:
Angle
predicates to add:
Equation
predicates to add:
Equation
predicates to add:
Equation
predicates to add:
IsCentreOfCircle
predicates to add:
Equation
predicates to add:
Equation
predicates to add:
Equation
predicates to add:
IsCentreOfCircle
Verifier result: ERROR_TIER: TIER1_THEOREM_CALL_SYNTAX_VIOLATION
Error evaluating general goal expression: name 'AreaOfSector' is not defined
Model Answer:
RETRY_ANSWER:
1331*pi/72
RETRY_THEOREM_SEQUENCE:
1; radius_of_circle_property_length_equal(1,YZ,Y); Cocircular(Y,Z)&Line(YZ)&IsCentreOfCircle(Y,Y); ["Equal(LengthOfLine(YZ),RadiusOfCircle(Y))"]
2; arc_property_center_angle(1,YXZ,Y); Arc(YXZ)&Angle(ZYX)&IsCentreOfCircle(Y,Y); ["Equal(MeasureOfArc(YXZ),MeasureOfAngle(ZYX))"]
Retry attempt: 4
Content written to results/level_3/variant_analogy_based_model_o1_problem_1032_run_1_to_verify.txt
predicates to add:
Circle
predicates to add:
Line
predicates to add:
Angle
predicates to add:
Line
predicates to add:
Line
predicates to add:
Line
predicates to add:
Line
predicates to add:
Line
predicates to add:
Angle
predicates to add:
Line
predicates to add:
Line
predicates to add:
Angle
predicates to add:
Angle
predicates to add:
Angle
predicates to add:
Angle
predicates to add:
Equation
predicates to add:
Equation
predicates to add:
Equation
predicates to add:
IsCentreOfCircle
predicates to add:
Equation
predicates to add:
Equation
predicates to add:
Equation
predicates to add:
IsCentreOfCircle
Verifier result: ERROR_TIER: TIER1_THEOREM_CALL_SYNTAX_VIOLATION
Error evaluating general goal expression: name 'AreaOfSector' is not defined
Model Answer:
RETRY_ANSWER:
1331*pi/72
RETRY_THEOREM_SEQUENCE:
1; radius_of_circle_property_length_equal(1,YZ,Y); Cocircular(Y,Z)&Line(YZ)&IsCentreOfCircle(Y,Y); ["Equal(LengthOfLine(YZ),RadiusOfCircle(Y))"]
2; arc_property_center_angle(1,YXZ,Y); Arc(YXZ)&Angle(ZYX)&IsCentreOfCircle(Y,Y); ["Equal(MeasureOfArc(YXZ),MeasureOfAngle(ZYX))"]
Retry attempt: 5
Content written to results/level_3/variant_analogy_based_model_o1_problem_1032_run_1.txt
