Content written to results/level_3/variant_random_all_theorems_model_o1_problem_1945_run_2_to_verify.txt
predicates to add:
Circle
predicates to add:
Line
predicates to add:
Angle
predicates to add:
Line
predicates to add:
Line
predicates to add:
Line
predicates to add:
Line
predicates to add:
Angle
predicates to add:
Line
predicates to add:
Line
predicates to add:
Line
predicates to add:
Line
predicates to add:
Angle
predicates to add:
Line
predicates to add:
Line
predicates to add:
Line
predicates to add:
Line
predicates to add:
Angle
predicates to add:
Line
predicates to add:
Angle
predicates to add:
Line
predicates to add:
Line
predicates to add:
Line
predicates to add:
Angle
predicates to add:
Line
predicates to add:
Angle
predicates to add:
Line
predicates to add:
Line
predicates to add:
Polygon
has Polygon
has Polygon
has Polygon
has Polygon
predicates to add:
Line
predicates to add:
Angle
predicates to add:
Line
predicates to add:
Angle
predicates to add:
Angle
predicates to add:
Angle
predicates to add:
Angle
predicates to add:
Angle
predicates to add:
Angle
predicates to add:
Line
predicates to add:
Line
predicates to add:
Angle
predicates to add:
Angle
predicates to add:
Angle
predicates to add:
Line
predicates to add:
Line
predicates to add:
Angle
predicates to add:
Line
predicates to add:
Line
predicates to add:
Equation
predicates to add:
IsCentreOfCircle
predicates to add:
IsTangentOfCircle
predicates to add:
IsTangentOfCircle
predicates to add:
Equation
predicates to add:
IsCentreOfCircle
predicates to add:
IsTangentOfCircle
predicates to add:
IsTangentOfCircle
Verifier result: ERROR_TIER: TIER1_THEOREM_CALL_SYNTAX_VIOLATION
Failure: Theorem <tangent_of_circle_property_perpendicular> para length error. Expected 4 but got ('W', 'X', 'B').
Model Answer:
RETRY_ANSWER:
74
RETRY_THEOREM_SEQUENCE:
1; tangent_of_circle_property_perpendicular(WX,B); IsTangentOfCircle(WX,B)&Angle(XBW)&IsCentreOfCircle(B,B); ["PerpendicularBetweenLine(BX,WX)"]  
2; tangent_of_circle_property_perpendicular(WY,B); IsTangentOfCircle(WY,B)&Angle(YBW)&IsCentreOfCircle(B,B); ["PerpendicularBetweenLine(BY,WY)"]  
3; quadrilateral_property_angle_sum(XBYW); Polygon(XBYW); ["Equal(Add(MeasureOfAngle(XBY),MeasureOfAngle(BYW),MeasureOfAngle(YWX),MeasureOfAngle(WXB)),360)"]
Retry attempt: 1
Content written to results/level_3/variant_random_all_theorems_model_o1_problem_1945_run_2_to_verify.txt
predicates to add:
Circle
predicates to add:
Line
predicates to add:
Angle
predicates to add:
Line
predicates to add:
Line
predicates to add:
Line
predicates to add:
Line
predicates to add:
Angle
predicates to add:
Line
predicates to add:
Line
predicates to add:
Line
predicates to add:
Line
predicates to add:
Angle
predicates to add:
Line
predicates to add:
Line
predicates to add:
Line
predicates to add:
Line
predicates to add:
Angle
predicates to add:
Line
predicates to add:
Angle
predicates to add:
Line
predicates to add:
Line
predicates to add:
Line
predicates to add:
Angle
predicates to add:
Line
predicates to add:
Angle
predicates to add:
Line
predicates to add:
Line
predicates to add:
Polygon
has Polygon
has Polygon
has Polygon
has Polygon
predicates to add:
Line
predicates to add:
Angle
predicates to add:
Line
predicates to add:
Angle
predicates to add:
Angle
predicates to add:
Angle
predicates to add:
Angle
predicates to add:
Angle
predicates to add:
Angle
predicates to add:
Line
predicates to add:
Line
predicates to add:
Angle
predicates to add:
Angle
predicates to add:
Angle
predicates to add:
Line
predicates to add:
Line
predicates to add:
Angle
predicates to add:
Line
predicates to add:
Line
predicates to add:
Equation
predicates to add:
IsCentreOfCircle
predicates to add:
IsTangentOfCircle
predicates to add:
IsTangentOfCircle
predicates to add:
Equation
predicates to add:
IsCentreOfCircle
predicates to add:
IsTangentOfCircle
predicates to add:
IsTangentOfCircle
Verifier result: ERROR_TIER: TIER1_THEOREM_CALL_SYNTAX_VIOLATION
Failure: Theorem <tangent_of_circle_property_perpendicular> branch error. Expected dict_keys(['1', '2']) but got None. Please rewrite your response, you should change only the call to theorem <tangent_of_circle_property_perpendicular> by adding the branch number from the dict_keys as the first argument
Model Answer:
RETRY_ANSWER:
74
RETRY_THEOREM_SEQUENCE:
1; tangent_of_circle_property_perpendicular(WX,B,B); IsTangentOfCircle(WX,B)&Angle(BXW)&IsCentreOfCircle(B,B); ["PerpendicularBetweenLine(BX,WX)"]  
2; tangent_of_circle_property_perpendicular(WY,B,B); IsTangentOfCircle(WY,B)&Angle(BYW)&IsCentreOfCircle(B,B); ["PerpendicularBetweenLine(BY,WY)"]  
3; quadrilateral_property_angle_sum(XBYW); Polygon(XBYW); ["Equal(Add(MeasureOfAngle(XBY),MeasureOfAngle(BYW),MeasureOfAngle(YWX),MeasureOfAngle(WXB)),360)"]
Retry attempt: 2
Content written to results/level_3/variant_random_all_theorems_model_o1_problem_1945_run_2_to_verify.txt
predicates to add:
Circle
predicates to add:
Line
predicates to add:
Angle
predicates to add:
Line
predicates to add:
Line
predicates to add:
Line
predicates to add:
Line
predicates to add:
Angle
predicates to add:
Line
predicates to add:
Line
predicates to add:
Line
predicates to add:
Line
predicates to add:
Angle
predicates to add:
Line
predicates to add:
Line
predicates to add:
Line
predicates to add:
Line
predicates to add:
Angle
predicates to add:
Line
predicates to add:
Angle
predicates to add:
Line
predicates to add:
Line
predicates to add:
Line
predicates to add:
Angle
predicates to add:
Line
predicates to add:
Angle
predicates to add:
Line
predicates to add:
Line
predicates to add:
Polygon
has Polygon
has Polygon
has Polygon
has Polygon
predicates to add:
Line
predicates to add:
Angle
predicates to add:
Line
predicates to add:
Angle
predicates to add:
Angle
predicates to add:
Angle
predicates to add:
Angle
predicates to add:
Angle
predicates to add:
Angle
predicates to add:
Line
predicates to add:
Line
predicates to add:
Angle
predicates to add:
Angle
predicates to add:
Angle
predicates to add:
Line
predicates to add:
Line
predicates to add:
Angle
predicates to add:
Line
predicates to add:
Line
predicates to add:
Equation
predicates to add:
IsCentreOfCircle
predicates to add:
IsTangentOfCircle
predicates to add:
IsTangentOfCircle
predicates to add:
Equation
predicates to add:
IsCentreOfCircle
predicates to add:
IsTangentOfCircle
predicates to add:
IsTangentOfCircle
Verifier result: ERROR_TIER: TIER1_THEOREM_CALL_SYNTAX_VIOLATION
Failure: Theorem <quadrilateral_property_angle_sum> branch error. Expected dict_keys(['1']) but got None. Please rewrite your response, you should change only the call to theorem <quadrilateral_property_angle_sum> by adding the branch number from the dict_keys as the first argument
Model Answer:
RETRY_ANSWER:
74
RETRY_THEOREM_SEQUENCE:
1; tangent_of_circle_property_perpendicular(1,WX,B,B); IsTangentOfCircle(WX,B)&Angle(BXW)&IsCentreOfCircle(B,B); ["PerpendicularBetweenLine(BX,WX)"]  
2; tangent_of_circle_property_perpendicular(1,WY,B,B); IsTangentOfCircle(WY,B)&Angle(BYW)&IsCentreOfCircle(B,B); ["PerpendicularBetweenLine(BY,WY)"]  
3; quadrilateral_property_angle_sum(XBYW); Polygon(XBYW); ["Equal(Add(MeasureOfAngle(XBY),MeasureOfAngle(BYW),MeasureOfAngle(YWX),MeasureOfAngle(WXB)),360)"]
Retry attempt: 3
Content written to results/level_3/variant_random_all_theorems_model_o1_problem_1945_run_2_to_verify.txt
predicates to add:
Circle
predicates to add:
Line
predicates to add:
Angle
predicates to add:
Line
predicates to add:
Line
predicates to add:
Line
predicates to add:
Line
predicates to add:
Angle
predicates to add:
Line
predicates to add:
Line
predicates to add:
Line
predicates to add:
Line
predicates to add:
Angle
predicates to add:
Line
predicates to add:
Line
predicates to add:
Line
predicates to add:
Line
predicates to add:
Angle
predicates to add:
Line
predicates to add:
Angle
predicates to add:
Line
predicates to add:
Line
predicates to add:
Line
predicates to add:
Angle
predicates to add:
Line
predicates to add:
Angle
predicates to add:
Line
predicates to add:
Line
predicates to add:
Polygon
has Polygon
has Polygon
has Polygon
has Polygon
predicates to add:
Line
predicates to add:
Angle
predicates to add:
Line
predicates to add:
Angle
predicates to add:
Angle
predicates to add:
Angle
predicates to add:
Angle
predicates to add:
Angle
predicates to add:
Angle
predicates to add:
Line
predicates to add:
Line
predicates to add:
Angle
predicates to add:
Angle
predicates to add:
Angle
predicates to add:
Line
predicates to add:
Line
predicates to add:
Angle
predicates to add:
Line
predicates to add:
Line
predicates to add:
Equation
predicates to add:
IsCentreOfCircle
predicates to add:
IsTangentOfCircle
predicates to add:
IsTangentOfCircle
predicates to add:
Equation
predicates to add:
IsCentreOfCircle
predicates to add:
IsTangentOfCircle
predicates to add:
IsTangentOfCircle
Verifier result: ERROR_TIER: TIER2_PREMISE_VIOLATION
verification failed.

- Error: You tried to use theorem: quadrilateral_property_angle_sum(1,XBYW);Polygon(XBYW);['Equal(Add(MeasureOfAngle(XBY),MeasureOfAngle(BYW),MeasureOfAngle(YWX),MeasureOfAngle(WXB)),360)']
Missing premise: Quadrilateral XBYW not defined
Details: Known polygons: {'BXWY', 'XWYB', 'YBXW', 'WYBX'}
- Available premises:
  Cocircular Points: X on circle B, XY on circle B, XYZ on circle B, XZ on circle B, Y on circle B, YZ on circle B, Z on circle B
  Circles: B center: B
  Tangent Lines: WX tangent to B, WY tangent to B
  Polygons: BXWY, WYBX, XWYB, YBXW
- Theorems related to the goal:
  None found that constrain this goal
- Solver constraints directly related to this goal:
  None found

Please fix the proof.
Model Answer:
RETRY_ANSWER:
74
RETRY_THEOREM_SEQUENCE:
1; tangent_of_circle_property_perpendicular(1,WX,B,B); IsTangentOfCircle(WX,B)&Angle(BXW)&IsCentreOfCircle(B,B); ["PerpendicularBetweenLine(BX,WX)"]  
2; tangent_of_circle_property_perpendicular(1,WY,B,B); IsTangentOfCircle(WY,B)&Angle(BYW)&IsCentreOfCircle(B,B); ["PerpendicularBetweenLine(BY,WY)"]  
3; quadrilateral_property_angle_sum(1,XBYW); Polygon(XBYW); ["Equal(Add(MeasureOfAngle(XBY),MeasureOfAngle(BYW),MeasureOfAngle(YWX),MeasureOfAngle(WXB)),360)"]
Retry attempt: 4
Content written to results/level_3/variant_random_all_theorems_model_o1_problem_1945_run_2_to_verify.txt
predicates to add:
Circle
predicates to add:
Line
predicates to add:
Angle
predicates to add:
Line
predicates to add:
Line
predicates to add:
Line
predicates to add:
Line
predicates to add:
Angle
predicates to add:
Line
predicates to add:
Line
predicates to add:
Line
predicates to add:
Line
predicates to add:
Angle
predicates to add:
Line
predicates to add:
Line
predicates to add:
Line
predicates to add:
Line
predicates to add:
Angle
predicates to add:
Line
predicates to add:
Angle
predicates to add:
Line
predicates to add:
Line
predicates to add:
Line
predicates to add:
Angle
predicates to add:
Line
predicates to add:
Angle
predicates to add:
Line
predicates to add:
Line
predicates to add:
Polygon
has Polygon
has Polygon
has Polygon
has Polygon
predicates to add:
Line
predicates to add:
Angle
predicates to add:
Line
predicates to add:
Angle
predicates to add:
Angle
predicates to add:
Angle
predicates to add:
Angle
predicates to add:
Angle
predicates to add:
Angle
predicates to add:
Line
predicates to add:
Line
predicates to add:
Angle
predicates to add:
Angle
predicates to add:
Angle
predicates to add:
Line
predicates to add:
Line
predicates to add:
Angle
predicates to add:
Line
predicates to add:
Line
predicates to add:
Equation
predicates to add:
IsCentreOfCircle
predicates to add:
IsTangentOfCircle
predicates to add:
IsTangentOfCircle
predicates to add:
Equation
predicates to add:
IsCentreOfCircle
predicates to add:
IsTangentOfCircle
predicates to add:
IsTangentOfCircle
Verifier result: ERROR_TIER: TIER1_THEOREM_CALL_SYNTAX_VIOLATION
Theorem: quadrilateral_property_angle_sum(1,BXWY)
You output the following conclusions: Equal(Add(MeasureOfAngle(XBY),MeasureOfAngle(BXW),MeasureOfAngle(XWY),MeasureOfAngle(WYB)),360)
But the correct conclusions: Equal(Add(MeasureOfAngle(BXW),MeasureOfAngle(XWY),MeasureOfAngle(WYB),MeasureOfAngle(YBX)),360)

Model Answer:
RETRY_ANSWER:
74
RETRY_THEOREM_SEQUENCE:
1; tangent_of_circle_property_perpendicular(1,WX,B,B); IsTangentOfCircle(WX,B)&Angle(BXW)&IsCentreOfCircle(B,B); ["PerpendicularBetweenLine(BX,WX)"]  
2; tangent_of_circle_property_perpendicular(1,WY,B,B); IsTangentOfCircle(WY,B)&Angle(BYW)&IsCentreOfCircle(B,B); ["PerpendicularBetweenLine(BY,WY)"]  
3; quadrilateral_property_angle_sum(1,BXWY); Polygon(BXWY); ["Equal(Add(MeasureOfAngle(XBY),MeasureOfAngle(BXW),MeasureOfAngle(XWY),MeasureOfAngle(WYB)),360)"]
Retry attempt: 5
Content written to results/level_3/variant_random_all_theorems_model_o1_problem_1945_run_2.txt
