Content written to results/level_3/variant_analogy_based_model_o1_problem_5858_run_2_to_verify.txt
predicates to add:
Line
predicates to add:
Angle
predicates to add:
Line
predicates to add:
Line
predicates to add:
Line
predicates to add:
Angle
predicates to add:
Line
predicates to add:
Line
predicates to add:
Line
predicates to add:
Angle
predicates to add:
Line
predicates to add:
Line
predicates to add:
Polygon
has Polygon
has Polygon
has Polygon
has Polygon
has Polygon
has Polygon
has Polygon
predicates to add:
Angle
predicates to add:
Angle
predicates to add:
Angle
predicates to add:
Angle
predicates to add:
Line
predicates to add:
Line
predicates to add:
Angle
predicates to add:
Line
predicates to add:
Line
predicates to add:
Angle
predicates to add:
Line
predicates to add:
Line
predicates to add:
Equation
predicates to add:
Equation
predicates to add:
PerpendicularBetweenLine
predicates to add:
Equation
Verifier result: ERROR_TIER: TIER3_GOAL_NOT_REACHED
verification failed.

- Goal: sine of angle CBA
- Model answer: 0.8
- Error: Your proof doesn't provide enough information to determine this value. You need to add theorems that specifically constrain sine CBA.
- Available premises:
  Perpendicular Lines: AC ⊥ BC
  Right Triangles: ACB
  Polygons: ABC, ACB
- Theorems related to the goal:
  None found that constrain this goal
- Solver constraints directly related to this goal:
  sin_CBA <= 1
  sin_CBA >= -1
  ∠ABC <= 180
  ∠ABC > 0

Please fix the proof.
Model Answer:
RETRY_ANSWER:
0.8
RETRY_THEOREM_SEQUENCE:
1; right_triangle_judgment_angle(1,ACB); Polygon(ACB)&Equal(MeasureOfAngle(ACB),90); ["RightTriangle(ACB)"]
2; right_triangle_property_pythagorean(1,ACB); RightTriangle(ACB); ["Equal(Add(Pow(LengthOfLine(AC),2),Pow(LengthOfLine(CB),2)),Pow(LengthOfLine(AB),2))"]
3; sine_theorem(1,ABC); Polygon(ABC); ["Equal(Mul(LengthOfLine(AB),Sin(MeasureOfAngle(ABC))),Mul(LengthOfLine(AC),Sin(MeasureOfAngle(BCA))))"]
Retry attempt: 1
Content written to results/level_3/variant_analogy_based_model_o1_problem_5858_run_2_to_verify.txt
predicates to add:
Line
predicates to add:
Angle
predicates to add:
Line
predicates to add:
Line
predicates to add:
Line
predicates to add:
Angle
predicates to add:
Line
predicates to add:
Line
predicates to add:
Line
predicates to add:
Angle
predicates to add:
Line
predicates to add:
Line
predicates to add:
Polygon
has Polygon
has Polygon
has Polygon
has Polygon
has Polygon
has Polygon
has Polygon
predicates to add:
Angle
predicates to add:
Angle
predicates to add:
Angle
predicates to add:
Angle
predicates to add:
Line
predicates to add:
Line
predicates to add:
Angle
predicates to add:
Line
predicates to add:
Line
predicates to add:
Angle
predicates to add:
Line
predicates to add:
Line
predicates to add:
Equation
predicates to add:
Equation
predicates to add:
PerpendicularBetweenLine
predicates to add:
Equation
Verifier result: ERROR_TIER: TIER1_THEOREM_CALL_SYNTAX_VIOLATION
Theorem: triangle_area_formula_sine(1,BCA)
You output the following conclusions: Equal(AreaOfTriangle(BCA),Mul(LengthOfLine(BC),LengthOfLine(BA),Sin(MeasureOfAngle(CBA)),1/2))
But the correct conclusions: Equal(AreaOfTriangle(BCA),Mul(LengthOfLine(BC),LengthOfLine(BA),Sin(MeasureOfAngle(ABC)),1/2))

Model Answer:
RETRY_ANSWER:
0.8
RETRY_THEOREM_SEQUENCE:
1; right_triangle_judgment_angle(1,ACB); Polygon(ACB)&Equal(MeasureOfAngle(ACB),90); ["RightTriangle(ACB)"]  
2; right_triangle_property_pythagorean(1,ACB); RightTriangle(ACB); ["Equal(Add(Pow(LengthOfLine(AC),2),Pow(LengthOfLine(CB),2)),Pow(LengthOfLine(AB),2))"]  
3; triangle_area_formula_sine(1,BCA); Polygon(BCA); ["Equal(AreaOfTriangle(BCA),Mul(LengthOfLine(BC),LengthOfLine(BA),Sin(MeasureOfAngle(CBA)),1/2))"]
Retry attempt: 2
Content written to results/level_3/variant_analogy_based_model_o1_problem_5858_run_2_to_verify.txt
predicates to add:
Line
predicates to add:
Angle
predicates to add:
Line
predicates to add:
Line
predicates to add:
Line
predicates to add:
Angle
predicates to add:
Line
predicates to add:
Line
predicates to add:
Line
predicates to add:
Angle
predicates to add:
Line
predicates to add:
Line
predicates to add:
Polygon
has Polygon
has Polygon
has Polygon
has Polygon
has Polygon
has Polygon
has Polygon
predicates to add:
Angle
predicates to add:
Angle
predicates to add:
Angle
predicates to add:
Angle
predicates to add:
Line
predicates to add:
Line
predicates to add:
Angle
predicates to add:
Line
predicates to add:
Line
predicates to add:
Angle
predicates to add:
Line
predicates to add:
Line
predicates to add:
Equation
predicates to add:
Equation
predicates to add:
PerpendicularBetweenLine
predicates to add:
Equation
Verifier result: ERROR_TIER: TIER3_GOAL_NOT_REACHED
verification failed.

- Goal: sine of angle CBA
- Model answer: 0.8
- Error: Your proof doesn't provide enough information to determine this value. You need to add theorems that specifically constrain sine CBA.
- Available premises:
  Perpendicular Lines: AC ⊥ BC
  Right Triangles: ACB
  Polygons: ABC, ACB
- Theorems related to the goal:
  None found that constrain this goal
- Solver constraints directly related to this goal:
  areaTriangle_ABC ==
1/2*|BC|*|AB|*5453877/312500000
  areaTriangle_ABC >= 0
  sin_CBA <= 1
  sin_CBA >= -1
  ∠ABC <= 180
  ∠ABC > 0

Please fix the proof.
Model Answer:
RETRY_ANSWER:
0.8
RETRY_THEOREM_SEQUENCE:
1; right_triangle_judgment_angle(1,ACB); Polygon(ACB)&Equal(MeasureOfAngle(ACB),90); ["RightTriangle(ACB)"]  
2; right_triangle_property_pythagorean(1,ACB); RightTriangle(ACB); ["Equal(Add(Pow(LengthOfLine(AC),2),Pow(LengthOfLine(CB),2)),Pow(LengthOfLine(AB),2))"]  
3; triangle_area_formula_sine(1,BCA); Polygon(BCA); ["Equal(AreaOfTriangle(BCA),Mul(LengthOfLine(BC),LengthOfLine(BA),Sin(MeasureOfAngle(ABC)),1/2))"]
Retry attempt: 3
Content written to results/level_3/variant_analogy_based_model_o1_problem_5858_run_2_to_verify.txt
predicates to add:
Line
predicates to add:
Angle
predicates to add:
Line
predicates to add:
Line
predicates to add:
Line
predicates to add:
Angle
predicates to add:
Line
predicates to add:
Line
predicates to add:
Line
predicates to add:
Angle
predicates to add:
Line
predicates to add:
Line
predicates to add:
Polygon
has Polygon
has Polygon
has Polygon
has Polygon
has Polygon
has Polygon
has Polygon
predicates to add:
Angle
predicates to add:
Angle
predicates to add:
Angle
predicates to add:
Angle
predicates to add:
Line
predicates to add:
Line
predicates to add:
Angle
predicates to add:
Line
predicates to add:
Line
predicates to add:
Angle
predicates to add:
Line
predicates to add:
Line
predicates to add:
Equation
predicates to add:
Equation
predicates to add:
PerpendicularBetweenLine
predicates to add:
Equation
Verifier result: ERROR_TIER: TIER3_GOAL_NOT_REACHED
verification failed.

- Goal: sine of angle CBA
- Model answer: 0.8
- Error: Your proof doesn't provide enough information to determine this value. You need to add theorems that specifically constrain sine CBA.
- Available premises:
  Perpendicular Lines: AC ⊥ BC
  Right Triangles: ACB
  Polygons: ABC, ACB
- Theorems related to the goal:
  Step 3 - triangle_property_angle_sum(1, ACB): Equal(Add(MeasureOfAngle(ACB),MeasureOfAngle(CBA),MeasureOfAngle(BAC)),180)
  Step 4 - sine_theorem(1, CBA): Equal(Mul(LengthOfLine(CB),Sin(MeasureOfAngle(CBA))),Mul(LengthOfLine(CA),Sin(MeasureOfAngle(BAC))))
- Solver constraints directly related to this goal:
  sin_CBA <= 1
  sin_CBA >= -1
  ∠ABC <= 180
  ∠ABC > 0
  ∠ACB + ∠ABC + ∠BAC = 180

Please fix the proof.
Model Answer:
RETRY_ANSWER:
0.8
RETRY_THEOREM_SEQUENCE:
1; right_triangle_judgment_angle(1,ACB); Polygon(ACB)&Equal(MeasureOfAngle(ACB),90); ["RightTriangle(ACB)"]  
2; right_triangle_property_pythagorean(1,ACB); RightTriangle(ACB); ["Equal(Add(Pow(LengthOfLine(AC),2),Pow(LengthOfLine(CB),2)),Pow(LengthOfLine(AB),2))"]  
3; triangle_property_angle_sum(1,ACB); Polygon(ACB); ["Equal(Add(MeasureOfAngle(ACB),MeasureOfAngle(CBA),MeasureOfAngle(BAC)),180)"]  
4; sine_theorem(1,CBA); Polygon(CBA); ["Equal(Mul(LengthOfLine(CB),Sin(MeasureOfAngle(CBA))),Mul(LengthOfLine(CA),Sin(MeasureOfAngle(BAC))))"]
Retry attempt: 4
Content written to results/level_3/variant_analogy_based_model_o1_problem_5858_run_2_to_verify.txt
predicates to add:
Line
predicates to add:
Angle
predicates to add:
Line
predicates to add:
Line
predicates to add:
Line
predicates to add:
Angle
predicates to add:
Line
predicates to add:
Line
predicates to add:
Line
predicates to add:
Angle
predicates to add:
Line
predicates to add:
Line
predicates to add:
Polygon
has Polygon
has Polygon
has Polygon
has Polygon
has Polygon
has Polygon
has Polygon
predicates to add:
Angle
predicates to add:
Angle
predicates to add:
Angle
predicates to add:
Angle
predicates to add:
Line
predicates to add:
Line
predicates to add:
Angle
predicates to add:
Line
predicates to add:
Line
predicates to add:
Angle
predicates to add:
Line
predicates to add:
Line
predicates to add:
Equation
predicates to add:
Equation
predicates to add:
PerpendicularBetweenLine
predicates to add:
Equation
Verifier result: ERROR_TIER: TIER3_GOAL_NOT_REACHED
verification failed.

- Goal: sine of angle CBA
- Model answer: 0.8
- Error: Your proof doesn't provide enough information to determine this value. You need to add theorems that specifically constrain sine CBA.
- Available premises:
  Perpendicular Lines: AC ⊥ BC
  Right Triangles: ACB
  Polygons: ABC, ACB
- Theorems related to the goal:
  Step 3 - sine_theorem(1, ACB): Equal(Mul(LengthOfLine(AC),Sin(MeasureOfAngle(ACB))),Mul(LengthOfLine(AB),Sin(MeasureOfAngle(CBA))))
- Solver constraints directly related to this goal:
  sin_CBA <= 1
  sin_CBA >= -1
  ∠ABC <= 180
  ∠ABC > 0

Please fix the proof.
Model Answer:
RETRY_ANSWER:
0.8
RETRY_THEOREM_SEQUENCE:
1; right_triangle_judgment_angle(1,ACB); Polygon(ACB)&Equal(MeasureOfAngle(ACB),90); ["RightTriangle(ACB)"]  
2; right_triangle_property_pythagorean(1,ACB); RightTriangle(ACB); ["Equal(Add(Pow(LengthOfLine(AC),2),Pow(LengthOfLine(CB),2)),Pow(LengthOfLine(AB),2))"]  
3; sine_theorem(1,ACB); Polygon(ACB); ["Equal(Mul(LengthOfLine(AC),Sin(MeasureOfAngle(ACB))),Mul(LengthOfLine(AB),Sin(MeasureOfAngle(CBA))))"]
Retry attempt: 5
Content written to results/level_3/variant_analogy_based_model_o1_problem_5858_run_2.txt
