Content written to results/level_3/variant_analogy_based_model_o1_problem_1976_run_0_to_verify.txt
predicates to add:
Line
predicates to add:
Angle
predicates to add:
Line
predicates to add:
Line
predicates to add:
Line
predicates to add:
Angle
predicates to add:
Line
predicates to add:
Line
predicates to add:
Line
predicates to add:
Angle
predicates to add:
Line
predicates to add:
Line
predicates to add:
Polygon
has Polygon
has Polygon
has Polygon
has Polygon
has Polygon
has Polygon
has Polygon
predicates to add:
Angle
predicates to add:
Angle
predicates to add:
Angle
predicates to add:
Angle
predicates to add:
Line
predicates to add:
Line
predicates to add:
Angle
predicates to add:
Line
predicates to add:
Line
predicates to add:
Angle
predicates to add:
Line
predicates to add:
Line
predicates to add:
Equation
predicates to add:
Equation
predicates to add:
Equation
predicates to add:
PerpendicularBetweenLine
predicates to add:
Equation
predicates to add:
Equation
predicates to add:
Equation
predicates to add:
Equation
predicates to add:
PerpendicularBetweenLine
Verifier result: ERROR_TIER: TIER1_THEOREM_CALL_SYNTAX_VIOLATION
Theorem: cosine_theorem(1,ACB)
You output the following conclusions: Equal(Add(Pow(LengthOfLine(CB),2),Mul(2,LengthOfLine(AC),LengthOfLine(AB),Cos(MeasureOfAngle(CAB)))),Add(Pow(LengthOfLine(AC),2),Pow(LengthOfLine(AB),2)))
But the correct conclusions: Equal(Add(Pow(LengthOfLine(CB),2),Mul(2,LengthOfLine(AC),LengthOfLine(AB),Cos(MeasureOfAngle(BAC)))),Add(Pow(LengthOfLine(AC),2),Pow(LengthOfLine(AB),2)))

Model Answer:
RETRY_ANSWER:
180*asin(5/sqrt(61))/pi
RETRY_THEOREM_SEQUENCE:
1; right_triangle_judgment_angle(1,ACB); Polygon(ACB)&Equal(MeasureOfAngle(ACB),90); ["RightTriangle(ACB)"]
2; right_triangle_property_pythagorean(1,ACB); RightTriangle(ACB); ["Equal(Add(Pow(LengthOfLine(AC),2),Pow(LengthOfLine(CB),2)),Pow(LengthOfLine(AB),2))"]
3; cosine_theorem(1,ACB); Polygon(ACB); ["Equal(Add(Pow(LengthOfLine(CB),2),Mul(2,LengthOfLine(AC),LengthOfLine(AB),Cos(MeasureOfAngle(CAB)))),Add(Pow(LengthOfLine(AC),2),Pow(LengthOfLine(AB),2)))"]
Retry attempt: 1
Content written to results/level_3/variant_analogy_based_model_o1_problem_1976_run_0_to_verify.txt
predicates to add:
Line
predicates to add:
Angle
predicates to add:
Line
predicates to add:
Line
predicates to add:
Line
predicates to add:
Angle
predicates to add:
Line
predicates to add:
Line
predicates to add:
Line
predicates to add:
Angle
predicates to add:
Line
predicates to add:
Line
predicates to add:
Polygon
has Polygon
has Polygon
has Polygon
has Polygon
has Polygon
has Polygon
has Polygon
predicates to add:
Angle
predicates to add:
Angle
predicates to add:
Angle
predicates to add:
Angle
predicates to add:
Line
predicates to add:
Line
predicates to add:
Angle
predicates to add:
Line
predicates to add:
Line
predicates to add:
Angle
predicates to add:
Line
predicates to add:
Line
predicates to add:
Equation
predicates to add:
Equation
predicates to add:
Equation
predicates to add:
PerpendicularBetweenLine
predicates to add:
Equation
predicates to add:
Equation
predicates to add:
Equation
predicates to add:
Equation
predicates to add:
PerpendicularBetweenLine
Verifier result: ERROR_TIER: TIER1_THEOREM_CALL_SYNTAX_VIOLATION
The final answer should be a numeric answer, you gave an expression with algebraic variable. Please fix your proof.
Model Answer:
RETRY_ANSWER:
180*asin(5/sqrt(61))/pi
RETRY_THEOREM_SEQUENCE:
1; right_triangle_judgment_angle(1,ACB); Polygon(ACB)&Equal(MeasureOfAngle(ACB),90); ["RightTriangle(ACB)"]
2; right_triangle_property_pythagorean(1,ACB); RightTriangle(ACB); ["Equal(Add(Pow(LengthOfLine(AC),2),Pow(LengthOfLine(CB),2)),Pow(LengthOfLine(AB),2))"]
3; cosine_theorem(1,ACB); Polygon(ACB); ["Equal(Add(Pow(LengthOfLine(CB),2),Mul(2,LengthOfLine(AC),LengthOfLine(AB),Cos(MeasureOfAngle(BAC)))),Add(Pow(LengthOfLine(AC),2),Pow(LengthOfLine(AB),2)))"]
Retry attempt: 2
Content written to results/level_3/variant_analogy_based_model_o1_problem_1976_run_0_to_verify.txt
predicates to add:
Line
predicates to add:
Angle
predicates to add:
Line
predicates to add:
Line
predicates to add:
Line
predicates to add:
Angle
predicates to add:
Line
predicates to add:
Line
predicates to add:
Line
predicates to add:
Angle
predicates to add:
Line
predicates to add:
Line
predicates to add:
Polygon
has Polygon
has Polygon
has Polygon
has Polygon
has Polygon
has Polygon
has Polygon
predicates to add:
Angle
predicates to add:
Angle
predicates to add:
Angle
predicates to add:
Angle
predicates to add:
Line
predicates to add:
Line
predicates to add:
Angle
predicates to add:
Line
predicates to add:
Line
predicates to add:
Angle
predicates to add:
Line
predicates to add:
Line
predicates to add:
Equation
predicates to add:
Equation
predicates to add:
Equation
predicates to add:
PerpendicularBetweenLine
predicates to add:
Equation
predicates to add:
Equation
predicates to add:
Equation
predicates to add:
Equation
predicates to add:
PerpendicularBetweenLine
Verifier result: ERROR_TIER: TIER3_GOAL_NOT_REACHED
verification failed.

- Goal: value of x
- Model answer: 39.81
- Error: Your proof doesn't uniquely determine the value. You need to use additional theorems to constrain the value.
- Available premises:
  Perpendicular Lines: AC ⊥ BC
  Right Triangles: ACB
  Polygons: ABC, ACB
- Theorems related to the goal:
  None found that constrain this goal
- Solver constraints directly related to this goal:
  None found

Variable x is not uniquely determined
Please fix the proof.
Model Answer:
RETRY_ANSWER:
39.81
RETRY_THEOREM_SEQUENCE:
1; right_triangle_judgment_angle(1,ACB); Polygon(ACB)&Equal(MeasureOfAngle(ACB),90); ["RightTriangle(ACB)"]
2; right_triangle_property_pythagorean(1,ACB); RightTriangle(ACB); ["Equal(Add(Pow(LengthOfLine(AC),2),Pow(LengthOfLine(CB),2)),Pow(LengthOfLine(AB),2))"]
3; cosine_theorem(1,ACB); Polygon(ACB); ["Equal(Add(Pow(LengthOfLine(CB),2),Mul(2,LengthOfLine(AC),LengthOfLine(AB),Cos(MeasureOfAngle(BAC)))),Add(Pow(LengthOfLine(AC),2),Pow(LengthOfLine(AB),2)))"]
Retry attempt: 3
Content written to results/level_3/variant_analogy_based_model_o1_problem_1976_run_0_to_verify.txt
predicates to add:
Line
predicates to add:
Angle
predicates to add:
Line
predicates to add:
Line
predicates to add:
Line
predicates to add:
Angle
predicates to add:
Line
predicates to add:
Line
predicates to add:
Line
predicates to add:
Angle
predicates to add:
Line
predicates to add:
Line
predicates to add:
Polygon
has Polygon
has Polygon
has Polygon
has Polygon
has Polygon
has Polygon
has Polygon
predicates to add:
Angle
predicates to add:
Angle
predicates to add:
Angle
predicates to add:
Angle
predicates to add:
Line
predicates to add:
Line
predicates to add:
Angle
predicates to add:
Line
predicates to add:
Line
predicates to add:
Angle
predicates to add:
Line
predicates to add:
Line
predicates to add:
Equation
predicates to add:
Equation
predicates to add:
Equation
predicates to add:
PerpendicularBetweenLine
predicates to add:
Equation
predicates to add:
Equation
predicates to add:
Equation
predicates to add:
Equation
predicates to add:
PerpendicularBetweenLine
Verifier result: ERROR_TIER: TIER3_GOAL_NOT_REACHED
verification failed.

- Goal: value of x
- Model answer: 39.81
- Error: Your proof doesn't uniquely determine the value. You need to use additional theorems to constrain the value.
- Available premises:
  Perpendicular Lines: AC ⊥ BC
  Right Triangles: ACB
  Polygons: ABC, ACB
- Theorems related to the goal:
  None found that constrain this goal
- Solver constraints directly related to this goal:
  None found

Variable x is not uniquely determined
Please fix the proof.
Model Answer:
RETRY_ANSWER:
39.81
RETRY_THEOREM_SEQUENCE:
1; right_triangle_judgment_angle(1,ACB); Polygon(ACB)&Equal(MeasureOfAngle(ACB),90); ["RightTriangle(ACB)"]
2; right_triangle_property_pythagorean(1,ACB); RightTriangle(ACB); ["Equal(Add(Pow(LengthOfLine(AC),2),Pow(LengthOfLine(CB),2)),Pow(LengthOfLine(AB),2))"]
3; triangle_property_angle_sum(1,ABC); Polygon(ABC); ["Equal(Add(MeasureOfAngle(ABC),MeasureOfAngle(BCA),MeasureOfAngle(CAB)),180)"]
4; sine_theorem(1,ABC); Polygon(ABC); ["Equal(Mul(LengthOfLine(AB),Sin(MeasureOfAngle(ABC))),Mul(LengthOfLine(AC),Sin(MeasureOfAngle(BCA))))"]
Retry attempt: 4
Content written to results/level_3/variant_analogy_based_model_o1_problem_1976_run_0_to_verify.txt
predicates to add:
Line
predicates to add:
Angle
predicates to add:
Line
predicates to add:
Line
predicates to add:
Line
predicates to add:
Angle
predicates to add:
Line
predicates to add:
Line
predicates to add:
Line
predicates to add:
Angle
predicates to add:
Line
predicates to add:
Line
predicates to add:
Polygon
has Polygon
has Polygon
has Polygon
has Polygon
has Polygon
has Polygon
has Polygon
predicates to add:
Angle
predicates to add:
Angle
predicates to add:
Angle
predicates to add:
Angle
predicates to add:
Line
predicates to add:
Line
predicates to add:
Angle
predicates to add:
Line
predicates to add:
Line
predicates to add:
Angle
predicates to add:
Line
predicates to add:
Line
predicates to add:
Equation
predicates to add:
Equation
predicates to add:
Equation
predicates to add:
PerpendicularBetweenLine
predicates to add:
Equation
predicates to add:
Equation
predicates to add:
Equation
predicates to add:
Equation
predicates to add:
PerpendicularBetweenLine
Verifier result: ERROR_TIER: TIER3_GOAL_NOT_REACHED
verification failed.

- Goal: value of x
- Model answer: 39.81
- Error: Your proof doesn't uniquely determine the value. You need to use additional theorems to constrain the value.
- Available premises:
  Perpendicular Lines: AC ⊥ BC
  Right Triangles: ACB
  Polygons: ABC, ACB
- Theorems related to the goal:
  None found that constrain this goal
- Solver constraints directly related to this goal:
  None found

Variable x is not uniquely determined
Please fix the proof.
Model Answer:
RETRY_ANSWER:
39.81
RETRY_THEOREM_SEQUENCE:
1; right_triangle_judgment_angle(1,ACB); Polygon(ACB)&Equal(MeasureOfAngle(ACB),90); ["RightTriangle(ACB)"]
2; triangle_property_angle_sum(1,ABC); Polygon(ABC); ["Equal(Add(MeasureOfAngle(ABC),MeasureOfAngle(BCA),MeasureOfAngle(CAB)),180)"]
3; sine_theorem(1,ABC); Polygon(ABC); ["Equal(Mul(LengthOfLine(AB),Sin(MeasureOfAngle(ABC))),Mul(LengthOfLine(AC),Sin(MeasureOfAngle(BCA))))"]
Retry attempt: 5
Content written to results/level_3/variant_analogy_based_model_o1_problem_1976_run_0.txt
