Content written to results/level_3/variant_analogy_based_model_o1_problem_1032_run_0_to_verify.txt
predicates to add:
Circle
predicates to add:
Line
predicates to add:
Angle
predicates to add:
Line
predicates to add:
Line
predicates to add:
Line
predicates to add:
Line
predicates to add:
Line
predicates to add:
Angle
predicates to add:
Line
predicates to add:
Line
predicates to add:
Angle
predicates to add:
Angle
predicates to add:
Angle
predicates to add:
Angle
predicates to add:
Equation
predicates to add:
Equation
predicates to add:
Equation
predicates to add:
IsCentreOfCircle
predicates to add:
Equation
predicates to add:
Equation
predicates to add:
Equation
predicates to add:
IsCentreOfCircle
Verifier result: ERROR_TIER: TIER1_THEOREM_CALL_SYNTAX_VIOLATION
Theorem: arc_property_center_angle(1,YXZ,Y)
You output the following premises: Arc(YXZ)&Angle(XYZ)&IsCentreOfCircle(Y,Y)
But the correct premises: Arc(YXZ)&Angle(ZYX)&IsCentreOfCircle(Y,Y)
You output the following conclusions: Equal(MeasureOfArc(YXZ),MeasureOfAngle(XYZ))
But the correct conclusions: Equal(MeasureOfArc(YXZ),MeasureOfAngle(ZYX))

Model Answer:
RETRY_ANSWER:
1331*pi/72
RETRY_THEOREM_SEQUENCE:
1; radius_of_circle_property_length_equal(1,YZ,Y); Cocircular(Y,Z)&Line(YZ)&IsCentreOfCircle(Y,Y); ["Equal(LengthOfLine(YZ),RadiusOfCircle(Y))"]
2; arc_property_center_angle(1,YXZ,Y); Arc(YXZ)&Angle(XYZ)&IsCentreOfCircle(Y,Y); ["Equal(MeasureOfArc(YXZ),MeasureOfAngle(XYZ))"]
3; sector_area_formula(1,YXZ); Arc(YXZ); ["Equal(AreaOfSector(YXZ),Mul(MeasureOfArc(YXZ),1/360*pi,RadiusOfCircle(Y),RadiusOfCircle(Y)))"]
Retry attempt: 1
[Attempt 1] Error: HTTP code 502 from API (<html>
<head><title>502 Bad Gateway</title></head>
<body>
<center><h1>502 Bad Gateway</h1></center>
<hr><center>cloudflare</center>
</body>
</html>
)
Retrying in 1 seconds...
Content written to results/level_3/variant_analogy_based_model_o1_problem_1032_run_0_to_verify.txt
predicates to add:
Circle
predicates to add:
Line
predicates to add:
Angle
predicates to add:
Line
predicates to add:
Line
predicates to add:
Line
predicates to add:
Line
predicates to add:
Line
predicates to add:
Angle
predicates to add:
Line
predicates to add:
Line
predicates to add:
Angle
predicates to add:
Angle
predicates to add:
Angle
predicates to add:
Angle
predicates to add:
Equation
predicates to add:
Equation
predicates to add:
Equation
predicates to add:
IsCentreOfCircle
predicates to add:
Equation
predicates to add:
Equation
predicates to add:
Equation
predicates to add:
IsCentreOfCircle
Verifier result: ERROR_TIER: TIER1_THEOREM_CALL_SYNTAX_VIOLATION
Error in TIER1_THEOREM_CALL_SYNTAX_VIOLATION: Theorem 'sector_area_formula' is not recognized or its premise validation is not supported by the current verifier version.
Model Answer:
RETRY_ANSWER:
1331*pi/72
RETRY_THEOREM_SEQUENCE:
1; radius_of_circle_property_length_equal(1,YZ,Y); Cocircular(Y,Z)&Line(YZ)&IsCentreOfCircle(Y,Y); ["Equal(LengthOfLine(YZ),RadiusOfCircle(Y))"]
2; arc_property_center_angle(1,YXZ,Y); Arc(YXZ)&Angle(ZYX)&IsCentreOfCircle(Y,Y); ["Equal(MeasureOfArc(YXZ),MeasureOfAngle(ZYX))"]
3; sector_area_formula(1,YXZ); Arc(YXZ); ["Equal(AreaOfSector(YXZ),Mul(MeasureOfArc(YXZ),1/360*pi,RadiusOfCircle(Y),RadiusOfCircle(Y)))"]
Retry attempt: 2
Content written to results/level_3/variant_analogy_based_model_o1_problem_1032_run_0_to_verify.txt
predicates to add:
Circle
predicates to add:
Line
predicates to add:
Angle
predicates to add:
Line
predicates to add:
Line
predicates to add:
Line
predicates to add:
Line
predicates to add:
Line
predicates to add:
Angle
predicates to add:
Line
predicates to add:
Line
predicates to add:
Angle
predicates to add:
Angle
predicates to add:
Angle
predicates to add:
Angle
predicates to add:
Equation
predicates to add:
Equation
predicates to add:
Equation
predicates to add:
IsCentreOfCircle
predicates to add:
Equation
predicates to add:
Equation
predicates to add:
Equation
predicates to add:
IsCentreOfCircle
Verifier result: ERROR_TIER: TIER1_THEOREM_CALL_SYNTAX_VIOLATION
Failure: Theorem <circle_area_formula> variation id is not supplied. Expected dict_keys(['1']) but got None.
Your call: circle_area_formula(Y)
Please rewrite your response by adding the variation id as the first argument. For example: For variation 1: circle_area_formula(1,Y)

Model Answer:
RETRY_ANSWER:
1331*pi/72
RETRY_THEOREM_SEQUENCE:
1; radius_of_circle_property_length_equal(1,YZ,Y); Cocircular(Y,Z)&Line(YZ)&IsCentreOfCircle(Y,Y); ["Equal(LengthOfLine(YZ),RadiusOfCircle(Y))"]
2; circle_area_formula(Y); Circle(Y); ["Equal(AreaOfCircle(Y),Mul(pi,RadiusOfCircle(Y),RadiusOfCircle(Y)))"]
3; arc_property_center_angle(1,YXZ,Y); Arc(YXZ)&Angle(ZYX)&IsCentreOfCircle(Y,Y); ["Equal(MeasureOfArc(YXZ),MeasureOfAngle(ZYX))"]
Retry attempt: 3
Content written to results/level_3/variant_analogy_based_model_o1_problem_1032_run_0_to_verify.txt
predicates to add:
Circle
predicates to add:
Line
predicates to add:
Angle
predicates to add:
Line
predicates to add:
Line
predicates to add:
Line
predicates to add:
Line
predicates to add:
Line
predicates to add:
Angle
predicates to add:
Line
predicates to add:
Line
predicates to add:
Angle
predicates to add:
Angle
predicates to add:
Angle
predicates to add:
Angle
predicates to add:
Equation
predicates to add:
Equation
predicates to add:
Equation
predicates to add:
IsCentreOfCircle
predicates to add:
Equation
predicates to add:
Equation
predicates to add:
Equation
predicates to add:
IsCentreOfCircle
Verifier result: ERROR_TIER: TIER1_THEOREM_CALL_SYNTAX_VIOLATION
Error evaluating general goal expression: name 'AreaOfSector' is not defined
Model Answer:
RETRY_ANSWER:
1331*pi/72
RETRY_THEOREM_SEQUENCE:
1; radius_of_circle_property_length_equal(1,YZ,Y); Cocircular(Y,Z)&Line(YZ)&IsCentreOfCircle(Y,Y); ["Equal(LengthOfLine(YZ),RadiusOfCircle(Y))"]
2; circle_area_formula(1,Y); Circle(Y); ["Equal(AreaOfCircle(Y),Mul(pi,RadiusOfCircle(Y),RadiusOfCircle(Y)))"]
3; arc_property_center_angle(1,YXZ,Y); Arc(YXZ)&Angle(ZYX)&IsCentreOfCircle(Y,Y); ["Equal(MeasureOfArc(YXZ),MeasureOfAngle(ZYX))"]
Retry attempt: 4
Content written to results/level_3/variant_analogy_based_model_o1_problem_1032_run_0_to_verify.txt
predicates to add:
Circle
predicates to add:
Line
predicates to add:
Angle
predicates to add:
Line
predicates to add:
Line
predicates to add:
Line
predicates to add:
Line
predicates to add:
Line
predicates to add:
Angle
predicates to add:
Line
predicates to add:
Line
predicates to add:
Angle
predicates to add:
Angle
predicates to add:
Angle
predicates to add:
Angle
predicates to add:
Equation
predicates to add:
Equation
predicates to add:
Equation
predicates to add:
IsCentreOfCircle
predicates to add:
Equation
predicates to add:
Equation
predicates to add:
Equation
predicates to add:
IsCentreOfCircle
Verifier result: ERROR_TIER: TIER1_THEOREM_CALL_SYNTAX_VIOLATION
Error evaluating general goal expression: name 'AreaOfSector' is not defined
Model Answer:
RETRY_ANSWER:
1331*pi/72
RETRY_THEOREM_SEQUENCE:
1; radius_of_circle_property_length_equal(1,YZ,Y); Cocircular(Y,Z)&Line(YZ)&IsCentreOfCircle(Y,Y); ["Equal(LengthOfLine(YZ),RadiusOfCircle(Y))"]
2; circle_area_formula(1,Y); Circle(Y); ["Equal(AreaOfCircle(Y),Mul(pi,RadiusOfCircle(Y),RadiusOfCircle(Y)))"]
3; arc_property_center_angle(1,YXZ,Y); Arc(YXZ)&Angle(ZYX)&IsCentreOfCircle(Y,Y); ["Equal(MeasureOfArc(YXZ),MeasureOfAngle(ZYX))"]
Retry attempt: 5
Content written to results/level_3/variant_analogy_based_model_o1_problem_1032_run_0.txt
