Content written to results/level_3/variant_analogy_based_model_o1_problem_1244_run_2_to_verify.txt
predicates to add:
Line
predicates to add:
Angle
predicates to add:
Line
predicates to add:
Line
predicates to add:
Angle
predicates to add:
Line
predicates to add:
Line
predicates to add:
Line
predicates to add:
Angle
predicates to add:
Line
predicates to add:
Line
predicates to add:
Line
predicates to add:
Angle
predicates to add:
Line
predicates to add:
Line
predicates to add:
Line
predicates to add:
Angle
predicates to add:
Line
predicates to add:
Line
predicates to add:
Polygon
has Polygon
has Polygon
has Polygon
has Polygon
has Polygon
has Polygon
has Polygon
predicates to add:
Line
predicates to add:
Angle
predicates to add:
Line
predicates to add:
Line
predicates to add:
Line
predicates to add:
Angle
predicates to add:
Line
predicates to add:
Line
predicates to add:
Line
predicates to add:
Angle
predicates to add:
Line
predicates to add:
Line
predicates to add:
Polygon
has Polygon
has Polygon
has Polygon
has Polygon
has Polygon
has Polygon
has Polygon
predicates to add:
Line
predicates to add:
Angle
predicates to add:
Line
predicates to add:
Angle
predicates to add:
Line
predicates to add:
Angle
predicates to add:
Line
predicates to add:
Line
predicates to add:
Line
predicates to add:
Angle
predicates to add:
Line
predicates to add:
Line
predicates to add:
Polygon
has Polygon
has Polygon
has Polygon
has Polygon
has Polygon
has Polygon
has Polygon
predicates to add:
Angle
predicates to add:
Angle
predicates to add:
Angle
predicates to add:
Angle
predicates to add:
Line
predicates to add:
Line
predicates to add:
Angle
predicates to add:
Angle
predicates to add:
Angle
predicates to add:
Angle
predicates to add:
Angle
predicates to add:
Angle
predicates to add:
Angle
predicates to add:
Angle
predicates to add:
Angle
predicates to add:
Angle
predicates to add:
Angle
predicates to add:
Angle
predicates to add:
Line
predicates to add:
Line
predicates to add:
Angle
predicates to add:
Line
predicates to add:
Line
predicates to add:
Angle
predicates to add:
Line
predicates to add:
Line
predicates to add:
Angle
predicates to add:
Line
predicates to add:
Line
predicates to add:
Angle
predicates to add:
Line
predicates to add:
Line
predicates to add:
Angle
predicates to add:
Line
predicates to add:
Line
predicates to add:
Angle
predicates to add:
Line
predicates to add:
Line
predicates to add:
Angle
predicates to add:
Line
predicates to add:
Line
predicates to add:
Angle
predicates to add:
Line
predicates to add:
Line
predicates to add:
Equation
predicates to add:
Equation
predicates to add:
Equation
predicates to add:
Equation
predicates to add:
Equation
predicates to add:
Equation
predicates to add:
Equation
predicates to add:
Equation
predicates to add:
Equation
predicates to add:
Equation
Verifier result: ERROR_TIER: TIER1_THEOREM_CALL_SYNTAX_VIOLATION
Failure: Theorem <bisector_of_angle_judgment_angle_equal> variation id is not supplied. Expected dict_keys(['1']) but got None.
Your call: bisector_of_angle_judgment_angle_equal(A,D,B,D,C)
Please rewrite your response by adding the variation id as the first argument. For example: For variation 1: bisector_of_angle_judgment_angle_equal(1,A,D,B,D,C)

Model Answer:
RETRY_ANSWER:
18
RETRY_THEOREM_SEQUENCE:
1; bisector_of_angle_judgment_angle_equal(AD,BDC); Angle(ADB)&Angle(CDA)&Equal(MeasureOfAngle(ADB),MeasureOfAngle(CDA)); ["IsBisectorOfAngle(AD,BDC)"]
2; bisector_of_angle_property_line_ratio(AD,BDC); IsBisectorOfAngle(AD,BDC)&Collinear(BAC); ["Equal(Mul(LengthOfLine(BA),LengthOfLine(DC)),Mul(LengthOfLine(AC),LengthOfLine(BD)))"]
3; line_addition(BA,AC); Collinear(BAC); ["Equal(LengthOfLine(BC),Add(LengthOfLine(BA),LengthOfLine(AC)))"]
Retry attempt: 1
Content written to results/level_3/variant_analogy_based_model_o1_problem_1244_run_2_to_verify.txt
predicates to add:
Line
predicates to add:
Angle
predicates to add:
Line
predicates to add:
Line
predicates to add:
Angle
predicates to add:
Line
predicates to add:
Line
predicates to add:
Line
predicates to add:
Angle
predicates to add:
Line
predicates to add:
Line
predicates to add:
Line
predicates to add:
Angle
predicates to add:
Line
predicates to add:
Line
predicates to add:
Line
predicates to add:
Angle
predicates to add:
Line
predicates to add:
Line
predicates to add:
Polygon
has Polygon
has Polygon
has Polygon
has Polygon
has Polygon
has Polygon
has Polygon
predicates to add:
Line
predicates to add:
Angle
predicates to add:
Line
predicates to add:
Line
predicates to add:
Line
predicates to add:
Angle
predicates to add:
Line
predicates to add:
Line
predicates to add:
Line
predicates to add:
Angle
predicates to add:
Line
predicates to add:
Line
predicates to add:
Polygon
has Polygon
has Polygon
has Polygon
has Polygon
has Polygon
has Polygon
has Polygon
predicates to add:
Line
predicates to add:
Angle
predicates to add:
Line
predicates to add:
Angle
predicates to add:
Line
predicates to add:
Angle
predicates to add:
Line
predicates to add:
Line
predicates to add:
Line
predicates to add:
Angle
predicates to add:
Line
predicates to add:
Line
predicates to add:
Polygon
has Polygon
has Polygon
has Polygon
has Polygon
has Polygon
has Polygon
has Polygon
predicates to add:
Angle
predicates to add:
Angle
predicates to add:
Angle
predicates to add:
Angle
predicates to add:
Line
predicates to add:
Line
predicates to add:
Angle
predicates to add:
Angle
predicates to add:
Angle
predicates to add:
Angle
predicates to add:
Angle
predicates to add:
Angle
predicates to add:
Angle
predicates to add:
Angle
predicates to add:
Angle
predicates to add:
Angle
predicates to add:
Angle
predicates to add:
Angle
predicates to add:
Line
predicates to add:
Line
predicates to add:
Angle
predicates to add:
Line
predicates to add:
Line
predicates to add:
Angle
predicates to add:
Line
predicates to add:
Line
predicates to add:
Angle
predicates to add:
Line
predicates to add:
Line
predicates to add:
Angle
predicates to add:
Line
predicates to add:
Line
predicates to add:
Angle
predicates to add:
Line
predicates to add:
Line
predicates to add:
Angle
predicates to add:
Line
predicates to add:
Line
predicates to add:
Angle
predicates to add:
Line
predicates to add:
Line
predicates to add:
Angle
predicates to add:
Line
predicates to add:
Line
predicates to add:
Equation
predicates to add:
Equation
predicates to add:
Equation
predicates to add:
Equation
predicates to add:
Equation
predicates to add:
Equation
predicates to add:
Equation
predicates to add:
Equation
predicates to add:
Equation
predicates to add:
Equation
Verifier result: ERROR_TIER: TIER1_THEOREM_CALL_SYNTAX_VIOLATION
Theorem: bisector_of_angle_judgment_angle_equal(1,AD,BDC)
You output the following premises: Angle(ADB)&Angle(CDA)&Equal(MeasureOfAngle(ADB),MeasureOfAngle(CDA))
But the correct premises: Angle(BDD)&Angle(DDC)&Equal(MeasureOfAngle(BDD),MeasureOfAngle(DDC))
You output the following conclusions: IsBisectorOfAngle(AD,BDC)
But the correct conclusions: IsBisectorOfAngle(DD,BDC)

Model Answer:
RETRY_ANSWER:
18
RETRY_THEOREM_SEQUENCE:
1; bisector_of_angle_judgment_angle_equal(1,AD,BDC); Angle(ADB)&Angle(CDA)&Equal(MeasureOfAngle(ADB),MeasureOfAngle(CDA)); ["IsBisectorOfAngle(AD,BDC)"]
2; bisector_of_angle_property_line_ratio(1,AD,BDC); IsBisectorOfAngle(AD,BDC)&Collinear(BAC); ["Equal(Mul(LengthOfLine(BA),LengthOfLine(DC)),Mul(LengthOfLine(AC),LengthOfLine(BD)))"]
3; line_addition(1,BA,AC); Collinear(BAC); ["Equal(LengthOfLine(BC),Add(LengthOfLine(BA),LengthOfLine(AC)))"]
Retry attempt: 2
Content written to results/level_3/variant_analogy_based_model_o1_problem_1244_run_2_to_verify.txt
predicates to add:
Line
predicates to add:
Angle
predicates to add:
Line
predicates to add:
Line
predicates to add:
Angle
predicates to add:
Line
predicates to add:
Line
predicates to add:
Line
predicates to add:
Angle
predicates to add:
Line
predicates to add:
Line
predicates to add:
Line
predicates to add:
Angle
predicates to add:
Line
predicates to add:
Line
predicates to add:
Line
predicates to add:
Angle
predicates to add:
Line
predicates to add:
Line
predicates to add:
Polygon
has Polygon
has Polygon
has Polygon
has Polygon
has Polygon
has Polygon
has Polygon
predicates to add:
Line
predicates to add:
Angle
predicates to add:
Line
predicates to add:
Line
predicates to add:
Line
predicates to add:
Angle
predicates to add:
Line
predicates to add:
Line
predicates to add:
Line
predicates to add:
Angle
predicates to add:
Line
predicates to add:
Line
predicates to add:
Polygon
has Polygon
has Polygon
has Polygon
has Polygon
has Polygon
has Polygon
has Polygon
predicates to add:
Line
predicates to add:
Angle
predicates to add:
Line
predicates to add:
Angle
predicates to add:
Line
predicates to add:
Angle
predicates to add:
Line
predicates to add:
Line
predicates to add:
Line
predicates to add:
Angle
predicates to add:
Line
predicates to add:
Line
predicates to add:
Polygon
has Polygon
has Polygon
has Polygon
has Polygon
has Polygon
has Polygon
has Polygon
predicates to add:
Angle
predicates to add:
Angle
predicates to add:
Angle
predicates to add:
Angle
predicates to add:
Line
predicates to add:
Line
predicates to add:
Angle
predicates to add:
Angle
predicates to add:
Angle
predicates to add:
Angle
predicates to add:
Angle
predicates to add:
Angle
predicates to add:
Angle
predicates to add:
Angle
predicates to add:
Angle
predicates to add:
Angle
predicates to add:
Angle
predicates to add:
Angle
predicates to add:
Line
predicates to add:
Line
predicates to add:
Angle
predicates to add:
Line
predicates to add:
Line
predicates to add:
Angle
predicates to add:
Line
predicates to add:
Line
predicates to add:
Angle
predicates to add:
Line
predicates to add:
Line
predicates to add:
Angle
predicates to add:
Line
predicates to add:
Line
predicates to add:
Angle
predicates to add:
Line
predicates to add:
Line
predicates to add:
Angle
predicates to add:
Line
predicates to add:
Line
predicates to add:
Angle
predicates to add:
Line
predicates to add:
Line
predicates to add:
Angle
predicates to add:
Line
predicates to add:
Line
predicates to add:
Equation
predicates to add:
Equation
predicates to add:
Equation
predicates to add:
Equation
predicates to add:
Equation
predicates to add:
Equation
predicates to add:
Equation
predicates to add:
Equation
predicates to add:
Equation
predicates to add:
Equation
Verifier result: ERROR_TIER: TIER1_THEOREM_CALL_SYNTAX_VIOLATION
Theorem: bisector_of_angle_judgment_angle_equal(1,AD,BDC)
You output the following premises: Angle(ADB)&Angle(CDA)&Equal(MeasureOfAngle(ADB),MeasureOfAngle(CDA))
But the correct premises: Angle(BDD)&Angle(DDC)&Equal(MeasureOfAngle(BDD),MeasureOfAngle(DDC))
You output the following conclusions: IsBisectorOfAngle(AD,BDC)
But the correct conclusions: IsBisectorOfAngle(DD,BDC)

Model Answer:
RETRY_ANSWER:
18
RETRY_THEOREM_SEQUENCE:
1; bisector_of_angle_judgment_angle_equal(1,AD,BDC); Angle(ADB)&Angle(CDA)&Equal(MeasureOfAngle(ADB),MeasureOfAngle(CDA)); ["IsBisectorOfAngle(AD,BDC)"]
2; bisector_of_angle_property_line_ratio(1,AD,BDC); IsBisectorOfAngle(AD,BDC)&Collinear(BAC); ["Equal(Mul(LengthOfLine(BA),LengthOfLine(DC)),Mul(LengthOfLine(AC),LengthOfLine(BD)))"]
3; line_addition(1,BA,AC); Collinear(BAC); ["Equal(LengthOfLine(BC),Add(LengthOfLine(BA),LengthOfLine(AC)))"]
Retry attempt: 3
Content written to results/level_3/variant_analogy_based_model_o1_problem_1244_run_2_to_verify.txt
predicates to add:
Line
predicates to add:
Angle
predicates to add:
Line
predicates to add:
Line
predicates to add:
Angle
predicates to add:
Line
predicates to add:
Line
predicates to add:
Line
predicates to add:
Angle
predicates to add:
Line
predicates to add:
Line
predicates to add:
Line
predicates to add:
Angle
predicates to add:
Line
predicates to add:
Line
predicates to add:
Line
predicates to add:
Angle
predicates to add:
Line
predicates to add:
Line
predicates to add:
Polygon
has Polygon
has Polygon
has Polygon
has Polygon
has Polygon
has Polygon
has Polygon
predicates to add:
Line
predicates to add:
Angle
predicates to add:
Line
predicates to add:
Line
predicates to add:
Line
predicates to add:
Angle
predicates to add:
Line
predicates to add:
Line
predicates to add:
Line
predicates to add:
Angle
predicates to add:
Line
predicates to add:
Line
predicates to add:
Polygon
has Polygon
has Polygon
has Polygon
has Polygon
has Polygon
has Polygon
has Polygon
predicates to add:
Line
predicates to add:
Angle
predicates to add:
Line
predicates to add:
Angle
predicates to add:
Line
predicates to add:
Angle
predicates to add:
Line
predicates to add:
Line
predicates to add:
Line
predicates to add:
Angle
predicates to add:
Line
predicates to add:
Line
predicates to add:
Polygon
has Polygon
has Polygon
has Polygon
has Polygon
has Polygon
has Polygon
has Polygon
predicates to add:
Angle
predicates to add:
Angle
predicates to add:
Angle
predicates to add:
Angle
predicates to add:
Line
predicates to add:
Line
predicates to add:
Angle
predicates to add:
Angle
predicates to add:
Angle
predicates to add:
Angle
predicates to add:
Angle
predicates to add:
Angle
predicates to add:
Angle
predicates to add:
Angle
predicates to add:
Angle
predicates to add:
Angle
predicates to add:
Angle
predicates to add:
Angle
predicates to add:
Line
predicates to add:
Line
predicates to add:
Angle
predicates to add:
Line
predicates to add:
Line
predicates to add:
Angle
predicates to add:
Line
predicates to add:
Line
predicates to add:
Angle
predicates to add:
Line
predicates to add:
Line
predicates to add:
Angle
predicates to add:
Line
predicates to add:
Line
predicates to add:
Angle
predicates to add:
Line
predicates to add:
Line
predicates to add:
Angle
predicates to add:
Line
predicates to add:
Line
predicates to add:
Angle
predicates to add:
Line
predicates to add:
Line
predicates to add:
Angle
predicates to add:
Line
predicates to add:
Line
predicates to add:
Equation
predicates to add:
Equation
predicates to add:
Equation
predicates to add:
Equation
predicates to add:
Equation
predicates to add:
Equation
predicates to add:
Equation
predicates to add:
Equation
predicates to add:
Equation
predicates to add:
Equation
Verifier result: ERROR_TIER: TIER1_THEOREM_CALL_SYNTAX_VIOLATION
Theorem: bisector_of_angle_property_line_ratio(1,DD,BDC)
You output the following premises: IsBisectorOfAngle(DD,BDC)&Collinear(BAC)
But the correct premises: IsBisectorOfAngle(DD,BDC)&Collinear(CDB)
You output the following conclusions: Equal(Mul(LengthOfLine(BA),LengthOfLine(DC)),Mul(LengthOfLine(AC),LengthOfLine(BD)))
But the correct conclusions: Equal(Mul(LengthOfLine(CD),LengthOfLine(DB)),Mul(LengthOfLine(DB),LengthOfLine(DC)))

Model Answer:
RETRY_ANSWER:
18
RETRY_THEOREM_SEQUENCE:
1; bisector_of_angle_judgment_angle_equal(1,DD,BDC); Angle(BDD)&Angle(DDC)&Equal(MeasureOfAngle(BDD),MeasureOfAngle(DDC)); ["IsBisectorOfAngle(DD,BDC)"]
2; bisector_of_angle_property_line_ratio(1,DD,BDC); IsBisectorOfAngle(DD,BDC)&Collinear(BAC); ["Equal(Mul(LengthOfLine(BA),LengthOfLine(DC)),Mul(LengthOfLine(AC),LengthOfLine(BD)))"]
3; line_addition(1,BA,AC); Collinear(BAC); ["Equal(LengthOfLine(BC),Add(LengthOfLine(BA),LengthOfLine(AC)))"]
Retry attempt: 4
Content written to results/level_3/variant_analogy_based_model_o1_problem_1244_run_2_to_verify.txt
predicates to add:
Line
predicates to add:
Angle
predicates to add:
Line
predicates to add:
Line
predicates to add:
Angle
predicates to add:
Line
predicates to add:
Line
predicates to add:
Line
predicates to add:
Angle
predicates to add:
Line
predicates to add:
Line
predicates to add:
Line
predicates to add:
Angle
predicates to add:
Line
predicates to add:
Line
predicates to add:
Line
predicates to add:
Angle
predicates to add:
Line
predicates to add:
Line
predicates to add:
Polygon
has Polygon
has Polygon
has Polygon
has Polygon
has Polygon
has Polygon
has Polygon
predicates to add:
Line
predicates to add:
Angle
predicates to add:
Line
predicates to add:
Line
predicates to add:
Line
predicates to add:
Angle
predicates to add:
Line
predicates to add:
Line
predicates to add:
Line
predicates to add:
Angle
predicates to add:
Line
predicates to add:
Line
predicates to add:
Polygon
has Polygon
has Polygon
has Polygon
has Polygon
has Polygon
has Polygon
has Polygon
predicates to add:
Line
predicates to add:
Angle
predicates to add:
Line
predicates to add:
Angle
predicates to add:
Line
predicates to add:
Angle
predicates to add:
Line
predicates to add:
Line
predicates to add:
Line
predicates to add:
Angle
predicates to add:
Line
predicates to add:
Line
predicates to add:
Polygon
has Polygon
has Polygon
has Polygon
has Polygon
has Polygon
has Polygon
has Polygon
predicates to add:
Angle
predicates to add:
Angle
predicates to add:
Angle
predicates to add:
Angle
predicates to add:
Line
predicates to add:
Line
predicates to add:
Angle
predicates to add:
Angle
predicates to add:
Angle
predicates to add:
Angle
predicates to add:
Angle
predicates to add:
Angle
predicates to add:
Angle
predicates to add:
Angle
predicates to add:
Angle
predicates to add:
Angle
predicates to add:
Angle
predicates to add:
Angle
predicates to add:
Line
predicates to add:
Line
predicates to add:
Angle
predicates to add:
Line
predicates to add:
Line
predicates to add:
Angle
predicates to add:
Line
predicates to add:
Line
predicates to add:
Angle
predicates to add:
Line
predicates to add:
Line
predicates to add:
Angle
predicates to add:
Line
predicates to add:
Line
predicates to add:
Angle
predicates to add:
Line
predicates to add:
Line
predicates to add:
Angle
predicates to add:
Line
predicates to add:
Line
predicates to add:
Angle
predicates to add:
Line
predicates to add:
Line
predicates to add:
Angle
predicates to add:
Line
predicates to add:
Line
predicates to add:
Equation
predicates to add:
Equation
predicates to add:
Equation
predicates to add:
Equation
predicates to add:
Equation
predicates to add:
Equation
predicates to add:
Equation
predicates to add:
Equation
predicates to add:
Equation
predicates to add:
Equation
Verifier result: ERROR_TIER: TIER2_PREMISE_VIOLATION
verification failed.

- Error: You tried to use theorem: bisector_of_angle_judgment_angle_equal(1,DD,BDC);Angle(BDD)&Angle(DDC)&Equal(MeasureOfAngle(BDD),MeasureOfAngle(DDC));['IsBisectorOfAngle(DD,BDC)']
Missing premise: Angles BDD and DDC not proven equal
Details: The solver's constraints do not force these angles to be equal
- Available premises:
  Collinear Points: BAC
  Polygons: ABD, ACD, ADB, ADC, BCD, BDC
- Theorems related to the goal:
  None found that constrain this goal
- Solver constraints directly related to this goal:
  None found

Please fix the proof.
Model Answer:
RETRY_ANSWER:
18
RETRY_THEOREM_SEQUENCE:
1; bisector_of_angle_judgment_angle_equal(1,DD,BDC); Angle(BDD)&Angle(DDC)&Equal(MeasureOfAngle(BDD),MeasureOfAngle(DDC)); ["IsBisectorOfAngle(DD,BDC)"]
2; bisector_of_angle_property_line_ratio(1,DD,BDC); IsBisectorOfAngle(DD,BDC)&Collinear(CDB); ["Equal(Mul(LengthOfLine(CD),LengthOfLine(DB)),Mul(LengthOfLine(DB),LengthOfLine(DC)))"]
3; line_addition(1,BA,AC); Collinear(BAC); ["Equal(LengthOfLine(BC),Add(LengthOfLine(BA),LengthOfLine(AC)))"]
Retry attempt: 5
Content written to results/level_3/variant_analogy_based_model_o1_problem_1244_run_2.txt
