Content written to results/level_3/variant_analogy_based_model_o1_problem_1945_run_0_to_verify.txt
predicates to add:
Circle
predicates to add:
Line
predicates to add:
Angle
predicates to add:
Line
predicates to add:
Line
predicates to add:
Line
predicates to add:
Line
predicates to add:
Angle
predicates to add:
Line
predicates to add:
Line
predicates to add:
Line
predicates to add:
Line
predicates to add:
Angle
predicates to add:
Line
predicates to add:
Line
predicates to add:
Line
predicates to add:
Line
predicates to add:
Angle
predicates to add:
Line
predicates to add:
Angle
predicates to add:
Line
predicates to add:
Line
predicates to add:
Line
predicates to add:
Angle
predicates to add:
Line
predicates to add:
Angle
predicates to add:
Line
predicates to add:
Line
predicates to add:
Polygon
has Polygon
has Polygon
has Polygon
has Polygon
predicates to add:
Line
predicates to add:
Angle
predicates to add:
Line
predicates to add:
Angle
predicates to add:
Angle
predicates to add:
Angle
predicates to add:
Angle
predicates to add:
Angle
predicates to add:
Angle
predicates to add:
Line
predicates to add:
Line
predicates to add:
Angle
predicates to add:
Angle
predicates to add:
Angle
predicates to add:
Line
predicates to add:
Line
predicates to add:
Angle
predicates to add:
Line
predicates to add:
Line
predicates to add:
Equation
predicates to add:
IsCentreOfCircle
predicates to add:
IsTangentOfCircle
predicates to add:
IsTangentOfCircle
predicates to add:
Equation
predicates to add:
IsCentreOfCircle
predicates to add:
IsTangentOfCircle
predicates to add:
IsTangentOfCircle
Verifier result: ERROR_TIER: TIER1_THEOREM_CALL_SYNTAX_VIOLATION
Theorem: quadrilateral_property_angle_sum(1,XWYB)
You output the following conclusions: Equal(Add(MeasureOfAngle(WXB),MeasureOfAngle(XWY),MeasureOfAngle(WYB),MeasureOfAngle(YBX)),360)
But the correct conclusions: Equal(Add(MeasureOfAngle(XWY),MeasureOfAngle(WYB),MeasureOfAngle(YBX),MeasureOfAngle(BXW)),360)

Model Answer:
RETRY_ANSWER:
74
RETRY_THEOREM_SEQUENCE:
1; tangent_of_circle_property_perpendicular(2,WX,B,B); IsTangentOfCircle(WX,B)&Angle(WXB)&IsCentreOfCircle(B,B); ["PerpendicularBetweenLine(WX,BX)"]  
2; tangent_of_circle_property_perpendicular(2,WY,B,B); IsTangentOfCircle(WY,B)&Angle(WYB)&IsCentreOfCircle(B,B); ["PerpendicularBetweenLine(WY,BY)"]  
3; quadrilateral_property_angle_sum(1,XWYB); Polygon(XWYB); ["Equal(Add(MeasureOfAngle(WXB),MeasureOfAngle(XWY),MeasureOfAngle(WYB),MeasureOfAngle(YBX)),360)"]
Retry attempt: 1
Content written to results/level_3/variant_analogy_based_model_o1_problem_1945_run_0_to_verify.txt
predicates to add:
Circle
predicates to add:
Line
predicates to add:
Angle
predicates to add:
Line
predicates to add:
Line
predicates to add:
Line
predicates to add:
Line
predicates to add:
Angle
predicates to add:
Line
predicates to add:
Line
predicates to add:
Line
predicates to add:
Line
predicates to add:
Angle
predicates to add:
Line
predicates to add:
Line
predicates to add:
Line
predicates to add:
Line
predicates to add:
Angle
predicates to add:
Line
predicates to add:
Angle
predicates to add:
Line
predicates to add:
Line
predicates to add:
Line
predicates to add:
Angle
predicates to add:
Line
predicates to add:
Angle
predicates to add:
Line
predicates to add:
Line
predicates to add:
Polygon
has Polygon
has Polygon
has Polygon
has Polygon
predicates to add:
Line
predicates to add:
Angle
predicates to add:
Line
predicates to add:
Angle
predicates to add:
Angle
predicates to add:
Angle
predicates to add:
Angle
predicates to add:
Angle
predicates to add:
Angle
predicates to add:
Line
predicates to add:
Line
predicates to add:
Angle
predicates to add:
Angle
predicates to add:
Angle
predicates to add:
Line
predicates to add:
Line
predicates to add:
Angle
predicates to add:
Line
predicates to add:
Line
predicates to add:
Equation
predicates to add:
IsCentreOfCircle
predicates to add:
IsTangentOfCircle
predicates to add:
IsTangentOfCircle
predicates to add:
Equation
predicates to add:
IsCentreOfCircle
predicates to add:
IsTangentOfCircle
predicates to add:
IsTangentOfCircle
Theorem sequence verified correctly
Content written to results/level_3/variant_analogy_based_model_o1_problem_1945_run_0.txt
