Content written to results/level_3/variant_random_all_theorems_model_o1_problem_4476_run_0_to_verify.txt
predicates to add:
Line
predicates to add:
Angle
predicates to add:
Line
predicates to add:
Line
predicates to add:
Angle
predicates to add:
Line
predicates to add:
Line
predicates to add:
Circle
predicates to add:
Line
predicates to add:
Line
predicates to add:
Line
predicates to add:
Line
predicates to add:
Line
predicates to add:
Angle
predicates to add:
Line
predicates to add:
Line
predicates to add:
Line
predicates to add:
Angle
predicates to add:
Line
predicates to add:
Line
predicates to add:
Line
predicates to add:
Angle
predicates to add:
Line
predicates to add:
Line
predicates to add:
Line
predicates to add:
Angle
predicates to add:
Line
predicates to add:
Line
predicates to add:
Polygon
has Polygon
has Polygon
has Polygon
has Polygon
predicates to add:
Angle
predicates to add:
Line
predicates to add:
Line
predicates to add:
Line
predicates to add:
Angle
predicates to add:
Line
predicates to add:
Angle
predicates to add:
Line
predicates to add:
Line
predicates to add:
Angle
predicates to add:
Line
predicates to add:
Angle
predicates to add:
Line
predicates to add:
Line
predicates to add:
Angle
predicates to add:
Line
predicates to add:
Angle
predicates to add:
Line
predicates to add:
Line
predicates to add:
Angle
predicates to add:
Line
predicates to add:
Angle
predicates to add:
Line
predicates to add:
Line
predicates to add:
Angle
predicates to add:
Line
predicates to add:
Line
predicates to add:
Line
predicates to add:
Line
predicates to add:
Angle
predicates to add:
Line
predicates to add:
Line
predicates to add:
Angle
predicates to add:
Line
predicates to add:
Line
predicates to add:
Line
predicates to add:
Line
predicates to add:
Angle
predicates to add:
Line
predicates to add:
Line
predicates to add:
Line
predicates to add:
Line
predicates to add:
Line
predicates to add:
Angle
predicates to add:
Angle
predicates to add:
Angle
predicates to add:
Angle
predicates to add:
Line
predicates to add:
Line
predicates to add:
Angle
predicates to add:
Angle
predicates to add:
Angle
predicates to add:
Angle
predicates to add:
Angle
predicates to add:
Angle
predicates to add:
Angle
predicates to add:
Angle
predicates to add:
Angle
predicates to add:
Line
predicates to add:
Line
predicates to add:
Angle
predicates to add:
Angle
predicates to add:
Line
predicates to add:
Line
predicates to add:
Angle
predicates to add:
Line
predicates to add:
Line
predicates to add:
Angle
predicates to add:
Angle
predicates to add:
Angle
predicates to add:
Angle
predicates to add:
Line
predicates to add:
Line
predicates to add:
Equation
predicates to add:
IsCentreOfCircle
/Users/osultan/anaconda3/envs/FormalGeo_env/lib/python3.10/site-packages/formalgeo/problem/problem.py:482: UserWarning: EE check not passed: [IsCentreOfCircle, ('O', 'O'), (-1,), ('prerequisite', None, None)]
  warnings.warn(w_msg)
Verifier result: ERROR_TIER: TIER1_THEOREM_CALL_SYNTAX_VIOLATION
Theorem: arc_property_circumference_angle_external(1,ODB,A)
You output the following premises: Cocircular(O,DAB)&Angle(DAB)
But the correct premises: Cocircular(O,DBA)&Angle(BAD)
You output the following conclusions: Equal(MeasureOfAngle(DAB),Mul(MeasureOfArc(ODB),1/2))
But the correct conclusions: Equal(MeasureOfAngle(BAD),Mul(MeasureOfArc(ODB),1/2))

Model Answer:
RETRY_ANSWER:
100
RETRY_THEOREM_SEQUENCE:
1; arc_property_circumference_angle_external(1,ODB,A); Cocircular(O,DAB)&Angle(DAB); ["Equal(MeasureOfAngle(DAB),Mul(MeasureOfArc(ODB),1/2))"]  
2; arc_property_circumference_angle_internal(1,ODB,C); Cocircular(O,DCB)&Angle(DCB); ["Equal(MeasureOfAngle(DCB),Sub(180,Mul(MeasureOfArc(ODB),1/2)))"]  
3; adjacent_complementary_angle(DCB,DCE); Collinear(BCE)&Angle(DCB)&Angle(DCE); ["Equal(Add(MeasureOfAngle(DCB),MeasureOfAngle(DCE)),180)"]
Retry attempt: 1
Content written to results/level_3/variant_random_all_theorems_model_o1_problem_4476_run_0_to_verify.txt
predicates to add:
Line
predicates to add:
Angle
predicates to add:
Line
predicates to add:
Line
predicates to add:
Angle
predicates to add:
Line
predicates to add:
Line
predicates to add:
Circle
predicates to add:
Line
predicates to add:
Line
predicates to add:
Line
predicates to add:
Line
predicates to add:
Line
predicates to add:
Angle
predicates to add:
Line
predicates to add:
Line
predicates to add:
Line
predicates to add:
Angle
predicates to add:
Line
predicates to add:
Line
predicates to add:
Line
predicates to add:
Angle
predicates to add:
Line
predicates to add:
Line
predicates to add:
Line
predicates to add:
Angle
predicates to add:
Line
predicates to add:
Line
predicates to add:
Polygon
has Polygon
has Polygon
has Polygon
has Polygon
predicates to add:
Angle
predicates to add:
Line
predicates to add:
Line
predicates to add:
Line
predicates to add:
Angle
predicates to add:
Line
predicates to add:
Angle
predicates to add:
Line
predicates to add:
Line
predicates to add:
Angle
predicates to add:
Line
predicates to add:
Angle
predicates to add:
Line
predicates to add:
Line
predicates to add:
Angle
predicates to add:
Line
predicates to add:
Angle
predicates to add:
Line
predicates to add:
Line
predicates to add:
Angle
predicates to add:
Line
predicates to add:
Angle
predicates to add:
Line
predicates to add:
Line
predicates to add:
Angle
predicates to add:
Line
predicates to add:
Line
predicates to add:
Line
predicates to add:
Line
predicates to add:
Angle
predicates to add:
Line
predicates to add:
Line
predicates to add:
Angle
predicates to add:
Line
predicates to add:
Line
predicates to add:
Line
predicates to add:
Line
predicates to add:
Angle
predicates to add:
Line
predicates to add:
Line
predicates to add:
Line
predicates to add:
Line
predicates to add:
Line
predicates to add:
Angle
predicates to add:
Angle
predicates to add:
Angle
predicates to add:
Angle
predicates to add:
Line
predicates to add:
Line
predicates to add:
Angle
predicates to add:
Angle
predicates to add:
Angle
predicates to add:
Angle
predicates to add:
Angle
predicates to add:
Angle
predicates to add:
Angle
predicates to add:
Angle
predicates to add:
Angle
predicates to add:
Line
predicates to add:
Line
predicates to add:
Angle
predicates to add:
Angle
predicates to add:
Line
predicates to add:
Line
predicates to add:
Angle
predicates to add:
Line
predicates to add:
Line
predicates to add:
Angle
predicates to add:
Angle
predicates to add:
Angle
predicates to add:
Angle
predicates to add:
Line
predicates to add:
Line
predicates to add:
Equation
predicates to add:
IsCentreOfCircle
Verifier result: ERROR_TIER: TIER1_THEOREM_CALL_SYNTAX_VIOLATION
Theorem: arc_property_circumference_angle_internal(1,ODB,C)
You output the following premises: Cocircular(O,DBC)&Angle(CDB)
But the correct premises: Cocircular(O,DCB)&Angle(DCB)
You output the following conclusions: Equal(MeasureOfAngle(CDB),Sub(180,Mul(MeasureOfArc(ODB),1/2)))
But the correct conclusions: Equal(MeasureOfAngle(DCB),Sub(180,Mul(MeasureOfArc(ODB),1/2)))

Model Answer:
RETRY_ANSWER:
100
RETRY_THEOREM_SEQUENCE:
1; arc_property_circumference_angle_external(1,ODB,A); Cocircular(O,DBA)&Angle(BAD); ["Equal(MeasureOfAngle(BAD),Mul(MeasureOfArc(ODB),1/2))"]
2; arc_property_circumference_angle_internal(1,ODB,C); Cocircular(O,DBC)&Angle(CDB); ["Equal(MeasureOfAngle(CDB),Sub(180,Mul(MeasureOfArc(ODB),1/2)))"]
3; adjacent_complementary_angle(DCB,DCE); Collinear(BCE)&Angle(DCB)&Angle(DCE); ["Equal(Add(MeasureOfAngle(DCB),MeasureOfAngle(DCE)),180)"]
Retry attempt: 2
Content written to results/level_3/variant_random_all_theorems_model_o1_problem_4476_run_0_to_verify.txt
predicates to add:
Line
predicates to add:
Angle
predicates to add:
Line
predicates to add:
Line
predicates to add:
Angle
predicates to add:
Line
predicates to add:
Line
predicates to add:
Circle
predicates to add:
Line
predicates to add:
Line
predicates to add:
Line
predicates to add:
Line
predicates to add:
Line
predicates to add:
Angle
predicates to add:
Line
predicates to add:
Line
predicates to add:
Line
predicates to add:
Angle
predicates to add:
Line
predicates to add:
Line
predicates to add:
Line
predicates to add:
Angle
predicates to add:
Line
predicates to add:
Line
predicates to add:
Line
predicates to add:
Angle
predicates to add:
Line
predicates to add:
Line
predicates to add:
Polygon
has Polygon
has Polygon
has Polygon
has Polygon
predicates to add:
Angle
predicates to add:
Line
predicates to add:
Line
predicates to add:
Line
predicates to add:
Angle
predicates to add:
Line
predicates to add:
Angle
predicates to add:
Line
predicates to add:
Line
predicates to add:
Angle
predicates to add:
Line
predicates to add:
Angle
predicates to add:
Line
predicates to add:
Line
predicates to add:
Angle
predicates to add:
Line
predicates to add:
Angle
predicates to add:
Line
predicates to add:
Line
predicates to add:
Angle
predicates to add:
Line
predicates to add:
Angle
predicates to add:
Line
predicates to add:
Line
predicates to add:
Angle
predicates to add:
Line
predicates to add:
Line
predicates to add:
Line
predicates to add:
Line
predicates to add:
Angle
predicates to add:
Line
predicates to add:
Line
predicates to add:
Angle
predicates to add:
Line
predicates to add:
Line
predicates to add:
Line
predicates to add:
Line
predicates to add:
Angle
predicates to add:
Line
predicates to add:
Line
predicates to add:
Line
predicates to add:
Line
predicates to add:
Line
predicates to add:
Angle
predicates to add:
Angle
predicates to add:
Angle
predicates to add:
Angle
predicates to add:
Line
predicates to add:
Line
predicates to add:
Angle
predicates to add:
Angle
predicates to add:
Angle
predicates to add:
Angle
predicates to add:
Angle
predicates to add:
Angle
predicates to add:
Angle
predicates to add:
Angle
predicates to add:
Angle
predicates to add:
Line
predicates to add:
Line
predicates to add:
Angle
predicates to add:
Angle
predicates to add:
Line
predicates to add:
Line
predicates to add:
Angle
predicates to add:
Line
predicates to add:
Line
predicates to add:
Angle
predicates to add:
Angle
predicates to add:
Angle
predicates to add:
Angle
predicates to add:
Line
predicates to add:
Line
predicates to add:
Equation
predicates to add:
IsCentreOfCircle
Verifier result: ERROR_TIER: TIER1_THEOREM_CALL_SYNTAX_VIOLATION
Failure: Theorem <adjacent_complementary_angle> branch error. Expected dict_keys(['1']) but got None. Please rewrite your response, you should change only the call to theorem <adjacent_complementary_angle> by adding the branch number from the dict_keys as the first argument
Model Answer:
RETRY_ANSWER:
100
RETRY_THEOREM_SEQUENCE:
1; arc_property_circumference_angle_external(1,ODB,A); Cocircular(O,DBA)&Angle(BAD); ["Equal(MeasureOfAngle(BAD),Mul(MeasureOfArc(ODB),1/2))"]
2; arc_property_circumference_angle_internal(1,ODB,C); Cocircular(O,DCB)&Angle(DCB); ["Equal(MeasureOfAngle(DCB),Sub(180,Mul(MeasureOfArc(ODB),1/2)))"]
3; adjacent_complementary_angle(DCB,DCE); Collinear(BCE)&Angle(DCB)&Angle(DCE); ["Equal(Add(MeasureOfAngle(DCB),MeasureOfAngle(DCE)),180)"]
Retry attempt: 3
Content written to results/level_3/variant_random_all_theorems_model_o1_problem_4476_run_0_to_verify.txt
predicates to add:
Line
predicates to add:
Angle
predicates to add:
Line
predicates to add:
Line
predicates to add:
Angle
predicates to add:
Line
predicates to add:
Line
predicates to add:
Circle
predicates to add:
Line
predicates to add:
Line
predicates to add:
Line
predicates to add:
Line
predicates to add:
Line
predicates to add:
Angle
predicates to add:
Line
predicates to add:
Line
predicates to add:
Line
predicates to add:
Angle
predicates to add:
Line
predicates to add:
Line
predicates to add:
Line
predicates to add:
Angle
predicates to add:
Line
predicates to add:
Line
predicates to add:
Line
predicates to add:
Angle
predicates to add:
Line
predicates to add:
Line
predicates to add:
Polygon
has Polygon
has Polygon
has Polygon
has Polygon
predicates to add:
Angle
predicates to add:
Line
predicates to add:
Line
predicates to add:
Line
predicates to add:
Angle
predicates to add:
Line
predicates to add:
Angle
predicates to add:
Line
predicates to add:
Line
predicates to add:
Angle
predicates to add:
Line
predicates to add:
Angle
predicates to add:
Line
predicates to add:
Line
predicates to add:
Angle
predicates to add:
Line
predicates to add:
Angle
predicates to add:
Line
predicates to add:
Line
predicates to add:
Angle
predicates to add:
Line
predicates to add:
Angle
predicates to add:
Line
predicates to add:
Line
predicates to add:
Angle
predicates to add:
Line
predicates to add:
Line
predicates to add:
Line
predicates to add:
Line
predicates to add:
Angle
predicates to add:
Line
predicates to add:
Line
predicates to add:
Angle
predicates to add:
Line
predicates to add:
Line
predicates to add:
Line
predicates to add:
Line
predicates to add:
Angle
predicates to add:
Line
predicates to add:
Line
predicates to add:
Line
predicates to add:
Line
predicates to add:
Line
predicates to add:
Angle
predicates to add:
Angle
predicates to add:
Angle
predicates to add:
Angle
predicates to add:
Line
predicates to add:
Line
predicates to add:
Angle
predicates to add:
Angle
predicates to add:
Angle
predicates to add:
Angle
predicates to add:
Angle
predicates to add:
Angle
predicates to add:
Angle
predicates to add:
Angle
predicates to add:
Angle
predicates to add:
Line
predicates to add:
Line
predicates to add:
Angle
predicates to add:
Angle
predicates to add:
Line
predicates to add:
Line
predicates to add:
Angle
predicates to add:
Line
predicates to add:
Line
predicates to add:
Angle
predicates to add:
Angle
predicates to add:
Angle
predicates to add:
Angle
predicates to add:
Line
predicates to add:
Line
predicates to add:
Equation
predicates to add:
IsCentreOfCircle
Verifier result: ERROR_TIER: TIER1_THEOREM_CALL_SYNTAX_VIOLATION
Theorem: adjacent_complementary_angle(1,DCB,DCE)
You output the following premises: Collinear(BCE)&Angle(DCB)&Angle(DCE)
But the correct premises: Collinear(DCE)&Angle(DCD)&Angle(DCE)
You output the following conclusions: Equal(Add(MeasureOfAngle(DCB),MeasureOfAngle(DCE)),180)
But the correct conclusions: Equal(Add(MeasureOfAngle(DCD),MeasureOfAngle(DCE)),180)

Model Answer:
RETRY_ANSWER:
100
RETRY_THEOREM_SEQUENCE:
1; arc_property_circumference_angle_external(1,ODB,A); Cocircular(O,DBA)&Angle(BAD); ["Equal(MeasureOfAngle(BAD),Mul(MeasureOfArc(ODB),1/2))"]  
2; arc_property_circumference_angle_internal(1,ODB,C); Cocircular(O,DCB)&Angle(DCB); ["Equal(MeasureOfAngle(DCB),Sub(180,Mul(MeasureOfArc(ODB),1/2)))"]  
3; adjacent_complementary_angle(1,DCB,DCE); Collinear(BCE)&Angle(DCB)&Angle(DCE); ["Equal(Add(MeasureOfAngle(DCB),MeasureOfAngle(DCE)),180)"]
Retry attempt: 4
Content written to results/level_3/variant_random_all_theorems_model_o1_problem_4476_run_0_to_verify.txt
predicates to add:
Line
predicates to add:
Angle
predicates to add:
Line
predicates to add:
Line
predicates to add:
Angle
predicates to add:
Line
predicates to add:
Line
predicates to add:
Circle
predicates to add:
Line
predicates to add:
Line
predicates to add:
Line
predicates to add:
Line
predicates to add:
Line
predicates to add:
Angle
predicates to add:
Line
predicates to add:
Line
predicates to add:
Line
predicates to add:
Angle
predicates to add:
Line
predicates to add:
Line
predicates to add:
Line
predicates to add:
Angle
predicates to add:
Line
predicates to add:
Line
predicates to add:
Line
predicates to add:
Angle
predicates to add:
Line
predicates to add:
Line
predicates to add:
Polygon
has Polygon
has Polygon
has Polygon
has Polygon
predicates to add:
Angle
predicates to add:
Line
predicates to add:
Line
predicates to add:
Line
predicates to add:
Angle
predicates to add:
Line
predicates to add:
Angle
predicates to add:
Line
predicates to add:
Line
predicates to add:
Angle
predicates to add:
Line
predicates to add:
Angle
predicates to add:
Line
predicates to add:
Line
predicates to add:
Angle
predicates to add:
Line
predicates to add:
Angle
predicates to add:
Line
predicates to add:
Line
predicates to add:
Angle
predicates to add:
Line
predicates to add:
Angle
predicates to add:
Line
predicates to add:
Line
predicates to add:
Angle
predicates to add:
Line
predicates to add:
Line
predicates to add:
Line
predicates to add:
Line
predicates to add:
Angle
predicates to add:
Line
predicates to add:
Line
predicates to add:
Angle
predicates to add:
Line
predicates to add:
Line
predicates to add:
Line
predicates to add:
Line
predicates to add:
Angle
predicates to add:
Line
predicates to add:
Line
predicates to add:
Line
predicates to add:
Line
predicates to add:
Line
predicates to add:
Angle
predicates to add:
Angle
predicates to add:
Angle
predicates to add:
Angle
predicates to add:
Line
predicates to add:
Line
predicates to add:
Angle
predicates to add:
Angle
predicates to add:
Angle
predicates to add:
Angle
predicates to add:
Angle
predicates to add:
Angle
predicates to add:
Angle
predicates to add:
Angle
predicates to add:
Angle
predicates to add:
Line
predicates to add:
Line
predicates to add:
Angle
predicates to add:
Angle
predicates to add:
Line
predicates to add:
Line
predicates to add:
Angle
predicates to add:
Line
predicates to add:
Line
predicates to add:
Angle
predicates to add:
Angle
predicates to add:
Angle
predicates to add:
Angle
predicates to add:
Line
predicates to add:
Line
predicates to add:
Equation
predicates to add:
IsCentreOfCircle
Verifier result: ERROR_TIER: TIER2_PREMISE_VIOLATION
verification failed.

- Error: You tried to use theorem: adjacent_complementary_angle(1,DCD,DCE);Collinear(DCE)&Angle(DCD)&Angle(DCE);['Equal(Add(MeasureOfAngle(DCD),MeasureOfAngle(DCE)),180)']
Missing premise: Points DCE are not proven collinear
Details: Known collinear facts: [['B', 'C', 'E'], ['B', 'C', 'E']]
- Available premises:
  Collinear Points: BCE
  Cocircular Points: A on circle O, AB on circle O, ABC on circle O, ABCD on circle O, ABD on circle O, AC on circle O, ACD on circle O, AD on circle O, B on circle O, BC on circle O, BCD on circle O, BD on circle O, C on circle O, CD on circle O, D on circle O
  Circles: O center: O
  Polygons: ABCD, BCDA, CDAB, DABC
- Theorems related to the goal:
  None found that constrain this goal
- Solver constraints directly related to this goal:
  None found

Please fix the proof.
Model Answer:
RETRY_ANSWER:
100
RETRY_THEOREM_SEQUENCE:
1; arc_property_circumference_angle_external(1,ODB,A); Cocircular(O,DBA)&Angle(BAD); ["Equal(MeasureOfAngle(BAD),Mul(MeasureOfArc(ODB),1/2))"]  
2; arc_property_circumference_angle_internal(1,ODB,C); Cocircular(O,DCB)&Angle(DCB); ["Equal(MeasureOfAngle(DCB),Sub(180,Mul(MeasureOfArc(ODB),1/2)))"]  
3; adjacent_complementary_angle(1,DCD,DCE); Collinear(DCE)&Angle(DCD)&Angle(DCE); ["Equal(Add(MeasureOfAngle(DCD),MeasureOfAngle(DCE)),180)"]
Retry attempt: 5
Content written to results/level_3/variant_random_all_theorems_model_o1_problem_4476_run_0.txt
