Content written to results/level_3/variant_analogy_based_model_o1_problem_1282_run_0_to_verify.txt
predicates to add:
Line
predicates to add:
Angle
predicates to add:
Line
predicates to add:
Line
predicates to add:
Line
predicates to add:
Angle
predicates to add:
Line
predicates to add:
Line
predicates to add:
Line
predicates to add:
Angle
predicates to add:
Line
predicates to add:
Line
predicates to add:
Polygon
has Polygon
has Polygon
has Polygon
has Polygon
has Polygon
has Polygon
has Polygon
predicates to add:
Angle
predicates to add:
Angle
predicates to add:
Angle
predicates to add:
Angle
predicates to add:
Line
predicates to add:
Line
predicates to add:
Angle
predicates to add:
Line
predicates to add:
Line
predicates to add:
Angle
predicates to add:
Line
predicates to add:
Line
predicates to add:
Equation
predicates to add:
Equation
predicates to add:
Equation
predicates to add:
Equation
predicates to add:
Equation
predicates to add:
Equation
Verifier result: ERROR_TIER: TIER1_THEOREM_CALL_SYNTAX_VIOLATION
Theorem: isosceles_triangle_judgment_line_equal(1,ABC)
You output the following premises: Polygon(ABC)&Equal(LengthOfLine(AC),LengthOfLine(AB))
But the correct premises: Polygon(ABC)&Equal(LengthOfLine(AB),LengthOfLine(AC))

Model Answer:
RETRY_ANSWER:
18
RETRY_THEOREM_SEQUENCE:
1; isosceles_triangle_judgment_line_equal(1,ABC); Polygon(ABC)&Equal(LengthOfLine(AC),LengthOfLine(AB)); ["IsoscelesTriangle(ABC)"]
2; isosceles_triangle_property_angle_equal(1,ABC); IsoscelesTriangle(ABC); ["Equal(MeasureOfAngle(ABC),MeasureOfAngle(BCA))"]
3; triangle_property_angle_sum(1,ABC); Polygon(ABC); ["Equal(Add(MeasureOfAngle(ABC),MeasureOfAngle(BCA),MeasureOfAngle(CAB)),180)"]
Retry attempt: 1
Content written to results/level_3/variant_analogy_based_model_o1_problem_1282_run_0_to_verify.txt
predicates to add:
Line
predicates to add:
Angle
predicates to add:
Line
predicates to add:
Line
predicates to add:
Line
predicates to add:
Angle
predicates to add:
Line
predicates to add:
Line
predicates to add:
Line
predicates to add:
Angle
predicates to add:
Line
predicates to add:
Line
predicates to add:
Polygon
has Polygon
has Polygon
has Polygon
has Polygon
has Polygon
has Polygon
has Polygon
predicates to add:
Angle
predicates to add:
Angle
predicates to add:
Angle
predicates to add:
Angle
predicates to add:
Line
predicates to add:
Line
predicates to add:
Angle
predicates to add:
Line
predicates to add:
Line
predicates to add:
Angle
predicates to add:
Line
predicates to add:
Line
predicates to add:
Equation
predicates to add:
Equation
predicates to add:
Equation
predicates to add:
Equation
predicates to add:
Equation
predicates to add:
Equation
Theorem sequence verified correctly
Content written to results/level_3/variant_analogy_based_model_o1_problem_1282_run_0.txt
