Content written to results/level_3/variant_random_all_theorems_model_o1_problem_1945_run_0_to_verify.txt
predicates to add:
Circle
predicates to add:
Line
predicates to add:
Angle
predicates to add:
Line
predicates to add:
Line
predicates to add:
Line
predicates to add:
Line
predicates to add:
Angle
predicates to add:
Line
predicates to add:
Line
predicates to add:
Line
predicates to add:
Line
predicates to add:
Angle
predicates to add:
Line
predicates to add:
Line
predicates to add:
Line
predicates to add:
Line
predicates to add:
Angle
predicates to add:
Line
predicates to add:
Angle
predicates to add:
Line
predicates to add:
Line
predicates to add:
Line
predicates to add:
Angle
predicates to add:
Line
predicates to add:
Angle
predicates to add:
Line
predicates to add:
Line
predicates to add:
Polygon
has Polygon
has Polygon
has Polygon
has Polygon
predicates to add:
Line
predicates to add:
Angle
predicates to add:
Line
predicates to add:
Angle
predicates to add:
Angle
predicates to add:
Angle
predicates to add:
Angle
predicates to add:
Angle
predicates to add:
Angle
predicates to add:
Line
predicates to add:
Line
predicates to add:
Angle
predicates to add:
Angle
predicates to add:
Angle
predicates to add:
Line
predicates to add:
Line
predicates to add:
Angle
predicates to add:
Line
predicates to add:
Line
predicates to add:
Equation
predicates to add:
IsCentreOfCircle
predicates to add:
IsTangentOfCircle
predicates to add:
IsTangentOfCircle
predicates to add:
Equation
predicates to add:
IsCentreOfCircle
predicates to add:
IsTangentOfCircle
predicates to add:
IsTangentOfCircle
Verifier result: ERROR_TIER: TIER1_THEOREM_CALL_SYNTAX_VIOLATION
Failure: The THEOREM_SEQUENCE you provided is empty. Please generate a proof again, using the similar problems I provided (A1, A2, A3, A4, A5), along with the GDL_DICTIONARY of theorems.
Model Answer:
RETRY_ANSWER:
127
RETRY_THEOREM_SEQUENCE:

Retry attempt: 1
Content written to results/level_3/variant_random_all_theorems_model_o1_problem_1945_run_0_to_verify.txt
predicates to add:
Circle
predicates to add:
Line
predicates to add:
Angle
predicates to add:
Line
predicates to add:
Line
predicates to add:
Line
predicates to add:
Line
predicates to add:
Angle
predicates to add:
Line
predicates to add:
Line
predicates to add:
Line
predicates to add:
Line
predicates to add:
Angle
predicates to add:
Line
predicates to add:
Line
predicates to add:
Line
predicates to add:
Line
predicates to add:
Angle
predicates to add:
Line
predicates to add:
Angle
predicates to add:
Line
predicates to add:
Line
predicates to add:
Line
predicates to add:
Angle
predicates to add:
Line
predicates to add:
Angle
predicates to add:
Line
predicates to add:
Line
predicates to add:
Polygon
has Polygon
has Polygon
has Polygon
has Polygon
predicates to add:
Line
predicates to add:
Angle
predicates to add:
Line
predicates to add:
Angle
predicates to add:
Angle
predicates to add:
Angle
predicates to add:
Angle
predicates to add:
Angle
predicates to add:
Angle
predicates to add:
Line
predicates to add:
Line
predicates to add:
Angle
predicates to add:
Angle
predicates to add:
Angle
predicates to add:
Line
predicates to add:
Line
predicates to add:
Angle
predicates to add:
Line
predicates to add:
Line
predicates to add:
Equation
predicates to add:
IsCentreOfCircle
predicates to add:
IsTangentOfCircle
predicates to add:
IsTangentOfCircle
predicates to add:
Equation
predicates to add:
IsCentreOfCircle
predicates to add:
IsTangentOfCircle
predicates to add:
IsTangentOfCircle
Verifier result: ERROR_TIER: TIER1_THEOREM_CALL_SYNTAX_VIOLATION
Failure: Theorem <arc_property_center_angle> branch error. Expected dict_keys(['1']) but got None. Please rewrite your response, you should change only the call to theorem <arc_property_center_angle> by adding the branch number from the dict_keys as the first argument
Model Answer:
RETRY_ANSWER:
127
RETRY_THEOREM_SEQUENCE:
1; arc_property_center_angle(BXY,B); Arc(BXY)&Angle(YBX)&IsCentreOfCircle(B,B); ["Equal(MeasureOfArc(BXY),MeasureOfAngle(YBX))"]  
2; round_arc(BXY,BYX); Arc(BXY)&Arc(BYX); ["Equal(Add(MeasureOfArc(BXY),MeasureOfArc(BYX)),360)"]  
3; circle_property_angle_of_osculation(BYX,W); Arc(BYX)&Angle(XWY)&IsTangentOfCircle(WX,B)&IsTangentOfCircle(WY,B); ["Equal(MeasureOfAngle(XWY),Mul(MeasureOfArc(BYX),1/2))"]
Retry attempt: 2
Content written to results/level_3/variant_random_all_theorems_model_o1_problem_1945_run_0_to_verify.txt
predicates to add:
Circle
predicates to add:
Line
predicates to add:
Angle
predicates to add:
Line
predicates to add:
Line
predicates to add:
Line
predicates to add:
Line
predicates to add:
Angle
predicates to add:
Line
predicates to add:
Line
predicates to add:
Line
predicates to add:
Line
predicates to add:
Angle
predicates to add:
Line
predicates to add:
Line
predicates to add:
Line
predicates to add:
Line
predicates to add:
Angle
predicates to add:
Line
predicates to add:
Angle
predicates to add:
Line
predicates to add:
Line
predicates to add:
Line
predicates to add:
Angle
predicates to add:
Line
predicates to add:
Angle
predicates to add:
Line
predicates to add:
Line
predicates to add:
Polygon
has Polygon
has Polygon
has Polygon
has Polygon
predicates to add:
Line
predicates to add:
Angle
predicates to add:
Line
predicates to add:
Angle
predicates to add:
Angle
predicates to add:
Angle
predicates to add:
Angle
predicates to add:
Angle
predicates to add:
Angle
predicates to add:
Line
predicates to add:
Line
predicates to add:
Angle
predicates to add:
Angle
predicates to add:
Angle
predicates to add:
Line
predicates to add:
Line
predicates to add:
Angle
predicates to add:
Line
predicates to add:
Line
predicates to add:
Equation
predicates to add:
IsCentreOfCircle
predicates to add:
IsTangentOfCircle
predicates to add:
IsTangentOfCircle
predicates to add:
Equation
predicates to add:
IsCentreOfCircle
predicates to add:
IsTangentOfCircle
predicates to add:
IsTangentOfCircle
Verifier result: ERROR_TIER: TIER1_THEOREM_CALL_SYNTAX_VIOLATION
Theorem: circle_property_angle_of_osculation(1,BYX,W)
You output the following premises: Arc(BYX)&Angle(XWY)&IsTangentOfCircle(WX,B)&IsTangentOfCircle(WY,B)
But the correct premises: Arc(BYX)&Angle(XYW)&IsTangentOfCircle(WY,B)
You output the following conclusions: Equal(MeasureOfAngle(XWY),Mul(MeasureOfArc(BYX),1/2))
But the correct conclusions: Equal(MeasureOfAngle(XYW),Mul(MeasureOfArc(BYX),1/2))

Model Answer:
RETRY_ANSWER:
127
RETRY_THEOREM_SEQUENCE:
1; arc_property_center_angle(1,BXY,B); Arc(BXY)&Angle(YBX)&IsCentreOfCircle(B,B); ["Equal(MeasureOfArc(BXY),MeasureOfAngle(YBX))"]  
2; round_arc(1,BXY,BYX); Arc(BXY)&Arc(BYX); ["Equal(Add(MeasureOfArc(BXY),MeasureOfArc(BYX)),360)"]  
3; circle_property_angle_of_osculation(1,BYX,W); Arc(BYX)&Angle(XWY)&IsTangentOfCircle(WX,B)&IsTangentOfCircle(WY,B); ["Equal(MeasureOfAngle(XWY),Mul(MeasureOfArc(BYX),1/2))"]
Retry attempt: 3
Content written to results/level_3/variant_random_all_theorems_model_o1_problem_1945_run_0_to_verify.txt
predicates to add:
Circle
predicates to add:
Line
predicates to add:
Angle
predicates to add:
Line
predicates to add:
Line
predicates to add:
Line
predicates to add:
Line
predicates to add:
Angle
predicates to add:
Line
predicates to add:
Line
predicates to add:
Line
predicates to add:
Line
predicates to add:
Angle
predicates to add:
Line
predicates to add:
Line
predicates to add:
Line
predicates to add:
Line
predicates to add:
Angle
predicates to add:
Line
predicates to add:
Angle
predicates to add:
Line
predicates to add:
Line
predicates to add:
Line
predicates to add:
Angle
predicates to add:
Line
predicates to add:
Angle
predicates to add:
Line
predicates to add:
Line
predicates to add:
Polygon
has Polygon
has Polygon
has Polygon
has Polygon
predicates to add:
Line
predicates to add:
Angle
predicates to add:
Line
predicates to add:
Angle
predicates to add:
Angle
predicates to add:
Angle
predicates to add:
Angle
predicates to add:
Angle
predicates to add:
Angle
predicates to add:
Line
predicates to add:
Line
predicates to add:
Angle
predicates to add:
Angle
predicates to add:
Angle
predicates to add:
Line
predicates to add:
Line
predicates to add:
Angle
predicates to add:
Line
predicates to add:
Line
predicates to add:
Equation
predicates to add:
IsCentreOfCircle
predicates to add:
IsTangentOfCircle
predicates to add:
IsTangentOfCircle
predicates to add:
Equation
predicates to add:
IsCentreOfCircle
predicates to add:
IsTangentOfCircle
predicates to add:
IsTangentOfCircle
Verifier result: ERROR_TIER: TIER3_GOAL_NOT_REACHED
verification failed.

- Goal: measure of angle XWY
- Model answer: 127.0
- Error: Your proof contains contradictory constraints. Check for incorrect values in premises, improper theorem application, or conclusions that contradict earlier assertions.
  Contradictory constraints:
    ∠XBY = 106
    arc(BXY) = ∠XBY
    arc(BXY) + arc(BXY) = 360
- Available premises:
  Cocircular Points: X on circle B, XY on circle B, XYZ on circle B, XZ on circle B, Y on circle B, YZ on circle B, Z on circle B
  Circles: B center: B
  Tangent Lines: WX tangent to B, WY tangent to B
  Polygons: BXWY, WYBX, XWYB, YBXW
- Theorems related to the goal:
  None found that constrain this goal
- Solver constraints directly related to this goal:
  ∠XWY <= 180
  ∠XWY > 0

Please fix the proof.
Model Answer:
RETRY_ANSWER:
127
RETRY_THEOREM_SEQUENCE:
1; arc_property_center_angle(1,BXY,B); Arc(BXY)&Angle(YBX)&IsCentreOfCircle(B,B); ["Equal(MeasureOfArc(BXY),MeasureOfAngle(YBX))"]  
2; round_arc(1,BXY,BYX); Arc(BXY)&Arc(BYX); ["Equal(Add(MeasureOfArc(BXY),MeasureOfArc(BYX)),360)"]  
3; circle_property_angle_of_osculation(1,BYX,W); Arc(BYX)&Angle(XYW)&IsTangentOfCircle(WY,B); ["Equal(MeasureOfAngle(XYW),Mul(MeasureOfArc(BYX),1/2))"]
Retry attempt: 4
Content written to results/level_3/variant_random_all_theorems_model_o1_problem_1945_run_0_to_verify.txt
predicates to add:
Circle
predicates to add:
Line
predicates to add:
Angle
predicates to add:
Line
predicates to add:
Line
predicates to add:
Line
predicates to add:
Line
predicates to add:
Angle
predicates to add:
Line
predicates to add:
Line
predicates to add:
Line
predicates to add:
Line
predicates to add:
Angle
predicates to add:
Line
predicates to add:
Line
predicates to add:
Line
predicates to add:
Line
predicates to add:
Angle
predicates to add:
Line
predicates to add:
Angle
predicates to add:
Line
predicates to add:
Line
predicates to add:
Line
predicates to add:
Angle
predicates to add:
Line
predicates to add:
Angle
predicates to add:
Line
predicates to add:
Line
predicates to add:
Polygon
has Polygon
has Polygon
has Polygon
has Polygon
predicates to add:
Line
predicates to add:
Angle
predicates to add:
Line
predicates to add:
Angle
predicates to add:
Angle
predicates to add:
Angle
predicates to add:
Angle
predicates to add:
Angle
predicates to add:
Angle
predicates to add:
Line
predicates to add:
Line
predicates to add:
Angle
predicates to add:
Angle
predicates to add:
Angle
predicates to add:
Line
predicates to add:
Line
predicates to add:
Angle
predicates to add:
Line
predicates to add:
Line
predicates to add:
Equation
predicates to add:
IsCentreOfCircle
predicates to add:
IsTangentOfCircle
predicates to add:
IsTangentOfCircle
predicates to add:
Equation
predicates to add:
IsCentreOfCircle
predicates to add:
IsTangentOfCircle
predicates to add:
IsTangentOfCircle
Verifier result: ERROR_TIER: TIER1_THEOREM_CALL_SYNTAX_VIOLATION
Failure: The THEOREM_SEQUENCE you provided is empty. Please generate a proof again, using the similar problems I provided (A1, A2, A3, A4, A5), along with the GDL_DICTIONARY of theorems.
Model Answer:
RETRY_ANSWER:
74
RETRY_THEOREM_SEQUENCE:

Retry attempt: 5
Content written to results/level_3/variant_random_all_theorems_model_o1_problem_1945_run_0.txt
