Content written to results/level_2/variant_analogy_based_model_o1_problem_5983_run_0_to_verify.txt
predicates to add:
Circle
predicates to add:
Line
predicates to add:
Line
predicates to add:
Line
predicates to add:
Angle
predicates to add:
Line
predicates to add:
Line
predicates to add:
Line
predicates to add:
Angle
predicates to add:
Line
predicates to add:
Line
predicates to add:
Line
predicates to add:
Angle
predicates to add:
Line
predicates to add:
Line
predicates to add:
Line
predicates to add:
Angle
predicates to add:
Line
predicates to add:
Line
predicates to add:
Polygon
has Polygon
has Polygon
has Polygon
has Polygon
predicates to add:
Line
predicates to add:
Angle
predicates to add:
Line
predicates to add:
Line
predicates to add:
Line
predicates to add:
Line
predicates to add:
Angle
predicates to add:
Line
predicates to add:
Angle
predicates to add:
Line
predicates to add:
Line
predicates to add:
Angle
predicates to add:
Line
predicates to add:
Angle
predicates to add:
Line
predicates to add:
Line
predicates to add:
Angle
predicates to add:
Line
predicates to add:
Line
predicates to add:
Angle
predicates to add:
Line
predicates to add:
Line
predicates to add:
Line
predicates to add:
Angle
predicates to add:
Angle
predicates to add:
Angle
predicates to add:
Angle
predicates to add:
Angle
predicates to add:
Angle
predicates to add:
Line
predicates to add:
Line
predicates to add:
Angle
predicates to add:
Angle
predicates to add:
Line
predicates to add:
Line
predicates to add:
Angle
predicates to add:
Line
predicates to add:
Line
predicates to add:
Angle
predicates to add:
Equation
predicates to add:
IsCentreOfCircle
Verifier result: ERROR_TIER: TIER1_THEOREM_CALL_SYNTAX_VIOLATION
Theorem: arc_property_circumference_angle_external(1,OBC,A)
You output the following premises: Cocircular(O,CBA)&Angle(BAC)
But the correct premises: Cocircular(O,BCA)&Angle(CAB)
You output the following conclusions: Equal(MeasureOfAngle(BAC),Mul(MeasureOfArc(OBC),1/2))
But the correct conclusions: Equal(MeasureOfAngle(CAB),Mul(MeasureOfArc(OBC),1/2))

Model Answer:
RETRY_ANSWER:
60
RETRY_THEOREM_SEQUENCE:
1; arc_property_circumference_angle_external(1,OBC,A); Cocircular(O,CBA)&Angle(BAC); ["Equal(MeasureOfAngle(BAC),Mul(MeasureOfArc(OBC),1/2))"]
2; arc_property_center_angle(1,OBC,O); Arc(OBC)&Angle(BOC)&IsCentreOfCircle(O,O); ["Equal(MeasureOfArc(OBC),MeasureOfAngle(BOC))"]
Retry attempt: 1
Content written to results/level_2/variant_analogy_based_model_o1_problem_5983_run_0_to_verify.txt
predicates to add:
Circle
predicates to add:
Line
predicates to add:
Line
predicates to add:
Line
predicates to add:
Angle
predicates to add:
Line
predicates to add:
Line
predicates to add:
Line
predicates to add:
Angle
predicates to add:
Line
predicates to add:
Line
predicates to add:
Line
predicates to add:
Angle
predicates to add:
Line
predicates to add:
Line
predicates to add:
Line
predicates to add:
Angle
predicates to add:
Line
predicates to add:
Line
predicates to add:
Polygon
has Polygon
has Polygon
has Polygon
has Polygon
predicates to add:
Line
predicates to add:
Angle
predicates to add:
Line
predicates to add:
Line
predicates to add:
Line
predicates to add:
Line
predicates to add:
Angle
predicates to add:
Line
predicates to add:
Angle
predicates to add:
Line
predicates to add:
Line
predicates to add:
Angle
predicates to add:
Line
predicates to add:
Angle
predicates to add:
Line
predicates to add:
Line
predicates to add:
Angle
predicates to add:
Line
predicates to add:
Line
predicates to add:
Angle
predicates to add:
Line
predicates to add:
Line
predicates to add:
Line
predicates to add:
Angle
predicates to add:
Angle
predicates to add:
Angle
predicates to add:
Angle
predicates to add:
Angle
predicates to add:
Angle
predicates to add:
Line
predicates to add:
Line
predicates to add:
Angle
predicates to add:
Angle
predicates to add:
Line
predicates to add:
Line
predicates to add:
Angle
predicates to add:
Line
predicates to add:
Line
predicates to add:
Angle
predicates to add:
Equation
predicates to add:
IsCentreOfCircle
Verifier result: ERROR_TIER: TIER1_THEOREM_CALL_SYNTAX_VIOLATION
Theorem: arc_property_center_angle(1,OBC,O)
You output the following premises: Arc(OBC)&Angle(BOC)&IsCentreOfCircle(O,O)
But the correct premises: Arc(OBC)&Angle(COB)&IsCentreOfCircle(O,O)
You output the following conclusions: Equal(MeasureOfArc(OBC),MeasureOfAngle(BOC))
But the correct conclusions: Equal(MeasureOfArc(OBC),MeasureOfAngle(COB))

Model Answer:
RETRY_ANSWER:
60
RETRY_THEOREM_SEQUENCE:
1; arc_property_circumference_angle_external(1,OBC,A); Cocircular(O,BCA)&Angle(CAB); ["Equal(MeasureOfAngle(CAB),Mul(MeasureOfArc(OBC),1/2))"]
2; arc_property_center_angle(1,OBC,O); Arc(OBC)&Angle(BOC)&IsCentreOfCircle(O,O); ["Equal(MeasureOfArc(OBC),MeasureOfAngle(BOC))"]
Retry attempt: 2
Content written to results/level_2/variant_analogy_based_model_o1_problem_5983_run_0_to_verify.txt
predicates to add:
Circle
predicates to add:
Line
predicates to add:
Line
predicates to add:
Line
predicates to add:
Angle
predicates to add:
Line
predicates to add:
Line
predicates to add:
Line
predicates to add:
Angle
predicates to add:
Line
predicates to add:
Line
predicates to add:
Line
predicates to add:
Angle
predicates to add:
Line
predicates to add:
Line
predicates to add:
Line
predicates to add:
Angle
predicates to add:
Line
predicates to add:
Line
predicates to add:
Polygon
has Polygon
has Polygon
has Polygon
has Polygon
predicates to add:
Line
predicates to add:
Angle
predicates to add:
Line
predicates to add:
Line
predicates to add:
Line
predicates to add:
Line
predicates to add:
Angle
predicates to add:
Line
predicates to add:
Angle
predicates to add:
Line
predicates to add:
Line
predicates to add:
Angle
predicates to add:
Line
predicates to add:
Angle
predicates to add:
Line
predicates to add:
Line
predicates to add:
Angle
predicates to add:
Line
predicates to add:
Line
predicates to add:
Angle
predicates to add:
Line
predicates to add:
Line
predicates to add:
Line
predicates to add:
Angle
predicates to add:
Angle
predicates to add:
Angle
predicates to add:
Angle
predicates to add:
Angle
predicates to add:
Angle
predicates to add:
Line
predicates to add:
Line
predicates to add:
Angle
predicates to add:
Angle
predicates to add:
Line
predicates to add:
Line
predicates to add:
Angle
predicates to add:
Line
predicates to add:
Line
predicates to add:
Angle
predicates to add:
Equation
predicates to add:
IsCentreOfCircle
Theorem sequence verified correctly
Content written to results/level_2/variant_analogy_based_model_o1_problem_5983_run_0.txt
