Content written to results/level_2/variant_analogy_based_model_o1_problem_3998_run_0_to_verify.txt
predicates to add:
Line
predicates to add:
Angle
predicates to add:
Line
predicates to add:
Line
predicates to add:
Angle
predicates to add:
Line
predicates to add:
Line
predicates to add:
Line
predicates to add:
Angle
predicates to add:
Line
predicates to add:
Line
predicates to add:
Line
predicates to add:
Angle
predicates to add:
Line
predicates to add:
Line
predicates to add:
Line
predicates to add:
Angle
predicates to add:
Line
predicates to add:
Line
predicates to add:
Polygon
has Polygon
has Polygon
has Polygon
has Polygon
has Polygon
has Polygon
has Polygon
predicates to add:
Line
predicates to add:
Angle
predicates to add:
Line
predicates to add:
Line
predicates to add:
Line
predicates to add:
Angle
predicates to add:
Line
predicates to add:
Line
predicates to add:
Line
predicates to add:
Angle
predicates to add:
Line
predicates to add:
Line
predicates to add:
Polygon
has Polygon
has Polygon
has Polygon
has Polygon
has Polygon
has Polygon
has Polygon
predicates to add:
Line
predicates to add:
Angle
predicates to add:
Line
predicates to add:
Angle
predicates to add:
Line
predicates to add:
Angle
predicates to add:
Line
predicates to add:
Line
predicates to add:
Line
predicates to add:
Angle
predicates to add:
Line
predicates to add:
Line
predicates to add:
Polygon
has Polygon
has Polygon
has Polygon
has Polygon
has Polygon
has Polygon
has Polygon
predicates to add:
Angle
predicates to add:
Angle
predicates to add:
Angle
predicates to add:
Angle
predicates to add:
Line
predicates to add:
Line
predicates to add:
Angle
predicates to add:
Angle
predicates to add:
Angle
predicates to add:
Angle
predicates to add:
Angle
predicates to add:
Angle
predicates to add:
Angle
predicates to add:
Angle
predicates to add:
Angle
predicates to add:
Angle
predicates to add:
Angle
predicates to add:
Angle
predicates to add:
Line
predicates to add:
Line
predicates to add:
Angle
predicates to add:
Line
predicates to add:
Line
predicates to add:
Angle
predicates to add:
Line
predicates to add:
Line
predicates to add:
Angle
predicates to add:
Line
predicates to add:
Line
predicates to add:
Angle
predicates to add:
Line
predicates to add:
Line
predicates to add:
Angle
predicates to add:
Line
predicates to add:
Line
predicates to add:
Angle
predicates to add:
Line
predicates to add:
Line
predicates to add:
Angle
predicates to add:
Line
predicates to add:
Line
predicates to add:
Angle
predicates to add:
Line
predicates to add:
Line
predicates to add:
Equation
predicates to add:
Equation
predicates to add:
PerpendicularBetweenLine
predicates to add:
Equation
predicates to add:
Equation
predicates to add:
Equation
predicates to add:
PerpendicularBetweenLine
Verifier result: ERROR_TIER: TIER1_THEOREM_CALL_SYNTAX_VIOLATION
Failure: Theorem <triangle_property_angle_sum> variation id is not supplied. Expected dict_keys(['1']) but got None.
Your call: triangle_property_angle_sum(A,B,D)
Please rewrite your response by adding the variation id as the first argument. For example: For variation 1: triangle_property_angle_sum(1,A,B,D)

Model Answer:
RETRY_ANSWER:
80
RETRY_THEOREM_SEQUENCE:
1; triangle_property_angle_sum(ABD); Polygon(ABD); ["Equal(Add(MeasureOfAngle(ABD),MeasureOfAngle(BDA),MeasureOfAngle(DAB)),180)"]  
2; angle_addition(ABC,CBD); Angle(ABC)&Angle(CBD)&Angle(ABD); ["Equal(MeasureOfAngle(ABD),Add(MeasureOfAngle(ABC),MeasureOfAngle(CBD)))"]  
3; triangle_property_angle_sum(ABC); Polygon(ABC); ["Equal(Add(MeasureOfAngle(ABC),MeasureOfAngle(BCA),MeasureOfAngle(CAB)),180)"]
Retry attempt: 1
Content written to results/level_2/variant_analogy_based_model_o1_problem_3998_run_0_to_verify.txt
predicates to add:
Line
predicates to add:
Angle
predicates to add:
Line
predicates to add:
Line
predicates to add:
Angle
predicates to add:
Line
predicates to add:
Line
predicates to add:
Line
predicates to add:
Angle
predicates to add:
Line
predicates to add:
Line
predicates to add:
Line
predicates to add:
Angle
predicates to add:
Line
predicates to add:
Line
predicates to add:
Line
predicates to add:
Angle
predicates to add:
Line
predicates to add:
Line
predicates to add:
Polygon
has Polygon
has Polygon
has Polygon
has Polygon
has Polygon
has Polygon
has Polygon
predicates to add:
Line
predicates to add:
Angle
predicates to add:
Line
predicates to add:
Line
predicates to add:
Line
predicates to add:
Angle
predicates to add:
Line
predicates to add:
Line
predicates to add:
Line
predicates to add:
Angle
predicates to add:
Line
predicates to add:
Line
predicates to add:
Polygon
has Polygon
has Polygon
has Polygon
has Polygon
has Polygon
has Polygon
has Polygon
predicates to add:
Line
predicates to add:
Angle
predicates to add:
Line
predicates to add:
Angle
predicates to add:
Line
predicates to add:
Angle
predicates to add:
Line
predicates to add:
Line
predicates to add:
Line
predicates to add:
Angle
predicates to add:
Line
predicates to add:
Line
predicates to add:
Polygon
has Polygon
has Polygon
has Polygon
has Polygon
has Polygon
has Polygon
has Polygon
predicates to add:
Angle
predicates to add:
Angle
predicates to add:
Angle
predicates to add:
Angle
predicates to add:
Line
predicates to add:
Line
predicates to add:
Angle
predicates to add:
Angle
predicates to add:
Angle
predicates to add:
Angle
predicates to add:
Angle
predicates to add:
Angle
predicates to add:
Angle
predicates to add:
Angle
predicates to add:
Angle
predicates to add:
Angle
predicates to add:
Angle
predicates to add:
Angle
predicates to add:
Line
predicates to add:
Line
predicates to add:
Angle
predicates to add:
Line
predicates to add:
Line
predicates to add:
Angle
predicates to add:
Line
predicates to add:
Line
predicates to add:
Angle
predicates to add:
Line
predicates to add:
Line
predicates to add:
Angle
predicates to add:
Line
predicates to add:
Line
predicates to add:
Angle
predicates to add:
Line
predicates to add:
Line
predicates to add:
Angle
predicates to add:
Line
predicates to add:
Line
predicates to add:
Angle
predicates to add:
Line
predicates to add:
Line
predicates to add:
Angle
predicates to add:
Line
predicates to add:
Line
predicates to add:
Equation
predicates to add:
Equation
predicates to add:
PerpendicularBetweenLine
predicates to add:
Equation
predicates to add:
Equation
predicates to add:
Equation
predicates to add:
PerpendicularBetweenLine
Verifier result: ERROR_TIER: TIER3_GOAL_NOT_REACHED
verification failed.

- Goal: measure of angle CAB
- Model answer: 80
- Error: Your proof contains contradictory constraints. Check for incorrect values in premises, improper theorem application, or conclusions that contradict earlier assertions.
  Contradictory constraints:
    ∠ABD = ∠ABC
    ∠CBD > 0
    ∠ABD = ∠ABC + ∠CBD
- Available premises:
  Perpendicular Lines: AD ⊥ BD
  Collinear Points: BDC
  Polygons: ABC, ABD, ACB, ACD, ADB, ADC
- Theorems related to the goal:
  Step 3 - triangle_property_angle_sum(1, ABC): Equal(Add(MeasureOfAngle(ABC),MeasureOfAngle(BCA),MeasureOfAngle(CAB)),180)
- Solver constraints directly related to this goal:
  ∠ABC + ∠ACB + ∠BAC = 180
  ∠BAC <= 180
  ∠BAC > 0

Please fix the proof.
Model Answer:
RETRY_ANSWER:
80
RETRY_THEOREM_SEQUENCE:
1; triangle_property_angle_sum(1,ABD); Polygon(ABD); ["Equal(Add(MeasureOfAngle(ABD),MeasureOfAngle(BDA),MeasureOfAngle(DAB)),180)"]  
2; angle_addition(1,ABC,CBD); Angle(ABC)&Angle(CBD)&Angle(ABD); ["Equal(MeasureOfAngle(ABD),Add(MeasureOfAngle(ABC),MeasureOfAngle(CBD)))"]  
3; triangle_property_angle_sum(1,ABC); Polygon(ABC); ["Equal(Add(MeasureOfAngle(ABC),MeasureOfAngle(BCA),MeasureOfAngle(CAB)),180)"]
Retry attempt: 2
Content written to results/level_2/variant_analogy_based_model_o1_problem_3998_run_0_to_verify.txt
predicates to add:
Line
predicates to add:
Angle
predicates to add:
Line
predicates to add:
Line
predicates to add:
Angle
predicates to add:
Line
predicates to add:
Line
predicates to add:
Line
predicates to add:
Angle
predicates to add:
Line
predicates to add:
Line
predicates to add:
Line
predicates to add:
Angle
predicates to add:
Line
predicates to add:
Line
predicates to add:
Line
predicates to add:
Angle
predicates to add:
Line
predicates to add:
Line
predicates to add:
Polygon
has Polygon
has Polygon
has Polygon
has Polygon
has Polygon
has Polygon
has Polygon
predicates to add:
Line
predicates to add:
Angle
predicates to add:
Line
predicates to add:
Line
predicates to add:
Line
predicates to add:
Angle
predicates to add:
Line
predicates to add:
Line
predicates to add:
Line
predicates to add:
Angle
predicates to add:
Line
predicates to add:
Line
predicates to add:
Polygon
has Polygon
has Polygon
has Polygon
has Polygon
has Polygon
has Polygon
has Polygon
predicates to add:
Line
predicates to add:
Angle
predicates to add:
Line
predicates to add:
Angle
predicates to add:
Line
predicates to add:
Angle
predicates to add:
Line
predicates to add:
Line
predicates to add:
Line
predicates to add:
Angle
predicates to add:
Line
predicates to add:
Line
predicates to add:
Polygon
has Polygon
has Polygon
has Polygon
has Polygon
has Polygon
has Polygon
has Polygon
predicates to add:
Angle
predicates to add:
Angle
predicates to add:
Angle
predicates to add:
Angle
predicates to add:
Line
predicates to add:
Line
predicates to add:
Angle
predicates to add:
Angle
predicates to add:
Angle
predicates to add:
Angle
predicates to add:
Angle
predicates to add:
Angle
predicates to add:
Angle
predicates to add:
Angle
predicates to add:
Angle
predicates to add:
Angle
predicates to add:
Angle
predicates to add:
Angle
predicates to add:
Line
predicates to add:
Line
predicates to add:
Angle
predicates to add:
Line
predicates to add:
Line
predicates to add:
Angle
predicates to add:
Line
predicates to add:
Line
predicates to add:
Angle
predicates to add:
Line
predicates to add:
Line
predicates to add:
Angle
predicates to add:
Line
predicates to add:
Line
predicates to add:
Angle
predicates to add:
Line
predicates to add:
Line
predicates to add:
Angle
predicates to add:
Line
predicates to add:
Line
predicates to add:
Angle
predicates to add:
Line
predicates to add:
Line
predicates to add:
Angle
predicates to add:
Line
predicates to add:
Line
predicates to add:
Equation
predicates to add:
Equation
predicates to add:
PerpendicularBetweenLine
predicates to add:
Equation
predicates to add:
Equation
predicates to add:
Equation
predicates to add:
PerpendicularBetweenLine
Theorem sequence verified correctly
Content written to results/level_2/variant_analogy_based_model_o1_problem_3998_run_0.txt
